TimeQuest Timing Analyzer report for decoderFinal
Sun Jul  1 11:58:17 2018
Quartus II 32-bit Version 13.0.1 Build 232 06/12/2013 Service Pack 1 SJ Web Edition


---------------------
; Table of Contents ;
---------------------
  1. Legal Notice
  2. TimeQuest Timing Analyzer Summary
  3. Parallel Compilation
  4. Clocks
  5. Slow Model Fmax Summary
  6. Slow Model Setup Summary
  7. Slow Model Hold Summary
  8. Slow Model Recovery Summary
  9. Slow Model Removal Summary
 10. Slow Model Minimum Pulse Width Summary
 11. Propagation Delay
 12. Minimum Propagation Delay
 13. Fast Model Setup Summary
 14. Fast Model Hold Summary
 15. Fast Model Recovery Summary
 16. Fast Model Removal Summary
 17. Fast Model Minimum Pulse Width Summary
 18. Propagation Delay
 19. Minimum Propagation Delay
 20. Multicorner Timing Analysis Summary
 21. Progagation Delay
 22. Minimum Progagation Delay
 23. Clock Transfers
 24. Report TCCS
 25. Report RSKM
 26. Unconstrained Paths
 27. TimeQuest Timing Analyzer Messages



----------------
; Legal Notice ;
----------------
Copyright (C) 1991-2013 Altera Corporation
Your use of Altera Corporation's design tools, logic functions 
and other software and tools, and its AMPP partner logic 
functions, and any output files from any of the foregoing 
(including device programming or simulation files), and any 
associated documentation or information are expressly subject 
to the terms and conditions of the Altera Program License 
Subscription Agreement, Altera MegaCore Function License 
Agreement, or other applicable license agreement, including, 
without limitation, that your use is for the sole purpose of 
programming logic devices manufactured by Altera and sold by 
Altera or its authorized distributors.  Please refer to the 
applicable agreement for further details.



+----------------------------------------------------------------------------------------+
; TimeQuest Timing Analyzer Summary                                                      ;
+--------------------+-------------------------------------------------------------------+
; Quartus II Version ; Version 13.0.1 Build 232 06/12/2013 Service Pack 1 SJ Web Edition ;
; Revision Name      ; decoderFinal                                                      ;
; Device Family      ; Cyclone II                                                        ;
; Device Name        ; EP2C20F484C7                                                      ;
; Timing Models      ; Final                                                             ;
; Delay Model        ; Combined                                                          ;
; Rise/Fall Delays   ; Unavailable                                                       ;
+--------------------+-------------------------------------------------------------------+


Parallel compilation was disabled, but you have multiple processors available. Enable parallel compilation to reduce compilation time.
+-------------------------------------+
; Parallel Compilation                ;
+----------------------------+--------+
; Processors                 ; Number ;
+----------------------------+--------+
; Number detected on machine ; 4      ;
; Maximum allowed            ; 1      ;
+----------------------------+--------+


----------
; Clocks ;
----------
No clocks to report.


---------------------------
; Slow Model Fmax Summary ;
---------------------------
No paths to report.


----------------------------
; Slow Model Setup Summary ;
----------------------------
No paths to report.


---------------------------
; Slow Model Hold Summary ;
---------------------------
No paths to report.


-------------------------------
; Slow Model Recovery Summary ;
-------------------------------
No paths to report.


------------------------------
; Slow Model Removal Summary ;
------------------------------
No paths to report.


------------------------------------------
; Slow Model Minimum Pulse Width Summary ;
------------------------------------------
No paths to report.


+---------------------------------------------------------------+
; Propagation Delay                                             ;
+-------------+-------------+--------+--------+--------+--------+
; Input Port  ; Output Port ; RR     ; RF     ; FR     ; FF     ;
+-------------+-------------+--------+--------+--------+--------+
; Z           ; End_CP[0]   ; 12.254 ; 12.271 ; 12.271 ; 12.254 ;
; Z           ; End_CP[1]   ; 12.459 ; 12.639 ; 12.639 ; 12.459 ;
; Z           ; End_CP[2]   ; 11.903 ; 11.914 ; 11.914 ; 11.903 ;
; Z           ; End_CP[3]   ; 12.007 ; 12.484 ; 12.484 ; 12.007 ;
; Z           ; End_CP[4]   ; 12.602 ; 12.782 ; 12.782 ; 12.602 ;
; Z           ; LOAD_CP     ; 11.962 ; 11.709 ; 11.709 ; 11.962 ;
; Z           ; load_ULA    ; 10.651 ; 10.651 ; 10.651 ; 10.651 ;
; end_cont[0] ; End_CP[0]   ; 10.588 ;        ;        ; 10.588 ;
; end_cont[1] ; End_CP[1]   ; 10.561 ;        ;        ; 10.561 ;
; end_cont[2] ; End_CP[2]   ; 10.227 ;        ;        ; 10.227 ;
; end_cont[3] ; End_CP[3]   ; 10.772 ;        ;        ; 10.772 ;
; end_cont[4] ; End_CP[4]   ; 10.600 ;        ;        ; 10.600 ;
; instr[0]    ; DATA_BAR[0] ; 11.772 ; 11.772 ; 11.772 ; 11.772 ;
; instr[0]    ; DATA_BAR[1] ; 13.404 ;        ;        ; 13.404 ;
; instr[0]    ; End_CP[0]   ; 13.829 ; 13.511 ; 13.511 ; 13.829 ;
; instr[0]    ; End_CP[1]   ; 13.851 ; 13.496 ; 13.496 ; 13.851 ;
; instr[0]    ; End_CP[2]   ; 13.473 ; 13.149 ; 13.149 ; 13.473 ;
; instr[0]    ; End_CP[3]   ; 14.012 ; 13.486 ; 13.486 ; 14.012 ;
; instr[0]    ; End_CP[4]   ; 13.964 ; 13.615 ; 13.615 ; 13.964 ;
; instr[0]    ; LOAD_CP     ;        ; 13.656 ; 13.656 ;        ;
; instr[0]    ; R/W         ; 13.974 ;        ;        ; 13.974 ;
; instr[0]    ; clear       ; 11.390 ;        ;        ; 11.390 ;
; instr[0]    ; enA         ; 12.753 ; 13.760 ; 13.760 ; 12.753 ;
; instr[0]    ; enAc        ; 11.330 ;        ;        ; 11.330 ;
; instr[0]    ; enB         ;        ; 11.375 ; 11.375 ;        ;
; instr[0]    ; enF         ;        ; 12.906 ; 12.906 ;        ;
; instr[0]    ; ldab        ;        ; 12.380 ; 12.380 ;        ;
; instr[0]    ; movAc       ; 11.208 ;        ;        ; 11.208 ;
; instr[0]    ; stac        ; 12.406 ;        ;        ; 12.406 ;
; instr[1]    ; DATA_BAR[0] ;        ; 11.924 ; 11.924 ;        ;
; instr[1]    ; DATA_BAR[1] ; 13.533 ; 13.533 ; 13.533 ; 13.533 ;
; instr[1]    ; End_CP[0]   ; 12.478 ; 12.796 ; 12.796 ; 12.478 ;
; instr[1]    ; End_CP[1]   ; 13.077 ; 12.818 ; 12.818 ; 13.077 ;
; instr[1]    ; End_CP[2]   ; 12.116 ; 12.440 ; 12.440 ; 12.116 ;
; instr[1]    ; End_CP[3]   ; 12.453 ; 12.979 ; 12.979 ; 12.453 ;
; instr[1]    ; End_CP[4]   ; 12.582 ; 12.931 ; 12.931 ; 12.582 ;
; instr[1]    ; LOAD_CP     ; 12.623 ;        ;        ; 12.623 ;
; instr[1]    ; R/W         ; 12.965 ;        ;        ; 12.965 ;
; instr[1]    ; clear       ; 11.724 ;        ;        ; 11.724 ;
; instr[1]    ; enA         ; 12.885 ; 12.885 ; 12.885 ; 12.885 ;
; instr[1]    ; enAc        ; 12.073 ; 12.539 ; 12.539 ; 12.073 ;
; instr[1]    ; enB         ;        ; 11.208 ; 11.208 ;        ;
; instr[1]    ; enF         ; 12.647 ; 12.647 ; 12.647 ; 12.647 ;
; instr[1]    ; ldab        ; 11.365 ;        ;        ; 11.365 ;
; instr[1]    ; movAc       ;        ; 10.989 ; 10.989 ;        ;
; instr[1]    ; stac        ; 11.397 ;        ;        ; 11.397 ;
; instr[2]    ; DATA_BAR[0] ; 11.794 ; 11.794 ; 11.794 ; 11.794 ;
; instr[2]    ; DATA_BAR[1] ; 13.465 ;        ;        ; 13.465 ;
; instr[2]    ; End_CP[0]   ; 12.362 ; 12.044 ; 12.044 ; 12.362 ;
; instr[2]    ; End_CP[1]   ; 12.384 ; 12.029 ; 12.029 ; 12.384 ;
; instr[2]    ; End_CP[2]   ; 12.192 ; 11.682 ; 11.682 ; 12.192 ;
; instr[2]    ; End_CP[3]   ; 12.545 ; 12.019 ; 12.019 ; 12.545 ;
; instr[2]    ; End_CP[4]   ; 12.497 ; 12.148 ; 12.148 ; 12.497 ;
; instr[2]    ; LOAD_CP     ;        ; 12.189 ; 12.189 ;        ;
; instr[2]    ; R/W         ; 12.528 ;        ;        ; 12.528 ;
; instr[2]    ; clear       ; 11.414 ;        ;        ; 11.414 ;
; instr[2]    ; enA         ; 12.328 ; 12.168 ; 12.168 ; 12.328 ;
; instr[2]    ; enAc        ; 12.245 ; 11.685 ; 11.685 ; 12.245 ;
; instr[2]    ; enB         ; 11.096 ;        ;        ; 11.096 ;
; instr[2]    ; enF         ; 12.555 ; 12.555 ; 12.555 ; 12.555 ;
; instr[2]    ; ldab        ; 10.948 ;        ;        ; 10.948 ;
; instr[2]    ; movAc       ; 10.860 ;        ;        ; 10.860 ;
; instr[2]    ; stac        ; 10.960 ;        ;        ; 10.960 ;
; instr[3]    ; DATA_BAR[0] ; 11.878 ; 11.878 ; 11.878 ; 11.878 ;
; instr[3]    ; DATA_BAR[1] ;        ; 12.227 ; 12.227 ;        ;
; instr[3]    ; End_CP[0]   ; 13.636 ; 13.318 ; 13.318 ; 13.636 ;
; instr[3]    ; End_CP[1]   ; 13.658 ; 13.303 ; 13.303 ; 13.658 ;
; instr[3]    ; End_CP[2]   ; 13.280 ; 12.956 ; 12.956 ; 13.280 ;
; instr[3]    ; End_CP[3]   ; 13.819 ; 13.293 ; 13.293 ; 13.819 ;
; instr[3]    ; End_CP[4]   ; 13.771 ; 13.422 ; 13.422 ; 13.771 ;
; instr[3]    ; LOAD_CP     ;        ; 13.463 ; 13.463 ;        ;
; instr[3]    ; R/W         ;        ; 13.725 ; 13.725 ;        ;
; instr[3]    ; clear       ; 12.129 ;        ;        ; 12.129 ;
; instr[3]    ; enA         ; 13.053 ; 13.567 ; 13.567 ; 13.053 ;
; instr[3]    ; enAc        ; 11.950 ; 11.900 ; 11.900 ; 11.950 ;
; instr[3]    ; enB         ;        ; 11.674 ; 11.674 ;        ;
; instr[3]    ; enF         ; 11.779 ; 12.007 ; 12.007 ; 11.779 ;
; instr[3]    ; ldab        ;        ; 12.187 ; 12.187 ;        ;
; instr[3]    ; movAc       ;        ; 11.442 ; 11.442 ;        ;
; instr[3]    ; stac        ;        ; 12.157 ; 12.157 ;        ;
; instr[4]    ; DATA_BAR[0] ; 11.786 ;        ;        ; 11.786 ;
; instr[4]    ; DATA_BAR[1] ; 12.017 ;        ;        ; 12.017 ;
; instr[4]    ; End_CP[0]   ; 12.799 ; 13.117 ; 13.117 ; 12.799 ;
; instr[4]    ; End_CP[1]   ; 12.784 ; 13.139 ; 13.139 ; 12.784 ;
; instr[4]    ; End_CP[2]   ; 12.437 ; 12.761 ; 12.761 ; 12.437 ;
; instr[4]    ; End_CP[3]   ; 12.774 ; 13.300 ; 13.300 ; 12.774 ;
; instr[4]    ; End_CP[4]   ; 12.933 ; 13.252 ; 13.252 ; 12.933 ;
; instr[4]    ; LOAD_CP     ; 12.944 ;        ;        ; 12.944 ;
; instr[4]    ; R/W         ; 13.205 ;        ;        ; 13.205 ;
; instr[4]    ; clear       ;        ; 11.609 ; 11.609 ;        ;
; instr[4]    ; enA         ; 13.048 ;        ;        ; 13.048 ;
; instr[4]    ; enAc        ; 12.401 ; 11.843 ; 11.843 ; 12.401 ;
; instr[4]    ; enB         ; 11.153 ;        ;        ; 11.153 ;
; instr[4]    ; enF         ; 11.486 ; 12.097 ; 12.097 ; 11.486 ;
; instr[4]    ; ldab        ; 11.668 ;        ;        ; 11.668 ;
; instr[4]    ; movAc       ; 10.921 ;        ;        ; 10.921 ;
; instr[4]    ; stac        ; 11.637 ;        ;        ; 11.637 ;
; instr[5]    ; DATA_BAR[0] ;        ; 12.315 ; 12.315 ;        ;
; instr[5]    ; DATA_BAR[1] ; 10.717 ; 10.717 ; 10.717 ; 10.717 ;
; instr[5]    ; DATA_BAR[2] ;        ; 11.039 ; 11.039 ;        ;
; instr[5]    ; End_CP[0]   ; 13.530 ; 13.212 ; 13.212 ; 13.530 ;
; instr[5]    ; End_CP[1]   ; 13.552 ; 13.323 ; 13.323 ; 13.552 ;
; instr[5]    ; End_CP[2]   ; 13.174 ; 12.850 ; 12.850 ; 13.174 ;
; instr[5]    ; End_CP[3]   ; 13.713 ; 13.187 ; 13.187 ; 13.713 ;
; instr[5]    ; End_CP[4]   ; 13.665 ; 13.479 ; 13.479 ; 13.665 ;
; instr[5]    ; LOAD_CP     ; 12.646 ; 13.357 ; 13.357 ; 12.646 ;
; instr[5]    ; R/W         ;        ; 14.108 ; 14.108 ;        ;
; instr[5]    ; clear       ;        ; 13.334 ; 13.334 ;        ;
; instr[5]    ; enA         ; 12.231 ; 13.463 ; 13.463 ; 12.231 ;
; instr[5]    ; enAc        ;        ; 12.471 ; 12.471 ;        ;
; instr[5]    ; enB         ;        ; 12.839 ; 12.839 ;        ;
; instr[5]    ; enF         ;        ; 13.172 ; 13.172 ;        ;
; instr[5]    ; ldab        ;        ; 12.083 ; 12.083 ;        ;
; instr[5]    ; ldam        ; 10.887 ; 10.887 ; 10.887 ; 10.887 ;
; instr[5]    ; load_ULA    ; 11.358 ; 11.358 ; 11.358 ; 11.358 ;
; instr[5]    ; movAc       ;        ; 12.607 ; 12.607 ;        ;
; instr[5]    ; stac        ;        ; 12.540 ; 12.540 ;        ;
; instr[6]    ; DATA_BAR[0] ;        ; 12.450 ; 12.450 ;        ;
; instr[6]    ; DATA_BAR[1] ; 11.043 ; 11.043 ; 11.043 ; 11.043 ;
; instr[6]    ; DATA_BAR[2] ; 11.410 ;        ;        ; 11.410 ;
; instr[6]    ; End_CP[0]   ; 13.665 ; 13.347 ; 13.347 ; 13.665 ;
; instr[6]    ; End_CP[1]   ; 13.687 ; 13.345 ; 13.345 ; 13.687 ;
; instr[6]    ; End_CP[2]   ; 13.309 ; 12.985 ; 12.985 ; 13.309 ;
; instr[6]    ; End_CP[3]   ; 13.848 ; 13.322 ; 13.322 ; 13.848 ;
; instr[6]    ; End_CP[4]   ; 13.800 ; 13.488 ; 13.488 ; 13.800 ;
; instr[6]    ; LOAD_CP     ; 12.668 ; 13.492 ; 13.492 ; 12.668 ;
; instr[6]    ; R/W         ; 11.425 ; 14.243 ; 14.243 ; 11.425 ;
; instr[6]    ; clear       ;        ; 13.469 ; 13.469 ;        ;
; instr[6]    ; enA         ;        ; 13.598 ; 13.598 ;        ;
; instr[6]    ; enAc        ;        ; 12.606 ; 12.606 ;        ;
; instr[6]    ; enB         ;        ; 12.974 ; 12.974 ;        ;
; instr[6]    ; enF         ;        ; 13.307 ; 13.307 ;        ;
; instr[6]    ; ldab        ;        ; 12.218 ; 12.218 ;        ;
; instr[6]    ; ldam        ; 11.258 ; 11.258 ; 11.258 ; 11.258 ;
; instr[6]    ; load_ULA    ; 11.372 ;        ;        ; 11.372 ;
; instr[6]    ; movAc       ;        ; 12.742 ; 12.742 ;        ;
; instr[6]    ; stac        ;        ; 12.675 ; 12.675 ;        ;
; instr[7]    ; DATA_BAR[0] ; 10.821 ;        ;        ; 10.821 ;
; instr[7]    ; DATA_BAR[1] ; 10.799 ; 10.799 ; 10.799 ; 10.799 ;
; instr[7]    ; DATA_BAR[2] ;        ; 11.101 ; 11.101 ;        ;
; instr[7]    ; End_CP[0]   ; 13.395 ; 13.077 ; 13.077 ; 13.395 ;
; instr[7]    ; End_CP[1]   ; 13.417 ; 13.076 ; 13.076 ; 13.417 ;
; instr[7]    ; End_CP[2]   ; 13.039 ; 12.715 ; 12.715 ; 13.039 ;
; instr[7]    ; End_CP[3]   ; 13.578 ; 13.052 ; 13.052 ; 13.578 ;
; instr[7]    ; End_CP[4]   ; 13.530 ; 13.219 ; 13.219 ; 13.530 ;
; instr[7]    ; LOAD_CP     ; 12.399 ; 13.222 ; 13.222 ; 12.399 ;
; instr[7]    ; R/W         ;        ; 13.492 ; 13.492 ;        ;
; instr[7]    ; clear       ;        ; 11.930 ; 11.930 ;        ;
; instr[7]    ; enA         ; 12.299 ; 13.326 ; 13.326 ; 12.299 ;
; instr[7]    ; enAc        ;        ; 10.975 ; 10.975 ;        ;
; instr[7]    ; enB         ;        ; 11.443 ; 11.443 ;        ;
; instr[7]    ; enF         ;        ; 11.776 ; 11.776 ;        ;
; instr[7]    ; ldab        ;        ; 11.946 ; 11.946 ;        ;
; instr[7]    ; ldam        ; 10.953 ; 10.953 ; 10.953 ; 10.953 ;
; instr[7]    ; load_ULA    ; 11.094 ;        ;        ; 11.094 ;
; instr[7]    ; movAc       ;        ; 11.211 ; 11.211 ;        ;
; instr[7]    ; stac        ;        ; 11.924 ; 11.924 ;        ;
; result[0]   ; End_CP[0]   ; 10.964 ;        ;        ; 10.964 ;
; result[1]   ; End_CP[1]   ; 11.322 ;        ;        ; 11.322 ;
; result[2]   ; End_CP[2]   ; 10.584 ;        ;        ; 10.584 ;
; result[3]   ; End_CP[3]   ; 11.247 ;        ;        ; 11.247 ;
; result[4]   ; End_CP[4]   ; 11.457 ;        ;        ; 11.457 ;
+-------------+-------------+--------+--------+--------+--------+


+---------------------------------------------------------------+
; Minimum Propagation Delay                                     ;
+-------------+-------------+--------+--------+--------+--------+
; Input Port  ; Output Port ; RR     ; RF     ; FR     ; FF     ;
+-------------+-------------+--------+--------+--------+--------+
; Z           ; End_CP[0]   ; 11.564 ; 11.564 ; 11.564 ; 11.564 ;
; Z           ; End_CP[1]   ; 11.549 ; 11.549 ; 11.549 ; 11.549 ;
; Z           ; End_CP[2]   ; 11.202 ; 11.202 ; 11.202 ; 11.202 ;
; Z           ; End_CP[3]   ; 11.539 ; 11.539 ; 11.539 ; 11.539 ;
; Z           ; End_CP[4]   ; 11.668 ; 11.668 ; 11.668 ; 11.668 ;
; Z           ; LOAD_CP     ; 11.962 ; 11.709 ; 11.709 ; 11.962 ;
; Z           ; load_ULA    ; 10.651 ; 10.651 ; 10.651 ; 10.651 ;
; end_cont[0] ; End_CP[0]   ; 10.588 ;        ;        ; 10.588 ;
; end_cont[1] ; End_CP[1]   ; 10.561 ;        ;        ; 10.561 ;
; end_cont[2] ; End_CP[2]   ; 10.227 ;        ;        ; 10.227 ;
; end_cont[3] ; End_CP[3]   ; 10.772 ;        ;        ; 10.772 ;
; end_cont[4] ; End_CP[4]   ; 10.600 ;        ;        ; 10.600 ;
; instr[0]    ; DATA_BAR[0] ; 11.772 ; 11.772 ; 11.772 ; 11.772 ;
; instr[0]    ; DATA_BAR[1] ; 13.404 ;        ;        ; 13.404 ;
; instr[0]    ; End_CP[0]   ; 12.189 ; 13.511 ; 13.511 ; 12.189 ;
; instr[0]    ; End_CP[1]   ; 13.496 ; 13.496 ; 13.496 ; 13.496 ;
; instr[0]    ; End_CP[2]   ; 13.149 ; 13.149 ; 13.149 ; 13.149 ;
; instr[0]    ; End_CP[3]   ; 13.486 ; 13.486 ; 13.486 ; 13.486 ;
; instr[0]    ; End_CP[4]   ; 13.615 ; 13.615 ; 13.615 ; 13.615 ;
; instr[0]    ; LOAD_CP     ;        ; 13.656 ; 13.656 ;        ;
; instr[0]    ; R/W         ; 13.974 ;        ;        ; 13.974 ;
; instr[0]    ; clear       ; 11.390 ;        ;        ; 11.390 ;
; instr[0]    ; enA         ; 12.753 ; 12.753 ; 12.753 ; 12.753 ;
; instr[0]    ; enAc        ; 11.330 ;        ;        ; 11.330 ;
; instr[0]    ; enB         ;        ; 11.375 ; 11.375 ;        ;
; instr[0]    ; enF         ;        ; 12.906 ; 12.906 ;        ;
; instr[0]    ; ldab        ;        ; 12.380 ; 12.380 ;        ;
; instr[0]    ; movAc       ; 11.208 ;        ;        ; 11.208 ;
; instr[0]    ; stac        ; 12.406 ;        ;        ; 12.406 ;
; instr[1]    ; DATA_BAR[0] ;        ; 11.924 ; 11.924 ;        ;
; instr[1]    ; DATA_BAR[1] ; 13.533 ; 13.533 ; 13.533 ; 13.533 ;
; instr[1]    ; End_CP[0]   ; 12.478 ; 12.478 ; 12.478 ; 12.478 ;
; instr[1]    ; End_CP[1]   ; 12.463 ; 12.463 ; 12.463 ; 12.463 ;
; instr[1]    ; End_CP[2]   ; 12.116 ; 12.116 ; 12.116 ; 12.116 ;
; instr[1]    ; End_CP[3]   ; 12.453 ; 12.453 ; 12.453 ; 12.453 ;
; instr[1]    ; End_CP[4]   ; 12.582 ; 12.582 ; 12.582 ; 12.582 ;
; instr[1]    ; LOAD_CP     ; 12.623 ;        ;        ; 12.623 ;
; instr[1]    ; R/W         ; 12.965 ;        ;        ; 12.965 ;
; instr[1]    ; clear       ; 11.724 ;        ;        ; 11.724 ;
; instr[1]    ; enA         ; 12.745 ; 12.885 ; 12.885 ; 12.745 ;
; instr[1]    ; enAc        ; 12.073 ; 12.539 ; 12.539 ; 12.073 ;
; instr[1]    ; enB         ;        ; 11.208 ; 11.208 ;        ;
; instr[1]    ; enF         ; 12.647 ; 10.993 ; 10.993 ; 12.647 ;
; instr[1]    ; ldab        ; 11.365 ;        ;        ; 11.365 ;
; instr[1]    ; movAc       ;        ; 10.989 ; 10.989 ;        ;
; instr[1]    ; stac        ; 11.397 ;        ;        ; 11.397 ;
; instr[2]    ; DATA_BAR[0] ; 11.794 ; 11.794 ; 11.794 ; 11.794 ;
; instr[2]    ; DATA_BAR[1] ; 13.465 ;        ;        ; 13.465 ;
; instr[2]    ; End_CP[0]   ; 12.044 ; 12.044 ; 12.044 ; 12.044 ;
; instr[2]    ; End_CP[1]   ; 12.029 ; 12.029 ; 12.029 ; 12.029 ;
; instr[2]    ; End_CP[2]   ; 11.682 ; 11.682 ; 11.682 ; 11.682 ;
; instr[2]    ; End_CP[3]   ; 12.019 ; 12.019 ; 12.019 ; 12.019 ;
; instr[2]    ; End_CP[4]   ; 12.148 ; 12.148 ; 12.148 ; 12.148 ;
; instr[2]    ; LOAD_CP     ;        ; 12.189 ; 12.189 ;        ;
; instr[2]    ; R/W         ; 12.528 ;        ;        ; 12.528 ;
; instr[2]    ; clear       ; 11.414 ;        ;        ; 11.414 ;
; instr[2]    ; enA         ; 12.328 ; 12.168 ; 12.168 ; 12.328 ;
; instr[2]    ; enAc        ; 12.245 ; 11.685 ; 11.685 ; 12.245 ;
; instr[2]    ; enB         ; 11.096 ;        ;        ; 11.096 ;
; instr[2]    ; enF         ; 12.555 ; 10.571 ; 10.571 ; 12.555 ;
; instr[2]    ; ldab        ; 10.948 ;        ;        ; 10.948 ;
; instr[2]    ; movAc       ; 10.860 ;        ;        ; 10.860 ;
; instr[2]    ; stac        ; 10.960 ;        ;        ; 10.960 ;
; instr[3]    ; DATA_BAR[0] ; 11.878 ; 11.878 ; 11.878 ; 11.878 ;
; instr[3]    ; DATA_BAR[1] ;        ; 12.227 ; 12.227 ;        ;
; instr[3]    ; End_CP[0]   ; 13.318 ; 13.318 ; 13.318 ; 13.318 ;
; instr[3]    ; End_CP[1]   ; 13.303 ; 13.303 ; 13.303 ; 13.303 ;
; instr[3]    ; End_CP[2]   ; 12.956 ; 12.956 ; 12.956 ; 12.956 ;
; instr[3]    ; End_CP[3]   ; 13.276 ; 13.293 ; 13.293 ; 13.276 ;
; instr[3]    ; End_CP[4]   ; 13.422 ; 13.422 ; 13.422 ; 13.422 ;
; instr[3]    ; LOAD_CP     ;        ; 13.463 ; 13.463 ;        ;
; instr[3]    ; R/W         ;        ; 13.725 ; 13.725 ;        ;
; instr[3]    ; clear       ; 12.129 ;        ;        ; 12.129 ;
; instr[3]    ; enA         ; 13.053 ; 13.053 ; 13.053 ; 13.053 ;
; instr[3]    ; enAc        ; 11.950 ; 11.900 ; 11.900 ; 11.950 ;
; instr[3]    ; enB         ;        ; 11.674 ; 11.674 ;        ;
; instr[3]    ; enF         ; 11.779 ; 12.007 ; 12.007 ; 11.779 ;
; instr[3]    ; ldab        ;        ; 12.187 ; 12.187 ;        ;
; instr[3]    ; movAc       ;        ; 11.442 ; 11.442 ;        ;
; instr[3]    ; stac        ;        ; 12.157 ; 12.157 ;        ;
; instr[4]    ; DATA_BAR[0] ; 11.786 ;        ;        ; 11.786 ;
; instr[4]    ; DATA_BAR[1] ; 12.017 ;        ;        ; 12.017 ;
; instr[4]    ; End_CP[0]   ; 12.799 ; 12.799 ; 12.799 ; 12.799 ;
; instr[4]    ; End_CP[1]   ; 12.784 ; 12.784 ; 12.784 ; 12.784 ;
; instr[4]    ; End_CP[2]   ; 12.437 ; 12.437 ; 12.437 ; 12.437 ;
; instr[4]    ; End_CP[3]   ; 12.774 ; 12.774 ; 12.774 ; 12.774 ;
; instr[4]    ; End_CP[4]   ; 12.903 ; 12.903 ; 12.903 ; 12.903 ;
; instr[4]    ; LOAD_CP     ; 12.944 ;        ;        ; 12.944 ;
; instr[4]    ; R/W         ; 13.205 ;        ;        ; 13.205 ;
; instr[4]    ; clear       ;        ; 11.609 ; 11.609 ;        ;
; instr[4]    ; enA         ; 11.984 ;        ;        ; 11.984 ;
; instr[4]    ; enAc        ; 12.401 ; 11.843 ; 11.843 ; 12.401 ;
; instr[4]    ; enB         ; 11.153 ;        ;        ; 11.153 ;
; instr[4]    ; enF         ; 11.486 ; 12.097 ; 12.097 ; 11.486 ;
; instr[4]    ; ldab        ; 11.668 ;        ;        ; 11.668 ;
; instr[4]    ; movAc       ; 10.921 ;        ;        ; 10.921 ;
; instr[4]    ; stac        ; 11.637 ;        ;        ; 11.637 ;
; instr[5]    ; DATA_BAR[0] ;        ; 12.315 ; 12.315 ;        ;
; instr[5]    ; DATA_BAR[1] ; 10.717 ; 10.717 ; 10.717 ; 10.717 ;
; instr[5]    ; DATA_BAR[2] ;        ; 11.039 ; 11.039 ;        ;
; instr[5]    ; End_CP[0]   ; 12.088 ; 12.088 ; 12.088 ; 12.088 ;
; instr[5]    ; End_CP[1]   ; 12.073 ; 12.073 ; 12.073 ; 12.073 ;
; instr[5]    ; End_CP[2]   ; 11.726 ; 11.726 ; 11.726 ; 11.726 ;
; instr[5]    ; End_CP[3]   ; 12.063 ; 12.063 ; 12.063 ; 12.063 ;
; instr[5]    ; End_CP[4]   ; 12.192 ; 12.192 ; 12.192 ; 12.192 ;
; instr[5]    ; LOAD_CP     ; 12.233 ; 12.361 ; 12.361 ; 12.233 ;
; instr[5]    ; R/W         ;        ; 14.108 ; 14.108 ;        ;
; instr[5]    ; clear       ;        ; 13.334 ; 13.334 ;        ;
; instr[5]    ; enA         ; 12.231 ; 12.231 ; 12.231 ; 12.231 ;
; instr[5]    ; enAc        ;        ; 12.471 ; 12.471 ;        ;
; instr[5]    ; enB         ;        ; 12.839 ; 12.839 ;        ;
; instr[5]    ; enF         ;        ; 12.203 ; 12.203 ;        ;
; instr[5]    ; ldab        ;        ; 12.083 ; 12.083 ;        ;
; instr[5]    ; ldam        ; 10.887 ; 10.887 ; 10.887 ; 10.887 ;
; instr[5]    ; load_ULA    ; 11.358 ; 11.358 ; 11.358 ; 11.358 ;
; instr[5]    ; movAc       ;        ; 12.607 ; 12.607 ;        ;
; instr[5]    ; stac        ;        ; 12.540 ; 12.540 ;        ;
; instr[6]    ; DATA_BAR[0] ;        ; 12.450 ; 12.450 ;        ;
; instr[6]    ; DATA_BAR[1] ; 11.043 ; 11.043 ; 11.043 ; 11.043 ;
; instr[6]    ; DATA_BAR[2] ; 11.410 ;        ;        ; 11.410 ;
; instr[6]    ; End_CP[0]   ; 12.298 ; 12.298 ; 12.298 ; 12.298 ;
; instr[6]    ; End_CP[1]   ; 12.283 ; 12.283 ; 12.283 ; 12.283 ;
; instr[6]    ; End_CP[2]   ; 11.936 ; 11.936 ; 11.936 ; 11.936 ;
; instr[6]    ; End_CP[3]   ; 12.273 ; 12.273 ; 12.273 ; 12.273 ;
; instr[6]    ; End_CP[4]   ; 12.402 ; 12.402 ; 12.402 ; 12.402 ;
; instr[6]    ; LOAD_CP     ; 12.443 ; 12.507 ; 12.507 ; 12.443 ;
; instr[6]    ; R/W         ; 11.425 ; 14.243 ; 14.243 ; 11.425 ;
; instr[6]    ; clear       ;        ; 13.469 ; 13.469 ;        ;
; instr[6]    ; enA         ;        ; 12.517 ; 12.517 ;        ;
; instr[6]    ; enAc        ;        ; 12.606 ; 12.606 ;        ;
; instr[6]    ; enB         ;        ; 12.974 ; 12.974 ;        ;
; instr[6]    ; enF         ;        ; 12.338 ; 12.338 ;        ;
; instr[6]    ; ldab        ;        ; 12.218 ; 12.218 ;        ;
; instr[6]    ; ldam        ; 11.258 ; 11.258 ; 11.258 ; 11.258 ;
; instr[6]    ; load_ULA    ; 11.372 ;        ;        ; 11.372 ;
; instr[6]    ; movAc       ;        ; 12.742 ; 12.742 ;        ;
; instr[6]    ; stac        ;        ; 12.675 ; 12.675 ;        ;
; instr[7]    ; DATA_BAR[0] ; 10.821 ;        ;        ; 10.821 ;
; instr[7]    ; DATA_BAR[1] ; 10.799 ; 10.799 ; 10.799 ; 10.799 ;
; instr[7]    ; DATA_BAR[2] ;        ; 11.101 ; 11.101 ;        ;
; instr[7]    ; End_CP[0]   ; 12.004 ; 12.004 ; 12.004 ; 12.004 ;
; instr[7]    ; End_CP[1]   ; 11.989 ; 11.989 ; 11.989 ; 11.989 ;
; instr[7]    ; End_CP[2]   ; 11.642 ; 11.642 ; 11.642 ; 11.642 ;
; instr[7]    ; End_CP[3]   ; 11.979 ; 11.979 ; 11.979 ; 11.979 ;
; instr[7]    ; End_CP[4]   ; 12.108 ; 12.108 ; 12.108 ; 12.108 ;
; instr[7]    ; LOAD_CP     ; 12.149 ; 13.222 ; 13.222 ; 12.149 ;
; instr[7]    ; R/W         ;        ; 11.209 ; 11.209 ;        ;
; instr[7]    ; clear       ;        ; 11.930 ; 11.930 ;        ;
; instr[7]    ; enA         ; 12.299 ; 12.299 ; 12.299 ; 12.299 ;
; instr[7]    ; enAc        ;        ; 10.975 ; 10.975 ;        ;
; instr[7]    ; enB         ;        ; 11.443 ; 11.443 ;        ;
; instr[7]    ; enF         ;        ; 11.555 ; 11.555 ;        ;
; instr[7]    ; ldab        ;        ; 11.946 ; 11.946 ;        ;
; instr[7]    ; ldam        ; 10.953 ; 10.953 ; 10.953 ; 10.953 ;
; instr[7]    ; load_ULA    ; 11.094 ;        ;        ; 11.094 ;
; instr[7]    ; movAc       ;        ; 11.211 ; 11.211 ;        ;
; instr[7]    ; stac        ;        ; 11.924 ; 11.924 ;        ;
; result[0]   ; End_CP[0]   ; 10.964 ;        ;        ; 10.964 ;
; result[1]   ; End_CP[1]   ; 11.322 ;        ;        ; 11.322 ;
; result[2]   ; End_CP[2]   ; 10.584 ;        ;        ; 10.584 ;
; result[3]   ; End_CP[3]   ; 11.247 ;        ;        ; 11.247 ;
; result[4]   ; End_CP[4]   ; 11.457 ;        ;        ; 11.457 ;
+-------------+-------------+--------+--------+--------+--------+


----------------------------
; Fast Model Setup Summary ;
----------------------------
No paths to report.


---------------------------
; Fast Model Hold Summary ;
---------------------------
No paths to report.


-------------------------------
; Fast Model Recovery Summary ;
-------------------------------
No paths to report.


------------------------------
; Fast Model Removal Summary ;
------------------------------
No paths to report.


------------------------------------------
; Fast Model Minimum Pulse Width Summary ;
------------------------------------------
No paths to report.


+-----------------------------------------------------------+
; Propagation Delay                                         ;
+-------------+-------------+-------+-------+-------+-------+
; Input Port  ; Output Port ; RR    ; RF    ; FR    ; FF    ;
+-------------+-------------+-------+-------+-------+-------+
; Z           ; End_CP[0]   ; 5.984 ; 5.978 ; 5.978 ; 5.984 ;
; Z           ; End_CP[1]   ; 6.034 ; 6.093 ; 6.093 ; 6.034 ;
; Z           ; End_CP[2]   ; 5.842 ; 5.830 ; 5.830 ; 5.842 ;
; Z           ; End_CP[3]   ; 5.941 ; 6.096 ; 6.096 ; 5.941 ;
; Z           ; End_CP[4]   ; 6.159 ; 6.220 ; 6.220 ; 6.159 ;
; Z           ; LOAD_CP     ; 5.921 ; 5.864 ; 5.864 ; 5.921 ;
; Z           ; load_ULA    ; 5.378 ; 5.378 ; 5.378 ; 5.378 ;
; end_cont[0] ; End_CP[0]   ; 5.362 ;       ;       ; 5.362 ;
; end_cont[1] ; End_CP[1]   ; 5.356 ;       ;       ; 5.356 ;
; end_cont[2] ; End_CP[2]   ; 5.239 ;       ;       ; 5.239 ;
; end_cont[3] ; End_CP[3]   ; 5.482 ;       ;       ; 5.482 ;
; end_cont[4] ; End_CP[4]   ; 5.446 ;       ;       ; 5.446 ;
; instr[0]    ; DATA_BAR[0] ; 5.874 ; 5.874 ; 5.874 ; 5.874 ;
; instr[0]    ; DATA_BAR[1] ; 6.402 ;       ;       ; 6.402 ;
; instr[0]    ; End_CP[0]   ; 6.604 ; 6.475 ; 6.475 ; 6.604 ;
; instr[0]    ; End_CP[1]   ; 6.597 ; 6.459 ; 6.459 ; 6.597 ;
; instr[0]    ; End_CP[2]   ; 6.457 ; 6.328 ; 6.328 ; 6.457 ;
; instr[0]    ; End_CP[3]   ; 6.723 ; 6.449 ; 6.449 ; 6.723 ;
; instr[0]    ; End_CP[4]   ; 6.723 ; 6.575 ; 6.575 ; 6.723 ;
; instr[0]    ; LOAD_CP     ;       ; 6.606 ; 6.606 ;       ;
; instr[0]    ; R/W         ; 6.605 ;       ;       ; 6.605 ;
; instr[0]    ; clear       ; 5.757 ;       ;       ; 5.757 ;
; instr[0]    ; enA         ; 6.190 ; 6.585 ; 6.585 ; 6.190 ;
; instr[0]    ; enAc        ; 5.630 ;       ;       ; 5.630 ;
; instr[0]    ; enB         ;       ; 5.776 ; 5.776 ;       ;
; instr[0]    ; enF         ;       ; 6.200 ; 6.200 ;       ;
; instr[0]    ; ldab        ;       ; 6.066 ; 6.066 ;       ;
; instr[0]    ; movAc       ; 5.604 ;       ;       ; 5.604 ;
; instr[0]    ; stac        ; 6.066 ;       ;       ; 6.066 ;
; instr[1]    ; DATA_BAR[0] ;       ; 5.876 ; 5.876 ;       ;
; instr[1]    ; DATA_BAR[1] ; 6.425 ; 6.425 ; 6.425 ; 6.425 ;
; instr[1]    ; End_CP[0]   ; 6.094 ; 6.223 ; 6.223 ; 6.094 ;
; instr[1]    ; End_CP[1]   ; 6.228 ; 6.216 ; 6.216 ; 6.228 ;
; instr[1]    ; End_CP[2]   ; 5.947 ; 6.076 ; 6.076 ; 5.947 ;
; instr[1]    ; End_CP[3]   ; 6.068 ; 6.342 ; 6.342 ; 6.068 ;
; instr[1]    ; End_CP[4]   ; 6.194 ; 6.342 ; 6.342 ; 6.194 ;
; instr[1]    ; LOAD_CP     ; 6.225 ;       ;       ; 6.225 ;
; instr[1]    ; R/W         ; 6.233 ;       ;       ; 6.233 ;
; instr[1]    ; clear       ; 5.867 ;       ;       ; 5.867 ;
; instr[1]    ; enA         ; 6.217 ; 6.217 ; 6.217 ; 6.217 ;
; instr[1]    ; enAc        ; 5.866 ; 6.032 ; 6.032 ; 5.866 ;
; instr[1]    ; enB         ;       ; 5.666 ; 5.666 ;       ;
; instr[1]    ; enF         ; 6.092 ; 6.092 ; 6.092 ; 6.092 ;
; instr[1]    ; ldab        ; 5.666 ;       ;       ; 5.666 ;
; instr[1]    ; movAc       ;       ; 5.492 ; 5.492 ;       ;
; instr[1]    ; stac        ; 5.694 ;       ;       ; 5.694 ;
; instr[2]    ; DATA_BAR[0] ; 5.868 ; 5.868 ; 5.868 ; 5.868 ;
; instr[2]    ; DATA_BAR[1] ; 6.392 ;       ;       ; 6.392 ;
; instr[2]    ; End_CP[0]   ; 6.031 ; 5.902 ; 5.902 ; 6.031 ;
; instr[2]    ; End_CP[1]   ; 6.024 ; 5.886 ; 5.886 ; 6.024 ;
; instr[2]    ; End_CP[2]   ; 5.941 ; 5.755 ; 5.755 ; 5.941 ;
; instr[2]    ; End_CP[3]   ; 6.150 ; 5.876 ; 5.876 ; 6.150 ;
; instr[2]    ; End_CP[4]   ; 6.150 ; 6.002 ; 6.002 ; 6.150 ;
; instr[2]    ; LOAD_CP     ;       ; 6.033 ; 6.033 ;       ;
; instr[2]    ; R/W         ; 6.039 ;       ;       ; 6.039 ;
; instr[2]    ; clear       ; 5.748 ;       ;       ; 5.748 ;
; instr[2]    ; enA         ; 6.013 ; 5.927 ; 5.927 ; 6.013 ;
; instr[2]    ; enAc        ; 5.947 ; 5.741 ; 5.741 ; 5.947 ;
; instr[2]    ; enB         ; 5.642 ;       ;       ; 5.642 ;
; instr[2]    ; enF         ; 6.043 ; 6.043 ; 6.043 ; 6.043 ;
; instr[2]    ; ldab        ; 5.494 ;       ;       ; 5.494 ;
; instr[2]    ; movAc       ; 5.447 ;       ;       ; 5.447 ;
; instr[2]    ; stac        ; 5.500 ;       ;       ; 5.500 ;
; instr[3]    ; DATA_BAR[0] ; 5.881 ; 5.881 ; 5.881 ; 5.881 ;
; instr[3]    ; DATA_BAR[1] ;       ; 5.951 ; 5.951 ;       ;
; instr[3]    ; End_CP[0]   ; 6.482 ; 6.353 ; 6.353 ; 6.482 ;
; instr[3]    ; End_CP[1]   ; 6.475 ; 6.337 ; 6.337 ; 6.475 ;
; instr[3]    ; End_CP[2]   ; 6.335 ; 6.206 ; 6.206 ; 6.335 ;
; instr[3]    ; End_CP[3]   ; 6.601 ; 6.327 ; 6.327 ; 6.601 ;
; instr[3]    ; End_CP[4]   ; 6.601 ; 6.453 ; 6.453 ; 6.601 ;
; instr[3]    ; LOAD_CP     ;       ; 6.484 ; 6.484 ;       ;
; instr[3]    ; R/W         ;       ; 6.476 ; 6.476 ;       ;
; instr[3]    ; clear       ; 6.045 ;       ;       ; 6.045 ;
; instr[3]    ; enA         ; 6.266 ; 6.463 ; 6.463 ; 6.266 ;
; instr[3]    ; enAc        ; 5.834 ; 5.840 ; 5.840 ; 5.834 ;
; instr[3]    ; enB         ;       ; 5.829 ; 5.829 ;       ;
; instr[3]    ; enF         ; 5.788 ; 5.846 ; 5.846 ; 5.788 ;
; instr[3]    ; ldab        ;       ; 5.944 ; 5.944 ;       ;
; instr[3]    ; movAc       ;       ; 5.642 ; 5.642 ;       ;
; instr[3]    ; stac        ;       ; 5.937 ; 5.937 ;       ;
; instr[4]    ; DATA_BAR[0] ; 5.841 ;       ;       ; 5.841 ;
; instr[4]    ; DATA_BAR[1] ; 5.902 ;       ;       ; 5.902 ;
; instr[4]    ; End_CP[0]   ; 6.165 ; 6.294 ; 6.294 ; 6.165 ;
; instr[4]    ; End_CP[1]   ; 6.149 ; 6.287 ; 6.287 ; 6.149 ;
; instr[4]    ; End_CP[2]   ; 6.018 ; 6.147 ; 6.147 ; 6.018 ;
; instr[4]    ; End_CP[3]   ; 6.139 ; 6.413 ; 6.413 ; 6.139 ;
; instr[4]    ; End_CP[4]   ; 6.277 ; 6.413 ; 6.413 ; 6.277 ;
; instr[4]    ; LOAD_CP     ; 6.296 ;       ;       ; 6.296 ;
; instr[4]    ; R/W         ; 6.286 ;       ;       ; 6.286 ;
; instr[4]    ; clear       ;       ; 5.827 ; 5.827 ;       ;
; instr[4]    ; enA         ; 6.275 ;       ;       ; 6.275 ;
; instr[4]    ; enAc        ; 5.997 ; 5.826 ; 5.826 ; 5.997 ;
; instr[4]    ; enB         ; 5.640 ;       ;       ; 5.640 ;
; instr[4]    ; enF         ; 5.657 ; 5.882 ; 5.882 ; 5.657 ;
; instr[4]    ; ldab        ; 5.756 ;       ;       ; 5.756 ;
; instr[4]    ; movAc       ; 5.453 ;       ;       ; 5.453 ;
; instr[4]    ; stac        ; 5.747 ;       ;       ; 5.747 ;
; instr[5]    ; DATA_BAR[0] ;       ; 6.078 ; 6.078 ;       ;
; instr[5]    ; DATA_BAR[1] ; 5.446 ; 5.446 ; 5.446 ; 5.446 ;
; instr[5]    ; DATA_BAR[2] ;       ; 5.573 ; 5.573 ;       ;
; instr[5]    ; End_CP[0]   ; 6.482 ; 6.353 ; 6.353 ; 6.482 ;
; instr[5]    ; End_CP[1]   ; 6.475 ; 6.389 ; 6.389 ; 6.475 ;
; instr[5]    ; End_CP[2]   ; 6.335 ; 6.206 ; 6.206 ; 6.335 ;
; instr[5]    ; End_CP[3]   ; 6.601 ; 6.392 ; 6.392 ; 6.601 ;
; instr[5]    ; End_CP[4]   ; 6.601 ; 6.516 ; 6.516 ; 6.601 ;
; instr[5]    ; LOAD_CP     ; 6.217 ; 6.484 ; 6.484 ; 6.217 ;
; instr[5]    ; R/W         ;       ; 6.668 ; 6.668 ;       ;
; instr[5]    ; clear       ;       ; 6.496 ; 6.496 ;       ;
; instr[5]    ; enA         ; 5.992 ; 6.461 ; 6.461 ; 5.992 ;
; instr[5]    ; enAc        ;       ; 6.075 ; 6.075 ;       ;
; instr[5]    ; enB         ;       ; 6.308 ; 6.308 ;       ;
; instr[5]    ; enF         ;       ; 6.325 ; 6.325 ;       ;
; instr[5]    ; ldab        ;       ; 5.942 ; 5.942 ;       ;
; instr[5]    ; ldam        ; 5.565 ; 5.565 ; 5.565 ; 5.565 ;
; instr[5]    ; load_ULA    ; 5.663 ; 5.663 ; 5.663 ; 5.663 ;
; instr[5]    ; movAc       ;       ; 6.121 ; 6.121 ;       ;
; instr[5]    ; stac        ;       ; 6.129 ; 6.129 ;       ;
; instr[6]    ; DATA_BAR[0] ;       ; 6.114 ; 6.114 ;       ;
; instr[6]    ; DATA_BAR[1] ; 5.556 ; 5.556 ; 5.556 ; 5.556 ;
; instr[6]    ; DATA_BAR[2] ; 5.693 ;       ;       ; 5.693 ;
; instr[6]    ; End_CP[0]   ; 6.518 ; 6.389 ; 6.389 ; 6.518 ;
; instr[6]    ; End_CP[1]   ; 6.511 ; 6.385 ; 6.385 ; 6.511 ;
; instr[6]    ; End_CP[2]   ; 6.371 ; 6.242 ; 6.242 ; 6.371 ;
; instr[6]    ; End_CP[3]   ; 6.637 ; 6.388 ; 6.388 ; 6.637 ;
; instr[6]    ; End_CP[4]   ; 6.637 ; 6.512 ; 6.512 ; 6.637 ;
; instr[6]    ; LOAD_CP     ; 6.213 ; 6.520 ; 6.520 ; 6.213 ;
; instr[6]    ; R/W         ; 5.635 ; 6.704 ; 6.704 ; 5.635 ;
; instr[6]    ; clear       ;       ; 6.532 ; 6.532 ;       ;
; instr[6]    ; enA         ;       ; 6.497 ; 6.497 ;       ;
; instr[6]    ; enAc        ;       ; 6.111 ; 6.111 ;       ;
; instr[6]    ; enB         ;       ; 6.344 ; 6.344 ;       ;
; instr[6]    ; enF         ;       ; 6.361 ; 6.361 ;       ;
; instr[6]    ; ldab        ;       ; 5.978 ; 5.978 ;       ;
; instr[6]    ; ldam        ; 5.677 ; 5.677 ; 5.677 ; 5.677 ;
; instr[6]    ; load_ULA    ; 5.647 ;       ;       ; 5.647 ;
; instr[6]    ; movAc       ;       ; 6.157 ; 6.157 ;       ;
; instr[6]    ; stac        ;       ; 6.165 ; 6.165 ;       ;
; instr[7]    ; DATA_BAR[0] ; 5.482 ;       ;       ; 5.482 ;
; instr[7]    ; DATA_BAR[1] ; 5.458 ; 5.458 ; 5.458 ; 5.458 ;
; instr[7]    ; DATA_BAR[2] ;       ; 5.562 ; 5.562 ;       ;
; instr[7]    ; End_CP[0]   ; 6.406 ; 6.277 ; 6.277 ; 6.406 ;
; instr[7]    ; End_CP[1]   ; 6.399 ; 6.294 ; 6.294 ; 6.399 ;
; instr[7]    ; End_CP[2]   ; 6.259 ; 6.130 ; 6.130 ; 6.259 ;
; instr[7]    ; End_CP[3]   ; 6.525 ; 6.297 ; 6.297 ; 6.525 ;
; instr[7]    ; End_CP[4]   ; 6.525 ; 6.421 ; 6.421 ; 6.525 ;
; instr[7]    ; LOAD_CP     ; 6.122 ; 6.408 ; 6.408 ; 6.122 ;
; instr[7]    ; R/W         ;       ; 6.403 ; 6.403 ;       ;
; instr[7]    ; clear       ;       ; 5.942 ; 5.942 ;       ;
; instr[7]    ; enA         ; 5.990 ; 6.387 ; 6.387 ; 5.990 ;
; instr[7]    ; enAc        ;       ; 5.472 ; 5.472 ;       ;
; instr[7]    ; enB         ;       ; 5.759 ; 5.759 ;       ;
; instr[7]    ; enF         ;       ; 5.776 ; 5.776 ;       ;
; instr[7]    ; ldab        ;       ; 5.868 ; 5.868 ;       ;
; instr[7]    ; ldam        ; 5.562 ; 5.562 ; 5.562 ; 5.562 ;
; instr[7]    ; load_ULA    ; 5.556 ;       ;       ; 5.556 ;
; instr[7]    ; movAc       ;       ; 5.572 ; 5.572 ;       ;
; instr[7]    ; stac        ;       ; 5.864 ; 5.864 ;       ;
; result[0]   ; End_CP[0]   ; 5.502 ;       ;       ; 5.502 ;
; result[1]   ; End_CP[1]   ; 5.612 ;       ;       ; 5.612 ;
; result[2]   ; End_CP[2]   ; 5.350 ;       ;       ; 5.350 ;
; result[3]   ; End_CP[3]   ; 5.649 ;       ;       ; 5.649 ;
; result[4]   ; End_CP[4]   ; 5.757 ;       ;       ; 5.757 ;
+-------------+-------------+-------+-------+-------+-------+


+-----------------------------------------------------------+
; Minimum Propagation Delay                                 ;
+-------------+-------------+-------+-------+-------+-------+
; Input Port  ; Output Port ; RR    ; RF    ; FR    ; FF    ;
+-------------+-------------+-------+-------+-------+-------+
; Z           ; End_CP[0]   ; 5.733 ; 5.733 ; 5.733 ; 5.733 ;
; Z           ; End_CP[1]   ; 5.717 ; 5.717 ; 5.717 ; 5.717 ;
; Z           ; End_CP[2]   ; 5.586 ; 5.586 ; 5.586 ; 5.586 ;
; Z           ; End_CP[3]   ; 5.707 ; 5.707 ; 5.707 ; 5.707 ;
; Z           ; End_CP[4]   ; 5.833 ; 5.833 ; 5.833 ; 5.833 ;
; Z           ; LOAD_CP     ; 5.921 ; 5.864 ; 5.864 ; 5.921 ;
; Z           ; load_ULA    ; 5.378 ; 5.378 ; 5.378 ; 5.378 ;
; end_cont[0] ; End_CP[0]   ; 5.362 ;       ;       ; 5.362 ;
; end_cont[1] ; End_CP[1]   ; 5.356 ;       ;       ; 5.356 ;
; end_cont[2] ; End_CP[2]   ; 5.239 ;       ;       ; 5.239 ;
; end_cont[3] ; End_CP[3]   ; 5.482 ;       ;       ; 5.482 ;
; end_cont[4] ; End_CP[4]   ; 5.446 ;       ;       ; 5.446 ;
; instr[0]    ; DATA_BAR[0] ; 5.874 ; 5.874 ; 5.874 ; 5.874 ;
; instr[0]    ; DATA_BAR[1] ; 6.402 ;       ;       ; 6.402 ;
; instr[0]    ; End_CP[0]   ; 5.968 ; 6.475 ; 6.475 ; 5.968 ;
; instr[0]    ; End_CP[1]   ; 6.459 ; 6.459 ; 6.459 ; 6.459 ;
; instr[0]    ; End_CP[2]   ; 6.328 ; 6.328 ; 6.328 ; 6.328 ;
; instr[0]    ; End_CP[3]   ; 6.449 ; 6.449 ; 6.449 ; 6.449 ;
; instr[0]    ; End_CP[4]   ; 6.575 ; 6.575 ; 6.575 ; 6.575 ;
; instr[0]    ; LOAD_CP     ;       ; 6.606 ; 6.606 ;       ;
; instr[0]    ; R/W         ; 6.605 ;       ;       ; 6.605 ;
; instr[0]    ; clear       ; 5.757 ;       ;       ; 5.757 ;
; instr[0]    ; enA         ; 6.190 ; 6.190 ; 6.190 ; 6.190 ;
; instr[0]    ; enAc        ; 5.630 ;       ;       ; 5.630 ;
; instr[0]    ; enB         ;       ; 5.776 ; 5.776 ;       ;
; instr[0]    ; enF         ;       ; 6.200 ; 6.200 ;       ;
; instr[0]    ; ldab        ;       ; 6.066 ; 6.066 ;       ;
; instr[0]    ; movAc       ; 5.604 ;       ;       ; 5.604 ;
; instr[0]    ; stac        ; 6.066 ;       ;       ; 6.066 ;
; instr[1]    ; DATA_BAR[0] ;       ; 5.876 ; 5.876 ;       ;
; instr[1]    ; DATA_BAR[1] ; 6.425 ; 6.425 ; 6.425 ; 6.425 ;
; instr[1]    ; End_CP[0]   ; 6.094 ; 6.094 ; 6.094 ; 6.094 ;
; instr[1]    ; End_CP[1]   ; 6.078 ; 6.078 ; 6.078 ; 6.078 ;
; instr[1]    ; End_CP[2]   ; 5.947 ; 5.947 ; 5.947 ; 5.947 ;
; instr[1]    ; End_CP[3]   ; 6.068 ; 6.068 ; 6.068 ; 6.068 ;
; instr[1]    ; End_CP[4]   ; 6.194 ; 6.194 ; 6.194 ; 6.194 ;
; instr[1]    ; LOAD_CP     ; 6.225 ;       ;       ; 6.225 ;
; instr[1]    ; R/W         ; 6.233 ;       ;       ; 6.233 ;
; instr[1]    ; clear       ; 5.867 ;       ;       ; 5.867 ;
; instr[1]    ; enA         ; 6.185 ; 6.217 ; 6.217 ; 6.185 ;
; instr[1]    ; enAc        ; 5.866 ; 6.032 ; 6.032 ; 5.866 ;
; instr[1]    ; enB         ;       ; 5.666 ; 5.666 ;       ;
; instr[1]    ; enF         ; 6.092 ; 5.494 ; 5.494 ; 6.092 ;
; instr[1]    ; ldab        ; 5.666 ;       ;       ; 5.666 ;
; instr[1]    ; movAc       ;       ; 5.492 ; 5.492 ;       ;
; instr[1]    ; stac        ; 5.694 ;       ;       ; 5.694 ;
; instr[2]    ; DATA_BAR[0] ; 5.868 ; 5.868 ; 5.868 ; 5.868 ;
; instr[2]    ; DATA_BAR[1] ; 6.392 ;       ;       ; 6.392 ;
; instr[2]    ; End_CP[0]   ; 5.902 ; 5.902 ; 5.902 ; 5.902 ;
; instr[2]    ; End_CP[1]   ; 5.886 ; 5.886 ; 5.886 ; 5.886 ;
; instr[2]    ; End_CP[2]   ; 5.755 ; 5.755 ; 5.755 ; 5.755 ;
; instr[2]    ; End_CP[3]   ; 5.876 ; 5.876 ; 5.876 ; 5.876 ;
; instr[2]    ; End_CP[4]   ; 6.002 ; 6.002 ; 6.002 ; 6.002 ;
; instr[2]    ; LOAD_CP     ;       ; 6.033 ; 6.033 ;       ;
; instr[2]    ; R/W         ; 6.039 ;       ;       ; 6.039 ;
; instr[2]    ; clear       ; 5.748 ;       ;       ; 5.748 ;
; instr[2]    ; enA         ; 6.013 ; 5.927 ; 5.927 ; 6.013 ;
; instr[2]    ; enAc        ; 5.947 ; 5.741 ; 5.741 ; 5.947 ;
; instr[2]    ; enB         ; 5.642 ;       ;       ; 5.642 ;
; instr[2]    ; enF         ; 6.043 ; 5.340 ; 5.340 ; 6.043 ;
; instr[2]    ; ldab        ; 5.494 ;       ;       ; 5.494 ;
; instr[2]    ; movAc       ; 5.447 ;       ;       ; 5.447 ;
; instr[2]    ; stac        ; 5.500 ;       ;       ; 5.500 ;
; instr[3]    ; DATA_BAR[0] ; 5.881 ; 5.881 ; 5.881 ; 5.881 ;
; instr[3]    ; DATA_BAR[1] ;       ; 5.951 ; 5.951 ;       ;
; instr[3]    ; End_CP[0]   ; 6.353 ; 6.353 ; 6.353 ; 6.353 ;
; instr[3]    ; End_CP[1]   ; 6.337 ; 6.337 ; 6.337 ; 6.337 ;
; instr[3]    ; End_CP[2]   ; 6.206 ; 6.206 ; 6.206 ; 6.206 ;
; instr[3]    ; End_CP[3]   ; 6.327 ; 6.327 ; 6.327 ; 6.327 ;
; instr[3]    ; End_CP[4]   ; 6.453 ; 6.453 ; 6.453 ; 6.453 ;
; instr[3]    ; LOAD_CP     ;       ; 6.484 ; 6.484 ;       ;
; instr[3]    ; R/W         ;       ; 6.476 ; 6.476 ;       ;
; instr[3]    ; clear       ; 6.045 ;       ;       ; 6.045 ;
; instr[3]    ; enA         ; 6.266 ; 6.266 ; 6.266 ; 6.266 ;
; instr[3]    ; enAc        ; 5.834 ; 5.840 ; 5.840 ; 5.834 ;
; instr[3]    ; enB         ;       ; 5.829 ; 5.829 ;       ;
; instr[3]    ; enF         ; 5.788 ; 5.846 ; 5.846 ; 5.788 ;
; instr[3]    ; ldab        ;       ; 5.944 ; 5.944 ;       ;
; instr[3]    ; movAc       ;       ; 5.642 ; 5.642 ;       ;
; instr[3]    ; stac        ;       ; 5.937 ; 5.937 ;       ;
; instr[4]    ; DATA_BAR[0] ; 5.841 ;       ;       ; 5.841 ;
; instr[4]    ; DATA_BAR[1] ; 5.902 ;       ;       ; 5.902 ;
; instr[4]    ; End_CP[0]   ; 6.165 ; 6.165 ; 6.165 ; 6.165 ;
; instr[4]    ; End_CP[1]   ; 6.149 ; 6.149 ; 6.149 ; 6.149 ;
; instr[4]    ; End_CP[2]   ; 6.018 ; 6.018 ; 6.018 ; 6.018 ;
; instr[4]    ; End_CP[3]   ; 6.139 ; 6.139 ; 6.139 ; 6.139 ;
; instr[4]    ; End_CP[4]   ; 6.265 ; 6.265 ; 6.265 ; 6.265 ;
; instr[4]    ; LOAD_CP     ; 6.296 ;       ;       ; 6.296 ;
; instr[4]    ; R/W         ; 6.286 ;       ;       ; 6.286 ;
; instr[4]    ; clear       ;       ; 5.827 ; 5.827 ;       ;
; instr[4]    ; enA         ; 5.869 ;       ;       ; 5.869 ;
; instr[4]    ; enAc        ; 5.997 ; 5.826 ; 5.826 ; 5.997 ;
; instr[4]    ; enB         ; 5.640 ;       ;       ; 5.640 ;
; instr[4]    ; enF         ; 5.657 ; 5.882 ; 5.882 ; 5.657 ;
; instr[4]    ; ldab        ; 5.756 ;       ;       ; 5.756 ;
; instr[4]    ; movAc       ; 5.453 ;       ;       ; 5.453 ;
; instr[4]    ; stac        ; 5.747 ;       ;       ; 5.747 ;
; instr[5]    ; DATA_BAR[0] ;       ; 6.078 ; 6.078 ;       ;
; instr[5]    ; DATA_BAR[1] ; 5.446 ; 5.446 ; 5.446 ; 5.446 ;
; instr[5]    ; DATA_BAR[2] ;       ; 5.573 ; 5.573 ;       ;
; instr[5]    ; End_CP[0]   ; 5.923 ; 5.923 ; 5.923 ; 5.923 ;
; instr[5]    ; End_CP[1]   ; 5.907 ; 5.907 ; 5.907 ; 5.907 ;
; instr[5]    ; End_CP[2]   ; 5.776 ; 5.776 ; 5.776 ; 5.776 ;
; instr[5]    ; End_CP[3]   ; 5.897 ; 5.897 ; 5.897 ; 5.897 ;
; instr[5]    ; End_CP[4]   ; 6.023 ; 6.023 ; 6.023 ; 6.023 ;
; instr[5]    ; LOAD_CP     ; 6.054 ; 6.157 ; 6.157 ; 6.054 ;
; instr[5]    ; R/W         ;       ; 6.668 ; 6.668 ;       ;
; instr[5]    ; clear       ;       ; 6.496 ; 6.496 ;       ;
; instr[5]    ; enA         ; 5.992 ; 5.992 ; 5.992 ; 5.992 ;
; instr[5]    ; enAc        ;       ; 6.075 ; 6.075 ;       ;
; instr[5]    ; enB         ;       ; 6.308 ; 6.308 ;       ;
; instr[5]    ; enF         ;       ; 5.948 ; 5.948 ;       ;
; instr[5]    ; ldab        ;       ; 5.942 ; 5.942 ;       ;
; instr[5]    ; ldam        ; 5.565 ; 5.565 ; 5.565 ; 5.565 ;
; instr[5]    ; load_ULA    ; 5.663 ; 5.663 ; 5.663 ; 5.663 ;
; instr[5]    ; movAc       ;       ; 6.121 ; 6.121 ;       ;
; instr[5]    ; stac        ;       ; 6.129 ; 6.129 ;       ;
; instr[6]    ; DATA_BAR[0] ;       ; 6.114 ; 6.114 ;       ;
; instr[6]    ; DATA_BAR[1] ; 5.556 ; 5.556 ; 5.556 ; 5.556 ;
; instr[6]    ; DATA_BAR[2] ; 5.693 ;       ;       ; 5.693 ;
; instr[6]    ; End_CP[0]   ; 6.021 ; 6.021 ; 6.021 ; 6.021 ;
; instr[6]    ; End_CP[1]   ; 6.005 ; 6.005 ; 6.005 ; 6.005 ;
; instr[6]    ; End_CP[2]   ; 5.874 ; 5.874 ; 5.874 ; 5.874 ;
; instr[6]    ; End_CP[3]   ; 5.995 ; 5.995 ; 5.995 ; 5.995 ;
; instr[6]    ; End_CP[4]   ; 6.121 ; 6.121 ; 6.121 ; 6.121 ;
; instr[6]    ; LOAD_CP     ; 6.152 ; 6.163 ; 6.163 ; 6.152 ;
; instr[6]    ; R/W         ; 5.635 ; 6.704 ; 6.704 ; 5.635 ;
; instr[6]    ; clear       ;       ; 6.532 ; 6.532 ;       ;
; instr[6]    ; enA         ;       ; 6.105 ; 6.105 ;       ;
; instr[6]    ; enAc        ;       ; 6.111 ; 6.111 ;       ;
; instr[6]    ; enB         ;       ; 6.344 ; 6.344 ;       ;
; instr[6]    ; enF         ;       ; 5.984 ; 5.984 ;       ;
; instr[6]    ; ldab        ;       ; 5.978 ; 5.978 ;       ;
; instr[6]    ; ldam        ; 5.677 ; 5.677 ; 5.677 ; 5.677 ;
; instr[6]    ; load_ULA    ; 5.647 ;       ;       ; 5.647 ;
; instr[6]    ; movAc       ;       ; 6.157 ; 6.157 ;       ;
; instr[6]    ; stac        ;       ; 6.165 ; 6.165 ;       ;
; instr[7]    ; DATA_BAR[0] ; 5.482 ;       ;       ; 5.482 ;
; instr[7]    ; DATA_BAR[1] ; 5.458 ; 5.458 ; 5.458 ; 5.458 ;
; instr[7]    ; DATA_BAR[2] ;       ; 5.562 ; 5.562 ;       ;
; instr[7]    ; End_CP[0]   ; 5.937 ; 5.937 ; 5.937 ; 5.937 ;
; instr[7]    ; End_CP[1]   ; 5.921 ; 5.921 ; 5.921 ; 5.921 ;
; instr[7]    ; End_CP[2]   ; 5.790 ; 5.790 ; 5.790 ; 5.790 ;
; instr[7]    ; End_CP[3]   ; 5.911 ; 5.911 ; 5.911 ; 5.911 ;
; instr[7]    ; End_CP[4]   ; 6.037 ; 6.037 ; 6.037 ; 6.037 ;
; instr[7]    ; LOAD_CP     ; 6.068 ; 6.408 ; 6.408 ; 6.068 ;
; instr[7]    ; R/W         ;       ; 5.553 ; 5.553 ;       ;
; instr[7]    ; clear       ;       ; 5.942 ; 5.942 ;       ;
; instr[7]    ; enA         ; 5.990 ; 5.990 ; 5.990 ; 5.990 ;
; instr[7]    ; enAc        ;       ; 5.472 ; 5.472 ;       ;
; instr[7]    ; enB         ;       ; 5.759 ; 5.759 ;       ;
; instr[7]    ; enF         ;       ; 5.693 ; 5.693 ;       ;
; instr[7]    ; ldab        ;       ; 5.868 ; 5.868 ;       ;
; instr[7]    ; ldam        ; 5.562 ; 5.562 ; 5.562 ; 5.562 ;
; instr[7]    ; load_ULA    ; 5.556 ;       ;       ; 5.556 ;
; instr[7]    ; movAc       ;       ; 5.572 ; 5.572 ;       ;
; instr[7]    ; stac        ;       ; 5.864 ; 5.864 ;       ;
; result[0]   ; End_CP[0]   ; 5.502 ;       ;       ; 5.502 ;
; result[1]   ; End_CP[1]   ; 5.612 ;       ;       ; 5.612 ;
; result[2]   ; End_CP[2]   ; 5.350 ;       ;       ; 5.350 ;
; result[3]   ; End_CP[3]   ; 5.649 ;       ;       ; 5.649 ;
; result[4]   ; End_CP[4]   ; 5.757 ;       ;       ; 5.757 ;
+-------------+-------------+-------+-------+-------+-------+


+----------------------------------------------------------------------------+
; Multicorner Timing Analysis Summary                                        ;
+------------------+-------+------+----------+---------+---------------------+
; Clock            ; Setup ; Hold ; Recovery ; Removal ; Minimum Pulse Width ;
+------------------+-------+------+----------+---------+---------------------+
; Worst-case Slack ; N/A   ; N/A  ; N/A      ; N/A     ; N/A                 ;
; Design-wide TNS  ; 0.0   ; 0.0  ; 0.0      ; 0.0     ; 0.0                 ;
+------------------+-------+------+----------+---------+---------------------+


+---------------------------------------------------------------+
; Progagation Delay                                             ;
+-------------+-------------+--------+--------+--------+--------+
; Input Port  ; Output Port ; RR     ; RF     ; FR     ; FF     ;
+-------------+-------------+--------+--------+--------+--------+
; Z           ; End_CP[0]   ; 12.254 ; 12.271 ; 12.271 ; 12.254 ;
; Z           ; End_CP[1]   ; 12.459 ; 12.639 ; 12.639 ; 12.459 ;
; Z           ; End_CP[2]   ; 11.903 ; 11.914 ; 11.914 ; 11.903 ;
; Z           ; End_CP[3]   ; 12.007 ; 12.484 ; 12.484 ; 12.007 ;
; Z           ; End_CP[4]   ; 12.602 ; 12.782 ; 12.782 ; 12.602 ;
; Z           ; LOAD_CP     ; 11.962 ; 11.709 ; 11.709 ; 11.962 ;
; Z           ; load_ULA    ; 10.651 ; 10.651 ; 10.651 ; 10.651 ;
; end_cont[0] ; End_CP[0]   ; 10.588 ;        ;        ; 10.588 ;
; end_cont[1] ; End_CP[1]   ; 10.561 ;        ;        ; 10.561 ;
; end_cont[2] ; End_CP[2]   ; 10.227 ;        ;        ; 10.227 ;
; end_cont[3] ; End_CP[3]   ; 10.772 ;        ;        ; 10.772 ;
; end_cont[4] ; End_CP[4]   ; 10.600 ;        ;        ; 10.600 ;
; instr[0]    ; DATA_BAR[0] ; 11.772 ; 11.772 ; 11.772 ; 11.772 ;
; instr[0]    ; DATA_BAR[1] ; 13.404 ;        ;        ; 13.404 ;
; instr[0]    ; End_CP[0]   ; 13.829 ; 13.511 ; 13.511 ; 13.829 ;
; instr[0]    ; End_CP[1]   ; 13.851 ; 13.496 ; 13.496 ; 13.851 ;
; instr[0]    ; End_CP[2]   ; 13.473 ; 13.149 ; 13.149 ; 13.473 ;
; instr[0]    ; End_CP[3]   ; 14.012 ; 13.486 ; 13.486 ; 14.012 ;
; instr[0]    ; End_CP[4]   ; 13.964 ; 13.615 ; 13.615 ; 13.964 ;
; instr[0]    ; LOAD_CP     ;        ; 13.656 ; 13.656 ;        ;
; instr[0]    ; R/W         ; 13.974 ;        ;        ; 13.974 ;
; instr[0]    ; clear       ; 11.390 ;        ;        ; 11.390 ;
; instr[0]    ; enA         ; 12.753 ; 13.760 ; 13.760 ; 12.753 ;
; instr[0]    ; enAc        ; 11.330 ;        ;        ; 11.330 ;
; instr[0]    ; enB         ;        ; 11.375 ; 11.375 ;        ;
; instr[0]    ; enF         ;        ; 12.906 ; 12.906 ;        ;
; instr[0]    ; ldab        ;        ; 12.380 ; 12.380 ;        ;
; instr[0]    ; movAc       ; 11.208 ;        ;        ; 11.208 ;
; instr[0]    ; stac        ; 12.406 ;        ;        ; 12.406 ;
; instr[1]    ; DATA_BAR[0] ;        ; 11.924 ; 11.924 ;        ;
; instr[1]    ; DATA_BAR[1] ; 13.533 ; 13.533 ; 13.533 ; 13.533 ;
; instr[1]    ; End_CP[0]   ; 12.478 ; 12.796 ; 12.796 ; 12.478 ;
; instr[1]    ; End_CP[1]   ; 13.077 ; 12.818 ; 12.818 ; 13.077 ;
; instr[1]    ; End_CP[2]   ; 12.116 ; 12.440 ; 12.440 ; 12.116 ;
; instr[1]    ; End_CP[3]   ; 12.453 ; 12.979 ; 12.979 ; 12.453 ;
; instr[1]    ; End_CP[4]   ; 12.582 ; 12.931 ; 12.931 ; 12.582 ;
; instr[1]    ; LOAD_CP     ; 12.623 ;        ;        ; 12.623 ;
; instr[1]    ; R/W         ; 12.965 ;        ;        ; 12.965 ;
; instr[1]    ; clear       ; 11.724 ;        ;        ; 11.724 ;
; instr[1]    ; enA         ; 12.885 ; 12.885 ; 12.885 ; 12.885 ;
; instr[1]    ; enAc        ; 12.073 ; 12.539 ; 12.539 ; 12.073 ;
; instr[1]    ; enB         ;        ; 11.208 ; 11.208 ;        ;
; instr[1]    ; enF         ; 12.647 ; 12.647 ; 12.647 ; 12.647 ;
; instr[1]    ; ldab        ; 11.365 ;        ;        ; 11.365 ;
; instr[1]    ; movAc       ;        ; 10.989 ; 10.989 ;        ;
; instr[1]    ; stac        ; 11.397 ;        ;        ; 11.397 ;
; instr[2]    ; DATA_BAR[0] ; 11.794 ; 11.794 ; 11.794 ; 11.794 ;
; instr[2]    ; DATA_BAR[1] ; 13.465 ;        ;        ; 13.465 ;
; instr[2]    ; End_CP[0]   ; 12.362 ; 12.044 ; 12.044 ; 12.362 ;
; instr[2]    ; End_CP[1]   ; 12.384 ; 12.029 ; 12.029 ; 12.384 ;
; instr[2]    ; End_CP[2]   ; 12.192 ; 11.682 ; 11.682 ; 12.192 ;
; instr[2]    ; End_CP[3]   ; 12.545 ; 12.019 ; 12.019 ; 12.545 ;
; instr[2]    ; End_CP[4]   ; 12.497 ; 12.148 ; 12.148 ; 12.497 ;
; instr[2]    ; LOAD_CP     ;        ; 12.189 ; 12.189 ;        ;
; instr[2]    ; R/W         ; 12.528 ;        ;        ; 12.528 ;
; instr[2]    ; clear       ; 11.414 ;        ;        ; 11.414 ;
; instr[2]    ; enA         ; 12.328 ; 12.168 ; 12.168 ; 12.328 ;
; instr[2]    ; enAc        ; 12.245 ; 11.685 ; 11.685 ; 12.245 ;
; instr[2]    ; enB         ; 11.096 ;        ;        ; 11.096 ;
; instr[2]    ; enF         ; 12.555 ; 12.555 ; 12.555 ; 12.555 ;
; instr[2]    ; ldab        ; 10.948 ;        ;        ; 10.948 ;
; instr[2]    ; movAc       ; 10.860 ;        ;        ; 10.860 ;
; instr[2]    ; stac        ; 10.960 ;        ;        ; 10.960 ;
; instr[3]    ; DATA_BAR[0] ; 11.878 ; 11.878 ; 11.878 ; 11.878 ;
; instr[3]    ; DATA_BAR[1] ;        ; 12.227 ; 12.227 ;        ;
; instr[3]    ; End_CP[0]   ; 13.636 ; 13.318 ; 13.318 ; 13.636 ;
; instr[3]    ; End_CP[1]   ; 13.658 ; 13.303 ; 13.303 ; 13.658 ;
; instr[3]    ; End_CP[2]   ; 13.280 ; 12.956 ; 12.956 ; 13.280 ;
; instr[3]    ; End_CP[3]   ; 13.819 ; 13.293 ; 13.293 ; 13.819 ;
; instr[3]    ; End_CP[4]   ; 13.771 ; 13.422 ; 13.422 ; 13.771 ;
; instr[3]    ; LOAD_CP     ;        ; 13.463 ; 13.463 ;        ;
; instr[3]    ; R/W         ;        ; 13.725 ; 13.725 ;        ;
; instr[3]    ; clear       ; 12.129 ;        ;        ; 12.129 ;
; instr[3]    ; enA         ; 13.053 ; 13.567 ; 13.567 ; 13.053 ;
; instr[3]    ; enAc        ; 11.950 ; 11.900 ; 11.900 ; 11.950 ;
; instr[3]    ; enB         ;        ; 11.674 ; 11.674 ;        ;
; instr[3]    ; enF         ; 11.779 ; 12.007 ; 12.007 ; 11.779 ;
; instr[3]    ; ldab        ;        ; 12.187 ; 12.187 ;        ;
; instr[3]    ; movAc       ;        ; 11.442 ; 11.442 ;        ;
; instr[3]    ; stac        ;        ; 12.157 ; 12.157 ;        ;
; instr[4]    ; DATA_BAR[0] ; 11.786 ;        ;        ; 11.786 ;
; instr[4]    ; DATA_BAR[1] ; 12.017 ;        ;        ; 12.017 ;
; instr[4]    ; End_CP[0]   ; 12.799 ; 13.117 ; 13.117 ; 12.799 ;
; instr[4]    ; End_CP[1]   ; 12.784 ; 13.139 ; 13.139 ; 12.784 ;
; instr[4]    ; End_CP[2]   ; 12.437 ; 12.761 ; 12.761 ; 12.437 ;
; instr[4]    ; End_CP[3]   ; 12.774 ; 13.300 ; 13.300 ; 12.774 ;
; instr[4]    ; End_CP[4]   ; 12.933 ; 13.252 ; 13.252 ; 12.933 ;
; instr[4]    ; LOAD_CP     ; 12.944 ;        ;        ; 12.944 ;
; instr[4]    ; R/W         ; 13.205 ;        ;        ; 13.205 ;
; instr[4]    ; clear       ;        ; 11.609 ; 11.609 ;        ;
; instr[4]    ; enA         ; 13.048 ;        ;        ; 13.048 ;
; instr[4]    ; enAc        ; 12.401 ; 11.843 ; 11.843 ; 12.401 ;
; instr[4]    ; enB         ; 11.153 ;        ;        ; 11.153 ;
; instr[4]    ; enF         ; 11.486 ; 12.097 ; 12.097 ; 11.486 ;
; instr[4]    ; ldab        ; 11.668 ;        ;        ; 11.668 ;
; instr[4]    ; movAc       ; 10.921 ;        ;        ; 10.921 ;
; instr[4]    ; stac        ; 11.637 ;        ;        ; 11.637 ;
; instr[5]    ; DATA_BAR[0] ;        ; 12.315 ; 12.315 ;        ;
; instr[5]    ; DATA_BAR[1] ; 10.717 ; 10.717 ; 10.717 ; 10.717 ;
; instr[5]    ; DATA_BAR[2] ;        ; 11.039 ; 11.039 ;        ;
; instr[5]    ; End_CP[0]   ; 13.530 ; 13.212 ; 13.212 ; 13.530 ;
; instr[5]    ; End_CP[1]   ; 13.552 ; 13.323 ; 13.323 ; 13.552 ;
; instr[5]    ; End_CP[2]   ; 13.174 ; 12.850 ; 12.850 ; 13.174 ;
; instr[5]    ; End_CP[3]   ; 13.713 ; 13.187 ; 13.187 ; 13.713 ;
; instr[5]    ; End_CP[4]   ; 13.665 ; 13.479 ; 13.479 ; 13.665 ;
; instr[5]    ; LOAD_CP     ; 12.646 ; 13.357 ; 13.357 ; 12.646 ;
; instr[5]    ; R/W         ;        ; 14.108 ; 14.108 ;        ;
; instr[5]    ; clear       ;        ; 13.334 ; 13.334 ;        ;
; instr[5]    ; enA         ; 12.231 ; 13.463 ; 13.463 ; 12.231 ;
; instr[5]    ; enAc        ;        ; 12.471 ; 12.471 ;        ;
; instr[5]    ; enB         ;        ; 12.839 ; 12.839 ;        ;
; instr[5]    ; enF         ;        ; 13.172 ; 13.172 ;        ;
; instr[5]    ; ldab        ;        ; 12.083 ; 12.083 ;        ;
; instr[5]    ; ldam        ; 10.887 ; 10.887 ; 10.887 ; 10.887 ;
; instr[5]    ; load_ULA    ; 11.358 ; 11.358 ; 11.358 ; 11.358 ;
; instr[5]    ; movAc       ;        ; 12.607 ; 12.607 ;        ;
; instr[5]    ; stac        ;        ; 12.540 ; 12.540 ;        ;
; instr[6]    ; DATA_BAR[0] ;        ; 12.450 ; 12.450 ;        ;
; instr[6]    ; DATA_BAR[1] ; 11.043 ; 11.043 ; 11.043 ; 11.043 ;
; instr[6]    ; DATA_BAR[2] ; 11.410 ;        ;        ; 11.410 ;
; instr[6]    ; End_CP[0]   ; 13.665 ; 13.347 ; 13.347 ; 13.665 ;
; instr[6]    ; End_CP[1]   ; 13.687 ; 13.345 ; 13.345 ; 13.687 ;
; instr[6]    ; End_CP[2]   ; 13.309 ; 12.985 ; 12.985 ; 13.309 ;
; instr[6]    ; End_CP[3]   ; 13.848 ; 13.322 ; 13.322 ; 13.848 ;
; instr[6]    ; End_CP[4]   ; 13.800 ; 13.488 ; 13.488 ; 13.800 ;
; instr[6]    ; LOAD_CP     ; 12.668 ; 13.492 ; 13.492 ; 12.668 ;
; instr[6]    ; R/W         ; 11.425 ; 14.243 ; 14.243 ; 11.425 ;
; instr[6]    ; clear       ;        ; 13.469 ; 13.469 ;        ;
; instr[6]    ; enA         ;        ; 13.598 ; 13.598 ;        ;
; instr[6]    ; enAc        ;        ; 12.606 ; 12.606 ;        ;
; instr[6]    ; enB         ;        ; 12.974 ; 12.974 ;        ;
; instr[6]    ; enF         ;        ; 13.307 ; 13.307 ;        ;
; instr[6]    ; ldab        ;        ; 12.218 ; 12.218 ;        ;
; instr[6]    ; ldam        ; 11.258 ; 11.258 ; 11.258 ; 11.258 ;
; instr[6]    ; load_ULA    ; 11.372 ;        ;        ; 11.372 ;
; instr[6]    ; movAc       ;        ; 12.742 ; 12.742 ;        ;
; instr[6]    ; stac        ;        ; 12.675 ; 12.675 ;        ;
; instr[7]    ; DATA_BAR[0] ; 10.821 ;        ;        ; 10.821 ;
; instr[7]    ; DATA_BAR[1] ; 10.799 ; 10.799 ; 10.799 ; 10.799 ;
; instr[7]    ; DATA_BAR[2] ;        ; 11.101 ; 11.101 ;        ;
; instr[7]    ; End_CP[0]   ; 13.395 ; 13.077 ; 13.077 ; 13.395 ;
; instr[7]    ; End_CP[1]   ; 13.417 ; 13.076 ; 13.076 ; 13.417 ;
; instr[7]    ; End_CP[2]   ; 13.039 ; 12.715 ; 12.715 ; 13.039 ;
; instr[7]    ; End_CP[3]   ; 13.578 ; 13.052 ; 13.052 ; 13.578 ;
; instr[7]    ; End_CP[4]   ; 13.530 ; 13.219 ; 13.219 ; 13.530 ;
; instr[7]    ; LOAD_CP     ; 12.399 ; 13.222 ; 13.222 ; 12.399 ;
; instr[7]    ; R/W         ;        ; 13.492 ; 13.492 ;        ;
; instr[7]    ; clear       ;        ; 11.930 ; 11.930 ;        ;
; instr[7]    ; enA         ; 12.299 ; 13.326 ; 13.326 ; 12.299 ;
; instr[7]    ; enAc        ;        ; 10.975 ; 10.975 ;        ;
; instr[7]    ; enB         ;        ; 11.443 ; 11.443 ;        ;
; instr[7]    ; enF         ;        ; 11.776 ; 11.776 ;        ;
; instr[7]    ; ldab        ;        ; 11.946 ; 11.946 ;        ;
; instr[7]    ; ldam        ; 10.953 ; 10.953 ; 10.953 ; 10.953 ;
; instr[7]    ; load_ULA    ; 11.094 ;        ;        ; 11.094 ;
; instr[7]    ; movAc       ;        ; 11.211 ; 11.211 ;        ;
; instr[7]    ; stac        ;        ; 11.924 ; 11.924 ;        ;
; result[0]   ; End_CP[0]   ; 10.964 ;        ;        ; 10.964 ;
; result[1]   ; End_CP[1]   ; 11.322 ;        ;        ; 11.322 ;
; result[2]   ; End_CP[2]   ; 10.584 ;        ;        ; 10.584 ;
; result[3]   ; End_CP[3]   ; 11.247 ;        ;        ; 11.247 ;
; result[4]   ; End_CP[4]   ; 11.457 ;        ;        ; 11.457 ;
+-------------+-------------+--------+--------+--------+--------+


+-----------------------------------------------------------+
; Minimum Progagation Delay                                 ;
+-------------+-------------+-------+-------+-------+-------+
; Input Port  ; Output Port ; RR    ; RF    ; FR    ; FF    ;
+-------------+-------------+-------+-------+-------+-------+
; Z           ; End_CP[0]   ; 5.733 ; 5.733 ; 5.733 ; 5.733 ;
; Z           ; End_CP[1]   ; 5.717 ; 5.717 ; 5.717 ; 5.717 ;
; Z           ; End_CP[2]   ; 5.586 ; 5.586 ; 5.586 ; 5.586 ;
; Z           ; End_CP[3]   ; 5.707 ; 5.707 ; 5.707 ; 5.707 ;
; Z           ; End_CP[4]   ; 5.833 ; 5.833 ; 5.833 ; 5.833 ;
; Z           ; LOAD_CP     ; 5.921 ; 5.864 ; 5.864 ; 5.921 ;
; Z           ; load_ULA    ; 5.378 ; 5.378 ; 5.378 ; 5.378 ;
; end_cont[0] ; End_CP[0]   ; 5.362 ;       ;       ; 5.362 ;
; end_cont[1] ; End_CP[1]   ; 5.356 ;       ;       ; 5.356 ;
; end_cont[2] ; End_CP[2]   ; 5.239 ;       ;       ; 5.239 ;
; end_cont[3] ; End_CP[3]   ; 5.482 ;       ;       ; 5.482 ;
; end_cont[4] ; End_CP[4]   ; 5.446 ;       ;       ; 5.446 ;
; instr[0]    ; DATA_BAR[0] ; 5.874 ; 5.874 ; 5.874 ; 5.874 ;
; instr[0]    ; DATA_BAR[1] ; 6.402 ;       ;       ; 6.402 ;
; instr[0]    ; End_CP[0]   ; 5.968 ; 6.475 ; 6.475 ; 5.968 ;
; instr[0]    ; End_CP[1]   ; 6.459 ; 6.459 ; 6.459 ; 6.459 ;
; instr[0]    ; End_CP[2]   ; 6.328 ; 6.328 ; 6.328 ; 6.328 ;
; instr[0]    ; End_CP[3]   ; 6.449 ; 6.449 ; 6.449 ; 6.449 ;
; instr[0]    ; End_CP[4]   ; 6.575 ; 6.575 ; 6.575 ; 6.575 ;
; instr[0]    ; LOAD_CP     ;       ; 6.606 ; 6.606 ;       ;
; instr[0]    ; R/W         ; 6.605 ;       ;       ; 6.605 ;
; instr[0]    ; clear       ; 5.757 ;       ;       ; 5.757 ;
; instr[0]    ; enA         ; 6.190 ; 6.190 ; 6.190 ; 6.190 ;
; instr[0]    ; enAc        ; 5.630 ;       ;       ; 5.630 ;
; instr[0]    ; enB         ;       ; 5.776 ; 5.776 ;       ;
; instr[0]    ; enF         ;       ; 6.200 ; 6.200 ;       ;
; instr[0]    ; ldab        ;       ; 6.066 ; 6.066 ;       ;
; instr[0]    ; movAc       ; 5.604 ;       ;       ; 5.604 ;
; instr[0]    ; stac        ; 6.066 ;       ;       ; 6.066 ;
; instr[1]    ; DATA_BAR[0] ;       ; 5.876 ; 5.876 ;       ;
; instr[1]    ; DATA_BAR[1] ; 6.425 ; 6.425 ; 6.425 ; 6.425 ;
; instr[1]    ; End_CP[0]   ; 6.094 ; 6.094 ; 6.094 ; 6.094 ;
; instr[1]    ; End_CP[1]   ; 6.078 ; 6.078 ; 6.078 ; 6.078 ;
; instr[1]    ; End_CP[2]   ; 5.947 ; 5.947 ; 5.947 ; 5.947 ;
; instr[1]    ; End_CP[3]   ; 6.068 ; 6.068 ; 6.068 ; 6.068 ;
; instr[1]    ; End_CP[4]   ; 6.194 ; 6.194 ; 6.194 ; 6.194 ;
; instr[1]    ; LOAD_CP     ; 6.225 ;       ;       ; 6.225 ;
; instr[1]    ; R/W         ; 6.233 ;       ;       ; 6.233 ;
; instr[1]    ; clear       ; 5.867 ;       ;       ; 5.867 ;
; instr[1]    ; enA         ; 6.185 ; 6.217 ; 6.217 ; 6.185 ;
; instr[1]    ; enAc        ; 5.866 ; 6.032 ; 6.032 ; 5.866 ;
; instr[1]    ; enB         ;       ; 5.666 ; 5.666 ;       ;
; instr[1]    ; enF         ; 6.092 ; 5.494 ; 5.494 ; 6.092 ;
; instr[1]    ; ldab        ; 5.666 ;       ;       ; 5.666 ;
; instr[1]    ; movAc       ;       ; 5.492 ; 5.492 ;       ;
; instr[1]    ; stac        ; 5.694 ;       ;       ; 5.694 ;
; instr[2]    ; DATA_BAR[0] ; 5.868 ; 5.868 ; 5.868 ; 5.868 ;
; instr[2]    ; DATA_BAR[1] ; 6.392 ;       ;       ; 6.392 ;
; instr[2]    ; End_CP[0]   ; 5.902 ; 5.902 ; 5.902 ; 5.902 ;
; instr[2]    ; End_CP[1]   ; 5.886 ; 5.886 ; 5.886 ; 5.886 ;
; instr[2]    ; End_CP[2]   ; 5.755 ; 5.755 ; 5.755 ; 5.755 ;
; instr[2]    ; End_CP[3]   ; 5.876 ; 5.876 ; 5.876 ; 5.876 ;
; instr[2]    ; End_CP[4]   ; 6.002 ; 6.002 ; 6.002 ; 6.002 ;
; instr[2]    ; LOAD_CP     ;       ; 6.033 ; 6.033 ;       ;
; instr[2]    ; R/W         ; 6.039 ;       ;       ; 6.039 ;
; instr[2]    ; clear       ; 5.748 ;       ;       ; 5.748 ;
; instr[2]    ; enA         ; 6.013 ; 5.927 ; 5.927 ; 6.013 ;
; instr[2]    ; enAc        ; 5.947 ; 5.741 ; 5.741 ; 5.947 ;
; instr[2]    ; enB         ; 5.642 ;       ;       ; 5.642 ;
; instr[2]    ; enF         ; 6.043 ; 5.340 ; 5.340 ; 6.043 ;
; instr[2]    ; ldab        ; 5.494 ;       ;       ; 5.494 ;
; instr[2]    ; movAc       ; 5.447 ;       ;       ; 5.447 ;
; instr[2]    ; stac        ; 5.500 ;       ;       ; 5.500 ;
; instr[3]    ; DATA_BAR[0] ; 5.881 ; 5.881 ; 5.881 ; 5.881 ;
; instr[3]    ; DATA_BAR[1] ;       ; 5.951 ; 5.951 ;       ;
; instr[3]    ; End_CP[0]   ; 6.353 ; 6.353 ; 6.353 ; 6.353 ;
; instr[3]    ; End_CP[1]   ; 6.337 ; 6.337 ; 6.337 ; 6.337 ;
; instr[3]    ; End_CP[2]   ; 6.206 ; 6.206 ; 6.206 ; 6.206 ;
; instr[3]    ; End_CP[3]   ; 6.327 ; 6.327 ; 6.327 ; 6.327 ;
; instr[3]    ; End_CP[4]   ; 6.453 ; 6.453 ; 6.453 ; 6.453 ;
; instr[3]    ; LOAD_CP     ;       ; 6.484 ; 6.484 ;       ;
; instr[3]    ; R/W         ;       ; 6.476 ; 6.476 ;       ;
; instr[3]    ; clear       ; 6.045 ;       ;       ; 6.045 ;
; instr[3]    ; enA         ; 6.266 ; 6.266 ; 6.266 ; 6.266 ;
; instr[3]    ; enAc        ; 5.834 ; 5.840 ; 5.840 ; 5.834 ;
; instr[3]    ; enB         ;       ; 5.829 ; 5.829 ;       ;
; instr[3]    ; enF         ; 5.788 ; 5.846 ; 5.846 ; 5.788 ;
; instr[3]    ; ldab        ;       ; 5.944 ; 5.944 ;       ;
; instr[3]    ; movAc       ;       ; 5.642 ; 5.642 ;       ;
; instr[3]    ; stac        ;       ; 5.937 ; 5.937 ;       ;
; instr[4]    ; DATA_BAR[0] ; 5.841 ;       ;       ; 5.841 ;
; instr[4]    ; DATA_BAR[1] ; 5.902 ;       ;       ; 5.902 ;
; instr[4]    ; End_CP[0]   ; 6.165 ; 6.165 ; 6.165 ; 6.165 ;
; instr[4]    ; End_CP[1]   ; 6.149 ; 6.149 ; 6.149 ; 6.149 ;
; instr[4]    ; End_CP[2]   ; 6.018 ; 6.018 ; 6.018 ; 6.018 ;
; instr[4]    ; End_CP[3]   ; 6.139 ; 6.139 ; 6.139 ; 6.139 ;
; instr[4]    ; End_CP[4]   ; 6.265 ; 6.265 ; 6.265 ; 6.265 ;
; instr[4]    ; LOAD_CP     ; 6.296 ;       ;       ; 6.296 ;
; instr[4]    ; R/W         ; 6.286 ;       ;       ; 6.286 ;
; instr[4]    ; clear       ;       ; 5.827 ; 5.827 ;       ;
; instr[4]    ; enA         ; 5.869 ;       ;       ; 5.869 ;
; instr[4]    ; enAc        ; 5.997 ; 5.826 ; 5.826 ; 5.997 ;
; instr[4]    ; enB         ; 5.640 ;       ;       ; 5.640 ;
; instr[4]    ; enF         ; 5.657 ; 5.882 ; 5.882 ; 5.657 ;
; instr[4]    ; ldab        ; 5.756 ;       ;       ; 5.756 ;
; instr[4]    ; movAc       ; 5.453 ;       ;       ; 5.453 ;
; instr[4]    ; stac        ; 5.747 ;       ;       ; 5.747 ;
; instr[5]    ; DATA_BAR[0] ;       ; 6.078 ; 6.078 ;       ;
; instr[5]    ; DATA_BAR[1] ; 5.446 ; 5.446 ; 5.446 ; 5.446 ;
; instr[5]    ; DATA_BAR[2] ;       ; 5.573 ; 5.573 ;       ;
; instr[5]    ; End_CP[0]   ; 5.923 ; 5.923 ; 5.923 ; 5.923 ;
; instr[5]    ; End_CP[1]   ; 5.907 ; 5.907 ; 5.907 ; 5.907 ;
; instr[5]    ; End_CP[2]   ; 5.776 ; 5.776 ; 5.776 ; 5.776 ;
; instr[5]    ; End_CP[3]   ; 5.897 ; 5.897 ; 5.897 ; 5.897 ;
; instr[5]    ; End_CP[4]   ; 6.023 ; 6.023 ; 6.023 ; 6.023 ;
; instr[5]    ; LOAD_CP     ; 6.054 ; 6.157 ; 6.157 ; 6.054 ;
; instr[5]    ; R/W         ;       ; 6.668 ; 6.668 ;       ;
; instr[5]    ; clear       ;       ; 6.496 ; 6.496 ;       ;
; instr[5]    ; enA         ; 5.992 ; 5.992 ; 5.992 ; 5.992 ;
; instr[5]    ; enAc        ;       ; 6.075 ; 6.075 ;       ;
; instr[5]    ; enB         ;       ; 6.308 ; 6.308 ;       ;
; instr[5]    ; enF         ;       ; 5.948 ; 5.948 ;       ;
; instr[5]    ; ldab        ;       ; 5.942 ; 5.942 ;       ;
; instr[5]    ; ldam        ; 5.565 ; 5.565 ; 5.565 ; 5.565 ;
; instr[5]    ; load_ULA    ; 5.663 ; 5.663 ; 5.663 ; 5.663 ;
; instr[5]    ; movAc       ;       ; 6.121 ; 6.121 ;       ;
; instr[5]    ; stac        ;       ; 6.129 ; 6.129 ;       ;
; instr[6]    ; DATA_BAR[0] ;       ; 6.114 ; 6.114 ;       ;
; instr[6]    ; DATA_BAR[1] ; 5.556 ; 5.556 ; 5.556 ; 5.556 ;
; instr[6]    ; DATA_BAR[2] ; 5.693 ;       ;       ; 5.693 ;
; instr[6]    ; End_CP[0]   ; 6.021 ; 6.021 ; 6.021 ; 6.021 ;
; instr[6]    ; End_CP[1]   ; 6.005 ; 6.005 ; 6.005 ; 6.005 ;
; instr[6]    ; End_CP[2]   ; 5.874 ; 5.874 ; 5.874 ; 5.874 ;
; instr[6]    ; End_CP[3]   ; 5.995 ; 5.995 ; 5.995 ; 5.995 ;
; instr[6]    ; End_CP[4]   ; 6.121 ; 6.121 ; 6.121 ; 6.121 ;
; instr[6]    ; LOAD_CP     ; 6.152 ; 6.163 ; 6.163 ; 6.152 ;
; instr[6]    ; R/W         ; 5.635 ; 6.704 ; 6.704 ; 5.635 ;
; instr[6]    ; clear       ;       ; 6.532 ; 6.532 ;       ;
; instr[6]    ; enA         ;       ; 6.105 ; 6.105 ;       ;
; instr[6]    ; enAc        ;       ; 6.111 ; 6.111 ;       ;
; instr[6]    ; enB         ;       ; 6.344 ; 6.344 ;       ;
; instr[6]    ; enF         ;       ; 5.984 ; 5.984 ;       ;
; instr[6]    ; ldab        ;       ; 5.978 ; 5.978 ;       ;
; instr[6]    ; ldam        ; 5.677 ; 5.677 ; 5.677 ; 5.677 ;
; instr[6]    ; load_ULA    ; 5.647 ;       ;       ; 5.647 ;
; instr[6]    ; movAc       ;       ; 6.157 ; 6.157 ;       ;
; instr[6]    ; stac        ;       ; 6.165 ; 6.165 ;       ;
; instr[7]    ; DATA_BAR[0] ; 5.482 ;       ;       ; 5.482 ;
; instr[7]    ; DATA_BAR[1] ; 5.458 ; 5.458 ; 5.458 ; 5.458 ;
; instr[7]    ; DATA_BAR[2] ;       ; 5.562 ; 5.562 ;       ;
; instr[7]    ; End_CP[0]   ; 5.937 ; 5.937 ; 5.937 ; 5.937 ;
; instr[7]    ; End_CP[1]   ; 5.921 ; 5.921 ; 5.921 ; 5.921 ;
; instr[7]    ; End_CP[2]   ; 5.790 ; 5.790 ; 5.790 ; 5.790 ;
; instr[7]    ; End_CP[3]   ; 5.911 ; 5.911 ; 5.911 ; 5.911 ;
; instr[7]    ; End_CP[4]   ; 6.037 ; 6.037 ; 6.037 ; 6.037 ;
; instr[7]    ; LOAD_CP     ; 6.068 ; 6.408 ; 6.408 ; 6.068 ;
; instr[7]    ; R/W         ;       ; 5.553 ; 5.553 ;       ;
; instr[7]    ; clear       ;       ; 5.942 ; 5.942 ;       ;
; instr[7]    ; enA         ; 5.990 ; 5.990 ; 5.990 ; 5.990 ;
; instr[7]    ; enAc        ;       ; 5.472 ; 5.472 ;       ;
; instr[7]    ; enB         ;       ; 5.759 ; 5.759 ;       ;
; instr[7]    ; enF         ;       ; 5.693 ; 5.693 ;       ;
; instr[7]    ; ldab        ;       ; 5.868 ; 5.868 ;       ;
; instr[7]    ; ldam        ; 5.562 ; 5.562 ; 5.562 ; 5.562 ;
; instr[7]    ; load_ULA    ; 5.556 ;       ;       ; 5.556 ;
; instr[7]    ; movAc       ;       ; 5.572 ; 5.572 ;       ;
; instr[7]    ; stac        ;       ; 5.864 ; 5.864 ;       ;
; result[0]   ; End_CP[0]   ; 5.502 ;       ;       ; 5.502 ;
; result[1]   ; End_CP[1]   ; 5.612 ;       ;       ; 5.612 ;
; result[2]   ; End_CP[2]   ; 5.350 ;       ;       ; 5.350 ;
; result[3]   ; End_CP[3]   ; 5.649 ;       ;       ; 5.649 ;
; result[4]   ; End_CP[4]   ; 5.757 ;       ;       ; 5.757 ;
+-------------+-------------+-------+-------+-------+-------+


-------------------
; Clock Transfers ;
-------------------
Nothing to report.


---------------
; Report TCCS ;
---------------
No dedicated SERDES Transmitter circuitry present in device or used in design


---------------
; Report RSKM ;
---------------
No dedicated SERDES Receiver circuitry present in device or used in design


+------------------------------------------------+
; Unconstrained Paths                            ;
+---------------------------------+-------+------+
; Property                        ; Setup ; Hold ;
+---------------------------------+-------+------+
; Illegal Clocks                  ; 0     ; 0    ;
; Unconstrained Clocks            ; 0     ; 0    ;
; Unconstrained Input Ports       ; 19    ; 19   ;
; Unconstrained Input Port Paths  ; 162   ; 162  ;
; Unconstrained Output Ports      ; 20    ; 20   ;
; Unconstrained Output Port Paths ; 162   ; 162  ;
+---------------------------------+-------+------+


+------------------------------------+
; TimeQuest Timing Analyzer Messages ;
+------------------------------------+
Info: *******************************************************************
Info: Running Quartus II 32-bit TimeQuest Timing Analyzer
    Info: Version 13.0.1 Build 232 06/12/2013 Service Pack 1 SJ Web Edition
    Info: Processing started: Sun Jul  1 11:58:16 2018
Info: Command: quartus_sta decoderFinal -c decoderFinal
Info: qsta_default_script.tcl version: #1
Warning (20028): Parallel compilation is not licensed and has been disabled
Info (21077): Low junction temperature is 0 degrees C
Info (21077): High junction temperature is 85 degrees C
Critical Warning (332012): Synopsys Design Constraints File file not found: 'decoderFinal.sdc'. A Synopsys Design Constraints File is required by the TimeQuest Timing Analyzer to get proper timing constraints. Without it, the Compiler will not properly optimize the design.
Info (332142): No user constrained base clocks found in the design. Calling "derive_clocks -period 1.0"
Info (332096): The command derive_clocks did not find any clocks to derive.  No clocks were created or changed.
Warning (332068): No clocks defined in design.
Info: Found TIMEQUEST_REPORT_SCRIPT_INCLUDE_DEFAULT_ANALYSIS = ON
Info (332159): No clocks to report
Info: Analyzing Slow Model
Info (332140): No fmax paths to report
Info (332140): No Setup paths to report
Info (332140): No Hold paths to report
Info (332140): No Recovery paths to report
Info (332140): No Removal paths to report
Info (332140): No Minimum Pulse Width paths to report
Info (332001): The selected device family is not supported by the report_metastability command.
Info: Analyzing Fast Model
Info (332142): No user constrained base clocks found in the design. Calling "derive_clocks -period 1.0"
Info (332096): The command derive_clocks did not find any clocks to derive.  No clocks were created or changed.
Warning (332068): No clocks defined in design.
Info (332140): No Setup paths to report
Info (332140): No Hold paths to report
Info (332140): No Recovery paths to report
Info (332140): No Removal paths to report
Info (332140): No Minimum Pulse Width paths to report
Info (332001): The selected device family is not supported by the report_metastability command.
Info (332102): Design is not fully constrained for setup requirements
Info (332102): Design is not fully constrained for hold requirements
Info: Quartus II 32-bit TimeQuest Timing Analyzer was successful. 0 errors, 4 warnings
    Info: Peak virtual memory: 310 megabytes
    Info: Processing ended: Sun Jul  1 11:58:17 2018
    Info: Elapsed time: 00:00:01
    Info: Total CPU time (on all processors): 00:00:01


