TimeQuest Timing Analyzer report for ULA
Mon Jul  2 09:41:31 2018
Quartus II 32-bit Version 13.0.1 Build 232 06/12/2013 Service Pack 1 SJ Web Edition


---------------------
; Table of Contents ;
---------------------
  1. Legal Notice
  2. TimeQuest Timing Analyzer Summary
  3. Parallel Compilation
  4. Clocks
  5. Slow Model Fmax Summary
  6. Slow Model Setup Summary
  7. Slow Model Hold Summary
  8. Slow Model Recovery Summary
  9. Slow Model Removal Summary
 10. Slow Model Minimum Pulse Width Summary
 11. Propagation Delay
 12. Minimum Propagation Delay
 13. Fast Model Setup Summary
 14. Fast Model Hold Summary
 15. Fast Model Recovery Summary
 16. Fast Model Removal Summary
 17. Fast Model Minimum Pulse Width Summary
 18. Propagation Delay
 19. Minimum Propagation Delay
 20. Multicorner Timing Analysis Summary
 21. Progagation Delay
 22. Minimum Progagation Delay
 23. Clock Transfers
 24. Report TCCS
 25. Report RSKM
 26. Unconstrained Paths
 27. TimeQuest Timing Analyzer Messages



----------------
; Legal Notice ;
----------------
Copyright (C) 1991-2013 Altera Corporation
Your use of Altera Corporation's design tools, logic functions 
and other software and tools, and its AMPP partner logic 
functions, and any output files from any of the foregoing 
(including device programming or simulation files), and any 
associated documentation or information are expressly subject 
to the terms and conditions of the Altera Program License 
Subscription Agreement, Altera MegaCore Function License 
Agreement, or other applicable license agreement, including, 
without limitation, that your use is for the sole purpose of 
programming logic devices manufactured by Altera and sold by 
Altera or its authorized distributors.  Please refer to the 
applicable agreement for further details.



+----------------------------------------------------------------------------------------+
; TimeQuest Timing Analyzer Summary                                                      ;
+--------------------+-------------------------------------------------------------------+
; Quartus II Version ; Version 13.0.1 Build 232 06/12/2013 Service Pack 1 SJ Web Edition ;
; Revision Name      ; ULA                                                               ;
; Device Family      ; Cyclone II                                                        ;
; Device Name        ; EP2C20F484C7                                                      ;
; Timing Models      ; Final                                                             ;
; Delay Model        ; Combined                                                          ;
; Rise/Fall Delays   ; Unavailable                                                       ;
+--------------------+-------------------------------------------------------------------+


Parallel compilation was disabled, but you have multiple processors available. Enable parallel compilation to reduce compilation time.
+-------------------------------------+
; Parallel Compilation                ;
+----------------------------+--------+
; Processors                 ; Number ;
+----------------------------+--------+
; Number detected on machine ; 4      ;
; Maximum allowed            ; 1      ;
+----------------------------+--------+


----------
; Clocks ;
----------
No clocks to report.


---------------------------
; Slow Model Fmax Summary ;
---------------------------
No paths to report.


----------------------------
; Slow Model Setup Summary ;
----------------------------
No paths to report.


---------------------------
; Slow Model Hold Summary ;
---------------------------
No paths to report.


-------------------------------
; Slow Model Recovery Summary ;
-------------------------------
No paths to report.


------------------------------
; Slow Model Removal Summary ;
------------------------------
No paths to report.


------------------------------------------
; Slow Model Minimum Pulse Width Summary ;
------------------------------------------
No paths to report.


+--------------------------------------------------------------+
; Propagation Delay                                            ;
+------------+-------------+--------+--------+--------+--------+
; Input Port ; Output Port ; RR     ; RF     ; FR     ; FF     ;
+------------+-------------+--------+--------+--------+--------+
; b[0]       ; C           ; 17.006 ; 17.113 ; 17.113 ; 17.006 ;
; b[0]       ; N           ; 16.396 ; 16.396 ; 16.396 ; 16.396 ;
; b[0]       ; S[0]        ; 14.121 ; 14.121 ; 14.121 ; 14.121 ;
; b[0]       ; S[1]        ; 14.223 ; 14.223 ; 14.223 ; 14.223 ;
; b[0]       ; S[2]        ; 14.836 ; 14.836 ; 14.836 ; 14.836 ;
; b[0]       ; S[3]        ; 16.319 ; 16.319 ; 16.319 ; 16.319 ;
; b[0]       ; S[4]        ; 16.366 ; 16.366 ; 16.366 ; 16.366 ;
; b[0]       ; V           ; 16.833 ; 16.833 ; 16.833 ; 16.833 ;
; b[0]       ; Z           ; 17.796 ; 17.796 ; 17.796 ; 17.796 ;
; b[1]       ; C           ; 16.625 ; 16.681 ; 16.681 ; 16.625 ;
; b[1]       ; N           ; 15.964 ; 15.964 ; 15.964 ; 15.964 ;
; b[1]       ; S[0]        ; 13.682 ; 13.682 ; 13.682 ; 13.682 ;
; b[1]       ; S[1]        ; 13.791 ; 13.791 ; 13.791 ; 13.791 ;
; b[1]       ; S[2]        ; 14.404 ; 14.404 ; 14.404 ; 14.404 ;
; b[1]       ; S[3]        ; 15.887 ; 15.887 ; 15.887 ; 15.887 ;
; b[1]       ; S[4]        ; 15.934 ; 15.934 ; 15.934 ; 15.934 ;
; b[1]       ; V           ; 16.401 ; 16.401 ; 16.401 ; 16.401 ;
; b[1]       ; Z           ; 17.364 ; 17.364 ; 17.364 ; 17.364 ;
; b[2]       ; C           ; 16.776 ; 16.832 ; 16.832 ; 16.776 ;
; b[2]       ; N           ; 16.115 ; 16.115 ; 16.115 ; 16.115 ;
; b[2]       ; S[0]        ; 13.833 ; 13.833 ; 13.833 ; 13.833 ;
; b[2]       ; S[1]        ; 13.942 ; 13.942 ; 13.942 ; 13.942 ;
; b[2]       ; S[2]        ; 14.555 ; 14.555 ; 14.555 ; 14.555 ;
; b[2]       ; S[3]        ; 16.038 ; 16.038 ; 16.038 ; 16.038 ;
; b[2]       ; S[4]        ; 16.085 ; 16.085 ; 16.085 ; 16.085 ;
; b[2]       ; V           ; 16.552 ; 16.552 ; 16.552 ; 16.552 ;
; b[2]       ; Z           ; 17.515 ; 17.515 ; 17.515 ; 17.515 ;
; b[3]       ; C           ; 16.158 ; 16.158 ; 16.158 ; 16.158 ;
; b[3]       ; N           ; 15.441 ; 15.441 ; 15.441 ; 15.441 ;
; b[3]       ; S[0]        ; 13.162 ; 13.162 ; 13.162 ; 13.162 ;
; b[3]       ; S[1]        ; 13.268 ; 13.268 ; 13.268 ; 13.268 ;
; b[3]       ; S[2]        ; 13.881 ; 13.881 ; 13.881 ; 13.881 ;
; b[3]       ; S[3]        ; 15.364 ; 15.364 ; 15.364 ; 15.364 ;
; b[3]       ; S[4]        ; 15.411 ; 15.411 ; 15.411 ; 15.411 ;
; b[3]       ; V           ; 15.878 ; 15.878 ; 15.878 ; 15.878 ;
; b[3]       ; Z           ; 16.841 ; 16.841 ; 16.841 ; 16.841 ;
; b[4]       ; C           ; 15.520 ; 16.533 ; 16.533 ; 15.520 ;
; b[4]       ; N           ; 15.816 ; 15.816 ; 15.816 ; 15.816 ;
; b[4]       ; S[0]        ; 13.534 ; 13.534 ; 13.534 ; 13.534 ;
; b[4]       ; S[1]        ; 13.643 ; 13.643 ; 13.643 ; 13.643 ;
; b[4]       ; S[2]        ; 14.256 ; 14.256 ; 14.256 ; 14.256 ;
; b[4]       ; S[3]        ; 15.739 ; 15.739 ; 15.739 ; 15.739 ;
; b[4]       ; S[4]        ; 15.786 ; 15.786 ; 15.786 ; 15.786 ;
; b[4]       ; V           ; 16.253 ; 16.253 ; 16.253 ; 16.253 ;
; b[4]       ; Z           ; 17.216 ; 17.216 ; 17.216 ; 17.216 ;
; b[5]       ; C           ; 16.771 ; 16.990 ; 16.990 ; 16.771 ;
; b[5]       ; N           ; 16.273 ; 16.273 ; 16.273 ; 16.273 ;
; b[5]       ; S[0]        ; 13.991 ; 13.991 ; 13.991 ; 13.991 ;
; b[5]       ; S[1]        ; 14.100 ; 14.100 ; 14.100 ; 14.100 ;
; b[5]       ; S[2]        ; 14.713 ; 14.713 ; 14.713 ; 14.713 ;
; b[5]       ; S[3]        ; 16.196 ; 16.196 ; 16.196 ; 16.196 ;
; b[5]       ; S[4]        ; 16.243 ; 16.243 ; 16.243 ; 16.243 ;
; b[5]       ; V           ; 16.710 ; 16.710 ; 16.710 ; 16.710 ;
; b[5]       ; Z           ; 17.673 ; 17.673 ; 17.673 ; 17.673 ;
; b[6]       ; C           ; 16.384 ; 16.603 ; 16.603 ; 16.384 ;
; b[6]       ; N           ; 15.886 ; 15.886 ; 15.886 ; 15.886 ;
; b[6]       ; S[0]        ; 13.604 ; 13.604 ; 13.604 ; 13.604 ;
; b[6]       ; S[1]        ; 13.713 ; 13.713 ; 13.713 ; 13.713 ;
; b[6]       ; S[2]        ; 14.326 ; 14.326 ; 14.326 ; 14.326 ;
; b[6]       ; S[3]        ; 15.809 ; 15.809 ; 15.809 ; 15.809 ;
; b[6]       ; S[4]        ; 15.856 ; 15.856 ; 15.856 ; 15.856 ;
; b[6]       ; V           ; 16.323 ; 16.323 ; 16.323 ; 16.323 ;
; b[6]       ; Z           ; 17.286 ; 17.286 ; 17.286 ; 17.286 ;
; b[7]       ; C           ; 16.735 ; 16.954 ; 16.954 ; 16.735 ;
; b[7]       ; N           ; 16.237 ; 16.237 ; 16.237 ; 16.237 ;
; b[7]       ; S[0]        ; 13.955 ; 13.955 ; 13.955 ; 13.955 ;
; b[7]       ; S[1]        ; 14.064 ; 14.064 ; 14.064 ; 14.064 ;
; b[7]       ; S[2]        ; 14.677 ; 14.677 ; 14.677 ; 14.677 ;
; b[7]       ; S[3]        ; 16.160 ; 16.160 ; 16.160 ; 16.160 ;
; b[7]       ; S[4]        ; 16.207 ; 16.207 ; 16.207 ; 16.207 ;
; b[7]       ; V           ; 16.674 ; 16.674 ; 16.674 ; 16.674 ;
; b[7]       ; Z           ; 17.637 ; 17.637 ; 17.637 ; 17.637 ;
; c_addc     ; C           ; 15.567 ;        ;        ; 15.567 ;
; c_addc     ; N           ; 14.850 ; 14.850 ; 14.850 ; 14.850 ;
; c_addc     ; S[0]        ; 12.575 ; 12.575 ; 12.575 ; 12.575 ;
; c_addc     ; S[1]        ; 12.677 ; 12.677 ; 12.677 ; 12.677 ;
; c_addc     ; S[2]        ; 13.290 ; 13.290 ; 13.290 ; 13.290 ;
; c_addc     ; S[3]        ; 14.773 ; 14.773 ; 14.773 ; 14.773 ;
; c_addc     ; S[4]        ; 14.820 ; 14.820 ; 14.820 ; 14.820 ;
; c_addc     ; V           ; 15.287 ; 15.287 ; 15.287 ; 15.287 ;
; c_addc     ; Z           ; 16.250 ; 16.250 ; 16.250 ; 16.250 ;
; x[0]       ; C           ; 16.261 ; 16.261 ; 16.261 ; 16.261 ;
; x[0]       ; N           ; 15.544 ; 15.544 ; 15.544 ; 15.544 ;
; x[0]       ; S[0]        ; 13.265 ; 13.265 ; 13.265 ; 13.265 ;
; x[0]       ; S[1]        ; 13.371 ; 13.371 ; 13.371 ; 13.371 ;
; x[0]       ; S[2]        ; 13.984 ; 13.984 ; 13.984 ; 13.984 ;
; x[0]       ; S[3]        ; 15.467 ; 15.467 ; 15.467 ; 15.467 ;
; x[0]       ; S[4]        ; 15.514 ; 15.514 ; 15.514 ; 15.514 ;
; x[0]       ; V           ; 15.981 ; 15.981 ; 15.981 ; 15.981 ;
; x[0]       ; Z           ; 16.944 ; 16.944 ; 16.944 ; 16.944 ;
; x[1]       ; C           ; 13.908 ; 13.908 ; 13.908 ; 13.908 ;
; x[1]       ; N           ; 13.191 ; 13.191 ; 13.191 ; 13.191 ;
; x[1]       ; S[1]        ; 11.011 ; 11.011 ; 11.011 ; 11.011 ;
; x[1]       ; S[2]        ; 11.631 ; 11.631 ; 11.631 ; 11.631 ;
; x[1]       ; S[3]        ; 13.114 ; 13.114 ; 13.114 ; 13.114 ;
; x[1]       ; S[4]        ; 13.161 ; 13.161 ; 13.161 ; 13.161 ;
; x[1]       ; V           ; 13.628 ; 13.628 ; 13.628 ; 13.628 ;
; x[1]       ; Z           ; 14.591 ; 14.591 ; 14.591 ; 14.591 ;
; x[2]       ; C           ; 13.337 ; 13.337 ; 13.337 ; 13.337 ;
; x[2]       ; N           ; 12.620 ; 12.620 ; 12.620 ; 12.620 ;
; x[2]       ; S[2]        ; 11.930 ; 11.930 ; 11.930 ; 11.930 ;
; x[2]       ; S[3]        ; 12.543 ; 12.543 ; 12.543 ; 12.543 ;
; x[2]       ; S[4]        ; 12.590 ; 12.590 ; 12.590 ; 12.590 ;
; x[2]       ; V           ; 13.057 ; 13.057 ; 13.057 ; 13.057 ;
; x[2]       ; Z           ; 14.214 ; 14.214 ; 14.214 ; 14.214 ;
; x[3]       ; C           ; 13.214 ; 13.214 ; 13.214 ; 13.214 ;
; x[3]       ; N           ; 12.497 ; 12.497 ; 12.497 ; 12.497 ;
; x[3]       ; S[3]        ; 12.423 ; 12.423 ; 12.423 ; 12.423 ;
; x[3]       ; S[4]        ; 12.467 ; 12.467 ; 12.467 ; 12.467 ;
; x[3]       ; V           ; 12.934 ; 12.934 ; 12.934 ; 12.934 ;
; x[3]       ; Z           ; 13.897 ; 13.897 ; 13.897 ; 13.897 ;
; x[4]       ; C           ; 12.012 ; 12.012 ; 12.012 ; 12.012 ;
; x[4]       ; N           ; 11.293 ; 11.293 ; 11.293 ; 11.293 ;
; x[4]       ; S[4]        ; 11.263 ; 11.263 ; 11.263 ; 11.263 ;
; x[4]       ; V           ; 11.469 ; 11.469 ; 11.469 ; 11.469 ;
; x[4]       ; Z           ; 12.693 ; 12.693 ; 12.693 ; 12.693 ;
; y[0]       ; C           ; 16.447 ; 16.447 ; 16.447 ; 16.447 ;
; y[0]       ; N           ; 15.730 ; 15.730 ; 15.730 ; 15.730 ;
; y[0]       ; S[0]        ; 13.448 ; 13.448 ; 13.448 ; 13.448 ;
; y[0]       ; S[1]        ; 13.557 ; 13.557 ; 13.557 ; 13.557 ;
; y[0]       ; S[2]        ; 14.170 ; 14.170 ; 14.170 ; 14.170 ;
; y[0]       ; S[3]        ; 15.653 ; 15.653 ; 15.653 ; 15.653 ;
; y[0]       ; S[4]        ; 15.700 ; 15.700 ; 15.700 ; 15.700 ;
; y[0]       ; V           ; 16.167 ; 16.167 ; 16.167 ; 16.167 ;
; y[0]       ; Z           ; 17.130 ; 17.130 ; 17.130 ; 17.130 ;
; y[1]       ; C           ; 14.280 ; 14.280 ; 14.280 ; 14.280 ;
; y[1]       ; N           ; 13.563 ; 13.563 ; 13.563 ; 13.563 ;
; y[1]       ; S[1]        ; 11.383 ; 11.383 ; 11.383 ; 11.383 ;
; y[1]       ; S[2]        ; 12.003 ; 12.003 ; 12.003 ; 12.003 ;
; y[1]       ; S[3]        ; 13.486 ; 13.486 ; 13.486 ; 13.486 ;
; y[1]       ; S[4]        ; 13.533 ; 13.533 ; 13.533 ; 13.533 ;
; y[1]       ; V           ; 14.000 ; 14.000 ; 14.000 ; 14.000 ;
; y[1]       ; Z           ; 14.963 ; 14.963 ; 14.963 ; 14.963 ;
; y[2]       ; C           ; 13.737 ; 13.737 ; 13.737 ; 13.737 ;
; y[2]       ; N           ; 13.020 ; 13.020 ; 13.020 ; 13.020 ;
; y[2]       ; S[2]        ; 11.468 ; 11.468 ; 11.468 ; 11.468 ;
; y[2]       ; S[3]        ; 12.943 ; 12.943 ; 12.943 ; 12.943 ;
; y[2]       ; S[4]        ; 12.990 ; 12.990 ; 12.990 ; 12.990 ;
; y[2]       ; V           ; 13.457 ; 13.457 ; 13.457 ; 13.457 ;
; y[2]       ; Z           ; 14.420 ; 14.420 ; 14.420 ; 14.420 ;
; y[3]       ; C           ; 12.597 ; 12.597 ; 12.597 ; 12.597 ;
; y[3]       ; N           ; 11.880 ; 11.880 ; 11.880 ; 11.880 ;
; y[3]       ; S[3]        ; 11.817 ; 11.817 ; 11.817 ; 11.817 ;
; y[3]       ; S[4]        ; 11.850 ; 11.850 ; 11.850 ; 11.850 ;
; y[3]       ; V           ; 12.317 ; 12.317 ; 12.317 ; 12.317 ;
; y[3]       ; Z           ; 13.280 ; 13.280 ; 13.280 ; 13.280 ;
; y[4]       ; C           ; 9.063  ; 9.063  ; 9.063  ; 9.063  ;
; y[4]       ; N           ; 8.344  ; 8.344  ; 8.344  ; 8.344  ;
; y[4]       ; S[4]        ; 8.314  ; 8.314  ; 8.314  ; 8.314  ;
; y[4]       ; V           ; 8.520  ; 8.520  ; 8.520  ; 8.520  ;
; y[4]       ; Z           ; 9.744  ; 9.744  ; 9.744  ; 9.744  ;
+------------+-------------+--------+--------+--------+--------+


+--------------------------------------------------------------+
; Minimum Propagation Delay                                    ;
+------------+-------------+--------+--------+--------+--------+
; Input Port ; Output Port ; RR     ; RF     ; FR     ; FF     ;
+------------+-------------+--------+--------+--------+--------+
; b[0]       ; C           ; 11.934 ; 13.359 ; 13.359 ; 11.934 ;
; b[0]       ; N           ; 12.640 ; 12.640 ; 12.640 ; 12.640 ;
; b[0]       ; S[0]        ; 11.862 ; 11.862 ; 11.862 ; 11.862 ;
; b[0]       ; S[1]        ; 12.766 ; 12.766 ; 12.766 ; 12.766 ;
; b[0]       ; S[2]        ; 12.166 ; 12.166 ; 12.166 ; 12.166 ;
; b[0]       ; S[3]        ; 13.348 ; 13.348 ; 13.348 ; 13.348 ;
; b[0]       ; S[4]        ; 12.610 ; 12.610 ; 12.610 ; 12.610 ;
; b[0]       ; V           ; 12.337 ; 12.816 ; 12.816 ; 12.337 ;
; b[0]       ; Z           ; 12.533 ; 12.533 ; 12.533 ; 12.533 ;
; b[1]       ; C           ; 13.333 ; 13.333 ; 13.333 ; 13.333 ;
; b[1]       ; N           ; 12.614 ; 12.614 ; 12.614 ; 12.614 ;
; b[1]       ; S[0]        ; 12.245 ; 12.245 ; 12.245 ; 12.245 ;
; b[1]       ; S[1]        ; 12.347 ; 12.347 ; 12.347 ; 12.347 ;
; b[1]       ; S[2]        ; 12.693 ; 12.693 ; 12.693 ; 12.693 ;
; b[1]       ; S[3]        ; 13.285 ; 13.285 ; 13.285 ; 13.285 ;
; b[1]       ; S[4]        ; 12.584 ; 12.584 ; 12.584 ; 12.584 ;
; b[1]       ; V           ; 12.790 ; 12.790 ; 12.790 ; 12.790 ;
; b[1]       ; Z           ; 12.004 ; 12.004 ; 12.004 ; 12.004 ;
; b[2]       ; C           ; 13.490 ; 13.366 ; 13.366 ; 13.490 ;
; b[2]       ; N           ; 12.647 ; 12.647 ; 12.647 ; 12.647 ;
; b[2]       ; S[0]        ; 12.283 ; 12.283 ; 12.283 ; 12.283 ;
; b[2]       ; S[1]        ; 12.864 ; 12.864 ; 12.864 ; 12.864 ;
; b[2]       ; S[2]        ; 12.277 ; 12.277 ; 12.277 ; 12.277 ;
; b[2]       ; S[3]        ; 13.442 ; 13.442 ; 13.442 ; 13.442 ;
; b[2]       ; S[4]        ; 12.617 ; 12.617 ; 12.617 ; 12.617 ;
; b[2]       ; V           ; 12.823 ; 12.823 ; 12.823 ; 12.823 ;
; b[2]       ; Z           ; 13.163 ; 13.163 ; 13.163 ; 13.163 ;
; b[3]       ; C           ; 10.614 ; 13.041 ; 13.041 ; 10.614 ;
; b[3]       ; N           ; 11.625 ; 11.625 ; 11.625 ; 11.625 ;
; b[3]       ; S[0]        ; 11.992 ; 11.992 ; 11.992 ; 11.992 ;
; b[3]       ; S[1]        ; 11.366 ; 11.366 ; 11.366 ; 11.366 ;
; b[3]       ; S[2]        ; 10.673 ; 10.673 ; 10.673 ; 10.673 ;
; b[3]       ; S[3]        ; 12.184 ; 12.184 ; 12.184 ; 12.184 ;
; b[3]       ; S[4]        ; 11.595 ; 11.595 ; 11.595 ; 11.595 ;
; b[3]       ; V           ; 10.444 ; 11.800 ; 11.800 ; 10.444 ;
; b[3]       ; Z           ; 12.921 ; 12.921 ; 12.921 ; 12.921 ;
; b[4]       ; C           ; 13.553 ; 13.245 ; 13.245 ; 13.553 ;
; b[4]       ; N           ; 12.526 ; 12.526 ; 12.526 ; 12.526 ;
; b[4]       ; S[0]        ; 12.224 ; 12.224 ; 12.224 ; 12.224 ;
; b[4]       ; S[1]        ; 12.518 ; 12.518 ; 12.518 ; 12.518 ;
; b[4]       ; S[2]        ; 11.918 ; 11.918 ; 11.918 ; 11.918 ;
; b[4]       ; S[3]        ; 13.100 ; 13.100 ; 13.100 ; 13.100 ;
; b[4]       ; S[4]        ; 12.496 ; 12.496 ; 12.496 ; 12.496 ;
; b[4]       ; V           ; 12.702 ; 12.702 ; 12.702 ; 12.702 ;
; b[4]       ; Z           ; 12.348 ; 12.348 ; 12.348 ; 12.348 ;
; b[5]       ; C           ; 11.552 ; 14.038 ; 14.038 ; 11.552 ;
; b[5]       ; N           ; 13.180 ; 13.180 ; 13.180 ; 13.180 ;
; b[5]       ; S[0]        ; 12.681 ; 12.681 ; 12.681 ; 12.681 ;
; b[5]       ; S[1]        ; 12.921 ; 12.921 ; 12.921 ; 12.921 ;
; b[5]       ; S[2]        ; 11.790 ; 11.790 ; 11.790 ; 11.790 ;
; b[5]       ; S[3]        ; 13.739 ; 13.739 ; 13.739 ; 13.739 ;
; b[5]       ; S[4]        ; 13.150 ; 13.150 ; 13.150 ; 13.150 ;
; b[5]       ; V           ; 11.955 ; 13.355 ; 13.355 ; 11.955 ;
; b[5]       ; Z           ; 13.205 ; 13.205 ; 13.205 ; 13.205 ;
; b[6]       ; C           ; 11.240 ; 13.651 ; 13.651 ; 11.240 ;
; b[6]       ; N           ; 12.868 ; 12.868 ; 12.868 ; 12.868 ;
; b[6]       ; S[0]        ; 12.294 ; 12.294 ; 12.294 ; 12.294 ;
; b[6]       ; S[1]        ; 12.609 ; 12.609 ; 12.609 ; 12.609 ;
; b[6]       ; S[2]        ; 11.478 ; 11.478 ; 11.478 ; 11.478 ;
; b[6]       ; S[3]        ; 13.427 ; 13.427 ; 13.427 ; 13.427 ;
; b[6]       ; S[4]        ; 12.838 ; 12.838 ; 12.838 ; 12.838 ;
; b[6]       ; V           ; 11.643 ; 13.043 ; 13.043 ; 11.643 ;
; b[6]       ; Z           ; 12.818 ; 12.818 ; 12.818 ; 12.818 ;
; b[7]       ; C           ; 11.642 ; 14.002 ; 14.002 ; 11.642 ;
; b[7]       ; N           ; 13.270 ; 13.270 ; 13.270 ; 13.270 ;
; b[7]       ; S[0]        ; 12.645 ; 12.645 ; 12.645 ; 12.645 ;
; b[7]       ; S[1]        ; 13.011 ; 13.011 ; 13.011 ; 13.011 ;
; b[7]       ; S[2]        ; 11.880 ; 11.880 ; 11.880 ; 11.880 ;
; b[7]       ; S[3]        ; 13.829 ; 13.829 ; 13.829 ; 13.829 ;
; b[7]       ; S[4]        ; 13.240 ; 13.240 ; 13.240 ; 13.240 ;
; b[7]       ; V           ; 12.045 ; 13.445 ; 13.445 ; 12.045 ;
; b[7]       ; Z           ; 13.169 ; 13.169 ; 13.169 ; 13.169 ;
; c_addc     ; C           ; 15.567 ;        ;        ; 15.567 ;
; c_addc     ; N           ; 14.850 ; 14.850 ; 14.850 ; 14.850 ;
; c_addc     ; S[0]        ; 12.575 ; 12.575 ; 12.575 ; 12.575 ;
; c_addc     ; S[1]        ; 12.677 ; 12.677 ; 12.677 ; 12.677 ;
; c_addc     ; S[2]        ; 13.290 ; 13.290 ; 13.290 ; 13.290 ;
; c_addc     ; S[3]        ; 14.773 ; 14.773 ; 14.773 ; 14.773 ;
; c_addc     ; S[4]        ; 14.820 ; 14.820 ; 14.820 ; 14.820 ;
; c_addc     ; V           ; 15.024 ; 15.024 ; 15.024 ; 15.024 ;
; c_addc     ; Z           ; 12.334 ; 12.334 ; 12.334 ; 12.334 ;
; x[0]       ; C           ; 16.261 ; 16.261 ; 16.261 ; 16.261 ;
; x[0]       ; N           ; 15.544 ; 15.544 ; 15.544 ; 15.544 ;
; x[0]       ; S[0]        ; 12.696 ; 12.696 ; 12.696 ; 12.696 ;
; x[0]       ; S[1]        ; 13.371 ; 13.371 ; 13.371 ; 13.371 ;
; x[0]       ; S[2]        ; 13.984 ; 13.984 ; 13.984 ; 13.984 ;
; x[0]       ; S[3]        ; 15.467 ; 15.467 ; 15.467 ; 15.467 ;
; x[0]       ; S[4]        ; 15.514 ; 15.514 ; 15.514 ; 15.514 ;
; x[0]       ; V           ; 15.718 ; 15.718 ; 15.718 ; 15.718 ;
; x[0]       ; Z           ; 13.024 ; 13.024 ; 13.024 ; 13.024 ;
; x[1]       ; C           ; 13.908 ; 13.908 ; 13.908 ; 13.908 ;
; x[1]       ; N           ; 13.191 ; 13.191 ; 13.191 ; 13.191 ;
; x[1]       ; S[1]        ; 11.011 ; 11.011 ; 11.011 ; 11.011 ;
; x[1]       ; S[2]        ; 11.631 ; 11.631 ; 11.631 ; 11.631 ;
; x[1]       ; S[3]        ; 13.114 ; 13.114 ; 13.114 ; 13.114 ;
; x[1]       ; S[4]        ; 13.161 ; 13.161 ; 13.161 ; 13.161 ;
; x[1]       ; V           ; 13.365 ; 13.365 ; 13.365 ; 13.365 ;
; x[1]       ; Z           ; 13.189 ; 13.189 ; 13.189 ; 13.189 ;
; x[2]       ; C           ; 13.337 ; 13.337 ; 13.337 ; 13.337 ;
; x[2]       ; N           ; 12.620 ; 12.620 ; 12.620 ; 12.620 ;
; x[2]       ; S[2]        ; 11.930 ; 11.930 ; 11.930 ; 11.930 ;
; x[2]       ; S[3]        ; 12.543 ; 12.543 ; 12.543 ; 12.543 ;
; x[2]       ; S[4]        ; 12.590 ; 12.590 ; 12.590 ; 12.590 ;
; x[2]       ; V           ; 12.794 ; 12.794 ; 12.794 ; 12.794 ;
; x[2]       ; Z           ; 13.618 ; 13.618 ; 13.618 ; 13.618 ;
; x[3]       ; C           ; 13.214 ; 13.214 ; 13.214 ; 13.214 ;
; x[3]       ; N           ; 12.497 ; 12.497 ; 12.497 ; 12.497 ;
; x[3]       ; S[3]        ; 12.423 ; 12.423 ; 12.423 ; 12.423 ;
; x[3]       ; S[4]        ; 12.467 ; 12.467 ; 12.467 ; 12.467 ;
; x[3]       ; V           ; 12.671 ; 12.671 ; 12.671 ; 12.671 ;
; x[3]       ; Z           ; 13.498 ; 13.498 ; 13.498 ; 13.498 ;
; x[4]       ; C           ; 12.012 ; 12.012 ; 12.012 ; 12.012 ;
; x[4]       ; N           ; 11.293 ; 11.293 ; 11.293 ; 11.293 ;
; x[4]       ; S[4]        ; 11.263 ; 11.263 ; 11.263 ; 11.263 ;
; x[4]       ; V           ; 11.469 ; 11.469 ; 11.469 ; 11.469 ;
; x[4]       ; Z           ; 12.693 ; 12.693 ; 12.693 ; 12.693 ;
; y[0]       ; C           ; 16.447 ; 16.447 ; 16.447 ; 16.447 ;
; y[0]       ; N           ; 15.730 ; 15.730 ; 15.730 ; 15.730 ;
; y[0]       ; S[0]        ; 12.138 ; 12.138 ; 12.138 ; 12.138 ;
; y[0]       ; S[1]        ; 13.557 ; 13.557 ; 13.557 ; 13.557 ;
; y[0]       ; S[2]        ; 14.170 ; 14.170 ; 14.170 ; 14.170 ;
; y[0]       ; S[3]        ; 15.653 ; 15.653 ; 15.653 ; 15.653 ;
; y[0]       ; S[4]        ; 15.700 ; 15.700 ; 15.700 ; 15.700 ;
; y[0]       ; V           ; 15.904 ; 15.904 ; 15.904 ; 15.904 ;
; y[0]       ; Z           ; 13.207 ; 13.207 ; 13.207 ; 13.207 ;
; y[1]       ; C           ; 14.280 ; 14.280 ; 14.280 ; 14.280 ;
; y[1]       ; N           ; 13.563 ; 13.563 ; 13.563 ; 13.563 ;
; y[1]       ; S[1]        ; 11.383 ; 11.383 ; 11.383 ; 11.383 ;
; y[1]       ; S[2]        ; 12.003 ; 12.003 ; 12.003 ; 12.003 ;
; y[1]       ; S[3]        ; 13.486 ; 13.486 ; 13.486 ; 13.486 ;
; y[1]       ; S[4]        ; 13.533 ; 13.533 ; 13.533 ; 13.533 ;
; y[1]       ; V           ; 13.737 ; 13.737 ; 13.737 ; 13.737 ;
; y[1]       ; Z           ; 13.561 ; 13.561 ; 13.561 ; 13.561 ;
; y[2]       ; C           ; 13.737 ; 13.737 ; 13.737 ; 13.737 ;
; y[2]       ; N           ; 13.020 ; 13.020 ; 13.020 ; 13.020 ;
; y[2]       ; S[2]        ; 11.468 ; 11.468 ; 11.468 ; 11.468 ;
; y[2]       ; S[3]        ; 12.943 ; 12.943 ; 12.943 ; 12.943 ;
; y[2]       ; S[4]        ; 12.990 ; 12.990 ; 12.990 ; 12.990 ;
; y[2]       ; V           ; 13.194 ; 13.194 ; 13.194 ; 13.194 ;
; y[2]       ; Z           ; 13.752 ; 13.752 ; 13.752 ; 13.752 ;
; y[3]       ; C           ; 12.597 ; 12.597 ; 12.597 ; 12.597 ;
; y[3]       ; N           ; 11.880 ; 11.880 ; 11.880 ; 11.880 ;
; y[3]       ; S[3]        ; 11.817 ; 11.817 ; 11.817 ; 11.817 ;
; y[3]       ; S[4]        ; 11.850 ; 11.850 ; 11.850 ; 11.850 ;
; y[3]       ; V           ; 12.054 ; 12.054 ; 12.054 ; 12.054 ;
; y[3]       ; Z           ; 12.892 ; 12.892 ; 12.892 ; 12.892 ;
; y[4]       ; C           ; 9.063  ; 9.063  ; 9.063  ; 9.063  ;
; y[4]       ; N           ; 8.344  ; 8.344  ; 8.344  ; 8.344  ;
; y[4]       ; S[4]        ; 8.314  ; 8.314  ; 8.314  ; 8.314  ;
; y[4]       ; V           ; 8.520  ; 8.520  ; 8.520  ; 8.520  ;
; y[4]       ; Z           ; 9.744  ; 9.744  ; 9.744  ; 9.744  ;
+------------+-------------+--------+--------+--------+--------+


----------------------------
; Fast Model Setup Summary ;
----------------------------
No paths to report.


---------------------------
; Fast Model Hold Summary ;
---------------------------
No paths to report.


-------------------------------
; Fast Model Recovery Summary ;
-------------------------------
No paths to report.


------------------------------
; Fast Model Removal Summary ;
------------------------------
No paths to report.


------------------------------------------
; Fast Model Minimum Pulse Width Summary ;
------------------------------------------
No paths to report.


+----------------------------------------------------------+
; Propagation Delay                                        ;
+------------+-------------+-------+-------+-------+-------+
; Input Port ; Output Port ; RR    ; RF    ; FR    ; FF    ;
+------------+-------------+-------+-------+-------+-------+
; b[0]       ; C           ; 7.660 ; 7.779 ; 7.779 ; 7.660 ;
; b[0]       ; N           ; 7.557 ; 7.557 ; 7.557 ; 7.557 ;
; b[0]       ; S[0]        ; 6.703 ; 6.703 ; 6.703 ; 6.703 ;
; b[0]       ; S[1]        ; 6.781 ; 6.781 ; 6.781 ; 6.781 ;
; b[0]       ; S[2]        ; 7.005 ; 7.005 ; 7.005 ; 7.005 ;
; b[0]       ; S[3]        ; 7.541 ; 7.541 ; 7.541 ; 7.541 ;
; b[0]       ; S[4]        ; 7.527 ; 7.527 ; 7.527 ; 7.527 ;
; b[0]       ; V           ; 7.685 ; 7.685 ; 7.685 ; 7.685 ;
; b[0]       ; Z           ; 8.085 ; 8.085 ; 8.085 ; 8.085 ;
; b[1]       ; C           ; 7.487 ; 7.508 ; 7.508 ; 7.487 ;
; b[1]       ; N           ; 7.286 ; 7.286 ; 7.286 ; 7.286 ;
; b[1]       ; S[0]        ; 6.433 ; 6.433 ; 6.433 ; 6.433 ;
; b[1]       ; S[1]        ; 6.510 ; 6.510 ; 6.510 ; 6.510 ;
; b[1]       ; S[2]        ; 6.734 ; 6.734 ; 6.734 ; 6.734 ;
; b[1]       ; S[3]        ; 7.270 ; 7.270 ; 7.270 ; 7.270 ;
; b[1]       ; S[4]        ; 7.256 ; 7.256 ; 7.256 ; 7.256 ;
; b[1]       ; V           ; 7.414 ; 7.414 ; 7.414 ; 7.414 ;
; b[1]       ; Z           ; 7.814 ; 7.814 ; 7.814 ; 7.814 ;
; b[2]       ; C           ; 7.588 ; 7.609 ; 7.609 ; 7.588 ;
; b[2]       ; N           ; 7.387 ; 7.387 ; 7.387 ; 7.387 ;
; b[2]       ; S[0]        ; 6.534 ; 6.534 ; 6.534 ; 6.534 ;
; b[2]       ; S[1]        ; 6.611 ; 6.611 ; 6.611 ; 6.611 ;
; b[2]       ; S[2]        ; 6.835 ; 6.835 ; 6.835 ; 6.835 ;
; b[2]       ; S[3]        ; 7.371 ; 7.371 ; 7.371 ; 7.371 ;
; b[2]       ; S[4]        ; 7.357 ; 7.357 ; 7.357 ; 7.357 ;
; b[2]       ; V           ; 7.515 ; 7.515 ; 7.515 ; 7.515 ;
; b[2]       ; Z           ; 7.915 ; 7.915 ; 7.915 ; 7.915 ;
; b[3]       ; C           ; 7.349 ; 7.349 ; 7.349 ; 7.349 ;
; b[3]       ; N           ; 7.127 ; 7.127 ; 7.127 ; 7.127 ;
; b[3]       ; S[0]        ; 6.274 ; 6.274 ; 6.274 ; 6.274 ;
; b[3]       ; S[1]        ; 6.351 ; 6.351 ; 6.351 ; 6.351 ;
; b[3]       ; S[2]        ; 6.575 ; 6.575 ; 6.575 ; 6.575 ;
; b[3]       ; S[3]        ; 7.111 ; 7.111 ; 7.111 ; 7.111 ;
; b[3]       ; S[4]        ; 7.097 ; 7.097 ; 7.097 ; 7.097 ;
; b[3]       ; V           ; 7.255 ; 7.255 ; 7.255 ; 7.255 ;
; b[3]       ; Z           ; 7.655 ; 7.655 ; 7.655 ; 7.655 ;
; b[4]       ; C           ; 7.136 ; 7.474 ; 7.474 ; 7.136 ;
; b[4]       ; N           ; 7.252 ; 7.252 ; 7.252 ; 7.252 ;
; b[4]       ; S[0]        ; 6.399 ; 6.399 ; 6.399 ; 6.399 ;
; b[4]       ; S[1]        ; 6.476 ; 6.476 ; 6.476 ; 6.476 ;
; b[4]       ; S[2]        ; 6.700 ; 6.700 ; 6.700 ; 6.700 ;
; b[4]       ; S[3]        ; 7.236 ; 7.236 ; 7.236 ; 7.236 ;
; b[4]       ; S[4]        ; 7.222 ; 7.222 ; 7.222 ; 7.222 ;
; b[4]       ; V           ; 7.380 ; 7.380 ; 7.380 ; 7.380 ;
; b[4]       ; Z           ; 7.780 ; 7.780 ; 7.780 ; 7.780 ;
; b[5]       ; C           ; 7.607 ; 7.668 ; 7.668 ; 7.607 ;
; b[5]       ; N           ; 7.446 ; 7.446 ; 7.446 ; 7.446 ;
; b[5]       ; S[0]        ; 6.593 ; 6.593 ; 6.593 ; 6.593 ;
; b[5]       ; S[1]        ; 6.670 ; 6.670 ; 6.670 ; 6.670 ;
; b[5]       ; S[2]        ; 6.894 ; 6.894 ; 6.894 ; 6.894 ;
; b[5]       ; S[3]        ; 7.430 ; 7.430 ; 7.430 ; 7.430 ;
; b[5]       ; S[4]        ; 7.416 ; 7.416 ; 7.416 ; 7.416 ;
; b[5]       ; V           ; 7.574 ; 7.574 ; 7.574 ; 7.574 ;
; b[5]       ; Z           ; 7.974 ; 7.974 ; 7.974 ; 7.974 ;
; b[6]       ; C           ; 7.520 ; 7.581 ; 7.581 ; 7.520 ;
; b[6]       ; N           ; 7.359 ; 7.359 ; 7.359 ; 7.359 ;
; b[6]       ; S[0]        ; 6.506 ; 6.506 ; 6.506 ; 6.506 ;
; b[6]       ; S[1]        ; 6.583 ; 6.583 ; 6.583 ; 6.583 ;
; b[6]       ; S[2]        ; 6.807 ; 6.807 ; 6.807 ; 6.807 ;
; b[6]       ; S[3]        ; 7.343 ; 7.343 ; 7.343 ; 7.343 ;
; b[6]       ; S[4]        ; 7.329 ; 7.329 ; 7.329 ; 7.329 ;
; b[6]       ; V           ; 7.487 ; 7.487 ; 7.487 ; 7.487 ;
; b[6]       ; Z           ; 7.887 ; 7.887 ; 7.887 ; 7.887 ;
; b[7]       ; C           ; 7.589 ; 7.650 ; 7.650 ; 7.589 ;
; b[7]       ; N           ; 7.428 ; 7.428 ; 7.428 ; 7.428 ;
; b[7]       ; S[0]        ; 6.575 ; 6.575 ; 6.575 ; 6.575 ;
; b[7]       ; S[1]        ; 6.652 ; 6.652 ; 6.652 ; 6.652 ;
; b[7]       ; S[2]        ; 6.876 ; 6.876 ; 6.876 ; 6.876 ;
; b[7]       ; S[3]        ; 7.412 ; 7.412 ; 7.412 ; 7.412 ;
; b[7]       ; S[4]        ; 7.398 ; 7.398 ; 7.398 ; 7.398 ;
; b[7]       ; V           ; 7.556 ; 7.556 ; 7.556 ; 7.556 ;
; b[7]       ; Z           ; 7.956 ; 7.956 ; 7.956 ; 7.956 ;
; c_addc     ; C           ; 7.123 ;       ;       ; 7.123 ;
; c_addc     ; N           ; 6.901 ; 6.901 ; 6.901 ; 6.901 ;
; c_addc     ; S[0]        ; 6.047 ; 6.047 ; 6.047 ; 6.047 ;
; c_addc     ; S[1]        ; 6.125 ; 6.125 ; 6.125 ; 6.125 ;
; c_addc     ; S[2]        ; 6.349 ; 6.349 ; 6.349 ; 6.349 ;
; c_addc     ; S[3]        ; 6.885 ; 6.885 ; 6.885 ; 6.885 ;
; c_addc     ; S[4]        ; 6.871 ; 6.871 ; 6.871 ; 6.871 ;
; c_addc     ; V           ; 7.029 ; 7.029 ; 7.029 ; 7.029 ;
; c_addc     ; Z           ; 7.429 ; 7.429 ; 7.429 ; 7.429 ;
; x[0]       ; C           ; 7.414 ; 7.414 ; 7.414 ; 7.414 ;
; x[0]       ; N           ; 7.192 ; 7.192 ; 7.192 ; 7.192 ;
; x[0]       ; S[0]        ; 6.339 ; 6.339 ; 6.339 ; 6.339 ;
; x[0]       ; S[1]        ; 6.416 ; 6.416 ; 6.416 ; 6.416 ;
; x[0]       ; S[2]        ; 6.640 ; 6.640 ; 6.640 ; 6.640 ;
; x[0]       ; S[3]        ; 7.176 ; 7.176 ; 7.176 ; 7.176 ;
; x[0]       ; S[4]        ; 7.162 ; 7.162 ; 7.162 ; 7.162 ;
; x[0]       ; V           ; 7.320 ; 7.320 ; 7.320 ; 7.320 ;
; x[0]       ; Z           ; 7.720 ; 7.720 ; 7.720 ; 7.720 ;
; x[1]       ; C           ; 6.541 ; 6.541 ; 6.541 ; 6.541 ;
; x[1]       ; N           ; 6.319 ; 6.319 ; 6.319 ; 6.319 ;
; x[1]       ; S[1]        ; 5.537 ; 5.537 ; 5.537 ; 5.537 ;
; x[1]       ; S[2]        ; 5.767 ; 5.767 ; 5.767 ; 5.767 ;
; x[1]       ; S[3]        ; 6.303 ; 6.303 ; 6.303 ; 6.303 ;
; x[1]       ; S[4]        ; 6.289 ; 6.289 ; 6.289 ; 6.289 ;
; x[1]       ; V           ; 6.447 ; 6.447 ; 6.447 ; 6.447 ;
; x[1]       ; Z           ; 6.847 ; 6.847 ; 6.847 ; 6.847 ;
; x[2]       ; C           ; 6.319 ; 6.319 ; 6.319 ; 6.319 ;
; x[2]       ; N           ; 6.097 ; 6.097 ; 6.097 ; 6.097 ;
; x[2]       ; S[2]        ; 5.846 ; 5.846 ; 5.846 ; 5.846 ;
; x[2]       ; S[3]        ; 6.081 ; 6.081 ; 6.081 ; 6.081 ;
; x[2]       ; S[4]        ; 6.067 ; 6.067 ; 6.067 ; 6.067 ;
; x[2]       ; V           ; 6.225 ; 6.225 ; 6.225 ; 6.225 ;
; x[2]       ; Z           ; 6.653 ; 6.653 ; 6.653 ; 6.653 ;
; x[3]       ; C           ; 6.353 ; 6.353 ; 6.353 ; 6.353 ;
; x[3]       ; N           ; 6.131 ; 6.131 ; 6.131 ; 6.131 ;
; x[3]       ; S[3]        ; 6.119 ; 6.119 ; 6.119 ; 6.119 ;
; x[3]       ; S[4]        ; 6.101 ; 6.101 ; 6.101 ; 6.101 ;
; x[3]       ; V           ; 6.259 ; 6.259 ; 6.259 ; 6.259 ;
; x[3]       ; Z           ; 6.659 ; 6.659 ; 6.659 ; 6.659 ;
; x[4]       ; C           ; 5.872 ; 5.872 ; 5.872 ; 5.872 ;
; x[4]       ; N           ; 5.648 ; 5.648 ; 5.648 ; 5.648 ;
; x[4]       ; S[4]        ; 5.618 ; 5.618 ; 5.618 ; 5.618 ;
; x[4]       ; V           ; 5.685 ; 5.685 ; 5.685 ; 5.685 ;
; x[4]       ; Z           ; 6.176 ; 6.176 ; 6.176 ; 6.176 ;
; y[0]       ; C           ; 7.443 ; 7.443 ; 7.443 ; 7.443 ;
; y[0]       ; N           ; 7.221 ; 7.221 ; 7.221 ; 7.221 ;
; y[0]       ; S[0]        ; 6.368 ; 6.368 ; 6.368 ; 6.368 ;
; y[0]       ; S[1]        ; 6.445 ; 6.445 ; 6.445 ; 6.445 ;
; y[0]       ; S[2]        ; 6.669 ; 6.669 ; 6.669 ; 6.669 ;
; y[0]       ; S[3]        ; 7.205 ; 7.205 ; 7.205 ; 7.205 ;
; y[0]       ; S[4]        ; 7.191 ; 7.191 ; 7.191 ; 7.191 ;
; y[0]       ; V           ; 7.349 ; 7.349 ; 7.349 ; 7.349 ;
; y[0]       ; Z           ; 7.749 ; 7.749 ; 7.749 ; 7.749 ;
; y[1]       ; C           ; 6.652 ; 6.652 ; 6.652 ; 6.652 ;
; y[1]       ; N           ; 6.430 ; 6.430 ; 6.430 ; 6.430 ;
; y[1]       ; S[1]        ; 5.645 ; 5.645 ; 5.645 ; 5.645 ;
; y[1]       ; S[2]        ; 5.878 ; 5.878 ; 5.878 ; 5.878 ;
; y[1]       ; S[3]        ; 6.414 ; 6.414 ; 6.414 ; 6.414 ;
; y[1]       ; S[4]        ; 6.400 ; 6.400 ; 6.400 ; 6.400 ;
; y[1]       ; V           ; 6.558 ; 6.558 ; 6.558 ; 6.558 ;
; y[1]       ; Z           ; 6.958 ; 6.958 ; 6.958 ; 6.958 ;
; y[2]       ; C           ; 6.498 ; 6.498 ; 6.498 ; 6.498 ;
; y[2]       ; N           ; 6.276 ; 6.276 ; 6.276 ; 6.276 ;
; y[2]       ; S[2]        ; 5.727 ; 5.727 ; 5.727 ; 5.727 ;
; y[2]       ; S[3]        ; 6.260 ; 6.260 ; 6.260 ; 6.260 ;
; y[2]       ; S[4]        ; 6.246 ; 6.246 ; 6.246 ; 6.246 ;
; y[2]       ; V           ; 6.404 ; 6.404 ; 6.404 ; 6.404 ;
; y[2]       ; Z           ; 6.804 ; 6.804 ; 6.804 ; 6.804 ;
; y[3]       ; C           ; 6.050 ; 6.050 ; 6.050 ; 6.050 ;
; y[3]       ; N           ; 5.828 ; 5.828 ; 5.828 ; 5.828 ;
; y[3]       ; S[3]        ; 5.823 ; 5.823 ; 5.823 ; 5.823 ;
; y[3]       ; S[4]        ; 5.798 ; 5.798 ; 5.798 ; 5.798 ;
; y[3]       ; V           ; 5.956 ; 5.956 ; 5.956 ; 5.956 ;
; y[3]       ; Z           ; 6.356 ; 6.356 ; 6.356 ; 6.356 ;
; y[4]       ; C           ; 4.026 ; 4.026 ; 4.026 ; 4.026 ;
; y[4]       ; N           ; 3.799 ; 3.799 ; 3.799 ; 3.799 ;
; y[4]       ; S[4]        ; 3.769 ; 3.769 ; 3.769 ; 3.769 ;
; y[4]       ; V           ; 3.839 ; 3.839 ; 3.839 ; 3.839 ;
; y[4]       ; Z           ; 4.327 ; 4.327 ; 4.327 ; 4.327 ;
+------------+-------------+-------+-------+-------+-------+


+----------------------------------------------------------+
; Minimum Propagation Delay                                ;
+------------+-------------+-------+-------+-------+-------+
; Input Port ; Output Port ; RR    ; RF    ; FR    ; FF    ;
+------------+-------------+-------+-------+-------+-------+
; b[0]       ; C           ; 5.911 ; 6.401 ; 6.401 ; 5.911 ;
; b[0]       ; N           ; 6.177 ; 6.177 ; 6.177 ; 6.177 ;
; b[0]       ; S[0]        ; 5.837 ; 5.837 ; 5.837 ; 5.837 ;
; b[0]       ; S[1]        ; 6.209 ; 6.209 ; 6.209 ; 6.209 ;
; b[0]       ; S[2]        ; 6.020 ; 6.020 ; 6.020 ; 6.020 ;
; b[0]       ; S[3]        ; 6.443 ; 6.443 ; 6.443 ; 6.443 ;
; b[0]       ; S[4]        ; 6.147 ; 6.147 ; 6.147 ; 6.147 ;
; b[0]       ; V           ; 6.064 ; 6.214 ; 6.214 ; 6.064 ;
; b[0]       ; Z           ; 6.146 ; 6.146 ; 6.146 ; 6.146 ;
; b[1]       ; C           ; 6.355 ; 6.355 ; 6.355 ; 6.355 ;
; b[1]       ; N           ; 6.131 ; 6.131 ; 6.131 ; 6.131 ;
; b[1]       ; S[0]        ; 5.929 ; 5.929 ; 5.929 ; 5.929 ;
; b[1]       ; S[1]        ; 6.007 ; 6.007 ; 6.007 ; 6.007 ;
; b[1]       ; S[2]        ; 6.163 ; 6.163 ; 6.163 ; 6.163 ;
; b[1]       ; S[3]        ; 6.363 ; 6.363 ; 6.363 ; 6.363 ;
; b[1]       ; S[4]        ; 6.101 ; 6.101 ; 6.101 ; 6.101 ;
; b[1]       ; V           ; 6.168 ; 6.168 ; 6.168 ; 6.168 ;
; b[1]       ; Z           ; 5.913 ; 5.913 ; 5.913 ; 5.913 ;
; b[2]       ; C           ; 6.460 ; 6.376 ; 6.376 ; 6.460 ;
; b[2]       ; N           ; 6.152 ; 6.152 ; 6.152 ; 6.152 ;
; b[2]       ; S[0]        ; 5.977 ; 5.977 ; 5.977 ; 5.977 ;
; b[2]       ; S[1]        ; 6.238 ; 6.238 ; 6.238 ; 6.238 ;
; b[2]       ; S[2]        ; 6.059 ; 6.059 ; 6.059 ; 6.059 ;
; b[2]       ; S[3]        ; 6.468 ; 6.468 ; 6.468 ; 6.468 ;
; b[2]       ; S[4]        ; 6.122 ; 6.122 ; 6.122 ; 6.122 ;
; b[2]       ; V           ; 6.189 ; 6.189 ; 6.189 ; 6.189 ;
; b[2]       ; Z           ; 6.383 ; 6.383 ; 6.383 ; 6.383 ;
; b[3]       ; C           ; 5.366 ; 6.268 ; 6.268 ; 5.366 ;
; b[3]       ; N           ; 5.785 ; 5.785 ; 5.785 ; 5.785 ;
; b[3]       ; S[0]        ; 5.865 ; 5.865 ; 5.865 ; 5.865 ;
; b[3]       ; S[1]        ; 5.680 ; 5.680 ; 5.680 ; 5.680 ;
; b[3]       ; S[2]        ; 5.430 ; 5.430 ; 5.430 ; 5.430 ;
; b[3]       ; S[3]        ; 5.992 ; 5.992 ; 5.992 ; 5.992 ;
; b[3]       ; S[4]        ; 5.755 ; 5.755 ; 5.755 ; 5.755 ;
; b[3]       ; V           ; 5.325 ; 5.823 ; 5.823 ; 5.325 ;
; b[3]       ; Z           ; 6.258 ; 6.258 ; 6.258 ; 6.258 ;
; b[4]       ; C           ; 6.457 ; 6.321 ; 6.321 ; 6.457 ;
; b[4]       ; N           ; 6.094 ; 6.094 ; 6.094 ; 6.094 ;
; b[4]       ; S[0]        ; 5.937 ; 5.937 ; 5.937 ; 5.937 ;
; b[4]       ; S[1]        ; 6.079 ; 6.079 ; 6.079 ; 6.079 ;
; b[4]       ; S[2]        ; 5.890 ; 5.890 ; 5.890 ; 5.890 ;
; b[4]       ; S[3]        ; 6.313 ; 6.313 ; 6.313 ; 6.313 ;
; b[4]       ; S[4]        ; 6.064 ; 6.064 ; 6.064 ; 6.064 ;
; b[4]       ; V           ; 6.134 ; 6.134 ; 6.134 ; 6.134 ;
; b[4]       ; Z           ; 6.074 ; 6.074 ; 6.074 ; 6.074 ;
; b[5]       ; C           ; 5.745 ; 6.625 ; 6.625 ; 5.745 ;
; b[5]       ; N           ; 6.358 ; 6.358 ; 6.358 ; 6.358 ;
; b[5]       ; S[0]        ; 6.131 ; 6.131 ; 6.131 ; 6.131 ;
; b[5]       ; S[1]        ; 6.253 ; 6.253 ; 6.253 ; 6.253 ;
; b[5]       ; S[2]        ; 5.863 ; 5.863 ; 5.863 ; 5.863 ;
; b[5]       ; S[3]        ; 6.565 ; 6.565 ; 6.565 ; 6.565 ;
; b[5]       ; S[4]        ; 6.328 ; 6.328 ; 6.328 ; 6.328 ;
; b[5]       ; V           ; 5.898 ; 6.396 ; 6.396 ; 5.898 ;
; b[5]       ; Z           ; 6.363 ; 6.363 ; 6.363 ; 6.363 ;
; b[6]       ; C           ; 5.660 ; 6.538 ; 6.538 ; 5.660 ;
; b[6]       ; N           ; 6.273 ; 6.273 ; 6.273 ; 6.273 ;
; b[6]       ; S[0]        ; 6.044 ; 6.044 ; 6.044 ; 6.044 ;
; b[6]       ; S[1]        ; 6.168 ; 6.168 ; 6.168 ; 6.168 ;
; b[6]       ; S[2]        ; 5.778 ; 5.778 ; 5.778 ; 5.778 ;
; b[6]       ; S[3]        ; 6.480 ; 6.480 ; 6.480 ; 6.480 ;
; b[6]       ; S[4]        ; 6.243 ; 6.243 ; 6.243 ; 6.243 ;
; b[6]       ; V           ; 5.813 ; 6.311 ; 6.311 ; 5.813 ;
; b[6]       ; Z           ; 6.276 ; 6.276 ; 6.276 ; 6.276 ;
; b[7]       ; C           ; 5.739 ; 6.607 ; 6.607 ; 5.739 ;
; b[7]       ; N           ; 6.352 ; 6.352 ; 6.352 ; 6.352 ;
; b[7]       ; S[0]        ; 6.113 ; 6.113 ; 6.113 ; 6.113 ;
; b[7]       ; S[1]        ; 6.247 ; 6.247 ; 6.247 ; 6.247 ;
; b[7]       ; S[2]        ; 5.857 ; 5.857 ; 5.857 ; 5.857 ;
; b[7]       ; S[3]        ; 6.559 ; 6.559 ; 6.559 ; 6.559 ;
; b[7]       ; S[4]        ; 6.322 ; 6.322 ; 6.322 ; 6.322 ;
; b[7]       ; V           ; 5.892 ; 6.390 ; 6.390 ; 5.892 ;
; b[7]       ; Z           ; 6.345 ; 6.345 ; 6.345 ; 6.345 ;
; c_addc     ; C           ; 7.123 ;       ;       ; 7.123 ;
; c_addc     ; N           ; 6.901 ; 6.901 ; 6.901 ; 6.901 ;
; c_addc     ; S[0]        ; 6.047 ; 6.047 ; 6.047 ; 6.047 ;
; c_addc     ; S[1]        ; 6.125 ; 6.125 ; 6.125 ; 6.125 ;
; c_addc     ; S[2]        ; 6.349 ; 6.349 ; 6.349 ; 6.349 ;
; c_addc     ; S[3]        ; 6.885 ; 6.885 ; 6.885 ; 6.885 ;
; c_addc     ; S[4]        ; 6.871 ; 6.871 ; 6.871 ; 6.871 ;
; c_addc     ; V           ; 6.936 ; 6.936 ; 6.936 ; 6.936 ;
; c_addc     ; Z           ; 6.031 ; 6.031 ; 6.031 ; 6.031 ;
; x[0]       ; C           ; 7.414 ; 7.414 ; 7.414 ; 7.414 ;
; x[0]       ; N           ; 7.192 ; 7.192 ; 7.192 ; 7.192 ;
; x[0]       ; S[0]        ; 6.132 ; 6.132 ; 6.132 ; 6.132 ;
; x[0]       ; S[1]        ; 6.416 ; 6.416 ; 6.416 ; 6.416 ;
; x[0]       ; S[2]        ; 6.640 ; 6.640 ; 6.640 ; 6.640 ;
; x[0]       ; S[3]        ; 7.176 ; 7.176 ; 7.176 ; 7.176 ;
; x[0]       ; S[4]        ; 7.162 ; 7.162 ; 7.162 ; 7.162 ;
; x[0]       ; V           ; 7.227 ; 7.227 ; 7.227 ; 7.227 ;
; x[0]       ; Z           ; 6.323 ; 6.323 ; 6.323 ; 6.323 ;
; x[1]       ; C           ; 6.541 ; 6.541 ; 6.541 ; 6.541 ;
; x[1]       ; N           ; 6.319 ; 6.319 ; 6.319 ; 6.319 ;
; x[1]       ; S[1]        ; 5.537 ; 5.537 ; 5.537 ; 5.537 ;
; x[1]       ; S[2]        ; 5.767 ; 5.767 ; 5.767 ; 5.767 ;
; x[1]       ; S[3]        ; 6.303 ; 6.303 ; 6.303 ; 6.303 ;
; x[1]       ; S[4]        ; 6.289 ; 6.289 ; 6.289 ; 6.289 ;
; x[1]       ; V           ; 6.354 ; 6.354 ; 6.354 ; 6.354 ;
; x[1]       ; Z           ; 6.331 ; 6.331 ; 6.331 ; 6.331 ;
; x[2]       ; C           ; 6.319 ; 6.319 ; 6.319 ; 6.319 ;
; x[2]       ; N           ; 6.097 ; 6.097 ; 6.097 ; 6.097 ;
; x[2]       ; S[2]        ; 5.846 ; 5.846 ; 5.846 ; 5.846 ;
; x[2]       ; S[3]        ; 6.081 ; 6.081 ; 6.081 ; 6.081 ;
; x[2]       ; S[4]        ; 6.067 ; 6.067 ; 6.067 ; 6.067 ;
; x[2]       ; V           ; 6.132 ; 6.132 ; 6.132 ; 6.132 ;
; x[2]       ; Z           ; 6.464 ; 6.464 ; 6.464 ; 6.464 ;
; x[3]       ; C           ; 6.353 ; 6.353 ; 6.353 ; 6.353 ;
; x[3]       ; N           ; 6.131 ; 6.131 ; 6.131 ; 6.131 ;
; x[3]       ; S[3]        ; 6.119 ; 6.119 ; 6.119 ; 6.119 ;
; x[3]       ; S[4]        ; 6.101 ; 6.101 ; 6.101 ; 6.101 ;
; x[3]       ; V           ; 6.166 ; 6.166 ; 6.166 ; 6.166 ;
; x[3]       ; Z           ; 6.502 ; 6.502 ; 6.502 ; 6.502 ;
; x[4]       ; C           ; 5.872 ; 5.872 ; 5.872 ; 5.872 ;
; x[4]       ; N           ; 5.648 ; 5.648 ; 5.648 ; 5.648 ;
; x[4]       ; S[4]        ; 5.618 ; 5.618 ; 5.618 ; 5.618 ;
; x[4]       ; V           ; 5.685 ; 5.685 ; 5.685 ; 5.685 ;
; x[4]       ; Z           ; 6.176 ; 6.176 ; 6.176 ; 6.176 ;
; y[0]       ; C           ; 7.443 ; 7.443 ; 7.443 ; 7.443 ;
; y[0]       ; N           ; 7.221 ; 7.221 ; 7.221 ; 7.221 ;
; y[0]       ; S[0]        ; 5.906 ; 5.906 ; 5.906 ; 5.906 ;
; y[0]       ; S[1]        ; 6.445 ; 6.445 ; 6.445 ; 6.445 ;
; y[0]       ; S[2]        ; 6.669 ; 6.669 ; 6.669 ; 6.669 ;
; y[0]       ; S[3]        ; 7.205 ; 7.205 ; 7.205 ; 7.205 ;
; y[0]       ; S[4]        ; 7.191 ; 7.191 ; 7.191 ; 7.191 ;
; y[0]       ; V           ; 7.256 ; 7.256 ; 7.256 ; 7.256 ;
; y[0]       ; Z           ; 6.352 ; 6.352 ; 6.352 ; 6.352 ;
; y[1]       ; C           ; 6.652 ; 6.652 ; 6.652 ; 6.652 ;
; y[1]       ; N           ; 6.430 ; 6.430 ; 6.430 ; 6.430 ;
; y[1]       ; S[1]        ; 5.645 ; 5.645 ; 5.645 ; 5.645 ;
; y[1]       ; S[2]        ; 5.878 ; 5.878 ; 5.878 ; 5.878 ;
; y[1]       ; S[3]        ; 6.414 ; 6.414 ; 6.414 ; 6.414 ;
; y[1]       ; S[4]        ; 6.400 ; 6.400 ; 6.400 ; 6.400 ;
; y[1]       ; V           ; 6.465 ; 6.465 ; 6.465 ; 6.465 ;
; y[1]       ; Z           ; 6.439 ; 6.439 ; 6.439 ; 6.439 ;
; y[2]       ; C           ; 6.498 ; 6.498 ; 6.498 ; 6.498 ;
; y[2]       ; N           ; 6.276 ; 6.276 ; 6.276 ; 6.276 ;
; y[2]       ; S[2]        ; 5.727 ; 5.727 ; 5.727 ; 5.727 ;
; y[2]       ; S[3]        ; 6.260 ; 6.260 ; 6.260 ; 6.260 ;
; y[2]       ; S[4]        ; 6.246 ; 6.246 ; 6.246 ; 6.246 ;
; y[2]       ; V           ; 6.311 ; 6.311 ; 6.311 ; 6.311 ;
; y[2]       ; Z           ; 6.534 ; 6.534 ; 6.534 ; 6.534 ;
; y[3]       ; C           ; 6.050 ; 6.050 ; 6.050 ; 6.050 ;
; y[3]       ; N           ; 5.828 ; 5.828 ; 5.828 ; 5.828 ;
; y[3]       ; S[3]        ; 5.823 ; 5.823 ; 5.823 ; 5.823 ;
; y[3]       ; S[4]        ; 5.798 ; 5.798 ; 5.798 ; 5.798 ;
; y[3]       ; V           ; 5.863 ; 5.863 ; 5.863 ; 5.863 ;
; y[3]       ; Z           ; 6.206 ; 6.206 ; 6.206 ; 6.206 ;
; y[4]       ; C           ; 4.026 ; 4.026 ; 4.026 ; 4.026 ;
; y[4]       ; N           ; 3.799 ; 3.799 ; 3.799 ; 3.799 ;
; y[4]       ; S[4]        ; 3.769 ; 3.769 ; 3.769 ; 3.769 ;
; y[4]       ; V           ; 3.839 ; 3.839 ; 3.839 ; 3.839 ;
; y[4]       ; Z           ; 4.327 ; 4.327 ; 4.327 ; 4.327 ;
+------------+-------------+-------+-------+-------+-------+


+----------------------------------------------------------------------------+
; Multicorner Timing Analysis Summary                                        ;
+------------------+-------+------+----------+---------+---------------------+
; Clock            ; Setup ; Hold ; Recovery ; Removal ; Minimum Pulse Width ;
+------------------+-------+------+----------+---------+---------------------+
; Worst-case Slack ; N/A   ; N/A  ; N/A      ; N/A     ; N/A                 ;
; Design-wide TNS  ; 0.0   ; 0.0  ; 0.0      ; 0.0     ; 0.0                 ;
+------------------+-------+------+----------+---------+---------------------+


+--------------------------------------------------------------+
; Progagation Delay                                            ;
+------------+-------------+--------+--------+--------+--------+
; Input Port ; Output Port ; RR     ; RF     ; FR     ; FF     ;
+------------+-------------+--------+--------+--------+--------+
; b[0]       ; C           ; 17.006 ; 17.113 ; 17.113 ; 17.006 ;
; b[0]       ; N           ; 16.396 ; 16.396 ; 16.396 ; 16.396 ;
; b[0]       ; S[0]        ; 14.121 ; 14.121 ; 14.121 ; 14.121 ;
; b[0]       ; S[1]        ; 14.223 ; 14.223 ; 14.223 ; 14.223 ;
; b[0]       ; S[2]        ; 14.836 ; 14.836 ; 14.836 ; 14.836 ;
; b[0]       ; S[3]        ; 16.319 ; 16.319 ; 16.319 ; 16.319 ;
; b[0]       ; S[4]        ; 16.366 ; 16.366 ; 16.366 ; 16.366 ;
; b[0]       ; V           ; 16.833 ; 16.833 ; 16.833 ; 16.833 ;
; b[0]       ; Z           ; 17.796 ; 17.796 ; 17.796 ; 17.796 ;
; b[1]       ; C           ; 16.625 ; 16.681 ; 16.681 ; 16.625 ;
; b[1]       ; N           ; 15.964 ; 15.964 ; 15.964 ; 15.964 ;
; b[1]       ; S[0]        ; 13.682 ; 13.682 ; 13.682 ; 13.682 ;
; b[1]       ; S[1]        ; 13.791 ; 13.791 ; 13.791 ; 13.791 ;
; b[1]       ; S[2]        ; 14.404 ; 14.404 ; 14.404 ; 14.404 ;
; b[1]       ; S[3]        ; 15.887 ; 15.887 ; 15.887 ; 15.887 ;
; b[1]       ; S[4]        ; 15.934 ; 15.934 ; 15.934 ; 15.934 ;
; b[1]       ; V           ; 16.401 ; 16.401 ; 16.401 ; 16.401 ;
; b[1]       ; Z           ; 17.364 ; 17.364 ; 17.364 ; 17.364 ;
; b[2]       ; C           ; 16.776 ; 16.832 ; 16.832 ; 16.776 ;
; b[2]       ; N           ; 16.115 ; 16.115 ; 16.115 ; 16.115 ;
; b[2]       ; S[0]        ; 13.833 ; 13.833 ; 13.833 ; 13.833 ;
; b[2]       ; S[1]        ; 13.942 ; 13.942 ; 13.942 ; 13.942 ;
; b[2]       ; S[2]        ; 14.555 ; 14.555 ; 14.555 ; 14.555 ;
; b[2]       ; S[3]        ; 16.038 ; 16.038 ; 16.038 ; 16.038 ;
; b[2]       ; S[4]        ; 16.085 ; 16.085 ; 16.085 ; 16.085 ;
; b[2]       ; V           ; 16.552 ; 16.552 ; 16.552 ; 16.552 ;
; b[2]       ; Z           ; 17.515 ; 17.515 ; 17.515 ; 17.515 ;
; b[3]       ; C           ; 16.158 ; 16.158 ; 16.158 ; 16.158 ;
; b[3]       ; N           ; 15.441 ; 15.441 ; 15.441 ; 15.441 ;
; b[3]       ; S[0]        ; 13.162 ; 13.162 ; 13.162 ; 13.162 ;
; b[3]       ; S[1]        ; 13.268 ; 13.268 ; 13.268 ; 13.268 ;
; b[3]       ; S[2]        ; 13.881 ; 13.881 ; 13.881 ; 13.881 ;
; b[3]       ; S[3]        ; 15.364 ; 15.364 ; 15.364 ; 15.364 ;
; b[3]       ; S[4]        ; 15.411 ; 15.411 ; 15.411 ; 15.411 ;
; b[3]       ; V           ; 15.878 ; 15.878 ; 15.878 ; 15.878 ;
; b[3]       ; Z           ; 16.841 ; 16.841 ; 16.841 ; 16.841 ;
; b[4]       ; C           ; 15.520 ; 16.533 ; 16.533 ; 15.520 ;
; b[4]       ; N           ; 15.816 ; 15.816 ; 15.816 ; 15.816 ;
; b[4]       ; S[0]        ; 13.534 ; 13.534 ; 13.534 ; 13.534 ;
; b[4]       ; S[1]        ; 13.643 ; 13.643 ; 13.643 ; 13.643 ;
; b[4]       ; S[2]        ; 14.256 ; 14.256 ; 14.256 ; 14.256 ;
; b[4]       ; S[3]        ; 15.739 ; 15.739 ; 15.739 ; 15.739 ;
; b[4]       ; S[4]        ; 15.786 ; 15.786 ; 15.786 ; 15.786 ;
; b[4]       ; V           ; 16.253 ; 16.253 ; 16.253 ; 16.253 ;
; b[4]       ; Z           ; 17.216 ; 17.216 ; 17.216 ; 17.216 ;
; b[5]       ; C           ; 16.771 ; 16.990 ; 16.990 ; 16.771 ;
; b[5]       ; N           ; 16.273 ; 16.273 ; 16.273 ; 16.273 ;
; b[5]       ; S[0]        ; 13.991 ; 13.991 ; 13.991 ; 13.991 ;
; b[5]       ; S[1]        ; 14.100 ; 14.100 ; 14.100 ; 14.100 ;
; b[5]       ; S[2]        ; 14.713 ; 14.713 ; 14.713 ; 14.713 ;
; b[5]       ; S[3]        ; 16.196 ; 16.196 ; 16.196 ; 16.196 ;
; b[5]       ; S[4]        ; 16.243 ; 16.243 ; 16.243 ; 16.243 ;
; b[5]       ; V           ; 16.710 ; 16.710 ; 16.710 ; 16.710 ;
; b[5]       ; Z           ; 17.673 ; 17.673 ; 17.673 ; 17.673 ;
; b[6]       ; C           ; 16.384 ; 16.603 ; 16.603 ; 16.384 ;
; b[6]       ; N           ; 15.886 ; 15.886 ; 15.886 ; 15.886 ;
; b[6]       ; S[0]        ; 13.604 ; 13.604 ; 13.604 ; 13.604 ;
; b[6]       ; S[1]        ; 13.713 ; 13.713 ; 13.713 ; 13.713 ;
; b[6]       ; S[2]        ; 14.326 ; 14.326 ; 14.326 ; 14.326 ;
; b[6]       ; S[3]        ; 15.809 ; 15.809 ; 15.809 ; 15.809 ;
; b[6]       ; S[4]        ; 15.856 ; 15.856 ; 15.856 ; 15.856 ;
; b[6]       ; V           ; 16.323 ; 16.323 ; 16.323 ; 16.323 ;
; b[6]       ; Z           ; 17.286 ; 17.286 ; 17.286 ; 17.286 ;
; b[7]       ; C           ; 16.735 ; 16.954 ; 16.954 ; 16.735 ;
; b[7]       ; N           ; 16.237 ; 16.237 ; 16.237 ; 16.237 ;
; b[7]       ; S[0]        ; 13.955 ; 13.955 ; 13.955 ; 13.955 ;
; b[7]       ; S[1]        ; 14.064 ; 14.064 ; 14.064 ; 14.064 ;
; b[7]       ; S[2]        ; 14.677 ; 14.677 ; 14.677 ; 14.677 ;
; b[7]       ; S[3]        ; 16.160 ; 16.160 ; 16.160 ; 16.160 ;
; b[7]       ; S[4]        ; 16.207 ; 16.207 ; 16.207 ; 16.207 ;
; b[7]       ; V           ; 16.674 ; 16.674 ; 16.674 ; 16.674 ;
; b[7]       ; Z           ; 17.637 ; 17.637 ; 17.637 ; 17.637 ;
; c_addc     ; C           ; 15.567 ;        ;        ; 15.567 ;
; c_addc     ; N           ; 14.850 ; 14.850 ; 14.850 ; 14.850 ;
; c_addc     ; S[0]        ; 12.575 ; 12.575 ; 12.575 ; 12.575 ;
; c_addc     ; S[1]        ; 12.677 ; 12.677 ; 12.677 ; 12.677 ;
; c_addc     ; S[2]        ; 13.290 ; 13.290 ; 13.290 ; 13.290 ;
; c_addc     ; S[3]        ; 14.773 ; 14.773 ; 14.773 ; 14.773 ;
; c_addc     ; S[4]        ; 14.820 ; 14.820 ; 14.820 ; 14.820 ;
; c_addc     ; V           ; 15.287 ; 15.287 ; 15.287 ; 15.287 ;
; c_addc     ; Z           ; 16.250 ; 16.250 ; 16.250 ; 16.250 ;
; x[0]       ; C           ; 16.261 ; 16.261 ; 16.261 ; 16.261 ;
; x[0]       ; N           ; 15.544 ; 15.544 ; 15.544 ; 15.544 ;
; x[0]       ; S[0]        ; 13.265 ; 13.265 ; 13.265 ; 13.265 ;
; x[0]       ; S[1]        ; 13.371 ; 13.371 ; 13.371 ; 13.371 ;
; x[0]       ; S[2]        ; 13.984 ; 13.984 ; 13.984 ; 13.984 ;
; x[0]       ; S[3]        ; 15.467 ; 15.467 ; 15.467 ; 15.467 ;
; x[0]       ; S[4]        ; 15.514 ; 15.514 ; 15.514 ; 15.514 ;
; x[0]       ; V           ; 15.981 ; 15.981 ; 15.981 ; 15.981 ;
; x[0]       ; Z           ; 16.944 ; 16.944 ; 16.944 ; 16.944 ;
; x[1]       ; C           ; 13.908 ; 13.908 ; 13.908 ; 13.908 ;
; x[1]       ; N           ; 13.191 ; 13.191 ; 13.191 ; 13.191 ;
; x[1]       ; S[1]        ; 11.011 ; 11.011 ; 11.011 ; 11.011 ;
; x[1]       ; S[2]        ; 11.631 ; 11.631 ; 11.631 ; 11.631 ;
; x[1]       ; S[3]        ; 13.114 ; 13.114 ; 13.114 ; 13.114 ;
; x[1]       ; S[4]        ; 13.161 ; 13.161 ; 13.161 ; 13.161 ;
; x[1]       ; V           ; 13.628 ; 13.628 ; 13.628 ; 13.628 ;
; x[1]       ; Z           ; 14.591 ; 14.591 ; 14.591 ; 14.591 ;
; x[2]       ; C           ; 13.337 ; 13.337 ; 13.337 ; 13.337 ;
; x[2]       ; N           ; 12.620 ; 12.620 ; 12.620 ; 12.620 ;
; x[2]       ; S[2]        ; 11.930 ; 11.930 ; 11.930 ; 11.930 ;
; x[2]       ; S[3]        ; 12.543 ; 12.543 ; 12.543 ; 12.543 ;
; x[2]       ; S[4]        ; 12.590 ; 12.590 ; 12.590 ; 12.590 ;
; x[2]       ; V           ; 13.057 ; 13.057 ; 13.057 ; 13.057 ;
; x[2]       ; Z           ; 14.214 ; 14.214 ; 14.214 ; 14.214 ;
; x[3]       ; C           ; 13.214 ; 13.214 ; 13.214 ; 13.214 ;
; x[3]       ; N           ; 12.497 ; 12.497 ; 12.497 ; 12.497 ;
; x[3]       ; S[3]        ; 12.423 ; 12.423 ; 12.423 ; 12.423 ;
; x[3]       ; S[4]        ; 12.467 ; 12.467 ; 12.467 ; 12.467 ;
; x[3]       ; V           ; 12.934 ; 12.934 ; 12.934 ; 12.934 ;
; x[3]       ; Z           ; 13.897 ; 13.897 ; 13.897 ; 13.897 ;
; x[4]       ; C           ; 12.012 ; 12.012 ; 12.012 ; 12.012 ;
; x[4]       ; N           ; 11.293 ; 11.293 ; 11.293 ; 11.293 ;
; x[4]       ; S[4]        ; 11.263 ; 11.263 ; 11.263 ; 11.263 ;
; x[4]       ; V           ; 11.469 ; 11.469 ; 11.469 ; 11.469 ;
; x[4]       ; Z           ; 12.693 ; 12.693 ; 12.693 ; 12.693 ;
; y[0]       ; C           ; 16.447 ; 16.447 ; 16.447 ; 16.447 ;
; y[0]       ; N           ; 15.730 ; 15.730 ; 15.730 ; 15.730 ;
; y[0]       ; S[0]        ; 13.448 ; 13.448 ; 13.448 ; 13.448 ;
; y[0]       ; S[1]        ; 13.557 ; 13.557 ; 13.557 ; 13.557 ;
; y[0]       ; S[2]        ; 14.170 ; 14.170 ; 14.170 ; 14.170 ;
; y[0]       ; S[3]        ; 15.653 ; 15.653 ; 15.653 ; 15.653 ;
; y[0]       ; S[4]        ; 15.700 ; 15.700 ; 15.700 ; 15.700 ;
; y[0]       ; V           ; 16.167 ; 16.167 ; 16.167 ; 16.167 ;
; y[0]       ; Z           ; 17.130 ; 17.130 ; 17.130 ; 17.130 ;
; y[1]       ; C           ; 14.280 ; 14.280 ; 14.280 ; 14.280 ;
; y[1]       ; N           ; 13.563 ; 13.563 ; 13.563 ; 13.563 ;
; y[1]       ; S[1]        ; 11.383 ; 11.383 ; 11.383 ; 11.383 ;
; y[1]       ; S[2]        ; 12.003 ; 12.003 ; 12.003 ; 12.003 ;
; y[1]       ; S[3]        ; 13.486 ; 13.486 ; 13.486 ; 13.486 ;
; y[1]       ; S[4]        ; 13.533 ; 13.533 ; 13.533 ; 13.533 ;
; y[1]       ; V           ; 14.000 ; 14.000 ; 14.000 ; 14.000 ;
; y[1]       ; Z           ; 14.963 ; 14.963 ; 14.963 ; 14.963 ;
; y[2]       ; C           ; 13.737 ; 13.737 ; 13.737 ; 13.737 ;
; y[2]       ; N           ; 13.020 ; 13.020 ; 13.020 ; 13.020 ;
; y[2]       ; S[2]        ; 11.468 ; 11.468 ; 11.468 ; 11.468 ;
; y[2]       ; S[3]        ; 12.943 ; 12.943 ; 12.943 ; 12.943 ;
; y[2]       ; S[4]        ; 12.990 ; 12.990 ; 12.990 ; 12.990 ;
; y[2]       ; V           ; 13.457 ; 13.457 ; 13.457 ; 13.457 ;
; y[2]       ; Z           ; 14.420 ; 14.420 ; 14.420 ; 14.420 ;
; y[3]       ; C           ; 12.597 ; 12.597 ; 12.597 ; 12.597 ;
; y[3]       ; N           ; 11.880 ; 11.880 ; 11.880 ; 11.880 ;
; y[3]       ; S[3]        ; 11.817 ; 11.817 ; 11.817 ; 11.817 ;
; y[3]       ; S[4]        ; 11.850 ; 11.850 ; 11.850 ; 11.850 ;
; y[3]       ; V           ; 12.317 ; 12.317 ; 12.317 ; 12.317 ;
; y[3]       ; Z           ; 13.280 ; 13.280 ; 13.280 ; 13.280 ;
; y[4]       ; C           ; 9.063  ; 9.063  ; 9.063  ; 9.063  ;
; y[4]       ; N           ; 8.344  ; 8.344  ; 8.344  ; 8.344  ;
; y[4]       ; S[4]        ; 8.314  ; 8.314  ; 8.314  ; 8.314  ;
; y[4]       ; V           ; 8.520  ; 8.520  ; 8.520  ; 8.520  ;
; y[4]       ; Z           ; 9.744  ; 9.744  ; 9.744  ; 9.744  ;
+------------+-------------+--------+--------+--------+--------+


+----------------------------------------------------------+
; Minimum Progagation Delay                                ;
+------------+-------------+-------+-------+-------+-------+
; Input Port ; Output Port ; RR    ; RF    ; FR    ; FF    ;
+------------+-------------+-------+-------+-------+-------+
; b[0]       ; C           ; 5.911 ; 6.401 ; 6.401 ; 5.911 ;
; b[0]       ; N           ; 6.177 ; 6.177 ; 6.177 ; 6.177 ;
; b[0]       ; S[0]        ; 5.837 ; 5.837 ; 5.837 ; 5.837 ;
; b[0]       ; S[1]        ; 6.209 ; 6.209 ; 6.209 ; 6.209 ;
; b[0]       ; S[2]        ; 6.020 ; 6.020 ; 6.020 ; 6.020 ;
; b[0]       ; S[3]        ; 6.443 ; 6.443 ; 6.443 ; 6.443 ;
; b[0]       ; S[4]        ; 6.147 ; 6.147 ; 6.147 ; 6.147 ;
; b[0]       ; V           ; 6.064 ; 6.214 ; 6.214 ; 6.064 ;
; b[0]       ; Z           ; 6.146 ; 6.146 ; 6.146 ; 6.146 ;
; b[1]       ; C           ; 6.355 ; 6.355 ; 6.355 ; 6.355 ;
; b[1]       ; N           ; 6.131 ; 6.131 ; 6.131 ; 6.131 ;
; b[1]       ; S[0]        ; 5.929 ; 5.929 ; 5.929 ; 5.929 ;
; b[1]       ; S[1]        ; 6.007 ; 6.007 ; 6.007 ; 6.007 ;
; b[1]       ; S[2]        ; 6.163 ; 6.163 ; 6.163 ; 6.163 ;
; b[1]       ; S[3]        ; 6.363 ; 6.363 ; 6.363 ; 6.363 ;
; b[1]       ; S[4]        ; 6.101 ; 6.101 ; 6.101 ; 6.101 ;
; b[1]       ; V           ; 6.168 ; 6.168 ; 6.168 ; 6.168 ;
; b[1]       ; Z           ; 5.913 ; 5.913 ; 5.913 ; 5.913 ;
; b[2]       ; C           ; 6.460 ; 6.376 ; 6.376 ; 6.460 ;
; b[2]       ; N           ; 6.152 ; 6.152 ; 6.152 ; 6.152 ;
; b[2]       ; S[0]        ; 5.977 ; 5.977 ; 5.977 ; 5.977 ;
; b[2]       ; S[1]        ; 6.238 ; 6.238 ; 6.238 ; 6.238 ;
; b[2]       ; S[2]        ; 6.059 ; 6.059 ; 6.059 ; 6.059 ;
; b[2]       ; S[3]        ; 6.468 ; 6.468 ; 6.468 ; 6.468 ;
; b[2]       ; S[4]        ; 6.122 ; 6.122 ; 6.122 ; 6.122 ;
; b[2]       ; V           ; 6.189 ; 6.189 ; 6.189 ; 6.189 ;
; b[2]       ; Z           ; 6.383 ; 6.383 ; 6.383 ; 6.383 ;
; b[3]       ; C           ; 5.366 ; 6.268 ; 6.268 ; 5.366 ;
; b[3]       ; N           ; 5.785 ; 5.785 ; 5.785 ; 5.785 ;
; b[3]       ; S[0]        ; 5.865 ; 5.865 ; 5.865 ; 5.865 ;
; b[3]       ; S[1]        ; 5.680 ; 5.680 ; 5.680 ; 5.680 ;
; b[3]       ; S[2]        ; 5.430 ; 5.430 ; 5.430 ; 5.430 ;
; b[3]       ; S[3]        ; 5.992 ; 5.992 ; 5.992 ; 5.992 ;
; b[3]       ; S[4]        ; 5.755 ; 5.755 ; 5.755 ; 5.755 ;
; b[3]       ; V           ; 5.325 ; 5.823 ; 5.823 ; 5.325 ;
; b[3]       ; Z           ; 6.258 ; 6.258 ; 6.258 ; 6.258 ;
; b[4]       ; C           ; 6.457 ; 6.321 ; 6.321 ; 6.457 ;
; b[4]       ; N           ; 6.094 ; 6.094 ; 6.094 ; 6.094 ;
; b[4]       ; S[0]        ; 5.937 ; 5.937 ; 5.937 ; 5.937 ;
; b[4]       ; S[1]        ; 6.079 ; 6.079 ; 6.079 ; 6.079 ;
; b[4]       ; S[2]        ; 5.890 ; 5.890 ; 5.890 ; 5.890 ;
; b[4]       ; S[3]        ; 6.313 ; 6.313 ; 6.313 ; 6.313 ;
; b[4]       ; S[4]        ; 6.064 ; 6.064 ; 6.064 ; 6.064 ;
; b[4]       ; V           ; 6.134 ; 6.134 ; 6.134 ; 6.134 ;
; b[4]       ; Z           ; 6.074 ; 6.074 ; 6.074 ; 6.074 ;
; b[5]       ; C           ; 5.745 ; 6.625 ; 6.625 ; 5.745 ;
; b[5]       ; N           ; 6.358 ; 6.358 ; 6.358 ; 6.358 ;
; b[5]       ; S[0]        ; 6.131 ; 6.131 ; 6.131 ; 6.131 ;
; b[5]       ; S[1]        ; 6.253 ; 6.253 ; 6.253 ; 6.253 ;
; b[5]       ; S[2]        ; 5.863 ; 5.863 ; 5.863 ; 5.863 ;
; b[5]       ; S[3]        ; 6.565 ; 6.565 ; 6.565 ; 6.565 ;
; b[5]       ; S[4]        ; 6.328 ; 6.328 ; 6.328 ; 6.328 ;
; b[5]       ; V           ; 5.898 ; 6.396 ; 6.396 ; 5.898 ;
; b[5]       ; Z           ; 6.363 ; 6.363 ; 6.363 ; 6.363 ;
; b[6]       ; C           ; 5.660 ; 6.538 ; 6.538 ; 5.660 ;
; b[6]       ; N           ; 6.273 ; 6.273 ; 6.273 ; 6.273 ;
; b[6]       ; S[0]        ; 6.044 ; 6.044 ; 6.044 ; 6.044 ;
; b[6]       ; S[1]        ; 6.168 ; 6.168 ; 6.168 ; 6.168 ;
; b[6]       ; S[2]        ; 5.778 ; 5.778 ; 5.778 ; 5.778 ;
; b[6]       ; S[3]        ; 6.480 ; 6.480 ; 6.480 ; 6.480 ;
; b[6]       ; S[4]        ; 6.243 ; 6.243 ; 6.243 ; 6.243 ;
; b[6]       ; V           ; 5.813 ; 6.311 ; 6.311 ; 5.813 ;
; b[6]       ; Z           ; 6.276 ; 6.276 ; 6.276 ; 6.276 ;
; b[7]       ; C           ; 5.739 ; 6.607 ; 6.607 ; 5.739 ;
; b[7]       ; N           ; 6.352 ; 6.352 ; 6.352 ; 6.352 ;
; b[7]       ; S[0]        ; 6.113 ; 6.113 ; 6.113 ; 6.113 ;
; b[7]       ; S[1]        ; 6.247 ; 6.247 ; 6.247 ; 6.247 ;
; b[7]       ; S[2]        ; 5.857 ; 5.857 ; 5.857 ; 5.857 ;
; b[7]       ; S[3]        ; 6.559 ; 6.559 ; 6.559 ; 6.559 ;
; b[7]       ; S[4]        ; 6.322 ; 6.322 ; 6.322 ; 6.322 ;
; b[7]       ; V           ; 5.892 ; 6.390 ; 6.390 ; 5.892 ;
; b[7]       ; Z           ; 6.345 ; 6.345 ; 6.345 ; 6.345 ;
; c_addc     ; C           ; 7.123 ;       ;       ; 7.123 ;
; c_addc     ; N           ; 6.901 ; 6.901 ; 6.901 ; 6.901 ;
; c_addc     ; S[0]        ; 6.047 ; 6.047 ; 6.047 ; 6.047 ;
; c_addc     ; S[1]        ; 6.125 ; 6.125 ; 6.125 ; 6.125 ;
; c_addc     ; S[2]        ; 6.349 ; 6.349 ; 6.349 ; 6.349 ;
; c_addc     ; S[3]        ; 6.885 ; 6.885 ; 6.885 ; 6.885 ;
; c_addc     ; S[4]        ; 6.871 ; 6.871 ; 6.871 ; 6.871 ;
; c_addc     ; V           ; 6.936 ; 6.936 ; 6.936 ; 6.936 ;
; c_addc     ; Z           ; 6.031 ; 6.031 ; 6.031 ; 6.031 ;
; x[0]       ; C           ; 7.414 ; 7.414 ; 7.414 ; 7.414 ;
; x[0]       ; N           ; 7.192 ; 7.192 ; 7.192 ; 7.192 ;
; x[0]       ; S[0]        ; 6.132 ; 6.132 ; 6.132 ; 6.132 ;
; x[0]       ; S[1]        ; 6.416 ; 6.416 ; 6.416 ; 6.416 ;
; x[0]       ; S[2]        ; 6.640 ; 6.640 ; 6.640 ; 6.640 ;
; x[0]       ; S[3]        ; 7.176 ; 7.176 ; 7.176 ; 7.176 ;
; x[0]       ; S[4]        ; 7.162 ; 7.162 ; 7.162 ; 7.162 ;
; x[0]       ; V           ; 7.227 ; 7.227 ; 7.227 ; 7.227 ;
; x[0]       ; Z           ; 6.323 ; 6.323 ; 6.323 ; 6.323 ;
; x[1]       ; C           ; 6.541 ; 6.541 ; 6.541 ; 6.541 ;
; x[1]       ; N           ; 6.319 ; 6.319 ; 6.319 ; 6.319 ;
; x[1]       ; S[1]        ; 5.537 ; 5.537 ; 5.537 ; 5.537 ;
; x[1]       ; S[2]        ; 5.767 ; 5.767 ; 5.767 ; 5.767 ;
; x[1]       ; S[3]        ; 6.303 ; 6.303 ; 6.303 ; 6.303 ;
; x[1]       ; S[4]        ; 6.289 ; 6.289 ; 6.289 ; 6.289 ;
; x[1]       ; V           ; 6.354 ; 6.354 ; 6.354 ; 6.354 ;
; x[1]       ; Z           ; 6.331 ; 6.331 ; 6.331 ; 6.331 ;
; x[2]       ; C           ; 6.319 ; 6.319 ; 6.319 ; 6.319 ;
; x[2]       ; N           ; 6.097 ; 6.097 ; 6.097 ; 6.097 ;
; x[2]       ; S[2]        ; 5.846 ; 5.846 ; 5.846 ; 5.846 ;
; x[2]       ; S[3]        ; 6.081 ; 6.081 ; 6.081 ; 6.081 ;
; x[2]       ; S[4]        ; 6.067 ; 6.067 ; 6.067 ; 6.067 ;
; x[2]       ; V           ; 6.132 ; 6.132 ; 6.132 ; 6.132 ;
; x[2]       ; Z           ; 6.464 ; 6.464 ; 6.464 ; 6.464 ;
; x[3]       ; C           ; 6.353 ; 6.353 ; 6.353 ; 6.353 ;
; x[3]       ; N           ; 6.131 ; 6.131 ; 6.131 ; 6.131 ;
; x[3]       ; S[3]        ; 6.119 ; 6.119 ; 6.119 ; 6.119 ;
; x[3]       ; S[4]        ; 6.101 ; 6.101 ; 6.101 ; 6.101 ;
; x[3]       ; V           ; 6.166 ; 6.166 ; 6.166 ; 6.166 ;
; x[3]       ; Z           ; 6.502 ; 6.502 ; 6.502 ; 6.502 ;
; x[4]       ; C           ; 5.872 ; 5.872 ; 5.872 ; 5.872 ;
; x[4]       ; N           ; 5.648 ; 5.648 ; 5.648 ; 5.648 ;
; x[4]       ; S[4]        ; 5.618 ; 5.618 ; 5.618 ; 5.618 ;
; x[4]       ; V           ; 5.685 ; 5.685 ; 5.685 ; 5.685 ;
; x[4]       ; Z           ; 6.176 ; 6.176 ; 6.176 ; 6.176 ;
; y[0]       ; C           ; 7.443 ; 7.443 ; 7.443 ; 7.443 ;
; y[0]       ; N           ; 7.221 ; 7.221 ; 7.221 ; 7.221 ;
; y[0]       ; S[0]        ; 5.906 ; 5.906 ; 5.906 ; 5.906 ;
; y[0]       ; S[1]        ; 6.445 ; 6.445 ; 6.445 ; 6.445 ;
; y[0]       ; S[2]        ; 6.669 ; 6.669 ; 6.669 ; 6.669 ;
; y[0]       ; S[3]        ; 7.205 ; 7.205 ; 7.205 ; 7.205 ;
; y[0]       ; S[4]        ; 7.191 ; 7.191 ; 7.191 ; 7.191 ;
; y[0]       ; V           ; 7.256 ; 7.256 ; 7.256 ; 7.256 ;
; y[0]       ; Z           ; 6.352 ; 6.352 ; 6.352 ; 6.352 ;
; y[1]       ; C           ; 6.652 ; 6.652 ; 6.652 ; 6.652 ;
; y[1]       ; N           ; 6.430 ; 6.430 ; 6.430 ; 6.430 ;
; y[1]       ; S[1]        ; 5.645 ; 5.645 ; 5.645 ; 5.645 ;
; y[1]       ; S[2]        ; 5.878 ; 5.878 ; 5.878 ; 5.878 ;
; y[1]       ; S[3]        ; 6.414 ; 6.414 ; 6.414 ; 6.414 ;
; y[1]       ; S[4]        ; 6.400 ; 6.400 ; 6.400 ; 6.400 ;
; y[1]       ; V           ; 6.465 ; 6.465 ; 6.465 ; 6.465 ;
; y[1]       ; Z           ; 6.439 ; 6.439 ; 6.439 ; 6.439 ;
; y[2]       ; C           ; 6.498 ; 6.498 ; 6.498 ; 6.498 ;
; y[2]       ; N           ; 6.276 ; 6.276 ; 6.276 ; 6.276 ;
; y[2]       ; S[2]        ; 5.727 ; 5.727 ; 5.727 ; 5.727 ;
; y[2]       ; S[3]        ; 6.260 ; 6.260 ; 6.260 ; 6.260 ;
; y[2]       ; S[4]        ; 6.246 ; 6.246 ; 6.246 ; 6.246 ;
; y[2]       ; V           ; 6.311 ; 6.311 ; 6.311 ; 6.311 ;
; y[2]       ; Z           ; 6.534 ; 6.534 ; 6.534 ; 6.534 ;
; y[3]       ; C           ; 6.050 ; 6.050 ; 6.050 ; 6.050 ;
; y[3]       ; N           ; 5.828 ; 5.828 ; 5.828 ; 5.828 ;
; y[3]       ; S[3]        ; 5.823 ; 5.823 ; 5.823 ; 5.823 ;
; y[3]       ; S[4]        ; 5.798 ; 5.798 ; 5.798 ; 5.798 ;
; y[3]       ; V           ; 5.863 ; 5.863 ; 5.863 ; 5.863 ;
; y[3]       ; Z           ; 6.206 ; 6.206 ; 6.206 ; 6.206 ;
; y[4]       ; C           ; 4.026 ; 4.026 ; 4.026 ; 4.026 ;
; y[4]       ; N           ; 3.799 ; 3.799 ; 3.799 ; 3.799 ;
; y[4]       ; S[4]        ; 3.769 ; 3.769 ; 3.769 ; 3.769 ;
; y[4]       ; V           ; 3.839 ; 3.839 ; 3.839 ; 3.839 ;
; y[4]       ; Z           ; 4.327 ; 4.327 ; 4.327 ; 4.327 ;
+------------+-------------+-------+-------+-------+-------+


-------------------
; Clock Transfers ;
-------------------
Nothing to report.


---------------
; Report TCCS ;
---------------
No dedicated SERDES Transmitter circuitry present in device or used in design


---------------
; Report RSKM ;
---------------
No dedicated SERDES Receiver circuitry present in device or used in design


+------------------------------------------------+
; Unconstrained Paths                            ;
+---------------------------------+-------+------+
; Property                        ; Setup ; Hold ;
+---------------------------------+-------+------+
; Illegal Clocks                  ; 0     ; 0    ;
; Unconstrained Clocks            ; 0     ; 0    ;
; Unconstrained Input Ports       ; 19    ; 19   ;
; Unconstrained Input Port Paths  ; 151   ; 151  ;
; Unconstrained Output Ports      ; 9     ; 9    ;
; Unconstrained Output Port Paths ; 151   ; 151  ;
+---------------------------------+-------+------+


+------------------------------------+
; TimeQuest Timing Analyzer Messages ;
+------------------------------------+
Info: *******************************************************************
Info: Running Quartus II 32-bit TimeQuest Timing Analyzer
    Info: Version 13.0.1 Build 232 06/12/2013 Service Pack 1 SJ Web Edition
    Info: Processing started: Mon Jul  2 09:41:30 2018
Info: Command: quartus_sta ULA -c ULA
Info: qsta_default_script.tcl version: #1
Warning (20028): Parallel compilation is not licensed and has been disabled
Info (21077): Low junction temperature is 0 degrees C
Info (21077): High junction temperature is 85 degrees C
Critical Warning (332012): Synopsys Design Constraints File file not found: 'ULA.sdc'. A Synopsys Design Constraints File is required by the TimeQuest Timing Analyzer to get proper timing constraints. Without it, the Compiler will not properly optimize the design.
Info (332142): No user constrained base clocks found in the design. Calling "derive_clocks -period 1.0"
Info (332096): The command derive_clocks did not find any clocks to derive.  No clocks were created or changed.
Warning (332068): No clocks defined in design.
Info: Found TIMEQUEST_REPORT_SCRIPT_INCLUDE_DEFAULT_ANALYSIS = ON
Info (332159): No clocks to report
Info: Analyzing Slow Model
Info (332140): No fmax paths to report
Info (332140): No Setup paths to report
Info (332140): No Hold paths to report
Info (332140): No Recovery paths to report
Info (332140): No Removal paths to report
Info (332140): No Minimum Pulse Width paths to report
Info (332001): The selected device family is not supported by the report_metastability command.
Info: Analyzing Fast Model
Info (332142): No user constrained base clocks found in the design. Calling "derive_clocks -period 1.0"
Info (332096): The command derive_clocks did not find any clocks to derive.  No clocks were created or changed.
Warning (332068): No clocks defined in design.
Info (332140): No Setup paths to report
Info (332140): No Hold paths to report
Info (332140): No Recovery paths to report
Info (332140): No Removal paths to report
Info (332140): No Minimum Pulse Width paths to report
Info (332001): The selected device family is not supported by the report_metastability command.
Info (332102): Design is not fully constrained for setup requirements
Info (332102): Design is not fully constrained for hold requirements
Info: Quartus II 32-bit TimeQuest Timing Analyzer was successful. 0 errors, 4 warnings
    Info: Peak virtual memory: 295 megabytes
    Info: Processing ended: Mon Jul  2 09:41:31 2018
    Info: Elapsed time: 00:00:01
    Info: Total CPU time (on all processors): 00:00:01


