TimeQuest Timing Analyzer report for decoderRAM
Mon Jun 18 17:05:32 2018
Quartus II 32-bit Version 13.0.1 Build 232 06/12/2013 Service Pack 1 SJ Web Edition


---------------------
; Table of Contents ;
---------------------
  1. Legal Notice
  2. TimeQuest Timing Analyzer Summary
  3. Parallel Compilation
  4. Clocks
  5. Slow Model Fmax Summary
  6. Slow Model Setup Summary
  7. Slow Model Hold Summary
  8. Slow Model Recovery Summary
  9. Slow Model Removal Summary
 10. Slow Model Minimum Pulse Width Summary
 11. Propagation Delay
 12. Minimum Propagation Delay
 13. Fast Model Setup Summary
 14. Fast Model Hold Summary
 15. Fast Model Recovery Summary
 16. Fast Model Removal Summary
 17. Fast Model Minimum Pulse Width Summary
 18. Propagation Delay
 19. Minimum Propagation Delay
 20. Multicorner Timing Analysis Summary
 21. Progagation Delay
 22. Minimum Progagation Delay
 23. Clock Transfers
 24. Report TCCS
 25. Report RSKM
 26. Unconstrained Paths
 27. TimeQuest Timing Analyzer Messages



----------------
; Legal Notice ;
----------------
Copyright (C) 1991-2013 Altera Corporation
Your use of Altera Corporation's design tools, logic functions 
and other software and tools, and its AMPP partner logic 
functions, and any output files from any of the foregoing 
(including device programming or simulation files), and any 
associated documentation or information are expressly subject 
to the terms and conditions of the Altera Program License 
Subscription Agreement, Altera MegaCore Function License 
Agreement, or other applicable license agreement, including, 
without limitation, that your use is for the sole purpose of 
programming logic devices manufactured by Altera and sold by 
Altera or its authorized distributors.  Please refer to the 
applicable agreement for further details.



+----------------------------------------------------------------------------------------+
; TimeQuest Timing Analyzer Summary                                                      ;
+--------------------+-------------------------------------------------------------------+
; Quartus II Version ; Version 13.0.1 Build 232 06/12/2013 Service Pack 1 SJ Web Edition ;
; Revision Name      ; decoderRAM                                                        ;
; Device Family      ; Cyclone II                                                        ;
; Device Name        ; EP2C20F484C7                                                      ;
; Timing Models      ; Final                                                             ;
; Delay Model        ; Combined                                                          ;
; Rise/Fall Delays   ; Unavailable                                                       ;
+--------------------+-------------------------------------------------------------------+


Parallel compilation was disabled, but you have multiple processors available. Enable parallel compilation to reduce compilation time.
+-------------------------------------+
; Parallel Compilation                ;
+----------------------------+--------+
; Processors                 ; Number ;
+----------------------------+--------+
; Number detected on machine ; 4      ;
; Maximum allowed            ; 1      ;
+----------------------------+--------+


----------
; Clocks ;
----------
No clocks to report.


---------------------------
; Slow Model Fmax Summary ;
---------------------------
No paths to report.


----------------------------
; Slow Model Setup Summary ;
----------------------------
No paths to report.


---------------------------
; Slow Model Hold Summary ;
---------------------------
No paths to report.


-------------------------------
; Slow Model Recovery Summary ;
-------------------------------
No paths to report.


------------------------------
; Slow Model Removal Summary ;
------------------------------
No paths to report.


------------------------------------------
; Slow Model Minimum Pulse Width Summary ;
------------------------------------------
No paths to report.


+--------------------------------------------------------------+
; Propagation Delay                                            ;
+------------+-------------+--------+--------+--------+--------+
; Input Port ; Output Port ; RR     ; RF     ; FR     ; FF     ;
+------------+-------------+--------+--------+--------+--------+
; b[0]       ; o[0]        ;        ; 11.511 ; 11.511 ;        ;
; b[0]       ; o[1]        ; 11.852 ;        ;        ; 11.852 ;
; b[0]       ; o[2]        ;        ; 11.810 ; 11.810 ;        ;
; b[0]       ; o[3]        ; 11.551 ;        ;        ; 11.551 ;
; b[0]       ; o[4]        ;        ; 11.379 ; 11.379 ;        ;
; b[0]       ; o[5]        ; 11.445 ;        ;        ; 11.445 ;
; b[0]       ; o[6]        ;        ; 11.489 ; 11.489 ;        ;
; b[0]       ; o[7]        ; 11.747 ;        ;        ; 11.747 ;
; b[0]       ; o[8]        ;        ; 11.415 ; 11.415 ;        ;
; b[0]       ; o[9]        ; 11.415 ;        ;        ; 11.415 ;
; b[0]       ; o[10]       ;        ; 11.048 ; 11.048 ;        ;
; b[0]       ; o[11]       ; 11.416 ;        ;        ; 11.416 ;
; b[0]       ; o[12]       ;        ; 11.128 ; 11.128 ;        ;
; b[0]       ; o[13]       ; 11.405 ;        ;        ; 11.405 ;
; b[0]       ; o[14]       ;        ; 11.407 ; 11.407 ;        ;
; b[0]       ; o[15]       ; 11.033 ;        ;        ; 11.033 ;
; b[0]       ; o[16]       ;        ; 11.513 ; 11.513 ;        ;
; b[0]       ; o[17]       ; 11.875 ;        ;        ; 11.875 ;
; b[0]       ; o[18]       ;        ; 11.903 ; 11.903 ;        ;
; b[0]       ; o[19]       ; 11.532 ;        ;        ; 11.532 ;
; b[0]       ; o[20]       ;        ; 11.701 ; 11.701 ;        ;
; b[0]       ; o[21]       ; 11.792 ;        ;        ; 11.792 ;
; b[0]       ; o[22]       ;        ; 11.820 ; 11.820 ;        ;
; b[0]       ; o[23]       ; 11.729 ;        ;        ; 11.729 ;
; b[0]       ; o[24]       ;        ; 11.364 ; 11.364 ;        ;
; b[0]       ; o[25]       ; 11.095 ;        ;        ; 11.095 ;
; b[0]       ; o[26]       ;        ; 11.337 ; 11.337 ;        ;
; b[0]       ; o[27]       ; 11.432 ;        ;        ; 11.432 ;
; b[0]       ; o[28]       ;        ; 11.125 ; 11.125 ;        ;
; b[0]       ; o[29]       ; 11.330 ;        ;        ; 11.330 ;
; b[0]       ; o[30]       ;        ; 11.378 ; 11.378 ;        ;
; b[0]       ; o[31]       ; 11.038 ;        ;        ; 11.038 ;
; b[1]       ; o[0]        ;        ; 11.753 ; 11.753 ;        ;
; b[1]       ; o[1]        ;        ; 12.058 ; 12.058 ;        ;
; b[1]       ; o[2]        ; 12.114 ;        ;        ; 12.114 ;
; b[1]       ; o[3]        ; 11.814 ;        ;        ; 11.814 ;
; b[1]       ; o[4]        ;        ; 11.645 ; 11.645 ;        ;
; b[1]       ; o[5]        ;        ; 11.681 ; 11.681 ;        ;
; b[1]       ; o[6]        ; 11.802 ;        ;        ; 11.802 ;
; b[1]       ; o[7]        ; 12.045 ;        ;        ; 12.045 ;
; b[1]       ; o[8]        ;        ; 11.675 ; 11.675 ;        ;
; b[1]       ; o[9]        ;        ; 11.636 ; 11.636 ;        ;
; b[1]       ; o[10]       ; 11.378 ;        ;        ; 11.378 ;
; b[1]       ; o[11]       ; 11.693 ;        ;        ; 11.693 ;
; b[1]       ; o[12]       ;        ; 11.392 ; 11.392 ;        ;
; b[1]       ; o[13]       ;        ; 11.639 ; 11.639 ;        ;
; b[1]       ; o[14]       ; 11.748 ;        ;        ; 11.748 ;
; b[1]       ; o[15]       ; 11.344 ;        ;        ; 11.344 ;
; b[1]       ; o[16]       ;        ; 11.755 ; 11.755 ;        ;
; b[1]       ; o[17]       ;        ; 12.081 ; 12.081 ;        ;
; b[1]       ; o[18]       ; 12.207 ;        ;        ; 12.207 ;
; b[1]       ; o[19]       ; 11.795 ;        ;        ; 11.795 ;
; b[1]       ; o[20]       ;        ; 11.967 ; 11.967 ;        ;
; b[1]       ; o[21]       ;        ; 12.028 ; 12.028 ;        ;
; b[1]       ; o[22]       ; 12.133 ;        ;        ; 12.133 ;
; b[1]       ; o[23]       ; 12.027 ;        ;        ; 12.027 ;
; b[1]       ; o[24]       ;        ; 11.624 ; 11.624 ;        ;
; b[1]       ; o[25]       ;        ; 11.316 ; 11.316 ;        ;
; b[1]       ; o[26]       ; 11.667 ;        ;        ; 11.667 ;
; b[1]       ; o[27]       ; 11.709 ;        ;        ; 11.709 ;
; b[1]       ; o[28]       ;        ; 11.389 ; 11.389 ;        ;
; b[1]       ; o[29]       ;        ; 11.564 ; 11.564 ;        ;
; b[1]       ; o[30]       ; 11.719 ;        ;        ; 11.719 ;
; b[1]       ; o[31]       ; 11.349 ;        ;        ; 11.349 ;
; b[2]       ; o[0]        ;        ; 11.662 ; 11.662 ;        ;
; b[2]       ; o[1]        ;        ; 12.002 ; 12.002 ;        ;
; b[2]       ; o[2]        ;        ; 11.960 ; 11.960 ;        ;
; b[2]       ; o[3]        ;        ; 11.700 ; 11.700 ;        ;
; b[2]       ; o[4]        ; 11.548 ;        ;        ; 11.548 ;
; b[2]       ; o[5]        ; 11.618 ;        ;        ; 11.618 ;
; b[2]       ; o[6]        ; 11.639 ;        ;        ; 11.639 ;
; b[2]       ; o[7]        ; 11.915 ;        ;        ; 11.915 ;
; b[2]       ; o[8]        ;        ; 11.566 ; 11.566 ;        ;
; b[2]       ; o[9]        ;        ; 11.565 ; 11.565 ;        ;
; b[2]       ; o[10]       ;        ; 11.207 ; 11.207 ;        ;
; b[2]       ; o[11]       ;        ; 11.565 ; 11.565 ;        ;
; b[2]       ; o[12]       ; 11.280 ;        ;        ; 11.280 ;
; b[2]       ; o[13]       ; 11.563 ;        ;        ; 11.563 ;
; b[2]       ; o[14]       ; 11.581 ;        ;        ; 11.581 ;
; b[2]       ; o[15]       ; 11.207 ;        ;        ; 11.207 ;
; b[2]       ; o[16]       ;        ; 11.664 ; 11.664 ;        ;
; b[2]       ; o[17]       ;        ; 12.025 ; 12.025 ;        ;
; b[2]       ; o[18]       ;        ; 12.053 ; 12.053 ;        ;
; b[2]       ; o[19]       ;        ; 11.681 ; 11.681 ;        ;
; b[2]       ; o[20]       ; 11.870 ;        ;        ; 11.870 ;
; b[2]       ; o[21]       ; 11.965 ;        ;        ; 11.965 ;
; b[2]       ; o[22]       ; 11.970 ;        ;        ; 11.970 ;
; b[2]       ; o[23]       ; 11.897 ;        ;        ; 11.897 ;
; b[2]       ; o[24]       ;        ; 11.515 ; 11.515 ;        ;
; b[2]       ; o[25]       ;        ; 11.245 ; 11.245 ;        ;
; b[2]       ; o[26]       ;        ; 11.496 ; 11.496 ;        ;
; b[2]       ; o[27]       ;        ; 11.581 ; 11.581 ;        ;
; b[2]       ; o[28]       ; 11.277 ;        ;        ; 11.277 ;
; b[2]       ; o[29]       ; 11.488 ;        ;        ; 11.488 ;
; b[2]       ; o[30]       ; 11.552 ;        ;        ; 11.552 ;
; b[2]       ; o[31]       ; 11.212 ;        ;        ; 11.212 ;
; b[3]       ; o[0]        ;        ; 11.818 ; 11.818 ;        ;
; b[3]       ; o[1]        ;        ; 12.153 ; 12.153 ;        ;
; b[3]       ; o[2]        ;        ; 12.118 ; 12.118 ;        ;
; b[3]       ; o[3]        ;        ; 11.852 ; 11.852 ;        ;
; b[3]       ; o[4]        ;        ; 11.705 ; 11.705 ;        ;
; b[3]       ; o[5]        ;        ; 11.769 ; 11.769 ;        ;
; b[3]       ; o[6]        ;        ; 11.803 ; 11.803 ;        ;
; b[3]       ; o[7]        ;        ; 12.066 ; 12.066 ;        ;
; b[3]       ; o[8]        ; 11.817 ;        ;        ; 11.817 ;
; b[3]       ; o[9]        ; 11.781 ;        ;        ; 11.781 ;
; b[3]       ; o[10]       ; 11.455 ;        ;        ; 11.455 ;
; b[3]       ; o[11]       ; 11.775 ;        ;        ; 11.775 ;
; b[3]       ; o[12]       ; 11.533 ;        ;        ; 11.533 ;
; b[3]       ; o[13]       ; 11.782 ;        ;        ; 11.782 ;
; b[3]       ; o[14]       ; 11.827 ;        ;        ; 11.827 ;
; b[3]       ; o[15]       ; 11.421 ;        ;        ; 11.421 ;
; b[3]       ; o[16]       ;        ; 11.820 ; 11.820 ;        ;
; b[3]       ; o[17]       ;        ; 12.176 ; 12.176 ;        ;
; b[3]       ; o[18]       ;        ; 12.211 ; 12.211 ;        ;
; b[3]       ; o[19]       ;        ; 11.833 ; 11.833 ;        ;
; b[3]       ; o[20]       ;        ; 12.027 ; 12.027 ;        ;
; b[3]       ; o[21]       ;        ; 12.116 ; 12.116 ;        ;
; b[3]       ; o[22]       ;        ; 12.134 ; 12.134 ;        ;
; b[3]       ; o[23]       ;        ; 12.048 ; 12.048 ;        ;
; b[3]       ; o[24]       ; 11.766 ;        ;        ; 11.766 ;
; b[3]       ; o[25]       ; 11.461 ;        ;        ; 11.461 ;
; b[3]       ; o[26]       ; 11.744 ;        ;        ; 11.744 ;
; b[3]       ; o[27]       ; 11.791 ;        ;        ; 11.791 ;
; b[3]       ; o[28]       ; 11.530 ;        ;        ; 11.530 ;
; b[3]       ; o[29]       ; 11.707 ;        ;        ; 11.707 ;
; b[3]       ; o[30]       ; 11.798 ;        ;        ; 11.798 ;
; b[3]       ; o[31]       ; 11.426 ;        ;        ; 11.426 ;
; b[4]       ; o[0]        ;        ; 10.027 ; 10.027 ;        ;
; b[4]       ; o[1]        ;        ; 10.126 ; 10.126 ;        ;
; b[4]       ; o[2]        ;        ; 10.074 ; 10.074 ;        ;
; b[4]       ; o[3]        ;        ; 10.075 ; 10.075 ;        ;
; b[4]       ; o[4]        ;        ; 9.710  ; 9.710  ;        ;
; b[4]       ; o[5]        ;        ; 9.754  ; 9.754  ;        ;
; b[4]       ; o[6]        ;        ; 9.744  ; 9.744  ;        ;
; b[4]       ; o[7]        ;        ; 10.073 ; 10.073 ;        ;
; b[4]       ; o[8]        ;        ; 10.106 ; 10.106 ;        ;
; b[4]       ; o[9]        ;        ; 10.031 ; 10.031 ;        ;
; b[4]       ; o[10]       ;        ; 9.713  ; 9.713  ;        ;
; b[4]       ; o[11]       ;        ; 10.044 ; 10.044 ;        ;
; b[4]       ; o[12]       ;        ; 10.063 ; 10.063 ;        ;
; b[4]       ; o[13]       ;        ; 10.085 ; 10.085 ;        ;
; b[4]       ; o[14]       ;        ; 10.091 ; 10.091 ;        ;
; b[4]       ; o[15]       ;        ; 9.724  ; 9.724  ;        ;
; b[4]       ; o[16]       ; 10.044 ;        ;        ; 10.044 ;
; b[4]       ; o[17]       ; 10.155 ;        ;        ; 10.155 ;
; b[4]       ; o[18]       ; 10.206 ;        ;        ; 10.206 ;
; b[4]       ; o[19]       ; 10.053 ;        ;        ; 10.053 ;
; b[4]       ; o[20]       ; 10.067 ;        ;        ; 10.067 ;
; b[4]       ; o[21]       ; 10.140 ;        ;        ; 10.140 ;
; b[4]       ; o[22]       ; 10.118 ;        ;        ; 10.118 ;
; b[4]       ; o[23]       ; 10.068 ;        ;        ; 10.068 ;
; b[4]       ; o[24]       ; 10.072 ;        ;        ; 10.072 ;
; b[4]       ; o[25]       ; 9.748  ;        ;        ; 9.748  ;
; b[4]       ; o[26]       ; 10.036 ;        ;        ; 10.036 ;
; b[4]       ; o[27]       ; 10.092 ;        ;        ; 10.092 ;
; b[4]       ; o[28]       ; 10.066 ;        ;        ; 10.066 ;
; b[4]       ; o[29]       ; 10.043 ;        ;        ; 10.043 ;
; b[4]       ; o[30]       ; 10.093 ;        ;        ; 10.093 ;
; b[4]       ; o[31]       ; 9.759  ;        ;        ; 9.759  ;
+------------+-------------+--------+--------+--------+--------+


+--------------------------------------------------------------+
; Minimum Propagation Delay                                    ;
+------------+-------------+--------+--------+--------+--------+
; Input Port ; Output Port ; RR     ; RF     ; FR     ; FF     ;
+------------+-------------+--------+--------+--------+--------+
; b[0]       ; o[0]        ;        ; 11.511 ; 11.511 ;        ;
; b[0]       ; o[1]        ; 11.852 ;        ;        ; 11.852 ;
; b[0]       ; o[2]        ;        ; 11.810 ; 11.810 ;        ;
; b[0]       ; o[3]        ; 11.551 ;        ;        ; 11.551 ;
; b[0]       ; o[4]        ;        ; 11.379 ; 11.379 ;        ;
; b[0]       ; o[5]        ; 11.445 ;        ;        ; 11.445 ;
; b[0]       ; o[6]        ;        ; 11.489 ; 11.489 ;        ;
; b[0]       ; o[7]        ; 11.747 ;        ;        ; 11.747 ;
; b[0]       ; o[8]        ;        ; 11.415 ; 11.415 ;        ;
; b[0]       ; o[9]        ; 11.415 ;        ;        ; 11.415 ;
; b[0]       ; o[10]       ;        ; 11.048 ; 11.048 ;        ;
; b[0]       ; o[11]       ; 11.416 ;        ;        ; 11.416 ;
; b[0]       ; o[12]       ;        ; 11.128 ; 11.128 ;        ;
; b[0]       ; o[13]       ; 11.405 ;        ;        ; 11.405 ;
; b[0]       ; o[14]       ;        ; 11.407 ; 11.407 ;        ;
; b[0]       ; o[15]       ; 11.033 ;        ;        ; 11.033 ;
; b[0]       ; o[16]       ;        ; 11.513 ; 11.513 ;        ;
; b[0]       ; o[17]       ; 11.875 ;        ;        ; 11.875 ;
; b[0]       ; o[18]       ;        ; 11.903 ; 11.903 ;        ;
; b[0]       ; o[19]       ; 11.532 ;        ;        ; 11.532 ;
; b[0]       ; o[20]       ;        ; 11.701 ; 11.701 ;        ;
; b[0]       ; o[21]       ; 11.792 ;        ;        ; 11.792 ;
; b[0]       ; o[22]       ;        ; 11.820 ; 11.820 ;        ;
; b[0]       ; o[23]       ; 11.729 ;        ;        ; 11.729 ;
; b[0]       ; o[24]       ;        ; 11.364 ; 11.364 ;        ;
; b[0]       ; o[25]       ; 11.095 ;        ;        ; 11.095 ;
; b[0]       ; o[26]       ;        ; 11.337 ; 11.337 ;        ;
; b[0]       ; o[27]       ; 11.432 ;        ;        ; 11.432 ;
; b[0]       ; o[28]       ;        ; 11.125 ; 11.125 ;        ;
; b[0]       ; o[29]       ; 11.330 ;        ;        ; 11.330 ;
; b[0]       ; o[30]       ;        ; 11.378 ; 11.378 ;        ;
; b[0]       ; o[31]       ; 11.038 ;        ;        ; 11.038 ;
; b[1]       ; o[0]        ;        ; 11.753 ; 11.753 ;        ;
; b[1]       ; o[1]        ;        ; 12.058 ; 12.058 ;        ;
; b[1]       ; o[2]        ; 12.114 ;        ;        ; 12.114 ;
; b[1]       ; o[3]        ; 11.814 ;        ;        ; 11.814 ;
; b[1]       ; o[4]        ;        ; 11.645 ; 11.645 ;        ;
; b[1]       ; o[5]        ;        ; 11.681 ; 11.681 ;        ;
; b[1]       ; o[6]        ; 11.802 ;        ;        ; 11.802 ;
; b[1]       ; o[7]        ; 12.045 ;        ;        ; 12.045 ;
; b[1]       ; o[8]        ;        ; 11.675 ; 11.675 ;        ;
; b[1]       ; o[9]        ;        ; 11.636 ; 11.636 ;        ;
; b[1]       ; o[10]       ; 11.378 ;        ;        ; 11.378 ;
; b[1]       ; o[11]       ; 11.693 ;        ;        ; 11.693 ;
; b[1]       ; o[12]       ;        ; 11.392 ; 11.392 ;        ;
; b[1]       ; o[13]       ;        ; 11.639 ; 11.639 ;        ;
; b[1]       ; o[14]       ; 11.748 ;        ;        ; 11.748 ;
; b[1]       ; o[15]       ; 11.344 ;        ;        ; 11.344 ;
; b[1]       ; o[16]       ;        ; 11.755 ; 11.755 ;        ;
; b[1]       ; o[17]       ;        ; 12.081 ; 12.081 ;        ;
; b[1]       ; o[18]       ; 12.207 ;        ;        ; 12.207 ;
; b[1]       ; o[19]       ; 11.795 ;        ;        ; 11.795 ;
; b[1]       ; o[20]       ;        ; 11.967 ; 11.967 ;        ;
; b[1]       ; o[21]       ;        ; 12.028 ; 12.028 ;        ;
; b[1]       ; o[22]       ; 12.133 ;        ;        ; 12.133 ;
; b[1]       ; o[23]       ; 12.027 ;        ;        ; 12.027 ;
; b[1]       ; o[24]       ;        ; 11.624 ; 11.624 ;        ;
; b[1]       ; o[25]       ;        ; 11.316 ; 11.316 ;        ;
; b[1]       ; o[26]       ; 11.667 ;        ;        ; 11.667 ;
; b[1]       ; o[27]       ; 11.709 ;        ;        ; 11.709 ;
; b[1]       ; o[28]       ;        ; 11.389 ; 11.389 ;        ;
; b[1]       ; o[29]       ;        ; 11.564 ; 11.564 ;        ;
; b[1]       ; o[30]       ; 11.719 ;        ;        ; 11.719 ;
; b[1]       ; o[31]       ; 11.349 ;        ;        ; 11.349 ;
; b[2]       ; o[0]        ;        ; 11.662 ; 11.662 ;        ;
; b[2]       ; o[1]        ;        ; 12.002 ; 12.002 ;        ;
; b[2]       ; o[2]        ;        ; 11.960 ; 11.960 ;        ;
; b[2]       ; o[3]        ;        ; 11.700 ; 11.700 ;        ;
; b[2]       ; o[4]        ; 11.548 ;        ;        ; 11.548 ;
; b[2]       ; o[5]        ; 11.618 ;        ;        ; 11.618 ;
; b[2]       ; o[6]        ; 11.639 ;        ;        ; 11.639 ;
; b[2]       ; o[7]        ; 11.915 ;        ;        ; 11.915 ;
; b[2]       ; o[8]        ;        ; 11.566 ; 11.566 ;        ;
; b[2]       ; o[9]        ;        ; 11.565 ; 11.565 ;        ;
; b[2]       ; o[10]       ;        ; 11.207 ; 11.207 ;        ;
; b[2]       ; o[11]       ;        ; 11.565 ; 11.565 ;        ;
; b[2]       ; o[12]       ; 11.280 ;        ;        ; 11.280 ;
; b[2]       ; o[13]       ; 11.563 ;        ;        ; 11.563 ;
; b[2]       ; o[14]       ; 11.581 ;        ;        ; 11.581 ;
; b[2]       ; o[15]       ; 11.207 ;        ;        ; 11.207 ;
; b[2]       ; o[16]       ;        ; 11.664 ; 11.664 ;        ;
; b[2]       ; o[17]       ;        ; 12.025 ; 12.025 ;        ;
; b[2]       ; o[18]       ;        ; 12.053 ; 12.053 ;        ;
; b[2]       ; o[19]       ;        ; 11.681 ; 11.681 ;        ;
; b[2]       ; o[20]       ; 11.870 ;        ;        ; 11.870 ;
; b[2]       ; o[21]       ; 11.965 ;        ;        ; 11.965 ;
; b[2]       ; o[22]       ; 11.970 ;        ;        ; 11.970 ;
; b[2]       ; o[23]       ; 11.897 ;        ;        ; 11.897 ;
; b[2]       ; o[24]       ;        ; 11.515 ; 11.515 ;        ;
; b[2]       ; o[25]       ;        ; 11.245 ; 11.245 ;        ;
; b[2]       ; o[26]       ;        ; 11.496 ; 11.496 ;        ;
; b[2]       ; o[27]       ;        ; 11.581 ; 11.581 ;        ;
; b[2]       ; o[28]       ; 11.277 ;        ;        ; 11.277 ;
; b[2]       ; o[29]       ; 11.488 ;        ;        ; 11.488 ;
; b[2]       ; o[30]       ; 11.552 ;        ;        ; 11.552 ;
; b[2]       ; o[31]       ; 11.212 ;        ;        ; 11.212 ;
; b[3]       ; o[0]        ;        ; 11.818 ; 11.818 ;        ;
; b[3]       ; o[1]        ;        ; 12.153 ; 12.153 ;        ;
; b[3]       ; o[2]        ;        ; 12.118 ; 12.118 ;        ;
; b[3]       ; o[3]        ;        ; 11.852 ; 11.852 ;        ;
; b[3]       ; o[4]        ;        ; 11.705 ; 11.705 ;        ;
; b[3]       ; o[5]        ;        ; 11.769 ; 11.769 ;        ;
; b[3]       ; o[6]        ;        ; 11.803 ; 11.803 ;        ;
; b[3]       ; o[7]        ;        ; 12.066 ; 12.066 ;        ;
; b[3]       ; o[8]        ; 11.817 ;        ;        ; 11.817 ;
; b[3]       ; o[9]        ; 11.781 ;        ;        ; 11.781 ;
; b[3]       ; o[10]       ; 11.455 ;        ;        ; 11.455 ;
; b[3]       ; o[11]       ; 11.775 ;        ;        ; 11.775 ;
; b[3]       ; o[12]       ; 11.533 ;        ;        ; 11.533 ;
; b[3]       ; o[13]       ; 11.782 ;        ;        ; 11.782 ;
; b[3]       ; o[14]       ; 11.827 ;        ;        ; 11.827 ;
; b[3]       ; o[15]       ; 11.421 ;        ;        ; 11.421 ;
; b[3]       ; o[16]       ;        ; 11.820 ; 11.820 ;        ;
; b[3]       ; o[17]       ;        ; 12.176 ; 12.176 ;        ;
; b[3]       ; o[18]       ;        ; 12.211 ; 12.211 ;        ;
; b[3]       ; o[19]       ;        ; 11.833 ; 11.833 ;        ;
; b[3]       ; o[20]       ;        ; 12.027 ; 12.027 ;        ;
; b[3]       ; o[21]       ;        ; 12.116 ; 12.116 ;        ;
; b[3]       ; o[22]       ;        ; 12.134 ; 12.134 ;        ;
; b[3]       ; o[23]       ;        ; 12.048 ; 12.048 ;        ;
; b[3]       ; o[24]       ; 11.766 ;        ;        ; 11.766 ;
; b[3]       ; o[25]       ; 11.461 ;        ;        ; 11.461 ;
; b[3]       ; o[26]       ; 11.744 ;        ;        ; 11.744 ;
; b[3]       ; o[27]       ; 11.791 ;        ;        ; 11.791 ;
; b[3]       ; o[28]       ; 11.530 ;        ;        ; 11.530 ;
; b[3]       ; o[29]       ; 11.707 ;        ;        ; 11.707 ;
; b[3]       ; o[30]       ; 11.798 ;        ;        ; 11.798 ;
; b[3]       ; o[31]       ; 11.426 ;        ;        ; 11.426 ;
; b[4]       ; o[0]        ;        ; 10.027 ; 10.027 ;        ;
; b[4]       ; o[1]        ;        ; 10.126 ; 10.126 ;        ;
; b[4]       ; o[2]        ;        ; 10.074 ; 10.074 ;        ;
; b[4]       ; o[3]        ;        ; 10.075 ; 10.075 ;        ;
; b[4]       ; o[4]        ;        ; 9.710  ; 9.710  ;        ;
; b[4]       ; o[5]        ;        ; 9.754  ; 9.754  ;        ;
; b[4]       ; o[6]        ;        ; 9.744  ; 9.744  ;        ;
; b[4]       ; o[7]        ;        ; 10.073 ; 10.073 ;        ;
; b[4]       ; o[8]        ;        ; 10.106 ; 10.106 ;        ;
; b[4]       ; o[9]        ;        ; 10.031 ; 10.031 ;        ;
; b[4]       ; o[10]       ;        ; 9.713  ; 9.713  ;        ;
; b[4]       ; o[11]       ;        ; 10.044 ; 10.044 ;        ;
; b[4]       ; o[12]       ;        ; 10.063 ; 10.063 ;        ;
; b[4]       ; o[13]       ;        ; 10.085 ; 10.085 ;        ;
; b[4]       ; o[14]       ;        ; 10.091 ; 10.091 ;        ;
; b[4]       ; o[15]       ;        ; 9.724  ; 9.724  ;        ;
; b[4]       ; o[16]       ; 10.044 ;        ;        ; 10.044 ;
; b[4]       ; o[17]       ; 10.155 ;        ;        ; 10.155 ;
; b[4]       ; o[18]       ; 10.206 ;        ;        ; 10.206 ;
; b[4]       ; o[19]       ; 10.053 ;        ;        ; 10.053 ;
; b[4]       ; o[20]       ; 10.067 ;        ;        ; 10.067 ;
; b[4]       ; o[21]       ; 10.140 ;        ;        ; 10.140 ;
; b[4]       ; o[22]       ; 10.118 ;        ;        ; 10.118 ;
; b[4]       ; o[23]       ; 10.068 ;        ;        ; 10.068 ;
; b[4]       ; o[24]       ; 10.072 ;        ;        ; 10.072 ;
; b[4]       ; o[25]       ; 9.748  ;        ;        ; 9.748  ;
; b[4]       ; o[26]       ; 10.036 ;        ;        ; 10.036 ;
; b[4]       ; o[27]       ; 10.092 ;        ;        ; 10.092 ;
; b[4]       ; o[28]       ; 10.066 ;        ;        ; 10.066 ;
; b[4]       ; o[29]       ; 10.043 ;        ;        ; 10.043 ;
; b[4]       ; o[30]       ; 10.093 ;        ;        ; 10.093 ;
; b[4]       ; o[31]       ; 9.759  ;        ;        ; 9.759  ;
+------------+-------------+--------+--------+--------+--------+


----------------------------
; Fast Model Setup Summary ;
----------------------------
No paths to report.


---------------------------
; Fast Model Hold Summary ;
---------------------------
No paths to report.


-------------------------------
; Fast Model Recovery Summary ;
-------------------------------
No paths to report.


------------------------------
; Fast Model Removal Summary ;
------------------------------
No paths to report.


------------------------------------------
; Fast Model Minimum Pulse Width Summary ;
------------------------------------------
No paths to report.


+----------------------------------------------------------+
; Propagation Delay                                        ;
+------------+-------------+-------+-------+-------+-------+
; Input Port ; Output Port ; RR    ; RF    ; FR    ; FF    ;
+------------+-------------+-------+-------+-------+-------+
; b[0]       ; o[0]        ;       ; 5.732 ; 5.732 ;       ;
; b[0]       ; o[1]        ; 5.922 ;       ;       ; 5.922 ;
; b[0]       ; o[2]        ;       ; 5.827 ; 5.827 ;       ;
; b[0]       ; o[3]        ; 5.754 ;       ;       ; 5.754 ;
; b[0]       ; o[4]        ;       ; 5.658 ; 5.658 ;       ;
; b[0]       ; o[5]        ; 5.697 ;       ;       ; 5.697 ;
; b[0]       ; o[6]        ;       ; 5.715 ; 5.715 ;       ;
; b[0]       ; o[7]        ; 5.794 ;       ;       ; 5.794 ;
; b[0]       ; o[8]        ;       ; 5.689 ; 5.689 ;       ;
; b[0]       ; o[9]        ; 5.656 ;       ;       ; 5.656 ;
; b[0]       ; o[10]       ;       ; 5.514 ; 5.514 ;       ;
; b[0]       ; o[11]       ; 5.664 ;       ;       ; 5.664 ;
; b[0]       ; o[12]       ;       ; 5.603 ; 5.603 ;       ;
; b[0]       ; o[13]       ; 5.657 ;       ;       ; 5.657 ;
; b[0]       ; o[14]       ;       ; 5.663 ; 5.663 ;       ;
; b[0]       ; o[15]       ; 5.505 ;       ;       ; 5.505 ;
; b[0]       ; o[16]       ;       ; 5.738 ; 5.738 ;       ;
; b[0]       ; o[17]       ; 5.945 ;       ;       ; 5.945 ;
; b[0]       ; o[18]       ;       ; 5.921 ; 5.921 ;       ;
; b[0]       ; o[19]       ; 5.751 ;       ;       ; 5.751 ;
; b[0]       ; o[20]       ;       ; 5.791 ; 5.791 ;       ;
; b[0]       ; o[21]       ; 5.898 ;       ;       ; 5.898 ;
; b[0]       ; o[22]       ;       ; 5.898 ; 5.898 ;       ;
; b[0]       ; o[23]       ; 5.839 ;       ;       ; 5.839 ;
; b[0]       ; o[24]       ;       ; 5.668 ; 5.668 ;       ;
; b[0]       ; o[25]       ; 5.563 ;       ;       ; 5.563 ;
; b[0]       ; o[26]       ;       ; 5.636 ; 5.636 ;       ;
; b[0]       ; o[27]       ; 5.697 ;       ;       ; 5.697 ;
; b[0]       ; o[28]       ;       ; 5.598 ; 5.598 ;       ;
; b[0]       ; o[29]       ; 5.630 ;       ;       ; 5.630 ;
; b[0]       ; o[30]       ;       ; 5.664 ; 5.664 ;       ;
; b[0]       ; o[31]       ; 5.537 ;       ;       ; 5.537 ;
; b[1]       ; o[0]        ;       ; 5.831 ; 5.831 ;       ;
; b[1]       ; o[1]        ;       ; 6.014 ; 6.014 ;       ;
; b[1]       ; o[2]        ; 5.922 ;       ;       ; 5.922 ;
; b[1]       ; o[3]        ; 5.847 ;       ;       ; 5.847 ;
; b[1]       ; o[4]        ;       ; 5.781 ; 5.781 ;       ;
; b[1]       ; o[5]        ;       ; 5.820 ; 5.820 ;       ;
; b[1]       ; o[6]        ; 5.818 ;       ;       ; 5.818 ;
; b[1]       ; o[7]        ; 5.917 ;       ;       ; 5.917 ;
; b[1]       ; o[8]        ;       ; 5.797 ; 5.797 ;       ;
; b[1]       ; o[9]        ;       ; 5.760 ; 5.760 ;       ;
; b[1]       ; o[10]       ; 5.633 ;       ;       ; 5.633 ;
; b[1]       ; o[11]       ; 5.766 ;       ;       ; 5.766 ;
; b[1]       ; o[12]       ;       ; 5.714 ; 5.714 ;       ;
; b[1]       ; o[13]       ;       ; 5.774 ; 5.774 ;       ;
; b[1]       ; o[14]       ; 5.791 ;       ;       ; 5.791 ;
; b[1]       ; o[15]       ; 5.632 ;       ;       ; 5.632 ;
; b[1]       ; o[16]       ;       ; 5.837 ; 5.837 ;       ;
; b[1]       ; o[17]       ;       ; 6.037 ; 6.037 ;       ;
; b[1]       ; o[18]       ; 6.016 ;       ;       ; 6.016 ;
; b[1]       ; o[19]       ; 5.844 ;       ;       ; 5.844 ;
; b[1]       ; o[20]       ;       ; 5.914 ; 5.914 ;       ;
; b[1]       ; o[21]       ;       ; 6.021 ; 6.021 ;       ;
; b[1]       ; o[22]       ; 6.001 ;       ;       ; 6.001 ;
; b[1]       ; o[23]       ; 5.962 ;       ;       ; 5.962 ;
; b[1]       ; o[24]       ;       ; 5.776 ; 5.776 ;       ;
; b[1]       ; o[25]       ;       ; 5.667 ; 5.667 ;       ;
; b[1]       ; o[26]       ; 5.755 ;       ;       ; 5.755 ;
; b[1]       ; o[27]       ; 5.799 ;       ;       ; 5.799 ;
; b[1]       ; o[28]       ;       ; 5.709 ; 5.709 ;       ;
; b[1]       ; o[29]       ;       ; 5.747 ; 5.747 ;       ;
; b[1]       ; o[30]       ; 5.792 ;       ;       ; 5.792 ;
; b[1]       ; o[31]       ; 5.664 ;       ;       ; 5.664 ;
; b[2]       ; o[0]        ;       ; 5.797 ; 5.797 ;       ;
; b[2]       ; o[1]        ;       ; 5.984 ; 5.984 ;       ;
; b[2]       ; o[2]        ;       ; 5.892 ; 5.892 ;       ;
; b[2]       ; o[3]        ;       ; 5.816 ; 5.816 ;       ;
; b[2]       ; o[4]        ; 5.763 ;       ;       ; 5.763 ;
; b[2]       ; o[5]        ; 5.805 ;       ;       ; 5.805 ;
; b[2]       ; o[6]        ; 5.802 ;       ;       ; 5.802 ;
; b[2]       ; o[7]        ; 5.897 ;       ;       ; 5.897 ;
; b[2]       ; o[8]        ;       ; 5.752 ; 5.752 ;       ;
; b[2]       ; o[9]        ;       ; 5.716 ; 5.716 ;       ;
; b[2]       ; o[10]       ;       ; 5.590 ; 5.590 ;       ;
; b[2]       ; o[11]       ;       ; 5.723 ; 5.723 ;       ;
; b[2]       ; o[12]       ; 5.696 ;       ;       ; 5.696 ;
; b[2]       ; o[13]       ; 5.756 ;       ;       ; 5.756 ;
; b[2]       ; o[14]       ; 5.773 ;       ;       ; 5.773 ;
; b[2]       ; o[15]       ; 5.611 ;       ;       ; 5.611 ;
; b[2]       ; o[16]       ;       ; 5.803 ; 5.803 ;       ;
; b[2]       ; o[17]       ;       ; 6.007 ; 6.007 ;       ;
; b[2]       ; o[18]       ;       ; 5.986 ; 5.986 ;       ;
; b[2]       ; o[19]       ;       ; 5.813 ; 5.813 ;       ;
; b[2]       ; o[20]       ; 5.896 ;       ;       ; 5.896 ;
; b[2]       ; o[21]       ; 6.006 ;       ;       ; 6.006 ;
; b[2]       ; o[22]       ; 5.985 ;       ;       ; 5.985 ;
; b[2]       ; o[23]       ; 5.942 ;       ;       ; 5.942 ;
; b[2]       ; o[24]       ;       ; 5.731 ; 5.731 ;       ;
; b[2]       ; o[25]       ;       ; 5.623 ; 5.623 ;       ;
; b[2]       ; o[26]       ;       ; 5.712 ; 5.712 ;       ;
; b[2]       ; o[27]       ;       ; 5.756 ; 5.756 ;       ;
; b[2]       ; o[28]       ; 5.691 ;       ;       ; 5.691 ;
; b[2]       ; o[29]       ; 5.729 ;       ;       ; 5.729 ;
; b[2]       ; o[30]       ; 5.774 ;       ;       ; 5.774 ;
; b[2]       ; o[31]       ; 5.643 ;       ;       ; 5.643 ;
; b[3]       ; o[0]        ;       ; 5.876 ; 5.876 ;       ;
; b[3]       ; o[1]        ;       ; 6.059 ; 6.059 ;       ;
; b[3]       ; o[2]        ;       ; 5.971 ; 5.971 ;       ;
; b[3]       ; o[3]        ;       ; 5.891 ; 5.891 ;       ;
; b[3]       ; o[4]        ;       ; 5.823 ; 5.823 ;       ;
; b[3]       ; o[5]        ;       ; 5.860 ; 5.860 ;       ;
; b[3]       ; o[6]        ;       ; 5.859 ; 5.859 ;       ;
; b[3]       ; o[7]        ;       ; 5.952 ; 5.952 ;       ;
; b[3]       ; o[8]        ; 5.838 ;       ;       ; 5.838 ;
; b[3]       ; o[9]        ; 5.805 ;       ;       ; 5.805 ;
; b[3]       ; o[10]       ; 5.674 ;       ;       ; 5.674 ;
; b[3]       ; o[11]       ; 5.808 ;       ;       ; 5.808 ;
; b[3]       ; o[12]       ; 5.755 ;       ;       ; 5.755 ;
; b[3]       ; o[13]       ; 5.817 ;       ;       ; 5.817 ;
; b[3]       ; o[14]       ; 5.833 ;       ;       ; 5.833 ;
; b[3]       ; o[15]       ; 5.673 ;       ;       ; 5.673 ;
; b[3]       ; o[16]       ;       ; 5.882 ; 5.882 ;       ;
; b[3]       ; o[17]       ;       ; 6.082 ; 6.082 ;       ;
; b[3]       ; o[18]       ;       ; 6.065 ; 6.065 ;       ;
; b[3]       ; o[19]       ;       ; 5.888 ; 5.888 ;       ;
; b[3]       ; o[20]       ;       ; 5.956 ; 5.956 ;       ;
; b[3]       ; o[21]       ;       ; 6.061 ; 6.061 ;       ;
; b[3]       ; o[22]       ;       ; 6.042 ; 6.042 ;       ;
; b[3]       ; o[23]       ;       ; 5.997 ; 5.997 ;       ;
; b[3]       ; o[24]       ; 5.817 ;       ;       ; 5.817 ;
; b[3]       ; o[25]       ; 5.712 ;       ;       ; 5.712 ;
; b[3]       ; o[26]       ; 5.796 ;       ;       ; 5.796 ;
; b[3]       ; o[27]       ; 5.841 ;       ;       ; 5.841 ;
; b[3]       ; o[28]       ; 5.750 ;       ;       ; 5.750 ;
; b[3]       ; o[29]       ; 5.790 ;       ;       ; 5.790 ;
; b[3]       ; o[30]       ; 5.834 ;       ;       ; 5.834 ;
; b[3]       ; o[31]       ; 5.705 ;       ;       ; 5.705 ;
; b[4]       ; o[0]        ;       ; 5.152 ; 5.152 ;       ;
; b[4]       ; o[1]        ;       ; 5.264 ; 5.264 ;       ;
; b[4]       ; o[2]        ;       ; 5.185 ; 5.185 ;       ;
; b[4]       ; o[3]        ;       ; 5.184 ; 5.184 ;       ;
; b[4]       ; o[4]        ;       ; 5.048 ; 5.048 ;       ;
; b[4]       ; o[5]        ;       ; 5.076 ; 5.076 ;       ;
; b[4]       ; o[6]        ;       ; 5.067 ; 5.067 ;       ;
; b[4]       ; o[7]        ;       ; 5.187 ; 5.187 ;       ;
; b[4]       ; o[8]        ;       ; 5.215 ; 5.215 ;       ;
; b[4]       ; o[9]        ;       ; 5.159 ; 5.159 ;       ;
; b[4]       ; o[10]       ;       ; 5.037 ; 5.037 ;       ;
; b[4]       ; o[11]       ;       ; 5.171 ; 5.171 ;       ;
; b[4]       ; o[12]       ;       ; 5.188 ; 5.188 ;       ;
; b[4]       ; o[13]       ;       ; 5.193 ; 5.193 ;       ;
; b[4]       ; o[14]       ;       ; 5.202 ; 5.202 ;       ;
; b[4]       ; o[15]       ;       ; 5.048 ; 5.048 ;       ;
; b[4]       ; o[16]       ; 5.170 ;       ;       ; 5.170 ;
; b[4]       ; o[17]       ; 5.291 ;       ;       ; 5.291 ;
; b[4]       ; o[18]       ; 5.284 ;       ;       ; 5.284 ;
; b[4]       ; o[19]       ; 5.177 ;       ;       ; 5.177 ;
; b[4]       ; o[20]       ; 5.185 ;       ;       ; 5.185 ;
; b[4]       ; o[21]       ; 5.283 ;       ;       ; 5.283 ;
; b[4]       ; o[22]       ; 5.260 ;       ;       ; 5.260 ;
; b[4]       ; o[23]       ; 5.216 ;       ;       ; 5.216 ;
; b[4]       ; o[24]       ; 5.181 ;       ;       ; 5.181 ;
; b[4]       ; o[25]       ; 5.071 ;       ;       ; 5.071 ;
; b[4]       ; o[26]       ; 5.163 ;       ;       ; 5.163 ;
; b[4]       ; o[27]       ; 5.204 ;       ;       ; 5.204 ;
; b[4]       ; o[28]       ; 5.187 ;       ;       ; 5.187 ;
; b[4]       ; o[29]       ; 5.168 ;       ;       ; 5.168 ;
; b[4]       ; o[30]       ; 5.204 ;       ;       ; 5.204 ;
; b[4]       ; o[31]       ; 5.079 ;       ;       ; 5.079 ;
+------------+-------------+-------+-------+-------+-------+


+----------------------------------------------------------+
; Minimum Propagation Delay                                ;
+------------+-------------+-------+-------+-------+-------+
; Input Port ; Output Port ; RR    ; RF    ; FR    ; FF    ;
+------------+-------------+-------+-------+-------+-------+
; b[0]       ; o[0]        ;       ; 5.732 ; 5.732 ;       ;
; b[0]       ; o[1]        ; 5.922 ;       ;       ; 5.922 ;
; b[0]       ; o[2]        ;       ; 5.827 ; 5.827 ;       ;
; b[0]       ; o[3]        ; 5.754 ;       ;       ; 5.754 ;
; b[0]       ; o[4]        ;       ; 5.658 ; 5.658 ;       ;
; b[0]       ; o[5]        ; 5.697 ;       ;       ; 5.697 ;
; b[0]       ; o[6]        ;       ; 5.715 ; 5.715 ;       ;
; b[0]       ; o[7]        ; 5.794 ;       ;       ; 5.794 ;
; b[0]       ; o[8]        ;       ; 5.689 ; 5.689 ;       ;
; b[0]       ; o[9]        ; 5.656 ;       ;       ; 5.656 ;
; b[0]       ; o[10]       ;       ; 5.514 ; 5.514 ;       ;
; b[0]       ; o[11]       ; 5.664 ;       ;       ; 5.664 ;
; b[0]       ; o[12]       ;       ; 5.603 ; 5.603 ;       ;
; b[0]       ; o[13]       ; 5.657 ;       ;       ; 5.657 ;
; b[0]       ; o[14]       ;       ; 5.663 ; 5.663 ;       ;
; b[0]       ; o[15]       ; 5.505 ;       ;       ; 5.505 ;
; b[0]       ; o[16]       ;       ; 5.738 ; 5.738 ;       ;
; b[0]       ; o[17]       ; 5.945 ;       ;       ; 5.945 ;
; b[0]       ; o[18]       ;       ; 5.921 ; 5.921 ;       ;
; b[0]       ; o[19]       ; 5.751 ;       ;       ; 5.751 ;
; b[0]       ; o[20]       ;       ; 5.791 ; 5.791 ;       ;
; b[0]       ; o[21]       ; 5.898 ;       ;       ; 5.898 ;
; b[0]       ; o[22]       ;       ; 5.898 ; 5.898 ;       ;
; b[0]       ; o[23]       ; 5.839 ;       ;       ; 5.839 ;
; b[0]       ; o[24]       ;       ; 5.668 ; 5.668 ;       ;
; b[0]       ; o[25]       ; 5.563 ;       ;       ; 5.563 ;
; b[0]       ; o[26]       ;       ; 5.636 ; 5.636 ;       ;
; b[0]       ; o[27]       ; 5.697 ;       ;       ; 5.697 ;
; b[0]       ; o[28]       ;       ; 5.598 ; 5.598 ;       ;
; b[0]       ; o[29]       ; 5.630 ;       ;       ; 5.630 ;
; b[0]       ; o[30]       ;       ; 5.664 ; 5.664 ;       ;
; b[0]       ; o[31]       ; 5.537 ;       ;       ; 5.537 ;
; b[1]       ; o[0]        ;       ; 5.831 ; 5.831 ;       ;
; b[1]       ; o[1]        ;       ; 6.014 ; 6.014 ;       ;
; b[1]       ; o[2]        ; 5.922 ;       ;       ; 5.922 ;
; b[1]       ; o[3]        ; 5.847 ;       ;       ; 5.847 ;
; b[1]       ; o[4]        ;       ; 5.781 ; 5.781 ;       ;
; b[1]       ; o[5]        ;       ; 5.820 ; 5.820 ;       ;
; b[1]       ; o[6]        ; 5.818 ;       ;       ; 5.818 ;
; b[1]       ; o[7]        ; 5.917 ;       ;       ; 5.917 ;
; b[1]       ; o[8]        ;       ; 5.797 ; 5.797 ;       ;
; b[1]       ; o[9]        ;       ; 5.760 ; 5.760 ;       ;
; b[1]       ; o[10]       ; 5.633 ;       ;       ; 5.633 ;
; b[1]       ; o[11]       ; 5.766 ;       ;       ; 5.766 ;
; b[1]       ; o[12]       ;       ; 5.714 ; 5.714 ;       ;
; b[1]       ; o[13]       ;       ; 5.774 ; 5.774 ;       ;
; b[1]       ; o[14]       ; 5.791 ;       ;       ; 5.791 ;
; b[1]       ; o[15]       ; 5.632 ;       ;       ; 5.632 ;
; b[1]       ; o[16]       ;       ; 5.837 ; 5.837 ;       ;
; b[1]       ; o[17]       ;       ; 6.037 ; 6.037 ;       ;
; b[1]       ; o[18]       ; 6.016 ;       ;       ; 6.016 ;
; b[1]       ; o[19]       ; 5.844 ;       ;       ; 5.844 ;
; b[1]       ; o[20]       ;       ; 5.914 ; 5.914 ;       ;
; b[1]       ; o[21]       ;       ; 6.021 ; 6.021 ;       ;
; b[1]       ; o[22]       ; 6.001 ;       ;       ; 6.001 ;
; b[1]       ; o[23]       ; 5.962 ;       ;       ; 5.962 ;
; b[1]       ; o[24]       ;       ; 5.776 ; 5.776 ;       ;
; b[1]       ; o[25]       ;       ; 5.667 ; 5.667 ;       ;
; b[1]       ; o[26]       ; 5.755 ;       ;       ; 5.755 ;
; b[1]       ; o[27]       ; 5.799 ;       ;       ; 5.799 ;
; b[1]       ; o[28]       ;       ; 5.709 ; 5.709 ;       ;
; b[1]       ; o[29]       ;       ; 5.747 ; 5.747 ;       ;
; b[1]       ; o[30]       ; 5.792 ;       ;       ; 5.792 ;
; b[1]       ; o[31]       ; 5.664 ;       ;       ; 5.664 ;
; b[2]       ; o[0]        ;       ; 5.797 ; 5.797 ;       ;
; b[2]       ; o[1]        ;       ; 5.984 ; 5.984 ;       ;
; b[2]       ; o[2]        ;       ; 5.892 ; 5.892 ;       ;
; b[2]       ; o[3]        ;       ; 5.816 ; 5.816 ;       ;
; b[2]       ; o[4]        ; 5.763 ;       ;       ; 5.763 ;
; b[2]       ; o[5]        ; 5.805 ;       ;       ; 5.805 ;
; b[2]       ; o[6]        ; 5.802 ;       ;       ; 5.802 ;
; b[2]       ; o[7]        ; 5.897 ;       ;       ; 5.897 ;
; b[2]       ; o[8]        ;       ; 5.752 ; 5.752 ;       ;
; b[2]       ; o[9]        ;       ; 5.716 ; 5.716 ;       ;
; b[2]       ; o[10]       ;       ; 5.590 ; 5.590 ;       ;
; b[2]       ; o[11]       ;       ; 5.723 ; 5.723 ;       ;
; b[2]       ; o[12]       ; 5.696 ;       ;       ; 5.696 ;
; b[2]       ; o[13]       ; 5.756 ;       ;       ; 5.756 ;
; b[2]       ; o[14]       ; 5.773 ;       ;       ; 5.773 ;
; b[2]       ; o[15]       ; 5.611 ;       ;       ; 5.611 ;
; b[2]       ; o[16]       ;       ; 5.803 ; 5.803 ;       ;
; b[2]       ; o[17]       ;       ; 6.007 ; 6.007 ;       ;
; b[2]       ; o[18]       ;       ; 5.986 ; 5.986 ;       ;
; b[2]       ; o[19]       ;       ; 5.813 ; 5.813 ;       ;
; b[2]       ; o[20]       ; 5.896 ;       ;       ; 5.896 ;
; b[2]       ; o[21]       ; 6.006 ;       ;       ; 6.006 ;
; b[2]       ; o[22]       ; 5.985 ;       ;       ; 5.985 ;
; b[2]       ; o[23]       ; 5.942 ;       ;       ; 5.942 ;
; b[2]       ; o[24]       ;       ; 5.731 ; 5.731 ;       ;
; b[2]       ; o[25]       ;       ; 5.623 ; 5.623 ;       ;
; b[2]       ; o[26]       ;       ; 5.712 ; 5.712 ;       ;
; b[2]       ; o[27]       ;       ; 5.756 ; 5.756 ;       ;
; b[2]       ; o[28]       ; 5.691 ;       ;       ; 5.691 ;
; b[2]       ; o[29]       ; 5.729 ;       ;       ; 5.729 ;
; b[2]       ; o[30]       ; 5.774 ;       ;       ; 5.774 ;
; b[2]       ; o[31]       ; 5.643 ;       ;       ; 5.643 ;
; b[3]       ; o[0]        ;       ; 5.876 ; 5.876 ;       ;
; b[3]       ; o[1]        ;       ; 6.059 ; 6.059 ;       ;
; b[3]       ; o[2]        ;       ; 5.971 ; 5.971 ;       ;
; b[3]       ; o[3]        ;       ; 5.891 ; 5.891 ;       ;
; b[3]       ; o[4]        ;       ; 5.823 ; 5.823 ;       ;
; b[3]       ; o[5]        ;       ; 5.860 ; 5.860 ;       ;
; b[3]       ; o[6]        ;       ; 5.859 ; 5.859 ;       ;
; b[3]       ; o[7]        ;       ; 5.952 ; 5.952 ;       ;
; b[3]       ; o[8]        ; 5.838 ;       ;       ; 5.838 ;
; b[3]       ; o[9]        ; 5.805 ;       ;       ; 5.805 ;
; b[3]       ; o[10]       ; 5.674 ;       ;       ; 5.674 ;
; b[3]       ; o[11]       ; 5.808 ;       ;       ; 5.808 ;
; b[3]       ; o[12]       ; 5.755 ;       ;       ; 5.755 ;
; b[3]       ; o[13]       ; 5.817 ;       ;       ; 5.817 ;
; b[3]       ; o[14]       ; 5.833 ;       ;       ; 5.833 ;
; b[3]       ; o[15]       ; 5.673 ;       ;       ; 5.673 ;
; b[3]       ; o[16]       ;       ; 5.882 ; 5.882 ;       ;
; b[3]       ; o[17]       ;       ; 6.082 ; 6.082 ;       ;
; b[3]       ; o[18]       ;       ; 6.065 ; 6.065 ;       ;
; b[3]       ; o[19]       ;       ; 5.888 ; 5.888 ;       ;
; b[3]       ; o[20]       ;       ; 5.956 ; 5.956 ;       ;
; b[3]       ; o[21]       ;       ; 6.061 ; 6.061 ;       ;
; b[3]       ; o[22]       ;       ; 6.042 ; 6.042 ;       ;
; b[3]       ; o[23]       ;       ; 5.997 ; 5.997 ;       ;
; b[3]       ; o[24]       ; 5.817 ;       ;       ; 5.817 ;
; b[3]       ; o[25]       ; 5.712 ;       ;       ; 5.712 ;
; b[3]       ; o[26]       ; 5.796 ;       ;       ; 5.796 ;
; b[3]       ; o[27]       ; 5.841 ;       ;       ; 5.841 ;
; b[3]       ; o[28]       ; 5.750 ;       ;       ; 5.750 ;
; b[3]       ; o[29]       ; 5.790 ;       ;       ; 5.790 ;
; b[3]       ; o[30]       ; 5.834 ;       ;       ; 5.834 ;
; b[3]       ; o[31]       ; 5.705 ;       ;       ; 5.705 ;
; b[4]       ; o[0]        ;       ; 5.152 ; 5.152 ;       ;
; b[4]       ; o[1]        ;       ; 5.264 ; 5.264 ;       ;
; b[4]       ; o[2]        ;       ; 5.185 ; 5.185 ;       ;
; b[4]       ; o[3]        ;       ; 5.184 ; 5.184 ;       ;
; b[4]       ; o[4]        ;       ; 5.048 ; 5.048 ;       ;
; b[4]       ; o[5]        ;       ; 5.076 ; 5.076 ;       ;
; b[4]       ; o[6]        ;       ; 5.067 ; 5.067 ;       ;
; b[4]       ; o[7]        ;       ; 5.187 ; 5.187 ;       ;
; b[4]       ; o[8]        ;       ; 5.215 ; 5.215 ;       ;
; b[4]       ; o[9]        ;       ; 5.159 ; 5.159 ;       ;
; b[4]       ; o[10]       ;       ; 5.037 ; 5.037 ;       ;
; b[4]       ; o[11]       ;       ; 5.171 ; 5.171 ;       ;
; b[4]       ; o[12]       ;       ; 5.188 ; 5.188 ;       ;
; b[4]       ; o[13]       ;       ; 5.193 ; 5.193 ;       ;
; b[4]       ; o[14]       ;       ; 5.202 ; 5.202 ;       ;
; b[4]       ; o[15]       ;       ; 5.048 ; 5.048 ;       ;
; b[4]       ; o[16]       ; 5.170 ;       ;       ; 5.170 ;
; b[4]       ; o[17]       ; 5.291 ;       ;       ; 5.291 ;
; b[4]       ; o[18]       ; 5.284 ;       ;       ; 5.284 ;
; b[4]       ; o[19]       ; 5.177 ;       ;       ; 5.177 ;
; b[4]       ; o[20]       ; 5.185 ;       ;       ; 5.185 ;
; b[4]       ; o[21]       ; 5.283 ;       ;       ; 5.283 ;
; b[4]       ; o[22]       ; 5.260 ;       ;       ; 5.260 ;
; b[4]       ; o[23]       ; 5.216 ;       ;       ; 5.216 ;
; b[4]       ; o[24]       ; 5.181 ;       ;       ; 5.181 ;
; b[4]       ; o[25]       ; 5.071 ;       ;       ; 5.071 ;
; b[4]       ; o[26]       ; 5.163 ;       ;       ; 5.163 ;
; b[4]       ; o[27]       ; 5.204 ;       ;       ; 5.204 ;
; b[4]       ; o[28]       ; 5.187 ;       ;       ; 5.187 ;
; b[4]       ; o[29]       ; 5.168 ;       ;       ; 5.168 ;
; b[4]       ; o[30]       ; 5.204 ;       ;       ; 5.204 ;
; b[4]       ; o[31]       ; 5.079 ;       ;       ; 5.079 ;
+------------+-------------+-------+-------+-------+-------+


+----------------------------------------------------------------------------+
; Multicorner Timing Analysis Summary                                        ;
+------------------+-------+------+----------+---------+---------------------+
; Clock            ; Setup ; Hold ; Recovery ; Removal ; Minimum Pulse Width ;
+------------------+-------+------+----------+---------+---------------------+
; Worst-case Slack ; N/A   ; N/A  ; N/A      ; N/A     ; N/A                 ;
; Design-wide TNS  ; 0.0   ; 0.0  ; 0.0      ; 0.0     ; 0.0                 ;
+------------------+-------+------+----------+---------+---------------------+


+--------------------------------------------------------------+
; Progagation Delay                                            ;
+------------+-------------+--------+--------+--------+--------+
; Input Port ; Output Port ; RR     ; RF     ; FR     ; FF     ;
+------------+-------------+--------+--------+--------+--------+
; b[0]       ; o[0]        ;        ; 11.511 ; 11.511 ;        ;
; b[0]       ; o[1]        ; 11.852 ;        ;        ; 11.852 ;
; b[0]       ; o[2]        ;        ; 11.810 ; 11.810 ;        ;
; b[0]       ; o[3]        ; 11.551 ;        ;        ; 11.551 ;
; b[0]       ; o[4]        ;        ; 11.379 ; 11.379 ;        ;
; b[0]       ; o[5]        ; 11.445 ;        ;        ; 11.445 ;
; b[0]       ; o[6]        ;        ; 11.489 ; 11.489 ;        ;
; b[0]       ; o[7]        ; 11.747 ;        ;        ; 11.747 ;
; b[0]       ; o[8]        ;        ; 11.415 ; 11.415 ;        ;
; b[0]       ; o[9]        ; 11.415 ;        ;        ; 11.415 ;
; b[0]       ; o[10]       ;        ; 11.048 ; 11.048 ;        ;
; b[0]       ; o[11]       ; 11.416 ;        ;        ; 11.416 ;
; b[0]       ; o[12]       ;        ; 11.128 ; 11.128 ;        ;
; b[0]       ; o[13]       ; 11.405 ;        ;        ; 11.405 ;
; b[0]       ; o[14]       ;        ; 11.407 ; 11.407 ;        ;
; b[0]       ; o[15]       ; 11.033 ;        ;        ; 11.033 ;
; b[0]       ; o[16]       ;        ; 11.513 ; 11.513 ;        ;
; b[0]       ; o[17]       ; 11.875 ;        ;        ; 11.875 ;
; b[0]       ; o[18]       ;        ; 11.903 ; 11.903 ;        ;
; b[0]       ; o[19]       ; 11.532 ;        ;        ; 11.532 ;
; b[0]       ; o[20]       ;        ; 11.701 ; 11.701 ;        ;
; b[0]       ; o[21]       ; 11.792 ;        ;        ; 11.792 ;
; b[0]       ; o[22]       ;        ; 11.820 ; 11.820 ;        ;
; b[0]       ; o[23]       ; 11.729 ;        ;        ; 11.729 ;
; b[0]       ; o[24]       ;        ; 11.364 ; 11.364 ;        ;
; b[0]       ; o[25]       ; 11.095 ;        ;        ; 11.095 ;
; b[0]       ; o[26]       ;        ; 11.337 ; 11.337 ;        ;
; b[0]       ; o[27]       ; 11.432 ;        ;        ; 11.432 ;
; b[0]       ; o[28]       ;        ; 11.125 ; 11.125 ;        ;
; b[0]       ; o[29]       ; 11.330 ;        ;        ; 11.330 ;
; b[0]       ; o[30]       ;        ; 11.378 ; 11.378 ;        ;
; b[0]       ; o[31]       ; 11.038 ;        ;        ; 11.038 ;
; b[1]       ; o[0]        ;        ; 11.753 ; 11.753 ;        ;
; b[1]       ; o[1]        ;        ; 12.058 ; 12.058 ;        ;
; b[1]       ; o[2]        ; 12.114 ;        ;        ; 12.114 ;
; b[1]       ; o[3]        ; 11.814 ;        ;        ; 11.814 ;
; b[1]       ; o[4]        ;        ; 11.645 ; 11.645 ;        ;
; b[1]       ; o[5]        ;        ; 11.681 ; 11.681 ;        ;
; b[1]       ; o[6]        ; 11.802 ;        ;        ; 11.802 ;
; b[1]       ; o[7]        ; 12.045 ;        ;        ; 12.045 ;
; b[1]       ; o[8]        ;        ; 11.675 ; 11.675 ;        ;
; b[1]       ; o[9]        ;        ; 11.636 ; 11.636 ;        ;
; b[1]       ; o[10]       ; 11.378 ;        ;        ; 11.378 ;
; b[1]       ; o[11]       ; 11.693 ;        ;        ; 11.693 ;
; b[1]       ; o[12]       ;        ; 11.392 ; 11.392 ;        ;
; b[1]       ; o[13]       ;        ; 11.639 ; 11.639 ;        ;
; b[1]       ; o[14]       ; 11.748 ;        ;        ; 11.748 ;
; b[1]       ; o[15]       ; 11.344 ;        ;        ; 11.344 ;
; b[1]       ; o[16]       ;        ; 11.755 ; 11.755 ;        ;
; b[1]       ; o[17]       ;        ; 12.081 ; 12.081 ;        ;
; b[1]       ; o[18]       ; 12.207 ;        ;        ; 12.207 ;
; b[1]       ; o[19]       ; 11.795 ;        ;        ; 11.795 ;
; b[1]       ; o[20]       ;        ; 11.967 ; 11.967 ;        ;
; b[1]       ; o[21]       ;        ; 12.028 ; 12.028 ;        ;
; b[1]       ; o[22]       ; 12.133 ;        ;        ; 12.133 ;
; b[1]       ; o[23]       ; 12.027 ;        ;        ; 12.027 ;
; b[1]       ; o[24]       ;        ; 11.624 ; 11.624 ;        ;
; b[1]       ; o[25]       ;        ; 11.316 ; 11.316 ;        ;
; b[1]       ; o[26]       ; 11.667 ;        ;        ; 11.667 ;
; b[1]       ; o[27]       ; 11.709 ;        ;        ; 11.709 ;
; b[1]       ; o[28]       ;        ; 11.389 ; 11.389 ;        ;
; b[1]       ; o[29]       ;        ; 11.564 ; 11.564 ;        ;
; b[1]       ; o[30]       ; 11.719 ;        ;        ; 11.719 ;
; b[1]       ; o[31]       ; 11.349 ;        ;        ; 11.349 ;
; b[2]       ; o[0]        ;        ; 11.662 ; 11.662 ;        ;
; b[2]       ; o[1]        ;        ; 12.002 ; 12.002 ;        ;
; b[2]       ; o[2]        ;        ; 11.960 ; 11.960 ;        ;
; b[2]       ; o[3]        ;        ; 11.700 ; 11.700 ;        ;
; b[2]       ; o[4]        ; 11.548 ;        ;        ; 11.548 ;
; b[2]       ; o[5]        ; 11.618 ;        ;        ; 11.618 ;
; b[2]       ; o[6]        ; 11.639 ;        ;        ; 11.639 ;
; b[2]       ; o[7]        ; 11.915 ;        ;        ; 11.915 ;
; b[2]       ; o[8]        ;        ; 11.566 ; 11.566 ;        ;
; b[2]       ; o[9]        ;        ; 11.565 ; 11.565 ;        ;
; b[2]       ; o[10]       ;        ; 11.207 ; 11.207 ;        ;
; b[2]       ; o[11]       ;        ; 11.565 ; 11.565 ;        ;
; b[2]       ; o[12]       ; 11.280 ;        ;        ; 11.280 ;
; b[2]       ; o[13]       ; 11.563 ;        ;        ; 11.563 ;
; b[2]       ; o[14]       ; 11.581 ;        ;        ; 11.581 ;
; b[2]       ; o[15]       ; 11.207 ;        ;        ; 11.207 ;
; b[2]       ; o[16]       ;        ; 11.664 ; 11.664 ;        ;
; b[2]       ; o[17]       ;        ; 12.025 ; 12.025 ;        ;
; b[2]       ; o[18]       ;        ; 12.053 ; 12.053 ;        ;
; b[2]       ; o[19]       ;        ; 11.681 ; 11.681 ;        ;
; b[2]       ; o[20]       ; 11.870 ;        ;        ; 11.870 ;
; b[2]       ; o[21]       ; 11.965 ;        ;        ; 11.965 ;
; b[2]       ; o[22]       ; 11.970 ;        ;        ; 11.970 ;
; b[2]       ; o[23]       ; 11.897 ;        ;        ; 11.897 ;
; b[2]       ; o[24]       ;        ; 11.515 ; 11.515 ;        ;
; b[2]       ; o[25]       ;        ; 11.245 ; 11.245 ;        ;
; b[2]       ; o[26]       ;        ; 11.496 ; 11.496 ;        ;
; b[2]       ; o[27]       ;        ; 11.581 ; 11.581 ;        ;
; b[2]       ; o[28]       ; 11.277 ;        ;        ; 11.277 ;
; b[2]       ; o[29]       ; 11.488 ;        ;        ; 11.488 ;
; b[2]       ; o[30]       ; 11.552 ;        ;        ; 11.552 ;
; b[2]       ; o[31]       ; 11.212 ;        ;        ; 11.212 ;
; b[3]       ; o[0]        ;        ; 11.818 ; 11.818 ;        ;
; b[3]       ; o[1]        ;        ; 12.153 ; 12.153 ;        ;
; b[3]       ; o[2]        ;        ; 12.118 ; 12.118 ;        ;
; b[3]       ; o[3]        ;        ; 11.852 ; 11.852 ;        ;
; b[3]       ; o[4]        ;        ; 11.705 ; 11.705 ;        ;
; b[3]       ; o[5]        ;        ; 11.769 ; 11.769 ;        ;
; b[3]       ; o[6]        ;        ; 11.803 ; 11.803 ;        ;
; b[3]       ; o[7]        ;        ; 12.066 ; 12.066 ;        ;
; b[3]       ; o[8]        ; 11.817 ;        ;        ; 11.817 ;
; b[3]       ; o[9]        ; 11.781 ;        ;        ; 11.781 ;
; b[3]       ; o[10]       ; 11.455 ;        ;        ; 11.455 ;
; b[3]       ; o[11]       ; 11.775 ;        ;        ; 11.775 ;
; b[3]       ; o[12]       ; 11.533 ;        ;        ; 11.533 ;
; b[3]       ; o[13]       ; 11.782 ;        ;        ; 11.782 ;
; b[3]       ; o[14]       ; 11.827 ;        ;        ; 11.827 ;
; b[3]       ; o[15]       ; 11.421 ;        ;        ; 11.421 ;
; b[3]       ; o[16]       ;        ; 11.820 ; 11.820 ;        ;
; b[3]       ; o[17]       ;        ; 12.176 ; 12.176 ;        ;
; b[3]       ; o[18]       ;        ; 12.211 ; 12.211 ;        ;
; b[3]       ; o[19]       ;        ; 11.833 ; 11.833 ;        ;
; b[3]       ; o[20]       ;        ; 12.027 ; 12.027 ;        ;
; b[3]       ; o[21]       ;        ; 12.116 ; 12.116 ;        ;
; b[3]       ; o[22]       ;        ; 12.134 ; 12.134 ;        ;
; b[3]       ; o[23]       ;        ; 12.048 ; 12.048 ;        ;
; b[3]       ; o[24]       ; 11.766 ;        ;        ; 11.766 ;
; b[3]       ; o[25]       ; 11.461 ;        ;        ; 11.461 ;
; b[3]       ; o[26]       ; 11.744 ;        ;        ; 11.744 ;
; b[3]       ; o[27]       ; 11.791 ;        ;        ; 11.791 ;
; b[3]       ; o[28]       ; 11.530 ;        ;        ; 11.530 ;
; b[3]       ; o[29]       ; 11.707 ;        ;        ; 11.707 ;
; b[3]       ; o[30]       ; 11.798 ;        ;        ; 11.798 ;
; b[3]       ; o[31]       ; 11.426 ;        ;        ; 11.426 ;
; b[4]       ; o[0]        ;        ; 10.027 ; 10.027 ;        ;
; b[4]       ; o[1]        ;        ; 10.126 ; 10.126 ;        ;
; b[4]       ; o[2]        ;        ; 10.074 ; 10.074 ;        ;
; b[4]       ; o[3]        ;        ; 10.075 ; 10.075 ;        ;
; b[4]       ; o[4]        ;        ; 9.710  ; 9.710  ;        ;
; b[4]       ; o[5]        ;        ; 9.754  ; 9.754  ;        ;
; b[4]       ; o[6]        ;        ; 9.744  ; 9.744  ;        ;
; b[4]       ; o[7]        ;        ; 10.073 ; 10.073 ;        ;
; b[4]       ; o[8]        ;        ; 10.106 ; 10.106 ;        ;
; b[4]       ; o[9]        ;        ; 10.031 ; 10.031 ;        ;
; b[4]       ; o[10]       ;        ; 9.713  ; 9.713  ;        ;
; b[4]       ; o[11]       ;        ; 10.044 ; 10.044 ;        ;
; b[4]       ; o[12]       ;        ; 10.063 ; 10.063 ;        ;
; b[4]       ; o[13]       ;        ; 10.085 ; 10.085 ;        ;
; b[4]       ; o[14]       ;        ; 10.091 ; 10.091 ;        ;
; b[4]       ; o[15]       ;        ; 9.724  ; 9.724  ;        ;
; b[4]       ; o[16]       ; 10.044 ;        ;        ; 10.044 ;
; b[4]       ; o[17]       ; 10.155 ;        ;        ; 10.155 ;
; b[4]       ; o[18]       ; 10.206 ;        ;        ; 10.206 ;
; b[4]       ; o[19]       ; 10.053 ;        ;        ; 10.053 ;
; b[4]       ; o[20]       ; 10.067 ;        ;        ; 10.067 ;
; b[4]       ; o[21]       ; 10.140 ;        ;        ; 10.140 ;
; b[4]       ; o[22]       ; 10.118 ;        ;        ; 10.118 ;
; b[4]       ; o[23]       ; 10.068 ;        ;        ; 10.068 ;
; b[4]       ; o[24]       ; 10.072 ;        ;        ; 10.072 ;
; b[4]       ; o[25]       ; 9.748  ;        ;        ; 9.748  ;
; b[4]       ; o[26]       ; 10.036 ;        ;        ; 10.036 ;
; b[4]       ; o[27]       ; 10.092 ;        ;        ; 10.092 ;
; b[4]       ; o[28]       ; 10.066 ;        ;        ; 10.066 ;
; b[4]       ; o[29]       ; 10.043 ;        ;        ; 10.043 ;
; b[4]       ; o[30]       ; 10.093 ;        ;        ; 10.093 ;
; b[4]       ; o[31]       ; 9.759  ;        ;        ; 9.759  ;
+------------+-------------+--------+--------+--------+--------+


+----------------------------------------------------------+
; Minimum Progagation Delay                                ;
+------------+-------------+-------+-------+-------+-------+
; Input Port ; Output Port ; RR    ; RF    ; FR    ; FF    ;
+------------+-------------+-------+-------+-------+-------+
; b[0]       ; o[0]        ;       ; 5.732 ; 5.732 ;       ;
; b[0]       ; o[1]        ; 5.922 ;       ;       ; 5.922 ;
; b[0]       ; o[2]        ;       ; 5.827 ; 5.827 ;       ;
; b[0]       ; o[3]        ; 5.754 ;       ;       ; 5.754 ;
; b[0]       ; o[4]        ;       ; 5.658 ; 5.658 ;       ;
; b[0]       ; o[5]        ; 5.697 ;       ;       ; 5.697 ;
; b[0]       ; o[6]        ;       ; 5.715 ; 5.715 ;       ;
; b[0]       ; o[7]        ; 5.794 ;       ;       ; 5.794 ;
; b[0]       ; o[8]        ;       ; 5.689 ; 5.689 ;       ;
; b[0]       ; o[9]        ; 5.656 ;       ;       ; 5.656 ;
; b[0]       ; o[10]       ;       ; 5.514 ; 5.514 ;       ;
; b[0]       ; o[11]       ; 5.664 ;       ;       ; 5.664 ;
; b[0]       ; o[12]       ;       ; 5.603 ; 5.603 ;       ;
; b[0]       ; o[13]       ; 5.657 ;       ;       ; 5.657 ;
; b[0]       ; o[14]       ;       ; 5.663 ; 5.663 ;       ;
; b[0]       ; o[15]       ; 5.505 ;       ;       ; 5.505 ;
; b[0]       ; o[16]       ;       ; 5.738 ; 5.738 ;       ;
; b[0]       ; o[17]       ; 5.945 ;       ;       ; 5.945 ;
; b[0]       ; o[18]       ;       ; 5.921 ; 5.921 ;       ;
; b[0]       ; o[19]       ; 5.751 ;       ;       ; 5.751 ;
; b[0]       ; o[20]       ;       ; 5.791 ; 5.791 ;       ;
; b[0]       ; o[21]       ; 5.898 ;       ;       ; 5.898 ;
; b[0]       ; o[22]       ;       ; 5.898 ; 5.898 ;       ;
; b[0]       ; o[23]       ; 5.839 ;       ;       ; 5.839 ;
; b[0]       ; o[24]       ;       ; 5.668 ; 5.668 ;       ;
; b[0]       ; o[25]       ; 5.563 ;       ;       ; 5.563 ;
; b[0]       ; o[26]       ;       ; 5.636 ; 5.636 ;       ;
; b[0]       ; o[27]       ; 5.697 ;       ;       ; 5.697 ;
; b[0]       ; o[28]       ;       ; 5.598 ; 5.598 ;       ;
; b[0]       ; o[29]       ; 5.630 ;       ;       ; 5.630 ;
; b[0]       ; o[30]       ;       ; 5.664 ; 5.664 ;       ;
; b[0]       ; o[31]       ; 5.537 ;       ;       ; 5.537 ;
; b[1]       ; o[0]        ;       ; 5.831 ; 5.831 ;       ;
; b[1]       ; o[1]        ;       ; 6.014 ; 6.014 ;       ;
; b[1]       ; o[2]        ; 5.922 ;       ;       ; 5.922 ;
; b[1]       ; o[3]        ; 5.847 ;       ;       ; 5.847 ;
; b[1]       ; o[4]        ;       ; 5.781 ; 5.781 ;       ;
; b[1]       ; o[5]        ;       ; 5.820 ; 5.820 ;       ;
; b[1]       ; o[6]        ; 5.818 ;       ;       ; 5.818 ;
; b[1]       ; o[7]        ; 5.917 ;       ;       ; 5.917 ;
; b[1]       ; o[8]        ;       ; 5.797 ; 5.797 ;       ;
; b[1]       ; o[9]        ;       ; 5.760 ; 5.760 ;       ;
; b[1]       ; o[10]       ; 5.633 ;       ;       ; 5.633 ;
; b[1]       ; o[11]       ; 5.766 ;       ;       ; 5.766 ;
; b[1]       ; o[12]       ;       ; 5.714 ; 5.714 ;       ;
; b[1]       ; o[13]       ;       ; 5.774 ; 5.774 ;       ;
; b[1]       ; o[14]       ; 5.791 ;       ;       ; 5.791 ;
; b[1]       ; o[15]       ; 5.632 ;       ;       ; 5.632 ;
; b[1]       ; o[16]       ;       ; 5.837 ; 5.837 ;       ;
; b[1]       ; o[17]       ;       ; 6.037 ; 6.037 ;       ;
; b[1]       ; o[18]       ; 6.016 ;       ;       ; 6.016 ;
; b[1]       ; o[19]       ; 5.844 ;       ;       ; 5.844 ;
; b[1]       ; o[20]       ;       ; 5.914 ; 5.914 ;       ;
; b[1]       ; o[21]       ;       ; 6.021 ; 6.021 ;       ;
; b[1]       ; o[22]       ; 6.001 ;       ;       ; 6.001 ;
; b[1]       ; o[23]       ; 5.962 ;       ;       ; 5.962 ;
; b[1]       ; o[24]       ;       ; 5.776 ; 5.776 ;       ;
; b[1]       ; o[25]       ;       ; 5.667 ; 5.667 ;       ;
; b[1]       ; o[26]       ; 5.755 ;       ;       ; 5.755 ;
; b[1]       ; o[27]       ; 5.799 ;       ;       ; 5.799 ;
; b[1]       ; o[28]       ;       ; 5.709 ; 5.709 ;       ;
; b[1]       ; o[29]       ;       ; 5.747 ; 5.747 ;       ;
; b[1]       ; o[30]       ; 5.792 ;       ;       ; 5.792 ;
; b[1]       ; o[31]       ; 5.664 ;       ;       ; 5.664 ;
; b[2]       ; o[0]        ;       ; 5.797 ; 5.797 ;       ;
; b[2]       ; o[1]        ;       ; 5.984 ; 5.984 ;       ;
; b[2]       ; o[2]        ;       ; 5.892 ; 5.892 ;       ;
; b[2]       ; o[3]        ;       ; 5.816 ; 5.816 ;       ;
; b[2]       ; o[4]        ; 5.763 ;       ;       ; 5.763 ;
; b[2]       ; o[5]        ; 5.805 ;       ;       ; 5.805 ;
; b[2]       ; o[6]        ; 5.802 ;       ;       ; 5.802 ;
; b[2]       ; o[7]        ; 5.897 ;       ;       ; 5.897 ;
; b[2]       ; o[8]        ;       ; 5.752 ; 5.752 ;       ;
; b[2]       ; o[9]        ;       ; 5.716 ; 5.716 ;       ;
; b[2]       ; o[10]       ;       ; 5.590 ; 5.590 ;       ;
; b[2]       ; o[11]       ;       ; 5.723 ; 5.723 ;       ;
; b[2]       ; o[12]       ; 5.696 ;       ;       ; 5.696 ;
; b[2]       ; o[13]       ; 5.756 ;       ;       ; 5.756 ;
; b[2]       ; o[14]       ; 5.773 ;       ;       ; 5.773 ;
; b[2]       ; o[15]       ; 5.611 ;       ;       ; 5.611 ;
; b[2]       ; o[16]       ;       ; 5.803 ; 5.803 ;       ;
; b[2]       ; o[17]       ;       ; 6.007 ; 6.007 ;       ;
; b[2]       ; o[18]       ;       ; 5.986 ; 5.986 ;       ;
; b[2]       ; o[19]       ;       ; 5.813 ; 5.813 ;       ;
; b[2]       ; o[20]       ; 5.896 ;       ;       ; 5.896 ;
; b[2]       ; o[21]       ; 6.006 ;       ;       ; 6.006 ;
; b[2]       ; o[22]       ; 5.985 ;       ;       ; 5.985 ;
; b[2]       ; o[23]       ; 5.942 ;       ;       ; 5.942 ;
; b[2]       ; o[24]       ;       ; 5.731 ; 5.731 ;       ;
; b[2]       ; o[25]       ;       ; 5.623 ; 5.623 ;       ;
; b[2]       ; o[26]       ;       ; 5.712 ; 5.712 ;       ;
; b[2]       ; o[27]       ;       ; 5.756 ; 5.756 ;       ;
; b[2]       ; o[28]       ; 5.691 ;       ;       ; 5.691 ;
; b[2]       ; o[29]       ; 5.729 ;       ;       ; 5.729 ;
; b[2]       ; o[30]       ; 5.774 ;       ;       ; 5.774 ;
; b[2]       ; o[31]       ; 5.643 ;       ;       ; 5.643 ;
; b[3]       ; o[0]        ;       ; 5.876 ; 5.876 ;       ;
; b[3]       ; o[1]        ;       ; 6.059 ; 6.059 ;       ;
; b[3]       ; o[2]        ;       ; 5.971 ; 5.971 ;       ;
; b[3]       ; o[3]        ;       ; 5.891 ; 5.891 ;       ;
; b[3]       ; o[4]        ;       ; 5.823 ; 5.823 ;       ;
; b[3]       ; o[5]        ;       ; 5.860 ; 5.860 ;       ;
; b[3]       ; o[6]        ;       ; 5.859 ; 5.859 ;       ;
; b[3]       ; o[7]        ;       ; 5.952 ; 5.952 ;       ;
; b[3]       ; o[8]        ; 5.838 ;       ;       ; 5.838 ;
; b[3]       ; o[9]        ; 5.805 ;       ;       ; 5.805 ;
; b[3]       ; o[10]       ; 5.674 ;       ;       ; 5.674 ;
; b[3]       ; o[11]       ; 5.808 ;       ;       ; 5.808 ;
; b[3]       ; o[12]       ; 5.755 ;       ;       ; 5.755 ;
; b[3]       ; o[13]       ; 5.817 ;       ;       ; 5.817 ;
; b[3]       ; o[14]       ; 5.833 ;       ;       ; 5.833 ;
; b[3]       ; o[15]       ; 5.673 ;       ;       ; 5.673 ;
; b[3]       ; o[16]       ;       ; 5.882 ; 5.882 ;       ;
; b[3]       ; o[17]       ;       ; 6.082 ; 6.082 ;       ;
; b[3]       ; o[18]       ;       ; 6.065 ; 6.065 ;       ;
; b[3]       ; o[19]       ;       ; 5.888 ; 5.888 ;       ;
; b[3]       ; o[20]       ;       ; 5.956 ; 5.956 ;       ;
; b[3]       ; o[21]       ;       ; 6.061 ; 6.061 ;       ;
; b[3]       ; o[22]       ;       ; 6.042 ; 6.042 ;       ;
; b[3]       ; o[23]       ;       ; 5.997 ; 5.997 ;       ;
; b[3]       ; o[24]       ; 5.817 ;       ;       ; 5.817 ;
; b[3]       ; o[25]       ; 5.712 ;       ;       ; 5.712 ;
; b[3]       ; o[26]       ; 5.796 ;       ;       ; 5.796 ;
; b[3]       ; o[27]       ; 5.841 ;       ;       ; 5.841 ;
; b[3]       ; o[28]       ; 5.750 ;       ;       ; 5.750 ;
; b[3]       ; o[29]       ; 5.790 ;       ;       ; 5.790 ;
; b[3]       ; o[30]       ; 5.834 ;       ;       ; 5.834 ;
; b[3]       ; o[31]       ; 5.705 ;       ;       ; 5.705 ;
; b[4]       ; o[0]        ;       ; 5.152 ; 5.152 ;       ;
; b[4]       ; o[1]        ;       ; 5.264 ; 5.264 ;       ;
; b[4]       ; o[2]        ;       ; 5.185 ; 5.185 ;       ;
; b[4]       ; o[3]        ;       ; 5.184 ; 5.184 ;       ;
; b[4]       ; o[4]        ;       ; 5.048 ; 5.048 ;       ;
; b[4]       ; o[5]        ;       ; 5.076 ; 5.076 ;       ;
; b[4]       ; o[6]        ;       ; 5.067 ; 5.067 ;       ;
; b[4]       ; o[7]        ;       ; 5.187 ; 5.187 ;       ;
; b[4]       ; o[8]        ;       ; 5.215 ; 5.215 ;       ;
; b[4]       ; o[9]        ;       ; 5.159 ; 5.159 ;       ;
; b[4]       ; o[10]       ;       ; 5.037 ; 5.037 ;       ;
; b[4]       ; o[11]       ;       ; 5.171 ; 5.171 ;       ;
; b[4]       ; o[12]       ;       ; 5.188 ; 5.188 ;       ;
; b[4]       ; o[13]       ;       ; 5.193 ; 5.193 ;       ;
; b[4]       ; o[14]       ;       ; 5.202 ; 5.202 ;       ;
; b[4]       ; o[15]       ;       ; 5.048 ; 5.048 ;       ;
; b[4]       ; o[16]       ; 5.170 ;       ;       ; 5.170 ;
; b[4]       ; o[17]       ; 5.291 ;       ;       ; 5.291 ;
; b[4]       ; o[18]       ; 5.284 ;       ;       ; 5.284 ;
; b[4]       ; o[19]       ; 5.177 ;       ;       ; 5.177 ;
; b[4]       ; o[20]       ; 5.185 ;       ;       ; 5.185 ;
; b[4]       ; o[21]       ; 5.283 ;       ;       ; 5.283 ;
; b[4]       ; o[22]       ; 5.260 ;       ;       ; 5.260 ;
; b[4]       ; o[23]       ; 5.216 ;       ;       ; 5.216 ;
; b[4]       ; o[24]       ; 5.181 ;       ;       ; 5.181 ;
; b[4]       ; o[25]       ; 5.071 ;       ;       ; 5.071 ;
; b[4]       ; o[26]       ; 5.163 ;       ;       ; 5.163 ;
; b[4]       ; o[27]       ; 5.204 ;       ;       ; 5.204 ;
; b[4]       ; o[28]       ; 5.187 ;       ;       ; 5.187 ;
; b[4]       ; o[29]       ; 5.168 ;       ;       ; 5.168 ;
; b[4]       ; o[30]       ; 5.204 ;       ;       ; 5.204 ;
; b[4]       ; o[31]       ; 5.079 ;       ;       ; 5.079 ;
+------------+-------------+-------+-------+-------+-------+


-------------------
; Clock Transfers ;
-------------------
Nothing to report.


---------------
; Report TCCS ;
---------------
No dedicated SERDES Transmitter circuitry present in device or used in design


---------------
; Report RSKM ;
---------------
No dedicated SERDES Receiver circuitry present in device or used in design


+------------------------------------------------+
; Unconstrained Paths                            ;
+---------------------------------+-------+------+
; Property                        ; Setup ; Hold ;
+---------------------------------+-------+------+
; Illegal Clocks                  ; 0     ; 0    ;
; Unconstrained Clocks            ; 0     ; 0    ;
; Unconstrained Input Ports       ; 5     ; 5    ;
; Unconstrained Input Port Paths  ; 160   ; 160  ;
; Unconstrained Output Ports      ; 32    ; 32   ;
; Unconstrained Output Port Paths ; 160   ; 160  ;
+---------------------------------+-------+------+


+------------------------------------+
; TimeQuest Timing Analyzer Messages ;
+------------------------------------+
Info: *******************************************************************
Info: Running Quartus II 32-bit TimeQuest Timing Analyzer
    Info: Version 13.0.1 Build 232 06/12/2013 Service Pack 1 SJ Web Edition
    Info: Processing started: Mon Jun 18 17:05:31 2018
Info: Command: quartus_sta decoderRAM -c decoderRAM
Info: qsta_default_script.tcl version: #1
Warning (20028): Parallel compilation is not licensed and has been disabled
Info (21077): Low junction temperature is 0 degrees C
Info (21077): High junction temperature is 85 degrees C
Critical Warning (332012): Synopsys Design Constraints File file not found: 'decoderRAM.sdc'. A Synopsys Design Constraints File is required by the TimeQuest Timing Analyzer to get proper timing constraints. Without it, the Compiler will not properly optimize the design.
Info (332142): No user constrained base clocks found in the design. Calling "derive_clocks -period 1.0"
Info (332096): The command derive_clocks did not find any clocks to derive.  No clocks were created or changed.
Warning (332068): No clocks defined in design.
Info: Found TIMEQUEST_REPORT_SCRIPT_INCLUDE_DEFAULT_ANALYSIS = ON
Info (332159): No clocks to report
Info: Analyzing Slow Model
Info (332140): No fmax paths to report
Info (332140): No Setup paths to report
Info (332140): No Hold paths to report
Info (332140): No Recovery paths to report
Info (332140): No Removal paths to report
Info (332140): No Minimum Pulse Width paths to report
Info (332001): The selected device family is not supported by the report_metastability command.
Info: Analyzing Fast Model
Info (332142): No user constrained base clocks found in the design. Calling "derive_clocks -period 1.0"
Info (332096): The command derive_clocks did not find any clocks to derive.  No clocks were created or changed.
Warning (332068): No clocks defined in design.
Info (332140): No Setup paths to report
Info (332140): No Hold paths to report
Info (332140): No Recovery paths to report
Info (332140): No Removal paths to report
Info (332140): No Minimum Pulse Width paths to report
Info (332001): The selected device family is not supported by the report_metastability command.
Info (332102): Design is not fully constrained for setup requirements
Info (332102): Design is not fully constrained for hold requirements
Info: Quartus II 32-bit TimeQuest Timing Analyzer was successful. 0 errors, 4 warnings
    Info: Peak virtual memory: 296 megabytes
    Info: Processing ended: Mon Jun 18 17:05:32 2018
    Info: Elapsed time: 00:00:01
    Info: Total CPU time (on all processors): 00:00:01


