TimeQuest Timing Analyzer report for ULAH
Thu Apr 12 14:07:27 2018
Quartus II 32-bit Version 13.0.1 Build 232 06/12/2013 Service Pack 1 SJ Web Edition


---------------------
; Table of Contents ;
---------------------
  1. Legal Notice
  2. TimeQuest Timing Analyzer Summary
  3. Parallel Compilation
  4. Clocks
  5. Slow Model Fmax Summary
  6. Slow Model Setup Summary
  7. Slow Model Hold Summary
  8. Slow Model Recovery Summary
  9. Slow Model Removal Summary
 10. Slow Model Minimum Pulse Width Summary
 11. Propagation Delay
 12. Minimum Propagation Delay
 13. Fast Model Setup Summary
 14. Fast Model Hold Summary
 15. Fast Model Recovery Summary
 16. Fast Model Removal Summary
 17. Fast Model Minimum Pulse Width Summary
 18. Propagation Delay
 19. Minimum Propagation Delay
 20. Multicorner Timing Analysis Summary
 21. Progagation Delay
 22. Minimum Progagation Delay
 23. Clock Transfers
 24. Report TCCS
 25. Report RSKM
 26. Unconstrained Paths
 27. TimeQuest Timing Analyzer Messages



----------------
; Legal Notice ;
----------------
Copyright (C) 1991-2013 Altera Corporation
Your use of Altera Corporation's design tools, logic functions 
and other software and tools, and its AMPP partner logic 
functions, and any output files from any of the foregoing 
(including device programming or simulation files), and any 
associated documentation or information are expressly subject 
to the terms and conditions of the Altera Program License 
Subscription Agreement, Altera MegaCore Function License 
Agreement, or other applicable license agreement, including, 
without limitation, that your use is for the sole purpose of 
programming logic devices manufactured by Altera and sold by 
Altera or its authorized distributors.  Please refer to the 
applicable agreement for further details.



+----------------------------------------------------------------------------------------+
; TimeQuest Timing Analyzer Summary                                                      ;
+--------------------+-------------------------------------------------------------------+
; Quartus II Version ; Version 13.0.1 Build 232 06/12/2013 Service Pack 1 SJ Web Edition ;
; Revision Name      ; ULAH                                                              ;
; Device Family      ; Cyclone II                                                        ;
; Device Name        ; EP2C20F484C7                                                      ;
; Timing Models      ; Final                                                             ;
; Delay Model        ; Combined                                                          ;
; Rise/Fall Delays   ; Unavailable                                                       ;
+--------------------+-------------------------------------------------------------------+


Parallel compilation was disabled, but you have multiple processors available. Enable parallel compilation to reduce compilation time.
+-------------------------------------+
; Parallel Compilation                ;
+----------------------------+--------+
; Processors                 ; Number ;
+----------------------------+--------+
; Number detected on machine ; 4      ;
; Maximum allowed            ; 1      ;
+----------------------------+--------+


----------
; Clocks ;
----------
No clocks to report.


---------------------------
; Slow Model Fmax Summary ;
---------------------------
No paths to report.


----------------------------
; Slow Model Setup Summary ;
----------------------------
No paths to report.


---------------------------
; Slow Model Hold Summary ;
---------------------------
No paths to report.


-------------------------------
; Slow Model Recovery Summary ;
-------------------------------
No paths to report.


------------------------------
; Slow Model Removal Summary ;
------------------------------
No paths to report.


------------------------------------------
; Slow Model Minimum Pulse Width Summary ;
------------------------------------------
No paths to report.


+--------------------------------------------------------------+
; Propagation Delay                                            ;
+------------+-------------+--------+--------+--------+--------+
; Input Port ; Output Port ; RR     ; RF     ; FR     ; FF     ;
+------------+-------------+--------+--------+--------+--------+
; KEY[0]     ; HEX0[0]     ; 15.957 ; 15.957 ; 15.957 ; 15.957 ;
; KEY[0]     ; HEX0[1]     ; 17.222 ; 17.222 ; 17.222 ; 17.222 ;
; KEY[0]     ; HEX0[2]     ; 15.850 ; 15.850 ; 15.850 ; 15.850 ;
; KEY[0]     ; HEX0[3]     ; 15.963 ; 15.963 ; 15.963 ; 15.963 ;
; KEY[0]     ; HEX0[4]     ; 15.644 ; 15.644 ; 15.644 ; 15.644 ;
; KEY[0]     ; HEX0[5]     ; 15.640 ; 15.640 ; 15.640 ; 15.640 ;
; KEY[0]     ; HEX0[6]     ; 15.645 ; 15.645 ; 15.645 ; 15.645 ;
; KEY[0]     ; HEX1[0]     ; 12.454 ; 12.454 ; 12.454 ; 12.454 ;
; KEY[0]     ; HEX1[1]     ; 12.111 ; 12.111 ; 12.111 ; 12.111 ;
; KEY[0]     ; HEX1[2]     ; 12.102 ;        ;        ; 12.102 ;
; KEY[0]     ; HEX1[3]     ; 12.104 ; 12.104 ; 12.104 ; 12.104 ;
; KEY[0]     ; HEX1[4]     ;        ; 12.089 ; 12.089 ;        ;
; KEY[0]     ; HEX1[5]     ;        ; 12.488 ; 12.488 ;        ;
; KEY[0]     ; HEX1[6]     ; 12.456 ; 12.456 ; 12.456 ; 12.456 ;
; KEY[0]     ; LEDG[0]     ; 17.913 ; 17.913 ; 17.913 ; 17.913 ;
; KEY[0]     ; LEDG[1]     ; 17.607 ; 17.607 ; 17.607 ; 17.607 ;
; KEY[0]     ; LEDG[2]     ; 18.267 ; 18.267 ; 18.267 ; 18.267 ;
; KEY[0]     ; LEDG[3]     ; 19.423 ; 19.423 ; 19.423 ; 19.423 ;
; KEY[1]     ; HEX0[0]     ; 14.847 ; 14.847 ; 14.847 ; 14.847 ;
; KEY[1]     ; HEX0[1]     ; 16.110 ; 16.110 ; 16.110 ; 16.110 ;
; KEY[1]     ; HEX0[2]     ; 14.740 ; 14.740 ; 14.740 ; 14.740 ;
; KEY[1]     ; HEX0[3]     ; 14.853 ; 14.853 ; 14.853 ; 14.853 ;
; KEY[1]     ; HEX0[4]     ; 14.534 ; 14.534 ; 14.534 ; 14.534 ;
; KEY[1]     ; HEX0[5]     ; 14.530 ; 14.530 ; 14.530 ; 14.530 ;
; KEY[1]     ; HEX0[6]     ; 14.535 ; 14.535 ; 14.535 ; 14.535 ;
; KEY[1]     ; HEX1[0]     ; 11.848 ; 11.848 ; 11.848 ; 11.848 ;
; KEY[1]     ; HEX1[1]     ; 11.467 ; 11.467 ; 11.467 ; 11.467 ;
; KEY[1]     ; HEX1[2]     ;        ; 11.458 ; 11.458 ;        ;
; KEY[1]     ; HEX1[3]     ; 11.467 ; 11.467 ; 11.467 ; 11.467 ;
; KEY[1]     ; HEX1[4]     ; 11.482 ;        ;        ; 11.482 ;
; KEY[1]     ; HEX1[5]     ; 11.843 ; 11.843 ; 11.843 ; 11.843 ;
; KEY[1]     ; HEX1[6]     ; 11.841 ; 11.841 ; 11.841 ; 11.841 ;
; KEY[1]     ; LEDG[0]     ; 16.801 ; 16.801 ; 16.801 ; 16.801 ;
; KEY[1]     ; LEDG[1]     ; 16.495 ; 16.495 ; 16.495 ; 16.495 ;
; KEY[1]     ; LEDG[2]     ; 17.155 ; 17.155 ; 17.155 ; 17.155 ;
; KEY[1]     ; LEDG[3]     ; 18.313 ; 18.313 ; 18.313 ; 18.313 ;
; KEY[2]     ; HEX0[0]     ; 15.980 ; 15.980 ; 15.980 ; 15.980 ;
; KEY[2]     ; HEX0[1]     ; 16.897 ; 16.897 ; 16.897 ; 16.897 ;
; KEY[2]     ; HEX0[2]     ; 15.879 ; 15.879 ; 15.879 ; 15.879 ;
; KEY[2]     ; HEX0[3]     ; 15.993 ; 15.993 ; 15.993 ; 15.993 ;
; KEY[2]     ; HEX0[4]     ; 15.666 ; 15.666 ; 15.666 ; 15.666 ;
; KEY[2]     ; HEX0[5]     ; 15.665 ; 15.665 ; 15.665 ; 15.665 ;
; KEY[2]     ; HEX0[6]     ; 15.662 ; 15.662 ; 15.662 ; 15.662 ;
; KEY[2]     ; HEX1[0]     ; 12.284 ; 12.284 ; 12.284 ; 12.284 ;
; KEY[2]     ; HEX1[1]     ;        ; 11.914 ; 11.914 ;        ;
; KEY[2]     ; HEX1[2]     ; 11.903 ; 11.903 ; 11.903 ; 11.903 ;
; KEY[2]     ; HEX1[3]     ; 11.914 ; 11.914 ; 11.914 ; 11.914 ;
; KEY[2]     ; HEX1[4]     ; 11.916 ; 11.916 ; 11.916 ; 11.916 ;
; KEY[2]     ; HEX1[5]     ; 12.277 ; 12.277 ; 12.277 ; 12.277 ;
; KEY[2]     ; HEX1[6]     ; 12.274 ; 12.274 ; 12.274 ; 12.274 ;
; KEY[2]     ; LEDG[0]     ; 16.466 ; 16.466 ; 16.466 ; 16.466 ;
; KEY[2]     ; LEDG[1]     ; 16.160 ; 16.160 ; 16.160 ; 16.160 ;
; KEY[2]     ; LEDG[2]     ; 18.552 ; 18.552 ; 18.552 ; 18.552 ;
; KEY[2]     ; LEDG[3]     ; 19.443 ; 19.443 ; 19.443 ; 19.443 ;
; KEY[3]     ; HEX0[0]     ; 15.801 ; 15.801 ; 15.801 ; 15.801 ;
; KEY[3]     ; HEX0[1]     ; 16.324 ; 16.324 ; 16.324 ; 16.324 ;
; KEY[3]     ; HEX0[2]     ; 15.700 ; 15.700 ; 15.700 ; 15.700 ;
; KEY[3]     ; HEX0[3]     ; 15.814 ; 15.814 ; 15.814 ; 15.814 ;
; KEY[3]     ; HEX0[4]     ; 15.487 ; 15.487 ; 15.487 ; 15.487 ;
; KEY[3]     ; HEX0[5]     ; 15.486 ; 15.486 ; 15.486 ; 15.486 ;
; KEY[3]     ; HEX0[6]     ; 15.483 ; 15.483 ; 15.483 ; 15.483 ;
; KEY[3]     ; HEX1[0]     ; 12.451 ; 12.451 ; 12.451 ; 12.451 ;
; KEY[3]     ; HEX1[1]     ; 12.098 ; 12.098 ; 12.098 ; 12.098 ;
; KEY[3]     ; HEX1[2]     ; 12.089 ; 12.089 ; 12.089 ; 12.089 ;
; KEY[3]     ; HEX1[3]     ; 12.097 ; 12.097 ; 12.097 ; 12.097 ;
; KEY[3]     ; HEX1[4]     ; 12.118 ;        ;        ; 12.118 ;
; KEY[3]     ; HEX1[5]     ; 12.478 ; 12.478 ; 12.478 ; 12.478 ;
; KEY[3]     ; HEX1[6]     ; 12.474 ; 12.474 ; 12.474 ; 12.474 ;
; KEY[3]     ; LEDG[0]     ; 16.018 ; 16.018 ; 16.018 ; 16.018 ;
; KEY[3]     ; LEDG[1]     ; 15.708 ; 15.708 ; 15.708 ; 15.708 ;
; KEY[3]     ; LEDG[2]     ; 18.373 ; 18.373 ; 18.373 ; 18.373 ;
; KEY[3]     ; LEDG[3]     ; 19.264 ; 19.264 ; 19.264 ; 19.264 ;
; SW[0]      ; HEX0[0]     ; 11.805 ; 11.805 ; 11.805 ; 11.805 ;
; SW[0]      ; HEX0[1]     ; 12.852 ; 12.852 ; 12.852 ; 12.852 ;
; SW[0]      ; HEX0[2]     ; 11.704 ; 11.704 ; 11.704 ; 11.704 ;
; SW[0]      ; HEX0[3]     ; 11.818 ; 11.818 ; 11.818 ; 11.818 ;
; SW[0]      ; HEX0[4]     ; 11.491 ; 11.491 ; 11.491 ; 11.491 ;
; SW[0]      ; HEX0[5]     ; 11.490 ; 11.490 ; 11.490 ; 11.490 ;
; SW[0]      ; HEX0[6]     ; 11.487 ; 11.487 ; 11.487 ; 11.487 ;
; SW[0]      ; HEX2[0]     ; 8.065  ; 8.065  ; 8.065  ; 8.065  ;
; SW[0]      ; HEX2[1]     ; 7.846  ; 7.846  ; 7.846  ; 7.846  ;
; SW[0]      ; HEX2[2]     ;        ; 7.886  ; 7.886  ;        ;
; SW[0]      ; HEX2[3]     ; 7.903  ; 7.903  ; 7.903  ; 7.903  ;
; SW[0]      ; HEX2[4]     ; 7.828  ;        ;        ; 7.828  ;
; SW[0]      ; HEX2[5]     ; 7.863  ;        ;        ; 7.863  ;
; SW[0]      ; HEX2[6]     ; 8.939  ;        ;        ; 8.939  ;
; SW[0]      ; LEDG[0]     ; 13.543 ; 13.543 ; 13.543 ; 13.543 ;
; SW[0]      ; LEDG[1]     ; 13.237 ; 13.237 ; 13.237 ; 13.237 ;
; SW[0]      ; LEDG[2]     ; 14.377 ; 14.377 ; 14.377 ; 14.377 ;
; SW[0]      ; LEDG[3]     ; 15.268 ; 15.268 ; 15.268 ; 15.268 ;
; SW[1]      ; HEX0[0]     ; 11.795 ; 11.795 ; 11.795 ; 11.795 ;
; SW[1]      ; HEX0[1]     ; 12.712 ; 12.712 ; 12.712 ; 12.712 ;
; SW[1]      ; HEX0[2]     ; 11.694 ; 11.694 ; 11.694 ; 11.694 ;
; SW[1]      ; HEX0[3]     ; 11.808 ; 11.808 ; 11.808 ; 11.808 ;
; SW[1]      ; HEX0[4]     ; 11.481 ; 11.481 ; 11.481 ; 11.481 ;
; SW[1]      ; HEX0[5]     ; 11.480 ; 11.480 ; 11.480 ; 11.480 ;
; SW[1]      ; HEX0[6]     ; 11.477 ; 11.477 ; 11.477 ; 11.477 ;
; SW[1]      ; HEX2[0]     ;        ; 8.238  ; 8.238  ;        ;
; SW[1]      ; HEX2[1]     ; 8.079  ; 8.079  ; 8.079  ; 8.079  ;
; SW[1]      ; HEX2[2]     ; 8.115  ;        ;        ; 8.115  ;
; SW[1]      ; HEX2[3]     ; 8.107  ; 8.107  ; 8.107  ; 8.107  ;
; SW[1]      ; HEX2[4]     ;        ; 8.100  ; 8.100  ;        ;
; SW[1]      ; HEX2[5]     ; 8.091  ;        ;        ; 8.091  ;
; SW[1]      ; HEX2[6]     ; 8.347  ; 8.347  ; 8.347  ; 8.347  ;
; SW[1]      ; LEDG[0]     ; 12.950 ; 12.950 ; 12.950 ; 12.950 ;
; SW[1]      ; LEDG[1]     ; 12.644 ; 12.644 ; 12.644 ; 12.644 ;
; SW[1]      ; LEDG[2]     ; 14.367 ; 14.367 ; 14.367 ; 14.367 ;
; SW[1]      ; LEDG[3]     ; 15.258 ; 15.258 ; 15.258 ; 15.258 ;
; SW[2]      ; HEX0[0]     ; 11.452 ; 11.452 ; 11.452 ; 11.452 ;
; SW[2]      ; HEX0[1]     ; 12.369 ; 12.369 ; 12.369 ; 12.369 ;
; SW[2]      ; HEX0[2]     ; 11.351 ; 11.351 ; 11.351 ; 11.351 ;
; SW[2]      ; HEX0[3]     ; 11.465 ; 11.465 ; 11.465 ; 11.465 ;
; SW[2]      ; HEX0[4]     ; 11.138 ; 11.138 ; 11.138 ; 11.138 ;
; SW[2]      ; HEX0[5]     ; 11.137 ; 11.137 ; 11.137 ; 11.137 ;
; SW[2]      ; HEX0[6]     ; 11.134 ; 11.134 ; 11.134 ; 11.134 ;
; SW[2]      ; HEX2[0]     ; 7.956  ; 7.956  ; 7.956  ; 7.956  ;
; SW[2]      ; HEX2[1]     ; 7.738  ;        ;        ; 7.738  ;
; SW[2]      ; HEX2[2]     ;        ; 7.768  ; 7.768  ;        ;
; SW[2]      ; HEX2[3]     ; 7.795  ; 7.795  ; 7.795  ; 7.795  ;
; SW[2]      ; HEX2[4]     ; 7.754  ;        ;        ; 7.754  ;
; SW[2]      ; HEX2[5]     ;        ; 7.746  ; 7.746  ;        ;
; SW[2]      ; HEX2[6]     ; 8.272  ; 8.272  ; 8.272  ; 8.272  ;
; SW[2]      ; LEDG[0]     ; 12.868 ; 12.868 ; 12.868 ; 12.868 ;
; SW[2]      ; LEDG[1]     ; 12.562 ; 12.562 ; 12.562 ; 12.562 ;
; SW[2]      ; LEDG[2]     ; 14.024 ; 14.024 ; 14.024 ; 14.024 ;
; SW[2]      ; LEDG[3]     ; 14.915 ; 14.915 ; 14.915 ; 14.915 ;
; SW[3]      ; HEX0[0]     ; 10.168 ; 10.168 ; 10.168 ; 10.168 ;
; SW[3]      ; HEX0[1]     ; 11.433 ; 11.433 ; 11.433 ; 11.433 ;
; SW[3]      ; HEX0[2]     ; 10.061 ; 10.061 ; 10.061 ; 10.061 ;
; SW[3]      ; HEX0[3]     ; 10.174 ; 10.174 ; 10.174 ; 10.174 ;
; SW[3]      ; HEX0[4]     ; 9.855  ; 9.855  ; 9.855  ; 9.855  ;
; SW[3]      ; HEX0[5]     ; 9.851  ; 9.851  ; 9.851  ; 9.851  ;
; SW[3]      ; HEX0[6]     ; 9.856  ; 9.856  ; 9.856  ; 9.856  ;
; SW[3]      ; HEX3[0]     ; 8.250  ; 8.250  ; 8.250  ; 8.250  ;
; SW[3]      ; HEX3[1]     ; 8.753  ; 8.753  ; 8.753  ; 8.753  ;
; SW[3]      ; HEX3[2]     ;        ; 8.716  ; 8.716  ;        ;
; SW[3]      ; HEX3[3]     ; 8.182  ; 8.182  ; 8.182  ; 8.182  ;
; SW[3]      ; HEX3[4]     ; 7.865  ;        ;        ; 7.865  ;
; SW[3]      ; HEX3[5]     ; 8.242  ;        ;        ; 8.242  ;
; SW[3]      ; HEX3[6]     ; 8.594  ; 8.594  ; 8.594  ; 8.594  ;
; SW[3]      ; LEDG[0]     ; 12.124 ; 12.124 ; 12.124 ; 12.124 ;
; SW[3]      ; LEDG[1]     ; 11.818 ; 11.818 ; 11.818 ; 11.818 ;
; SW[3]      ; LEDG[2]     ; 12.478 ; 12.478 ; 12.478 ; 12.478 ;
; SW[3]      ; LEDG[3]     ; 13.634 ; 13.634 ; 13.634 ; 13.634 ;
; SW[4]      ; HEX0[0]     ; 9.149  ; 9.149  ; 9.149  ; 9.149  ;
; SW[4]      ; HEX0[1]     ; 10.412 ; 10.412 ; 10.412 ; 10.412 ;
; SW[4]      ; HEX0[2]     ; 9.042  ; 9.042  ; 9.042  ; 9.042  ;
; SW[4]      ; HEX0[3]     ; 9.155  ; 9.155  ; 9.155  ; 9.155  ;
; SW[4]      ; HEX0[4]     ; 8.836  ; 8.836  ; 8.836  ; 8.836  ;
; SW[4]      ; HEX0[5]     ; 8.832  ; 8.832  ; 8.832  ; 8.832  ;
; SW[4]      ; HEX0[6]     ; 8.837  ; 8.837  ; 8.837  ; 8.837  ;
; SW[4]      ; HEX3[0]     ; 7.662  ; 7.662  ; 7.662  ; 7.662  ;
; SW[4]      ; HEX3[1]     ; 8.166  ; 8.166  ; 8.166  ; 8.166  ;
; SW[4]      ; HEX3[2]     ; 8.172  ;        ;        ; 8.172  ;
; SW[4]      ; HEX3[3]     ; 7.605  ; 7.605  ; 7.605  ; 7.605  ;
; SW[4]      ; HEX3[4]     ;        ; 7.280  ; 7.280  ;        ;
; SW[4]      ; HEX3[5]     ; 7.672  ; 7.672  ; 7.672  ; 7.672  ;
; SW[4]      ; HEX3[6]     ; 7.977  ; 7.977  ; 7.977  ; 7.977  ;
; SW[4]      ; LEDG[0]     ; 11.103 ; 11.103 ; 11.103 ; 11.103 ;
; SW[4]      ; LEDG[1]     ; 10.797 ; 10.797 ; 10.797 ; 10.797 ;
; SW[4]      ; LEDG[2]     ; 11.457 ; 11.457 ; 11.457 ; 11.457 ;
; SW[4]      ; LEDG[3]     ; 12.615 ; 12.615 ; 12.615 ; 12.615 ;
; SW[5]      ; HEX0[0]     ; 10.042 ; 10.042 ; 10.042 ; 10.042 ;
; SW[5]      ; HEX0[1]     ; 10.957 ; 10.957 ; 10.957 ; 10.957 ;
; SW[5]      ; HEX0[2]     ; 9.941  ; 9.941  ; 9.941  ; 9.941  ;
; SW[5]      ; HEX0[3]     ; 10.055 ; 10.055 ; 10.055 ; 10.055 ;
; SW[5]      ; HEX0[4]     ; 9.728  ; 9.728  ; 9.728  ; 9.728  ;
; SW[5]      ; HEX0[5]     ; 9.727  ; 9.727  ; 9.727  ; 9.727  ;
; SW[5]      ; HEX0[6]     ; 9.724  ; 9.724  ; 9.724  ; 9.724  ;
; SW[5]      ; HEX3[0]     ; 7.531  ; 7.531  ; 7.531  ; 7.531  ;
; SW[5]      ; HEX3[1]     ; 8.038  ;        ;        ; 8.038  ;
; SW[5]      ; HEX3[2]     ; 8.049  ; 8.049  ; 8.049  ; 8.049  ;
; SW[5]      ; HEX3[3]     ; 7.481  ; 7.481  ; 7.481  ; 7.481  ;
; SW[5]      ; HEX3[4]     ; 7.150  ; 7.150  ; 7.150  ; 7.150  ;
; SW[5]      ; HEX3[5]     ; 7.544  ; 7.544  ; 7.544  ; 7.544  ;
; SW[5]      ; HEX3[6]     ; 7.883  ; 7.883  ; 7.883  ; 7.883  ;
; SW[5]      ; LEDG[0]     ; 10.438 ; 10.438 ; 10.438 ; 10.438 ;
; SW[5]      ; LEDG[1]     ; 10.132 ; 10.132 ; 10.132 ; 10.132 ;
; SW[5]      ; LEDG[2]     ; 12.614 ; 12.614 ; 12.614 ; 12.614 ;
; SW[5]      ; LEDG[3]     ; 13.505 ; 13.505 ; 13.505 ; 13.505 ;
; SW[6]      ; HEX0[0]     ; 9.453  ; 9.453  ; 9.453  ; 9.453  ;
; SW[6]      ; HEX0[1]     ; 10.844 ; 10.844 ; 10.844 ; 10.844 ;
; SW[6]      ; HEX0[2]     ; 9.352  ; 9.352  ; 9.352  ; 9.352  ;
; SW[6]      ; HEX0[3]     ; 9.466  ; 9.466  ; 9.466  ; 9.466  ;
; SW[6]      ; HEX0[4]     ; 9.139  ; 9.139  ; 9.139  ; 9.139  ;
; SW[6]      ; HEX0[5]     ; 9.138  ; 9.138  ; 9.138  ; 9.138  ;
; SW[6]      ; HEX0[6]     ; 9.135  ; 9.135  ; 9.135  ; 9.135  ;
; SW[6]      ; HEX3[0]     ; 7.436  ; 7.436  ; 7.436  ; 7.436  ;
; SW[6]      ; HEX3[1]     ; 7.940  ; 7.940  ; 7.940  ; 7.940  ;
; SW[6]      ; HEX3[2]     ; 7.932  ; 7.932  ; 7.932  ; 7.932  ;
; SW[6]      ; HEX3[3]     ; 7.370  ; 7.370  ; 7.370  ; 7.370  ;
; SW[6]      ; HEX3[4]     ;        ; 7.051  ; 7.051  ;        ;
; SW[6]      ; HEX3[5]     ; 7.428  ; 7.428  ; 7.428  ; 7.428  ;
; SW[6]      ; HEX3[6]     ; 7.781  ; 7.781  ; 7.781  ; 7.781  ;
; SW[6]      ; LEDG[0]     ; 9.709  ; 9.709  ; 9.709  ; 9.709  ;
; SW[6]      ; LEDG[1]     ; 9.407  ; 9.407  ; 9.407  ; 9.407  ;
; SW[6]      ; LEDG[2]     ; 12.025 ; 12.025 ; 12.025 ; 12.025 ;
; SW[6]      ; LEDG[3]     ; 12.916 ; 12.916 ; 12.916 ; 12.916 ;
+------------+-------------+--------+--------+--------+--------+


+--------------------------------------------------------------+
; Minimum Propagation Delay                                    ;
+------------+-------------+--------+--------+--------+--------+
; Input Port ; Output Port ; RR     ; RF     ; FR     ; FF     ;
+------------+-------------+--------+--------+--------+--------+
; KEY[0]     ; HEX0[0]     ; 14.484 ; 14.484 ; 14.484 ; 14.484 ;
; KEY[0]     ; HEX0[1]     ; 14.543 ; 14.543 ; 14.543 ; 14.543 ;
; KEY[0]     ; HEX0[2]     ; 14.422 ; 14.422 ; 14.422 ; 14.422 ;
; KEY[0]     ; HEX0[3]     ; 14.539 ; 14.539 ; 14.539 ; 14.539 ;
; KEY[0]     ; HEX0[4]     ; 14.170 ; 14.170 ; 14.170 ; 14.170 ;
; KEY[0]     ; HEX0[5]     ; 14.180 ; 14.180 ; 14.180 ; 14.180 ;
; KEY[0]     ; HEX0[6]     ; 14.197 ; 14.197 ; 14.197 ; 14.197 ;
; KEY[0]     ; HEX1[0]     ; 12.454 ; 12.454 ; 12.454 ; 12.454 ;
; KEY[0]     ; HEX1[1]     ; 12.111 ; 12.111 ; 12.111 ; 12.111 ;
; KEY[0]     ; HEX1[2]     ; 12.102 ;        ;        ; 12.102 ;
; KEY[0]     ; HEX1[3]     ; 12.104 ; 12.104 ; 12.104 ; 12.104 ;
; KEY[0]     ; HEX1[4]     ;        ; 12.089 ; 12.089 ;        ;
; KEY[0]     ; HEX1[5]     ;        ; 12.488 ; 12.488 ;        ;
; KEY[0]     ; HEX1[6]     ; 12.456 ; 12.456 ; 12.456 ; 12.456 ;
; KEY[0]     ; LEDG[0]     ; 17.913 ; 17.913 ; 17.913 ; 17.913 ;
; KEY[0]     ; LEDG[1]     ; 17.607 ; 17.607 ; 17.607 ; 17.607 ;
; KEY[0]     ; LEDG[2]     ; 18.267 ; 18.267 ; 18.267 ; 18.267 ;
; KEY[0]     ; LEDG[3]     ; 17.986 ; 17.986 ; 17.986 ; 17.986 ;
; KEY[1]     ; HEX0[0]     ; 13.598 ; 13.598 ; 13.598 ; 13.598 ;
; KEY[1]     ; HEX0[1]     ; 14.155 ; 14.155 ; 14.155 ; 14.155 ;
; KEY[1]     ; HEX0[2]     ; 13.491 ; 13.491 ; 13.491 ; 13.491 ;
; KEY[1]     ; HEX0[3]     ; 13.604 ; 13.604 ; 13.604 ; 13.604 ;
; KEY[1]     ; HEX0[4]     ; 13.285 ; 13.285 ; 13.285 ; 13.285 ;
; KEY[1]     ; HEX0[5]     ; 13.281 ; 13.281 ; 13.281 ; 13.281 ;
; KEY[1]     ; HEX0[6]     ; 13.286 ; 13.286 ; 13.286 ; 13.286 ;
; KEY[1]     ; HEX1[0]     ; 11.848 ; 11.848 ; 11.848 ; 11.848 ;
; KEY[1]     ; HEX1[1]     ; 11.467 ; 11.467 ; 11.467 ; 11.467 ;
; KEY[1]     ; HEX1[2]     ;        ; 11.458 ; 11.458 ;        ;
; KEY[1]     ; HEX1[3]     ; 11.467 ; 11.467 ; 11.467 ; 11.467 ;
; KEY[1]     ; HEX1[4]     ; 11.482 ;        ;        ; 11.482 ;
; KEY[1]     ; HEX1[5]     ; 11.843 ; 11.843 ; 11.843 ; 11.843 ;
; KEY[1]     ; HEX1[6]     ; 11.841 ; 11.841 ; 11.841 ; 11.841 ;
; KEY[1]     ; LEDG[0]     ; 16.801 ; 16.801 ; 16.801 ; 16.801 ;
; KEY[1]     ; LEDG[1]     ; 16.495 ; 16.495 ; 16.495 ; 16.495 ;
; KEY[1]     ; LEDG[2]     ; 17.155 ; 17.155 ; 17.155 ; 17.155 ;
; KEY[1]     ; LEDG[3]     ; 17.064 ; 17.064 ; 17.064 ; 17.064 ;
; KEY[2]     ; HEX0[0]     ; 15.493 ; 15.493 ; 15.493 ; 15.493 ;
; KEY[2]     ; HEX0[1]     ; 15.510 ; 15.510 ; 15.510 ; 15.510 ;
; KEY[2]     ; HEX0[2]     ; 15.392 ; 15.392 ; 15.392 ; 15.392 ;
; KEY[2]     ; HEX0[3]     ; 15.506 ; 15.506 ; 15.506 ; 15.506 ;
; KEY[2]     ; HEX0[4]     ; 15.179 ; 15.179 ; 15.179 ; 15.179 ;
; KEY[2]     ; HEX0[5]     ; 15.178 ; 15.178 ; 15.178 ; 15.178 ;
; KEY[2]     ; HEX0[6]     ; 15.175 ; 15.175 ; 15.175 ; 15.175 ;
; KEY[2]     ; HEX1[0]     ; 12.284 ; 12.284 ; 12.284 ; 12.284 ;
; KEY[2]     ; HEX1[1]     ;        ; 11.914 ; 11.914 ;        ;
; KEY[2]     ; HEX1[2]     ; 11.903 ; 11.903 ; 11.903 ; 11.903 ;
; KEY[2]     ; HEX1[3]     ; 11.914 ; 11.914 ; 11.914 ; 11.914 ;
; KEY[2]     ; HEX1[4]     ; 11.916 ; 11.916 ; 11.916 ; 11.916 ;
; KEY[2]     ; HEX1[5]     ; 12.277 ; 12.277 ; 12.277 ; 12.277 ;
; KEY[2]     ; HEX1[6]     ; 12.274 ; 12.274 ; 12.274 ; 12.274 ;
; KEY[2]     ; LEDG[0]     ; 16.466 ; 16.466 ; 16.466 ; 16.466 ;
; KEY[2]     ; LEDG[1]     ; 16.160 ; 16.160 ; 16.160 ; 16.160 ;
; KEY[2]     ; LEDG[2]     ; 18.065 ; 18.065 ; 18.065 ; 18.065 ;
; KEY[2]     ; LEDG[3]     ; 18.956 ; 18.956 ; 18.956 ; 18.956 ;
; KEY[3]     ; HEX0[0]     ; 15.801 ; 15.801 ; 15.801 ; 15.801 ;
; KEY[3]     ; HEX0[1]     ; 15.818 ; 15.818 ; 15.818 ; 15.818 ;
; KEY[3]     ; HEX0[2]     ; 15.700 ; 15.700 ; 15.700 ; 15.700 ;
; KEY[3]     ; HEX0[3]     ; 15.814 ; 15.814 ; 15.814 ; 15.814 ;
; KEY[3]     ; HEX0[4]     ; 15.487 ; 15.487 ; 15.487 ; 15.487 ;
; KEY[3]     ; HEX0[5]     ; 15.486 ; 15.486 ; 15.486 ; 15.486 ;
; KEY[3]     ; HEX0[6]     ; 15.483 ; 15.483 ; 15.483 ; 15.483 ;
; KEY[3]     ; HEX1[0]     ; 12.451 ; 12.451 ; 12.451 ; 12.451 ;
; KEY[3]     ; HEX1[1]     ; 12.098 ; 12.098 ; 12.098 ; 12.098 ;
; KEY[3]     ; HEX1[2]     ; 12.089 ; 12.089 ; 12.089 ; 12.089 ;
; KEY[3]     ; HEX1[3]     ; 12.097 ; 12.097 ; 12.097 ; 12.097 ;
; KEY[3]     ; HEX1[4]     ; 12.118 ;        ;        ; 12.118 ;
; KEY[3]     ; HEX1[5]     ; 12.478 ; 12.478 ; 12.478 ; 12.478 ;
; KEY[3]     ; HEX1[6]     ; 12.474 ; 12.474 ; 12.474 ; 12.474 ;
; KEY[3]     ; LEDG[0]     ; 16.018 ; 16.018 ; 16.018 ; 16.018 ;
; KEY[3]     ; LEDG[1]     ; 15.708 ; 15.708 ; 15.708 ; 15.708 ;
; KEY[3]     ; LEDG[2]     ; 18.373 ; 18.373 ; 18.373 ; 18.373 ;
; KEY[3]     ; LEDG[3]     ; 19.264 ; 19.264 ; 19.264 ; 19.264 ;
; SW[0]      ; HEX0[0]     ; 9.486  ; 9.486  ; 9.486  ; 9.486  ;
; SW[0]      ; HEX0[1]     ; 9.545  ; 9.545  ; 9.545  ; 9.545  ;
; SW[0]      ; HEX0[2]     ; 9.424  ; 9.424  ; 9.424  ; 9.424  ;
; SW[0]      ; HEX0[3]     ; 9.541  ; 9.541  ; 9.541  ; 9.541  ;
; SW[0]      ; HEX0[4]     ; 9.172  ; 9.172  ; 9.172  ; 9.172  ;
; SW[0]      ; HEX0[5]     ; 9.182  ; 9.182  ; 9.182  ; 9.182  ;
; SW[0]      ; HEX0[6]     ; 9.199  ; 9.199  ; 9.199  ; 9.199  ;
; SW[0]      ; HEX2[0]     ; 8.065  ; 8.065  ; 8.065  ; 8.065  ;
; SW[0]      ; HEX2[1]     ; 7.846  ; 7.846  ; 7.846  ; 7.846  ;
; SW[0]      ; HEX2[2]     ;        ; 7.886  ; 7.886  ;        ;
; SW[0]      ; HEX2[3]     ; 7.903  ; 7.903  ; 7.903  ; 7.903  ;
; SW[0]      ; HEX2[4]     ; 7.828  ;        ;        ; 7.828  ;
; SW[0]      ; HEX2[5]     ; 7.863  ;        ;        ; 7.863  ;
; SW[0]      ; HEX2[6]     ; 8.939  ;        ;        ; 8.939  ;
; SW[0]      ; LEDG[0]     ; 11.414 ; 11.414 ; 11.414 ; 11.414 ;
; SW[0]      ; LEDG[1]     ; 11.104 ; 11.104 ; 11.104 ; 11.104 ;
; SW[0]      ; LEDG[2]     ; 13.269 ; 13.269 ; 13.269 ; 13.269 ;
; SW[0]      ; LEDG[3]     ; 12.988 ; 12.988 ; 12.988 ; 12.988 ;
; SW[1]      ; HEX0[0]     ; 9.166  ; 9.166  ; 9.166  ; 9.166  ;
; SW[1]      ; HEX0[1]     ; 9.580  ; 9.580  ; 9.580  ; 9.580  ;
; SW[1]      ; HEX0[2]     ; 9.059  ; 9.059  ; 9.059  ; 9.059  ;
; SW[1]      ; HEX0[3]     ; 9.172  ; 9.172  ; 9.172  ; 9.172  ;
; SW[1]      ; HEX0[4]     ; 8.853  ; 8.853  ; 8.853  ; 8.853  ;
; SW[1]      ; HEX0[5]     ; 8.849  ; 8.849  ; 8.849  ; 8.849  ;
; SW[1]      ; HEX0[6]     ; 8.854  ; 8.854  ; 8.854  ; 8.854  ;
; SW[1]      ; HEX2[0]     ;        ; 8.238  ; 8.238  ;        ;
; SW[1]      ; HEX2[1]     ; 8.079  ; 8.079  ; 8.079  ; 8.079  ;
; SW[1]      ; HEX2[2]     ; 8.115  ;        ;        ; 8.115  ;
; SW[1]      ; HEX2[3]     ; 8.107  ; 8.107  ; 8.107  ; 8.107  ;
; SW[1]      ; HEX2[4]     ;        ; 8.100  ; 8.100  ;        ;
; SW[1]      ; HEX2[5]     ; 8.091  ;        ;        ; 8.091  ;
; SW[1]      ; HEX2[6]     ; 8.347  ; 8.347  ; 8.347  ; 8.347  ;
; SW[1]      ; LEDG[0]     ; 11.646 ; 11.646 ; 11.646 ; 11.646 ;
; SW[1]      ; LEDG[1]     ; 11.336 ; 11.336 ; 11.336 ; 11.336 ;
; SW[1]      ; LEDG[2]     ; 12.723 ; 12.723 ; 12.723 ; 12.723 ;
; SW[1]      ; LEDG[3]     ; 12.632 ; 12.632 ; 12.632 ; 12.632 ;
; SW[2]      ; HEX0[0]     ; 8.747  ; 8.747  ; 8.747  ; 8.747  ;
; SW[2]      ; HEX0[1]     ; 8.768  ; 8.768  ; 8.768  ; 8.768  ;
; SW[2]      ; HEX0[2]     ; 8.650  ; 8.650  ; 8.650  ; 8.650  ;
; SW[2]      ; HEX0[3]     ; 8.727  ; 8.727  ; 8.727  ; 8.727  ;
; SW[2]      ; HEX0[4]     ; 8.433  ; 8.433  ; 8.433  ; 8.433  ;
; SW[2]      ; HEX0[5]     ; 8.430  ; 8.430  ; 8.430  ; 8.430  ;
; SW[2]      ; HEX0[6]     ; 8.438  ; 8.438  ; 8.438  ; 8.438  ;
; SW[2]      ; HEX2[0]     ; 7.956  ; 7.956  ; 7.956  ; 7.956  ;
; SW[2]      ; HEX2[1]     ; 7.738  ;        ;        ; 7.738  ;
; SW[2]      ; HEX2[2]     ;        ; 7.768  ; 7.768  ;        ;
; SW[2]      ; HEX2[3]     ; 7.795  ; 7.795  ; 7.795  ; 7.795  ;
; SW[2]      ; HEX2[4]     ; 7.754  ;        ;        ; 7.754  ;
; SW[2]      ; HEX2[5]     ;        ; 7.746  ; 7.746  ;        ;
; SW[2]      ; HEX2[6]     ; 8.272  ; 8.272  ; 8.272  ; 8.272  ;
; SW[2]      ; LEDG[0]     ; 9.953  ; 9.953  ; 9.953  ; 9.953  ;
; SW[2]      ; LEDG[1]     ; 9.644  ; 9.644  ; 9.644  ; 9.644  ;
; SW[2]      ; LEDG[2]     ; 11.768 ; 11.768 ; 11.768 ; 11.768 ;
; SW[2]      ; LEDG[3]     ; 12.218 ; 12.218 ; 12.218 ; 12.218 ;
; SW[3]      ; HEX0[0]     ; 8.703  ; 8.703  ; 8.703  ; 8.703  ;
; SW[3]      ; HEX0[1]     ; 8.762  ; 8.762  ; 8.762  ; 8.762  ;
; SW[3]      ; HEX0[2]     ; 8.641  ; 8.641  ; 8.641  ; 8.641  ;
; SW[3]      ; HEX0[3]     ; 8.758  ; 8.758  ; 8.758  ; 8.758  ;
; SW[3]      ; HEX0[4]     ; 8.389  ; 8.389  ; 8.389  ; 8.389  ;
; SW[3]      ; HEX0[5]     ; 8.399  ; 8.399  ; 8.399  ; 8.399  ;
; SW[3]      ; HEX0[6]     ; 8.416  ; 8.416  ; 8.416  ; 8.416  ;
; SW[3]      ; HEX3[0]     ; 8.250  ; 8.250  ; 8.250  ; 8.250  ;
; SW[3]      ; HEX3[1]     ; 8.753  ; 8.753  ; 8.753  ; 8.753  ;
; SW[3]      ; HEX3[2]     ;        ; 8.716  ; 8.716  ;        ;
; SW[3]      ; HEX3[3]     ; 8.182  ; 8.182  ; 8.182  ; 8.182  ;
; SW[3]      ; HEX3[4]     ; 7.865  ;        ;        ; 7.865  ;
; SW[3]      ; HEX3[5]     ; 8.242  ;        ;        ; 8.242  ;
; SW[3]      ; HEX3[6]     ; 8.594  ; 8.594  ; 8.594  ; 8.594  ;
; SW[3]      ; LEDG[0]     ; 12.124 ; 12.124 ; 12.124 ; 12.124 ;
; SW[3]      ; LEDG[1]     ; 11.818 ; 11.818 ; 11.818 ; 11.818 ;
; SW[3]      ; LEDG[2]     ; 12.478 ; 12.478 ; 12.478 ; 12.478 ;
; SW[3]      ; LEDG[3]     ; 12.205 ; 12.205 ; 12.205 ; 12.205 ;
; SW[4]      ; HEX0[0]     ; 8.290  ; 8.290  ; 8.290  ; 8.290  ;
; SW[4]      ; HEX0[1]     ; 8.458  ; 8.458  ; 8.458  ; 8.458  ;
; SW[4]      ; HEX0[2]     ; 8.183  ; 8.183  ; 8.183  ; 8.183  ;
; SW[4]      ; HEX0[3]     ; 8.296  ; 8.296  ; 8.296  ; 8.296  ;
; SW[4]      ; HEX0[4]     ; 7.977  ; 7.977  ; 7.977  ; 7.977  ;
; SW[4]      ; HEX0[5]     ; 7.973  ; 7.973  ; 7.973  ; 7.973  ;
; SW[4]      ; HEX0[6]     ; 7.978  ; 7.978  ; 7.978  ; 7.978  ;
; SW[4]      ; HEX3[0]     ; 7.662  ; 7.662  ; 7.662  ; 7.662  ;
; SW[4]      ; HEX3[1]     ; 8.166  ; 8.166  ; 8.166  ; 8.166  ;
; SW[4]      ; HEX3[2]     ; 8.172  ;        ;        ; 8.172  ;
; SW[4]      ; HEX3[3]     ; 7.605  ; 7.605  ; 7.605  ; 7.605  ;
; SW[4]      ; HEX3[4]     ;        ; 7.280  ; 7.280  ;        ;
; SW[4]      ; HEX3[5]     ; 7.672  ; 7.672  ; 7.672  ; 7.672  ;
; SW[4]      ; HEX3[6]     ; 7.977  ; 7.977  ; 7.977  ; 7.977  ;
; SW[4]      ; LEDG[0]     ; 11.103 ; 11.103 ; 11.103 ; 11.103 ;
; SW[4]      ; LEDG[1]     ; 10.797 ; 10.797 ; 10.797 ; 10.797 ;
; SW[4]      ; LEDG[2]     ; 11.457 ; 11.457 ; 11.457 ; 11.457 ;
; SW[4]      ; LEDG[3]     ; 11.908 ; 11.756 ; 11.756 ; 11.908 ;
; SW[5]      ; HEX0[0]     ; 9.756  ; 9.756  ; 9.756  ; 9.756  ;
; SW[5]      ; HEX0[1]     ; 9.888  ; 9.888  ; 9.888  ; 9.888  ;
; SW[5]      ; HEX0[2]     ; 9.649  ; 9.649  ; 9.649  ; 9.649  ;
; SW[5]      ; HEX0[3]     ; 9.762  ; 9.762  ; 9.762  ; 9.762  ;
; SW[5]      ; HEX0[4]     ; 9.443  ; 9.443  ; 9.443  ; 9.443  ;
; SW[5]      ; HEX0[5]     ; 9.439  ; 9.439  ; 9.439  ; 9.439  ;
; SW[5]      ; HEX0[6]     ; 9.444  ; 9.444  ; 9.444  ; 9.444  ;
; SW[5]      ; HEX3[0]     ; 7.531  ; 7.531  ; 7.531  ; 7.531  ;
; SW[5]      ; HEX3[1]     ; 8.038  ;        ;        ; 8.038  ;
; SW[5]      ; HEX3[2]     ; 8.049  ; 8.049  ; 8.049  ; 8.049  ;
; SW[5]      ; HEX3[3]     ; 7.481  ; 7.481  ; 7.481  ; 7.481  ;
; SW[5]      ; HEX3[4]     ; 7.150  ; 7.150  ; 7.150  ; 7.150  ;
; SW[5]      ; HEX3[5]     ; 7.544  ; 7.544  ; 7.544  ; 7.544  ;
; SW[5]      ; HEX3[6]     ; 7.883  ; 7.883  ; 7.883  ; 7.883  ;
; SW[5]      ; LEDG[0]     ; 10.438 ; 10.438 ; 10.438 ; 10.438 ;
; SW[5]      ; LEDG[1]     ; 10.132 ; 10.132 ; 10.132 ; 10.132 ;
; SW[5]      ; LEDG[2]     ; 12.443 ; 12.443 ; 12.443 ; 12.443 ;
; SW[5]      ; LEDG[3]     ; 13.222 ; 13.222 ; 13.222 ; 13.222 ;
; SW[6]      ; HEX0[0]     ; 9.453  ; 9.453  ; 9.453  ; 9.453  ;
; SW[6]      ; HEX0[1]     ; 9.470  ; 9.470  ; 9.470  ; 9.470  ;
; SW[6]      ; HEX0[2]     ; 9.352  ; 9.352  ; 9.352  ; 9.352  ;
; SW[6]      ; HEX0[3]     ; 9.466  ; 9.466  ; 9.466  ; 9.466  ;
; SW[6]      ; HEX0[4]     ; 9.139  ; 9.139  ; 9.139  ; 9.139  ;
; SW[6]      ; HEX0[5]     ; 9.138  ; 9.138  ; 9.138  ; 9.138  ;
; SW[6]      ; HEX0[6]     ; 9.135  ; 9.135  ; 9.135  ; 9.135  ;
; SW[6]      ; HEX3[0]     ; 7.436  ; 7.436  ; 7.436  ; 7.436  ;
; SW[6]      ; HEX3[1]     ; 7.940  ; 7.940  ; 7.940  ; 7.940  ;
; SW[6]      ; HEX3[2]     ; 7.932  ; 7.932  ; 7.932  ; 7.932  ;
; SW[6]      ; HEX3[3]     ; 7.370  ; 7.370  ; 7.370  ; 7.370  ;
; SW[6]      ; HEX3[4]     ;        ; 7.051  ; 7.051  ;        ;
; SW[6]      ; HEX3[5]     ; 7.428  ; 7.428  ; 7.428  ; 7.428  ;
; SW[6]      ; HEX3[6]     ; 7.781  ; 7.781  ; 7.781  ; 7.781  ;
; SW[6]      ; LEDG[0]     ; 9.709  ; 9.709  ; 9.709  ; 9.709  ;
; SW[6]      ; LEDG[1]     ; 9.407  ; 9.407  ; 9.407  ; 9.407  ;
; SW[6]      ; LEDG[2]     ; 12.025 ; 12.025 ; 12.025 ; 12.025 ;
; SW[6]      ; LEDG[3]     ; 12.916 ; 12.916 ; 12.916 ; 12.916 ;
+------------+-------------+--------+--------+--------+--------+


----------------------------
; Fast Model Setup Summary ;
----------------------------
No paths to report.


---------------------------
; Fast Model Hold Summary ;
---------------------------
No paths to report.


-------------------------------
; Fast Model Recovery Summary ;
-------------------------------
No paths to report.


------------------------------
; Fast Model Removal Summary ;
------------------------------
No paths to report.


------------------------------------------
; Fast Model Minimum Pulse Width Summary ;
------------------------------------------
No paths to report.


+----------------------------------------------------------+
; Propagation Delay                                        ;
+------------+-------------+-------+-------+-------+-------+
; Input Port ; Output Port ; RR    ; RF    ; FR    ; FF    ;
+------------+-------------+-------+-------+-------+-------+
; KEY[0]     ; HEX0[0]     ; 7.487 ; 7.487 ; 7.487 ; 7.487 ;
; KEY[0]     ; HEX0[1]     ; 7.953 ; 7.953 ; 7.953 ; 7.953 ;
; KEY[0]     ; HEX0[2]     ; 7.454 ; 7.454 ; 7.454 ; 7.454 ;
; KEY[0]     ; HEX0[3]     ; 7.498 ; 7.498 ; 7.498 ; 7.498 ;
; KEY[0]     ; HEX0[4]     ; 7.390 ; 7.390 ; 7.390 ; 7.390 ;
; KEY[0]     ; HEX0[5]     ; 7.387 ; 7.387 ; 7.387 ; 7.387 ;
; KEY[0]     ; HEX0[6]     ; 7.392 ; 7.392 ; 7.392 ; 7.392 ;
; KEY[0]     ; HEX1[0]     ; 6.290 ; 6.290 ; 6.290 ; 6.290 ;
; KEY[0]     ; HEX1[1]     ; 6.122 ; 6.122 ; 6.122 ; 6.122 ;
; KEY[0]     ; HEX1[2]     ; 6.119 ;       ;       ; 6.119 ;
; KEY[0]     ; HEX1[3]     ; 6.127 ; 6.127 ; 6.127 ; 6.127 ;
; KEY[0]     ; HEX1[4]     ;       ; 6.141 ; 6.141 ;       ;
; KEY[0]     ; HEX1[5]     ;       ; 6.287 ; 6.287 ;       ;
; KEY[0]     ; HEX1[6]     ; 6.290 ; 6.290 ; 6.290 ; 6.290 ;
; KEY[0]     ; LEDG[0]     ; 8.464 ; 8.464 ; 8.464 ; 8.464 ;
; KEY[0]     ; LEDG[1]     ; 8.352 ; 8.352 ; 8.352 ; 8.352 ;
; KEY[0]     ; LEDG[2]     ; 8.499 ; 8.499 ; 8.499 ; 8.499 ;
; KEY[0]     ; LEDG[3]     ; 8.939 ; 8.939 ; 8.939 ; 8.939 ;
; KEY[1]     ; HEX0[0]     ; 7.044 ; 7.044 ; 7.044 ; 7.044 ;
; KEY[1]     ; HEX0[1]     ; 7.509 ; 7.509 ; 7.509 ; 7.509 ;
; KEY[1]     ; HEX0[2]     ; 7.011 ; 7.011 ; 7.011 ; 7.011 ;
; KEY[1]     ; HEX0[3]     ; 7.055 ; 7.055 ; 7.055 ; 7.055 ;
; KEY[1]     ; HEX0[4]     ; 6.947 ; 6.947 ; 6.947 ; 6.947 ;
; KEY[1]     ; HEX0[5]     ; 6.944 ; 6.944 ; 6.944 ; 6.944 ;
; KEY[1]     ; HEX0[6]     ; 6.949 ; 6.949 ; 6.949 ; 6.949 ;
; KEY[1]     ; HEX1[0]     ; 6.017 ; 6.017 ; 6.017 ; 6.017 ;
; KEY[1]     ; HEX1[1]     ; 5.848 ; 5.848 ; 5.848 ; 5.848 ;
; KEY[1]     ; HEX1[2]     ;       ; 5.844 ; 5.844 ;       ;
; KEY[1]     ; HEX1[3]     ; 5.853 ; 5.853 ; 5.853 ; 5.853 ;
; KEY[1]     ; HEX1[4]     ; 5.867 ;       ;       ; 5.867 ;
; KEY[1]     ; HEX1[5]     ; 6.014 ; 6.014 ; 6.014 ; 6.014 ;
; KEY[1]     ; HEX1[6]     ; 6.013 ; 6.013 ; 6.013 ; 6.013 ;
; KEY[1]     ; LEDG[0]     ; 8.020 ; 8.020 ; 8.020 ; 8.020 ;
; KEY[1]     ; LEDG[1]     ; 7.908 ; 7.908 ; 7.908 ; 7.908 ;
; KEY[1]     ; LEDG[2]     ; 8.055 ; 8.055 ; 8.055 ; 8.055 ;
; KEY[1]     ; LEDG[3]     ; 8.496 ; 8.496 ; 8.496 ; 8.496 ;
; KEY[2]     ; HEX0[0]     ; 7.545 ; 7.545 ; 7.545 ; 7.545 ;
; KEY[2]     ; HEX0[1]     ; 7.888 ; 7.888 ; 7.888 ; 7.888 ;
; KEY[2]     ; HEX0[2]     ; 7.514 ; 7.514 ; 7.514 ; 7.514 ;
; KEY[2]     ; HEX0[3]     ; 7.561 ; 7.561 ; 7.561 ; 7.561 ;
; KEY[2]     ; HEX0[4]     ; 7.447 ; 7.447 ; 7.447 ; 7.447 ;
; KEY[2]     ; HEX0[5]     ; 7.447 ; 7.447 ; 7.447 ; 7.447 ;
; KEY[2]     ; HEX0[6]     ; 7.445 ; 7.445 ; 7.445 ; 7.445 ;
; KEY[2]     ; HEX1[0]     ; 6.226 ; 6.226 ; 6.226 ; 6.226 ;
; KEY[2]     ; HEX1[1]     ;       ; 6.063 ; 6.063 ;       ;
; KEY[2]     ; HEX1[2]     ; 6.060 ; 6.060 ; 6.060 ; 6.060 ;
; KEY[2]     ; HEX1[3]     ; 6.071 ; 6.071 ; 6.071 ; 6.071 ;
; KEY[2]     ; HEX1[4]     ; 6.072 ; 6.072 ; 6.072 ; 6.072 ;
; KEY[2]     ; HEX1[5]     ; 6.220 ; 6.220 ; 6.220 ; 6.220 ;
; KEY[2]     ; HEX1[6]     ; 6.219 ; 6.219 ; 6.219 ; 6.219 ;
; KEY[2]     ; LEDG[0]     ; 7.960 ; 7.960 ; 7.960 ; 7.960 ;
; KEY[2]     ; LEDG[1]     ; 7.848 ; 7.848 ; 7.848 ; 7.848 ;
; KEY[2]     ; LEDG[2]     ; 8.641 ; 8.641 ; 8.641 ; 8.641 ;
; KEY[2]     ; LEDG[3]     ; 9.012 ; 9.012 ; 9.012 ; 9.012 ;
; KEY[3]     ; HEX0[0]     ; 7.450 ; 7.450 ; 7.450 ; 7.450 ;
; KEY[3]     ; HEX0[1]     ; 7.658 ; 7.658 ; 7.658 ; 7.658 ;
; KEY[3]     ; HEX0[2]     ; 7.419 ; 7.419 ; 7.419 ; 7.419 ;
; KEY[3]     ; HEX0[3]     ; 7.466 ; 7.466 ; 7.466 ; 7.466 ;
; KEY[3]     ; HEX0[4]     ; 7.352 ; 7.352 ; 7.352 ; 7.352 ;
; KEY[3]     ; HEX0[5]     ; 7.352 ; 7.352 ; 7.352 ; 7.352 ;
; KEY[3]     ; HEX0[6]     ; 7.350 ; 7.350 ; 7.350 ; 7.350 ;
; KEY[3]     ; HEX1[0]     ; 6.281 ; 6.281 ; 6.281 ; 6.281 ;
; KEY[3]     ; HEX1[1]     ; 6.109 ; 6.109 ; 6.109 ; 6.109 ;
; KEY[3]     ; HEX1[2]     ; 6.104 ; 6.104 ; 6.104 ; 6.104 ;
; KEY[3]     ; HEX1[3]     ; 6.121 ; 6.121 ; 6.121 ; 6.121 ;
; KEY[3]     ; HEX1[4]     ; 6.131 ;       ;       ; 6.131 ;
; KEY[3]     ; HEX1[5]     ; 6.277 ; 6.277 ; 6.277 ; 6.277 ;
; KEY[3]     ; HEX1[6]     ; 6.277 ; 6.277 ; 6.277 ; 6.277 ;
; KEY[3]     ; LEDG[0]     ; 7.785 ; 7.785 ; 7.785 ; 7.785 ;
; KEY[3]     ; LEDG[1]     ; 7.670 ; 7.670 ; 7.670 ; 7.670 ;
; KEY[3]     ; LEDG[2]     ; 8.546 ; 8.546 ; 8.546 ; 8.546 ;
; KEY[3]     ; LEDG[3]     ; 8.917 ; 8.917 ; 8.917 ; 8.917 ;
; SW[0]      ; HEX0[0]     ; 5.080 ; 5.080 ; 5.080 ; 5.080 ;
; SW[0]      ; HEX0[1]     ; 5.423 ; 5.423 ; 5.423 ; 5.423 ;
; SW[0]      ; HEX0[2]     ; 5.049 ; 5.049 ; 5.049 ; 5.049 ;
; SW[0]      ; HEX0[3]     ; 5.096 ; 5.096 ; 5.096 ; 5.096 ;
; SW[0]      ; HEX0[4]     ; 4.982 ; 4.982 ; 4.982 ; 4.982 ;
; SW[0]      ; HEX0[5]     ; 4.982 ; 4.982 ; 4.982 ; 4.982 ;
; SW[0]      ; HEX0[6]     ; 4.980 ; 4.980 ; 4.980 ; 4.980 ;
; SW[0]      ; HEX2[0]     ; 3.716 ; 3.716 ; 3.716 ; 3.716 ;
; SW[0]      ; HEX2[1]     ; 3.652 ; 3.652 ; 3.652 ; 3.652 ;
; SW[0]      ; HEX2[2]     ;       ; 3.695 ; 3.695 ;       ;
; SW[0]      ; HEX2[3]     ; 3.701 ; 3.701 ; 3.701 ; 3.701 ;
; SW[0]      ; HEX2[4]     ; 3.679 ;       ;       ; 3.679 ;
; SW[0]      ; HEX2[5]     ; 3.673 ;       ;       ; 3.673 ;
; SW[0]      ; HEX2[6]     ; 4.043 ;       ;       ; 4.043 ;
; SW[0]      ; LEDG[0]     ; 5.923 ; 5.923 ; 5.923 ; 5.923 ;
; SW[0]      ; LEDG[1]     ; 5.811 ; 5.811 ; 5.811 ; 5.811 ;
; SW[0]      ; LEDG[2]     ; 6.176 ; 6.176 ; 6.176 ; 6.176 ;
; SW[0]      ; LEDG[3]     ; 6.547 ; 6.547 ; 6.547 ; 6.547 ;
; SW[1]      ; HEX0[0]     ; 5.047 ; 5.047 ; 5.047 ; 5.047 ;
; SW[1]      ; HEX0[1]     ; 5.390 ; 5.390 ; 5.390 ; 5.390 ;
; SW[1]      ; HEX0[2]     ; 5.016 ; 5.016 ; 5.016 ; 5.016 ;
; SW[1]      ; HEX0[3]     ; 5.063 ; 5.063 ; 5.063 ; 5.063 ;
; SW[1]      ; HEX0[4]     ; 4.949 ; 4.949 ; 4.949 ; 4.949 ;
; SW[1]      ; HEX0[5]     ; 4.949 ; 4.949 ; 4.949 ; 4.949 ;
; SW[1]      ; HEX0[6]     ; 4.947 ; 4.947 ; 4.947 ; 4.947 ;
; SW[1]      ; HEX2[0]     ;       ; 3.768 ; 3.768 ;       ;
; SW[1]      ; HEX2[1]     ; 3.705 ; 3.705 ; 3.705 ; 3.705 ;
; SW[1]      ; HEX2[2]     ; 3.746 ;       ;       ; 3.746 ;
; SW[1]      ; HEX2[3]     ; 3.755 ; 3.755 ; 3.755 ; 3.755 ;
; SW[1]      ; HEX2[4]     ;       ; 3.727 ; 3.727 ;       ;
; SW[1]      ; HEX2[5]     ; 3.724 ;       ;       ; 3.724 ;
; SW[1]      ; HEX2[6]     ; 3.818 ; 3.818 ; 3.818 ; 3.818 ;
; SW[1]      ; LEDG[0]     ; 5.698 ; 5.698 ; 5.698 ; 5.698 ;
; SW[1]      ; LEDG[1]     ; 5.586 ; 5.586 ; 5.586 ; 5.586 ;
; SW[1]      ; LEDG[2]     ; 6.143 ; 6.143 ; 6.143 ; 6.143 ;
; SW[1]      ; LEDG[3]     ; 6.514 ; 6.514 ; 6.514 ; 6.514 ;
; SW[2]      ; HEX0[0]     ; 4.931 ; 4.931 ; 4.931 ; 4.931 ;
; SW[2]      ; HEX0[1]     ; 5.274 ; 5.274 ; 5.274 ; 5.274 ;
; SW[2]      ; HEX0[2]     ; 4.900 ; 4.900 ; 4.900 ; 4.900 ;
; SW[2]      ; HEX0[3]     ; 4.947 ; 4.947 ; 4.947 ; 4.947 ;
; SW[2]      ; HEX0[4]     ; 4.833 ; 4.833 ; 4.833 ; 4.833 ;
; SW[2]      ; HEX0[5]     ; 4.833 ; 4.833 ; 4.833 ; 4.833 ;
; SW[2]      ; HEX0[6]     ; 4.831 ; 4.831 ; 4.831 ; 4.831 ;
; SW[2]      ; HEX2[0]     ; 3.659 ; 3.659 ; 3.659 ; 3.659 ;
; SW[2]      ; HEX2[1]     ; 3.616 ;       ;       ; 3.616 ;
; SW[2]      ; HEX2[2]     ;       ; 3.627 ; 3.627 ;       ;
; SW[2]      ; HEX2[3]     ; 3.645 ; 3.645 ; 3.645 ; 3.645 ;
; SW[2]      ; HEX2[4]     ; 3.614 ;       ;       ; 3.614 ;
; SW[2]      ; HEX2[5]     ;       ; 3.605 ; 3.605 ;       ;
; SW[2]      ; HEX2[6]     ; 3.807 ; 3.807 ; 3.807 ; 3.807 ;
; SW[2]      ; LEDG[0]     ; 5.683 ; 5.683 ; 5.683 ; 5.683 ;
; SW[2]      ; LEDG[1]     ; 5.571 ; 5.571 ; 5.571 ; 5.571 ;
; SW[2]      ; LEDG[2]     ; 6.027 ; 6.027 ; 6.027 ; 6.027 ;
; SW[2]      ; LEDG[3]     ; 6.398 ; 6.398 ; 6.398 ; 6.398 ;
; SW[3]      ; HEX0[0]     ; 4.410 ; 4.410 ; 4.410 ; 4.410 ;
; SW[3]      ; HEX0[1]     ; 4.876 ; 4.876 ; 4.876 ; 4.876 ;
; SW[3]      ; HEX0[2]     ; 4.377 ; 4.377 ; 4.377 ; 4.377 ;
; SW[3]      ; HEX0[3]     ; 4.421 ; 4.421 ; 4.421 ; 4.421 ;
; SW[3]      ; HEX0[4]     ; 4.313 ; 4.313 ; 4.313 ; 4.313 ;
; SW[3]      ; HEX0[5]     ; 4.310 ; 4.310 ; 4.310 ; 4.310 ;
; SW[3]      ; HEX0[6]     ; 4.315 ; 4.315 ; 4.315 ; 4.315 ;
; SW[3]      ; HEX3[0]     ; 3.763 ; 3.763 ; 3.763 ; 3.763 ;
; SW[3]      ; HEX3[1]     ; 4.019 ; 4.019 ; 4.019 ; 4.019 ;
; SW[3]      ; HEX3[2]     ;       ; 4.011 ; 4.011 ;       ;
; SW[3]      ; HEX3[3]     ; 3.716 ; 3.716 ; 3.716 ; 3.716 ;
; SW[3]      ; HEX3[4]     ; 3.596 ;       ;       ; 3.596 ;
; SW[3]      ; HEX3[5]     ; 3.765 ;       ;       ; 3.765 ;
; SW[3]      ; HEX3[6]     ; 3.905 ; 3.905 ; 3.905 ; 3.905 ;
; SW[3]      ; LEDG[0]     ; 5.387 ; 5.387 ; 5.387 ; 5.387 ;
; SW[3]      ; LEDG[1]     ; 5.275 ; 5.275 ; 5.275 ; 5.275 ;
; SW[3]      ; LEDG[2]     ; 5.422 ; 5.422 ; 5.422 ; 5.422 ;
; SW[3]      ; LEDG[3]     ; 5.862 ; 5.862 ; 5.862 ; 5.862 ;
; SW[4]      ; HEX0[0]     ; 4.067 ; 4.067 ; 4.067 ; 4.067 ;
; SW[4]      ; HEX0[1]     ; 4.531 ; 4.531 ; 4.531 ; 4.531 ;
; SW[4]      ; HEX0[2]     ; 4.034 ; 4.034 ; 4.034 ; 4.034 ;
; SW[4]      ; HEX0[3]     ; 4.078 ; 4.078 ; 4.078 ; 4.078 ;
; SW[4]      ; HEX0[4]     ; 3.970 ; 3.970 ; 3.970 ; 3.970 ;
; SW[4]      ; HEX0[5]     ; 3.967 ; 3.967 ; 3.967 ; 3.967 ;
; SW[4]      ; HEX0[6]     ; 3.972 ; 3.972 ; 3.972 ; 3.972 ;
; SW[4]      ; HEX3[0]     ; 3.568 ; 3.568 ; 3.568 ; 3.568 ;
; SW[4]      ; HEX3[1]     ; 3.824 ; 3.824 ; 3.824 ; 3.824 ;
; SW[4]      ; HEX3[2]     ; 3.832 ;       ;       ; 3.832 ;
; SW[4]      ; HEX3[3]     ; 3.531 ; 3.531 ; 3.531 ; 3.531 ;
; SW[4]      ; HEX3[4]     ;       ; 3.403 ; 3.403 ;       ;
; SW[4]      ; HEX3[5]     ; 3.580 ; 3.580 ; 3.580 ; 3.580 ;
; SW[4]      ; HEX3[6]     ; 3.714 ; 3.714 ; 3.714 ; 3.714 ;
; SW[4]      ; LEDG[0]     ; 5.042 ; 5.042 ; 5.042 ; 5.042 ;
; SW[4]      ; LEDG[1]     ; 4.930 ; 4.930 ; 4.930 ; 4.930 ;
; SW[4]      ; LEDG[2]     ; 5.077 ; 5.077 ; 5.077 ; 5.077 ;
; SW[4]      ; LEDG[3]     ; 5.519 ; 5.519 ; 5.519 ; 5.519 ;
; SW[5]      ; HEX0[0]     ; 4.482 ; 4.482 ; 4.482 ; 4.482 ;
; SW[5]      ; HEX0[1]     ; 4.823 ; 4.823 ; 4.823 ; 4.823 ;
; SW[5]      ; HEX0[2]     ; 4.451 ; 4.451 ; 4.451 ; 4.451 ;
; SW[5]      ; HEX0[3]     ; 4.498 ; 4.498 ; 4.498 ; 4.498 ;
; SW[5]      ; HEX0[4]     ; 4.384 ; 4.384 ; 4.384 ; 4.384 ;
; SW[5]      ; HEX0[5]     ; 4.384 ; 4.384 ; 4.384 ; 4.384 ;
; SW[5]      ; HEX0[6]     ; 4.382 ; 4.382 ; 4.382 ; 4.382 ;
; SW[5]      ; HEX3[0]     ; 3.584 ; 3.584 ; 3.584 ; 3.584 ;
; SW[5]      ; HEX3[1]     ; 3.844 ;       ;       ; 3.844 ;
; SW[5]      ; HEX3[2]     ; 3.855 ; 3.855 ; 3.855 ; 3.855 ;
; SW[5]      ; HEX3[3]     ; 3.555 ; 3.555 ; 3.555 ; 3.555 ;
; SW[5]      ; HEX3[4]     ; 3.421 ; 3.421 ; 3.421 ; 3.421 ;
; SW[5]      ; HEX3[5]     ; 3.601 ; 3.601 ; 3.601 ; 3.601 ;
; SW[5]      ; HEX3[6]     ; 3.734 ; 3.734 ; 3.734 ; 3.734 ;
; SW[5]      ; LEDG[0]     ; 4.851 ; 4.851 ; 4.851 ; 4.851 ;
; SW[5]      ; LEDG[1]     ; 4.739 ; 4.739 ; 4.739 ; 4.739 ;
; SW[5]      ; LEDG[2]     ; 5.578 ; 5.578 ; 5.578 ; 5.578 ;
; SW[5]      ; LEDG[3]     ; 5.949 ; 5.949 ; 5.949 ; 5.949 ;
; SW[6]      ; HEX0[0]     ; 4.141 ; 4.141 ; 4.141 ; 4.141 ;
; SW[6]      ; HEX0[1]     ; 4.647 ; 4.647 ; 4.647 ; 4.647 ;
; SW[6]      ; HEX0[2]     ; 4.110 ; 4.110 ; 4.110 ; 4.110 ;
; SW[6]      ; HEX0[3]     ; 4.157 ; 4.157 ; 4.157 ; 4.157 ;
; SW[6]      ; HEX0[4]     ; 4.043 ; 4.043 ; 4.043 ; 4.043 ;
; SW[6]      ; HEX0[5]     ; 4.043 ; 4.043 ; 4.043 ; 4.043 ;
; SW[6]      ; HEX0[6]     ; 4.041 ; 4.041 ; 4.041 ; 4.041 ;
; SW[6]      ; HEX3[0]     ; 3.470 ; 3.470 ; 3.470 ; 3.470 ;
; SW[6]      ; HEX3[1]     ; 3.726 ; 3.726 ; 3.726 ; 3.726 ;
; SW[6]      ; HEX3[2]     ; 3.722 ; 3.722 ; 3.722 ; 3.722 ;
; SW[6]      ; HEX3[3]     ; 3.423 ; 3.423 ; 3.423 ; 3.423 ;
; SW[6]      ; HEX3[4]     ;       ; 3.303 ; 3.303 ;       ;
; SW[6]      ; HEX3[5]     ; 3.465 ; 3.465 ; 3.465 ; 3.465 ;
; SW[6]      ; HEX3[6]     ; 3.611 ; 3.611 ; 3.611 ; 3.611 ;
; SW[6]      ; LEDG[0]     ; 4.510 ; 4.510 ; 4.510 ; 4.510 ;
; SW[6]      ; LEDG[1]     ; 4.401 ; 4.401 ; 4.401 ; 4.401 ;
; SW[6]      ; LEDG[2]     ; 5.237 ; 5.237 ; 5.237 ; 5.237 ;
; SW[6]      ; LEDG[3]     ; 5.608 ; 5.608 ; 5.608 ; 5.608 ;
+------------+-------------+-------+-------+-------+-------+


+----------------------------------------------------------+
; Minimum Propagation Delay                                ;
+------------+-------------+-------+-------+-------+-------+
; Input Port ; Output Port ; RR    ; RF    ; FR    ; FF    ;
+------------+-------------+-------+-------+-------+-------+
; KEY[0]     ; HEX0[0]     ; 6.985 ; 6.985 ; 6.985 ; 6.985 ;
; KEY[0]     ; HEX0[1]     ; 7.011 ; 7.011 ; 7.011 ; 7.011 ;
; KEY[0]     ; HEX0[2]     ; 6.963 ; 6.963 ; 6.963 ; 6.963 ;
; KEY[0]     ; HEX0[3]     ; 7.004 ; 7.004 ; 7.004 ; 7.004 ;
; KEY[0]     ; HEX0[4]     ; 6.887 ; 6.887 ; 6.887 ; 6.887 ;
; KEY[0]     ; HEX0[5]     ; 6.889 ; 6.889 ; 6.889 ; 6.889 ;
; KEY[0]     ; HEX0[6]     ; 6.883 ; 6.883 ; 6.883 ; 6.883 ;
; KEY[0]     ; HEX1[0]     ; 6.290 ; 6.290 ; 6.290 ; 6.290 ;
; KEY[0]     ; HEX1[1]     ; 6.122 ; 6.122 ; 6.122 ; 6.122 ;
; KEY[0]     ; HEX1[2]     ; 6.119 ;       ;       ; 6.119 ;
; KEY[0]     ; HEX1[3]     ; 6.127 ; 6.127 ; 6.127 ; 6.127 ;
; KEY[0]     ; HEX1[4]     ;       ; 6.141 ; 6.141 ;       ;
; KEY[0]     ; HEX1[5]     ;       ; 6.287 ; 6.287 ;       ;
; KEY[0]     ; HEX1[6]     ; 6.290 ; 6.290 ; 6.290 ; 6.290 ;
; KEY[0]     ; LEDG[0]     ; 8.464 ; 8.464 ; 8.464 ; 8.464 ;
; KEY[0]     ; LEDG[1]     ; 8.352 ; 8.352 ; 8.352 ; 8.352 ;
; KEY[0]     ; LEDG[2]     ; 8.499 ; 8.499 ; 8.499 ; 8.499 ;
; KEY[0]     ; LEDG[3]     ; 8.432 ; 8.432 ; 8.432 ; 8.432 ;
; KEY[1]     ; HEX0[0]     ; 6.622 ; 6.622 ; 6.622 ; 6.622 ;
; KEY[1]     ; HEX0[1]     ; 6.831 ; 6.831 ; 6.831 ; 6.831 ;
; KEY[1]     ; HEX0[2]     ; 6.589 ; 6.589 ; 6.589 ; 6.589 ;
; KEY[1]     ; HEX0[3]     ; 6.633 ; 6.633 ; 6.633 ; 6.633 ;
; KEY[1]     ; HEX0[4]     ; 6.525 ; 6.525 ; 6.525 ; 6.525 ;
; KEY[1]     ; HEX0[5]     ; 6.522 ; 6.522 ; 6.522 ; 6.522 ;
; KEY[1]     ; HEX0[6]     ; 6.527 ; 6.527 ; 6.527 ; 6.527 ;
; KEY[1]     ; HEX1[0]     ; 6.017 ; 6.017 ; 6.017 ; 6.017 ;
; KEY[1]     ; HEX1[1]     ; 5.848 ; 5.848 ; 5.848 ; 5.848 ;
; KEY[1]     ; HEX1[2]     ;       ; 5.844 ; 5.844 ;       ;
; KEY[1]     ; HEX1[3]     ; 5.853 ; 5.853 ; 5.853 ; 5.853 ;
; KEY[1]     ; HEX1[4]     ; 5.867 ;       ;       ; 5.867 ;
; KEY[1]     ; HEX1[5]     ; 6.014 ; 6.014 ; 6.014 ; 6.014 ;
; KEY[1]     ; HEX1[6]     ; 6.013 ; 6.013 ; 6.013 ; 6.013 ;
; KEY[1]     ; LEDG[0]     ; 8.020 ; 8.020 ; 8.020 ; 8.020 ;
; KEY[1]     ; LEDG[1]     ; 7.908 ; 7.908 ; 7.908 ; 7.908 ;
; KEY[1]     ; LEDG[2]     ; 8.055 ; 8.055 ; 8.055 ; 8.055 ;
; KEY[1]     ; LEDG[3]     ; 8.074 ; 8.074 ; 8.074 ; 8.074 ;
; KEY[2]     ; HEX0[0]     ; 7.384 ; 7.384 ; 7.384 ; 7.384 ;
; KEY[2]     ; HEX0[1]     ; 7.408 ; 7.408 ; 7.408 ; 7.408 ;
; KEY[2]     ; HEX0[2]     ; 7.353 ; 7.353 ; 7.353 ; 7.353 ;
; KEY[2]     ; HEX0[3]     ; 7.400 ; 7.400 ; 7.400 ; 7.400 ;
; KEY[2]     ; HEX0[4]     ; 7.286 ; 7.286 ; 7.286 ; 7.286 ;
; KEY[2]     ; HEX0[5]     ; 7.286 ; 7.286 ; 7.286 ; 7.286 ;
; KEY[2]     ; HEX0[6]     ; 7.284 ; 7.284 ; 7.284 ; 7.284 ;
; KEY[2]     ; HEX1[0]     ; 6.226 ; 6.226 ; 6.226 ; 6.226 ;
; KEY[2]     ; HEX1[1]     ;       ; 6.063 ; 6.063 ;       ;
; KEY[2]     ; HEX1[2]     ; 6.060 ; 6.060 ; 6.060 ; 6.060 ;
; KEY[2]     ; HEX1[3]     ; 6.071 ; 6.071 ; 6.071 ; 6.071 ;
; KEY[2]     ; HEX1[4]     ; 6.072 ; 6.072 ; 6.072 ; 6.072 ;
; KEY[2]     ; HEX1[5]     ; 6.220 ; 6.220 ; 6.220 ; 6.220 ;
; KEY[2]     ; HEX1[6]     ; 6.219 ; 6.219 ; 6.219 ; 6.219 ;
; KEY[2]     ; LEDG[0]     ; 7.960 ; 7.960 ; 7.960 ; 7.960 ;
; KEY[2]     ; LEDG[1]     ; 7.848 ; 7.848 ; 7.848 ; 7.848 ;
; KEY[2]     ; LEDG[2]     ; 8.480 ; 8.480 ; 8.480 ; 8.480 ;
; KEY[2]     ; LEDG[3]     ; 8.851 ; 8.851 ; 8.851 ; 8.851 ;
; KEY[3]     ; HEX0[0]     ; 7.450 ; 7.450 ; 7.450 ; 7.450 ;
; KEY[3]     ; HEX0[1]     ; 7.474 ; 7.474 ; 7.474 ; 7.474 ;
; KEY[3]     ; HEX0[2]     ; 7.419 ; 7.419 ; 7.419 ; 7.419 ;
; KEY[3]     ; HEX0[3]     ; 7.466 ; 7.466 ; 7.466 ; 7.466 ;
; KEY[3]     ; HEX0[4]     ; 7.352 ; 7.352 ; 7.352 ; 7.352 ;
; KEY[3]     ; HEX0[5]     ; 7.352 ; 7.352 ; 7.352 ; 7.352 ;
; KEY[3]     ; HEX0[6]     ; 7.350 ; 7.350 ; 7.350 ; 7.350 ;
; KEY[3]     ; HEX1[0]     ; 6.281 ; 6.281 ; 6.281 ; 6.281 ;
; KEY[3]     ; HEX1[1]     ; 6.109 ; 6.109 ; 6.109 ; 6.109 ;
; KEY[3]     ; HEX1[2]     ; 6.104 ; 6.104 ; 6.104 ; 6.104 ;
; KEY[3]     ; HEX1[3]     ; 6.121 ; 6.121 ; 6.121 ; 6.121 ;
; KEY[3]     ; HEX1[4]     ; 6.131 ;       ;       ; 6.131 ;
; KEY[3]     ; HEX1[5]     ; 6.277 ; 6.277 ; 6.277 ; 6.277 ;
; KEY[3]     ; HEX1[6]     ; 6.277 ; 6.277 ; 6.277 ; 6.277 ;
; KEY[3]     ; LEDG[0]     ; 7.785 ; 7.785 ; 7.785 ; 7.785 ;
; KEY[3]     ; LEDG[1]     ; 7.670 ; 7.670 ; 7.670 ; 7.670 ;
; KEY[3]     ; LEDG[2]     ; 8.546 ; 8.546 ; 8.546 ; 8.546 ;
; KEY[3]     ; LEDG[3]     ; 8.917 ; 8.917 ; 8.917 ; 8.917 ;
; SW[0]      ; HEX0[0]     ; 4.219 ; 4.219 ; 4.219 ; 4.219 ;
; SW[0]      ; HEX0[1]     ; 4.245 ; 4.245 ; 4.245 ; 4.245 ;
; SW[0]      ; HEX0[2]     ; 4.197 ; 4.197 ; 4.197 ; 4.197 ;
; SW[0]      ; HEX0[3]     ; 4.238 ; 4.238 ; 4.238 ; 4.238 ;
; SW[0]      ; HEX0[4]     ; 4.121 ; 4.121 ; 4.121 ; 4.121 ;
; SW[0]      ; HEX0[5]     ; 4.123 ; 4.123 ; 4.123 ; 4.123 ;
; SW[0]      ; HEX0[6]     ; 4.117 ; 4.117 ; 4.117 ; 4.117 ;
; SW[0]      ; HEX2[0]     ; 3.716 ; 3.716 ; 3.716 ; 3.716 ;
; SW[0]      ; HEX2[1]     ; 3.652 ; 3.652 ; 3.652 ; 3.652 ;
; SW[0]      ; HEX2[2]     ;       ; 3.695 ; 3.695 ;       ;
; SW[0]      ; HEX2[3]     ; 3.701 ; 3.701 ; 3.701 ; 3.701 ;
; SW[0]      ; HEX2[4]     ; 3.679 ;       ;       ; 3.679 ;
; SW[0]      ; HEX2[5]     ; 3.673 ;       ;       ; 3.673 ;
; SW[0]      ; HEX2[6]     ; 4.043 ;       ;       ; 4.043 ;
; SW[0]      ; LEDG[0]     ; 5.182 ; 5.182 ; 5.182 ; 5.182 ;
; SW[0]      ; LEDG[1]     ; 5.067 ; 5.067 ; 5.067 ; 5.067 ;
; SW[0]      ; LEDG[2]     ; 5.732 ; 5.732 ; 5.732 ; 5.732 ;
; SW[0]      ; LEDG[3]     ; 5.666 ; 5.666 ; 5.666 ; 5.666 ;
; SW[1]      ; HEX0[0]     ; 4.094 ; 4.094 ; 4.094 ; 4.094 ;
; SW[1]      ; HEX0[1]     ; 4.245 ; 4.245 ; 4.245 ; 4.245 ;
; SW[1]      ; HEX0[2]     ; 4.061 ; 4.061 ; 4.061 ; 4.061 ;
; SW[1]      ; HEX0[3]     ; 4.105 ; 4.105 ; 4.105 ; 4.105 ;
; SW[1]      ; HEX0[4]     ; 3.997 ; 3.997 ; 3.997 ; 3.997 ;
; SW[1]      ; HEX0[5]     ; 3.994 ; 3.994 ; 3.994 ; 3.994 ;
; SW[1]      ; HEX0[6]     ; 3.999 ; 3.999 ; 3.999 ; 3.999 ;
; SW[1]      ; HEX2[0]     ;       ; 3.768 ; 3.768 ;       ;
; SW[1]      ; HEX2[1]     ; 3.705 ; 3.705 ; 3.705 ; 3.705 ;
; SW[1]      ; HEX2[2]     ; 3.746 ;       ;       ; 3.746 ;
; SW[1]      ; HEX2[3]     ; 3.755 ; 3.755 ; 3.755 ; 3.755 ;
; SW[1]      ; HEX2[4]     ;       ; 3.727 ; 3.727 ;       ;
; SW[1]      ; HEX2[5]     ; 3.724 ;       ;       ; 3.724 ;
; SW[1]      ; HEX2[6]     ; 3.818 ; 3.818 ; 3.818 ; 3.818 ;
; SW[1]      ; LEDG[0]     ; 5.236 ; 5.236 ; 5.236 ; 5.236 ;
; SW[1]      ; LEDG[1]     ; 5.121 ; 5.121 ; 5.121 ; 5.121 ;
; SW[1]      ; LEDG[2]     ; 5.527 ; 5.527 ; 5.527 ; 5.527 ;
; SW[1]      ; LEDG[3]     ; 5.546 ; 5.546 ; 5.546 ; 5.546 ;
; SW[2]      ; HEX0[0]     ; 3.968 ; 3.968 ; 3.968 ; 3.968 ;
; SW[2]      ; HEX0[1]     ; 3.986 ; 3.986 ; 3.986 ; 3.986 ;
; SW[2]      ; HEX0[2]     ; 3.933 ; 3.933 ; 3.933 ; 3.933 ;
; SW[2]      ; HEX0[3]     ; 3.979 ; 3.979 ; 3.979 ; 3.979 ;
; SW[2]      ; HEX0[4]     ; 3.865 ; 3.865 ; 3.865 ; 3.865 ;
; SW[2]      ; HEX0[5]     ; 3.864 ; 3.864 ; 3.864 ; 3.864 ;
; SW[2]      ; HEX0[6]     ; 3.867 ; 3.867 ; 3.867 ; 3.867 ;
; SW[2]      ; HEX2[0]     ; 3.659 ; 3.659 ; 3.659 ; 3.659 ;
; SW[2]      ; HEX2[1]     ; 3.616 ;       ;       ; 3.616 ;
; SW[2]      ; HEX2[2]     ;       ; 3.627 ; 3.627 ;       ;
; SW[2]      ; HEX2[3]     ; 3.645 ; 3.645 ; 3.645 ; 3.645 ;
; SW[2]      ; HEX2[4]     ; 3.614 ;       ;       ; 3.614 ;
; SW[2]      ; HEX2[5]     ;       ; 3.605 ; 3.605 ;       ;
; SW[2]      ; HEX2[6]     ; 3.807 ; 3.807 ; 3.807 ; 3.807 ;
; SW[2]      ; LEDG[0]     ; 4.623 ; 4.623 ; 4.623 ; 4.623 ;
; SW[2]      ; LEDG[1]     ; 4.508 ; 4.508 ; 4.508 ; 4.508 ;
; SW[2]      ; LEDG[2]     ; 5.211 ; 5.211 ; 5.211 ; 5.211 ;
; SW[2]      ; LEDG[3]     ; 5.413 ; 5.413 ; 5.413 ; 5.413 ;
; SW[3]      ; HEX0[0]     ; 3.915 ; 3.915 ; 3.915 ; 3.915 ;
; SW[3]      ; HEX0[1]     ; 3.941 ; 3.941 ; 3.941 ; 3.941 ;
; SW[3]      ; HEX0[2]     ; 3.893 ; 3.893 ; 3.893 ; 3.893 ;
; SW[3]      ; HEX0[3]     ; 3.934 ; 3.934 ; 3.934 ; 3.934 ;
; SW[3]      ; HEX0[4]     ; 3.817 ; 3.817 ; 3.817 ; 3.817 ;
; SW[3]      ; HEX0[5]     ; 3.819 ; 3.819 ; 3.819 ; 3.819 ;
; SW[3]      ; HEX0[6]     ; 3.813 ; 3.813 ; 3.813 ; 3.813 ;
; SW[3]      ; HEX3[0]     ; 3.763 ; 3.763 ; 3.763 ; 3.763 ;
; SW[3]      ; HEX3[1]     ; 4.019 ; 4.019 ; 4.019 ; 4.019 ;
; SW[3]      ; HEX3[2]     ;       ; 4.011 ; 4.011 ;       ;
; SW[3]      ; HEX3[3]     ; 3.716 ; 3.716 ; 3.716 ; 3.716 ;
; SW[3]      ; HEX3[4]     ; 3.596 ;       ;       ; 3.596 ;
; SW[3]      ; HEX3[5]     ; 3.765 ;       ;       ; 3.765 ;
; SW[3]      ; HEX3[6]     ; 3.905 ; 3.905 ; 3.905 ; 3.905 ;
; SW[3]      ; LEDG[0]     ; 5.387 ; 5.387 ; 5.387 ; 5.387 ;
; SW[3]      ; LEDG[1]     ; 5.275 ; 5.275 ; 5.275 ; 5.275 ;
; SW[3]      ; LEDG[2]     ; 5.422 ; 5.422 ; 5.422 ; 5.422 ;
; SW[3]      ; LEDG[3]     ; 5.362 ; 5.362 ; 5.362 ; 5.362 ;
; SW[4]      ; HEX0[0]     ; 3.773 ; 3.773 ; 3.773 ; 3.773 ;
; SW[4]      ; HEX0[1]     ; 3.853 ; 3.853 ; 3.853 ; 3.853 ;
; SW[4]      ; HEX0[2]     ; 3.740 ; 3.740 ; 3.740 ; 3.740 ;
; SW[4]      ; HEX0[3]     ; 3.784 ; 3.784 ; 3.784 ; 3.784 ;
; SW[4]      ; HEX0[4]     ; 3.676 ; 3.676 ; 3.676 ; 3.676 ;
; SW[4]      ; HEX0[5]     ; 3.673 ; 3.673 ; 3.673 ; 3.673 ;
; SW[4]      ; HEX0[6]     ; 3.678 ; 3.678 ; 3.678 ; 3.678 ;
; SW[4]      ; HEX3[0]     ; 3.568 ; 3.568 ; 3.568 ; 3.568 ;
; SW[4]      ; HEX3[1]     ; 3.824 ; 3.824 ; 3.824 ; 3.824 ;
; SW[4]      ; HEX3[2]     ; 3.832 ;       ;       ; 3.832 ;
; SW[4]      ; HEX3[3]     ; 3.531 ; 3.531 ; 3.531 ; 3.531 ;
; SW[4]      ; HEX3[4]     ;       ; 3.403 ; 3.403 ;       ;
; SW[4]      ; HEX3[5]     ; 3.580 ; 3.580 ; 3.580 ; 3.580 ;
; SW[4]      ; HEX3[6]     ; 3.714 ; 3.714 ; 3.714 ; 3.714 ;
; SW[4]      ; LEDG[0]     ; 5.042 ; 5.042 ; 5.042 ; 5.042 ;
; SW[4]      ; LEDG[1]     ; 4.930 ; 4.930 ; 4.930 ; 4.930 ;
; SW[4]      ; LEDG[2]     ; 5.077 ; 5.077 ; 5.077 ; 5.077 ;
; SW[4]      ; LEDG[3]     ; 5.280 ; 5.225 ; 5.225 ; 5.280 ;
; SW[5]      ; HEX0[0]     ; 4.375 ; 4.375 ; 4.375 ; 4.375 ;
; SW[5]      ; HEX0[1]     ; 4.433 ; 4.433 ; 4.433 ; 4.433 ;
; SW[5]      ; HEX0[2]     ; 4.342 ; 4.342 ; 4.342 ; 4.342 ;
; SW[5]      ; HEX0[3]     ; 4.386 ; 4.386 ; 4.386 ; 4.386 ;
; SW[5]      ; HEX0[4]     ; 4.278 ; 4.278 ; 4.278 ; 4.278 ;
; SW[5]      ; HEX0[5]     ; 4.275 ; 4.275 ; 4.275 ; 4.275 ;
; SW[5]      ; HEX0[6]     ; 4.280 ; 4.280 ; 4.280 ; 4.280 ;
; SW[5]      ; HEX3[0]     ; 3.584 ; 3.584 ; 3.584 ; 3.584 ;
; SW[5]      ; HEX3[1]     ; 3.844 ;       ;       ; 3.844 ;
; SW[5]      ; HEX3[2]     ; 3.855 ; 3.855 ; 3.855 ; 3.855 ;
; SW[5]      ; HEX3[3]     ; 3.555 ; 3.555 ; 3.555 ; 3.555 ;
; SW[5]      ; HEX3[4]     ; 3.421 ; 3.421 ; 3.421 ; 3.421 ;
; SW[5]      ; HEX3[5]     ; 3.601 ; 3.601 ; 3.601 ; 3.601 ;
; SW[5]      ; HEX3[6]     ; 3.734 ; 3.734 ; 3.734 ; 3.734 ;
; SW[5]      ; LEDG[0]     ; 4.851 ; 4.851 ; 4.851 ; 4.851 ;
; SW[5]      ; LEDG[1]     ; 4.739 ; 4.739 ; 4.739 ; 4.739 ;
; SW[5]      ; LEDG[2]     ; 5.505 ; 5.505 ; 5.505 ; 5.505 ;
; SW[5]      ; LEDG[3]     ; 5.827 ; 5.827 ; 5.827 ; 5.827 ;
; SW[6]      ; HEX0[0]     ; 4.141 ; 4.141 ; 4.141 ; 4.141 ;
; SW[6]      ; HEX0[1]     ; 4.165 ; 4.165 ; 4.165 ; 4.165 ;
; SW[6]      ; HEX0[2]     ; 4.110 ; 4.110 ; 4.110 ; 4.110 ;
; SW[6]      ; HEX0[3]     ; 4.157 ; 4.157 ; 4.157 ; 4.157 ;
; SW[6]      ; HEX0[4]     ; 4.043 ; 4.043 ; 4.043 ; 4.043 ;
; SW[6]      ; HEX0[5]     ; 4.043 ; 4.043 ; 4.043 ; 4.043 ;
; SW[6]      ; HEX0[6]     ; 4.041 ; 4.041 ; 4.041 ; 4.041 ;
; SW[6]      ; HEX3[0]     ; 3.470 ; 3.470 ; 3.470 ; 3.470 ;
; SW[6]      ; HEX3[1]     ; 3.726 ; 3.726 ; 3.726 ; 3.726 ;
; SW[6]      ; HEX3[2]     ; 3.722 ; 3.722 ; 3.722 ; 3.722 ;
; SW[6]      ; HEX3[3]     ; 3.423 ; 3.423 ; 3.423 ; 3.423 ;
; SW[6]      ; HEX3[4]     ;       ; 3.303 ; 3.303 ;       ;
; SW[6]      ; HEX3[5]     ; 3.465 ; 3.465 ; 3.465 ; 3.465 ;
; SW[6]      ; HEX3[6]     ; 3.611 ; 3.611 ; 3.611 ; 3.611 ;
; SW[6]      ; LEDG[0]     ; 4.510 ; 4.510 ; 4.510 ; 4.510 ;
; SW[6]      ; LEDG[1]     ; 4.401 ; 4.401 ; 4.401 ; 4.401 ;
; SW[6]      ; LEDG[2]     ; 5.237 ; 5.237 ; 5.237 ; 5.237 ;
; SW[6]      ; LEDG[3]     ; 5.608 ; 5.608 ; 5.608 ; 5.608 ;
+------------+-------------+-------+-------+-------+-------+


+----------------------------------------------------------------------------+
; Multicorner Timing Analysis Summary                                        ;
+------------------+-------+------+----------+---------+---------------------+
; Clock            ; Setup ; Hold ; Recovery ; Removal ; Minimum Pulse Width ;
+------------------+-------+------+----------+---------+---------------------+
; Worst-case Slack ; N/A   ; N/A  ; N/A      ; N/A     ; N/A                 ;
; Design-wide TNS  ; 0.0   ; 0.0  ; 0.0      ; 0.0     ; 0.0                 ;
+------------------+-------+------+----------+---------+---------------------+


+--------------------------------------------------------------+
; Progagation Delay                                            ;
+------------+-------------+--------+--------+--------+--------+
; Input Port ; Output Port ; RR     ; RF     ; FR     ; FF     ;
+------------+-------------+--------+--------+--------+--------+
; KEY[0]     ; HEX0[0]     ; 15.957 ; 15.957 ; 15.957 ; 15.957 ;
; KEY[0]     ; HEX0[1]     ; 17.222 ; 17.222 ; 17.222 ; 17.222 ;
; KEY[0]     ; HEX0[2]     ; 15.850 ; 15.850 ; 15.850 ; 15.850 ;
; KEY[0]     ; HEX0[3]     ; 15.963 ; 15.963 ; 15.963 ; 15.963 ;
; KEY[0]     ; HEX0[4]     ; 15.644 ; 15.644 ; 15.644 ; 15.644 ;
; KEY[0]     ; HEX0[5]     ; 15.640 ; 15.640 ; 15.640 ; 15.640 ;
; KEY[0]     ; HEX0[6]     ; 15.645 ; 15.645 ; 15.645 ; 15.645 ;
; KEY[0]     ; HEX1[0]     ; 12.454 ; 12.454 ; 12.454 ; 12.454 ;
; KEY[0]     ; HEX1[1]     ; 12.111 ; 12.111 ; 12.111 ; 12.111 ;
; KEY[0]     ; HEX1[2]     ; 12.102 ;        ;        ; 12.102 ;
; KEY[0]     ; HEX1[3]     ; 12.104 ; 12.104 ; 12.104 ; 12.104 ;
; KEY[0]     ; HEX1[4]     ;        ; 12.089 ; 12.089 ;        ;
; KEY[0]     ; HEX1[5]     ;        ; 12.488 ; 12.488 ;        ;
; KEY[0]     ; HEX1[6]     ; 12.456 ; 12.456 ; 12.456 ; 12.456 ;
; KEY[0]     ; LEDG[0]     ; 17.913 ; 17.913 ; 17.913 ; 17.913 ;
; KEY[0]     ; LEDG[1]     ; 17.607 ; 17.607 ; 17.607 ; 17.607 ;
; KEY[0]     ; LEDG[2]     ; 18.267 ; 18.267 ; 18.267 ; 18.267 ;
; KEY[0]     ; LEDG[3]     ; 19.423 ; 19.423 ; 19.423 ; 19.423 ;
; KEY[1]     ; HEX0[0]     ; 14.847 ; 14.847 ; 14.847 ; 14.847 ;
; KEY[1]     ; HEX0[1]     ; 16.110 ; 16.110 ; 16.110 ; 16.110 ;
; KEY[1]     ; HEX0[2]     ; 14.740 ; 14.740 ; 14.740 ; 14.740 ;
; KEY[1]     ; HEX0[3]     ; 14.853 ; 14.853 ; 14.853 ; 14.853 ;
; KEY[1]     ; HEX0[4]     ; 14.534 ; 14.534 ; 14.534 ; 14.534 ;
; KEY[1]     ; HEX0[5]     ; 14.530 ; 14.530 ; 14.530 ; 14.530 ;
; KEY[1]     ; HEX0[6]     ; 14.535 ; 14.535 ; 14.535 ; 14.535 ;
; KEY[1]     ; HEX1[0]     ; 11.848 ; 11.848 ; 11.848 ; 11.848 ;
; KEY[1]     ; HEX1[1]     ; 11.467 ; 11.467 ; 11.467 ; 11.467 ;
; KEY[1]     ; HEX1[2]     ;        ; 11.458 ; 11.458 ;        ;
; KEY[1]     ; HEX1[3]     ; 11.467 ; 11.467 ; 11.467 ; 11.467 ;
; KEY[1]     ; HEX1[4]     ; 11.482 ;        ;        ; 11.482 ;
; KEY[1]     ; HEX1[5]     ; 11.843 ; 11.843 ; 11.843 ; 11.843 ;
; KEY[1]     ; HEX1[6]     ; 11.841 ; 11.841 ; 11.841 ; 11.841 ;
; KEY[1]     ; LEDG[0]     ; 16.801 ; 16.801 ; 16.801 ; 16.801 ;
; KEY[1]     ; LEDG[1]     ; 16.495 ; 16.495 ; 16.495 ; 16.495 ;
; KEY[1]     ; LEDG[2]     ; 17.155 ; 17.155 ; 17.155 ; 17.155 ;
; KEY[1]     ; LEDG[3]     ; 18.313 ; 18.313 ; 18.313 ; 18.313 ;
; KEY[2]     ; HEX0[0]     ; 15.980 ; 15.980 ; 15.980 ; 15.980 ;
; KEY[2]     ; HEX0[1]     ; 16.897 ; 16.897 ; 16.897 ; 16.897 ;
; KEY[2]     ; HEX0[2]     ; 15.879 ; 15.879 ; 15.879 ; 15.879 ;
; KEY[2]     ; HEX0[3]     ; 15.993 ; 15.993 ; 15.993 ; 15.993 ;
; KEY[2]     ; HEX0[4]     ; 15.666 ; 15.666 ; 15.666 ; 15.666 ;
; KEY[2]     ; HEX0[5]     ; 15.665 ; 15.665 ; 15.665 ; 15.665 ;
; KEY[2]     ; HEX0[6]     ; 15.662 ; 15.662 ; 15.662 ; 15.662 ;
; KEY[2]     ; HEX1[0]     ; 12.284 ; 12.284 ; 12.284 ; 12.284 ;
; KEY[2]     ; HEX1[1]     ;        ; 11.914 ; 11.914 ;        ;
; KEY[2]     ; HEX1[2]     ; 11.903 ; 11.903 ; 11.903 ; 11.903 ;
; KEY[2]     ; HEX1[3]     ; 11.914 ; 11.914 ; 11.914 ; 11.914 ;
; KEY[2]     ; HEX1[4]     ; 11.916 ; 11.916 ; 11.916 ; 11.916 ;
; KEY[2]     ; HEX1[5]     ; 12.277 ; 12.277 ; 12.277 ; 12.277 ;
; KEY[2]     ; HEX1[6]     ; 12.274 ; 12.274 ; 12.274 ; 12.274 ;
; KEY[2]     ; LEDG[0]     ; 16.466 ; 16.466 ; 16.466 ; 16.466 ;
; KEY[2]     ; LEDG[1]     ; 16.160 ; 16.160 ; 16.160 ; 16.160 ;
; KEY[2]     ; LEDG[2]     ; 18.552 ; 18.552 ; 18.552 ; 18.552 ;
; KEY[2]     ; LEDG[3]     ; 19.443 ; 19.443 ; 19.443 ; 19.443 ;
; KEY[3]     ; HEX0[0]     ; 15.801 ; 15.801 ; 15.801 ; 15.801 ;
; KEY[3]     ; HEX0[1]     ; 16.324 ; 16.324 ; 16.324 ; 16.324 ;
; KEY[3]     ; HEX0[2]     ; 15.700 ; 15.700 ; 15.700 ; 15.700 ;
; KEY[3]     ; HEX0[3]     ; 15.814 ; 15.814 ; 15.814 ; 15.814 ;
; KEY[3]     ; HEX0[4]     ; 15.487 ; 15.487 ; 15.487 ; 15.487 ;
; KEY[3]     ; HEX0[5]     ; 15.486 ; 15.486 ; 15.486 ; 15.486 ;
; KEY[3]     ; HEX0[6]     ; 15.483 ; 15.483 ; 15.483 ; 15.483 ;
; KEY[3]     ; HEX1[0]     ; 12.451 ; 12.451 ; 12.451 ; 12.451 ;
; KEY[3]     ; HEX1[1]     ; 12.098 ; 12.098 ; 12.098 ; 12.098 ;
; KEY[3]     ; HEX1[2]     ; 12.089 ; 12.089 ; 12.089 ; 12.089 ;
; KEY[3]     ; HEX1[3]     ; 12.097 ; 12.097 ; 12.097 ; 12.097 ;
; KEY[3]     ; HEX1[4]     ; 12.118 ;        ;        ; 12.118 ;
; KEY[3]     ; HEX1[5]     ; 12.478 ; 12.478 ; 12.478 ; 12.478 ;
; KEY[3]     ; HEX1[6]     ; 12.474 ; 12.474 ; 12.474 ; 12.474 ;
; KEY[3]     ; LEDG[0]     ; 16.018 ; 16.018 ; 16.018 ; 16.018 ;
; KEY[3]     ; LEDG[1]     ; 15.708 ; 15.708 ; 15.708 ; 15.708 ;
; KEY[3]     ; LEDG[2]     ; 18.373 ; 18.373 ; 18.373 ; 18.373 ;
; KEY[3]     ; LEDG[3]     ; 19.264 ; 19.264 ; 19.264 ; 19.264 ;
; SW[0]      ; HEX0[0]     ; 11.805 ; 11.805 ; 11.805 ; 11.805 ;
; SW[0]      ; HEX0[1]     ; 12.852 ; 12.852 ; 12.852 ; 12.852 ;
; SW[0]      ; HEX0[2]     ; 11.704 ; 11.704 ; 11.704 ; 11.704 ;
; SW[0]      ; HEX0[3]     ; 11.818 ; 11.818 ; 11.818 ; 11.818 ;
; SW[0]      ; HEX0[4]     ; 11.491 ; 11.491 ; 11.491 ; 11.491 ;
; SW[0]      ; HEX0[5]     ; 11.490 ; 11.490 ; 11.490 ; 11.490 ;
; SW[0]      ; HEX0[6]     ; 11.487 ; 11.487 ; 11.487 ; 11.487 ;
; SW[0]      ; HEX2[0]     ; 8.065  ; 8.065  ; 8.065  ; 8.065  ;
; SW[0]      ; HEX2[1]     ; 7.846  ; 7.846  ; 7.846  ; 7.846  ;
; SW[0]      ; HEX2[2]     ;        ; 7.886  ; 7.886  ;        ;
; SW[0]      ; HEX2[3]     ; 7.903  ; 7.903  ; 7.903  ; 7.903  ;
; SW[0]      ; HEX2[4]     ; 7.828  ;        ;        ; 7.828  ;
; SW[0]      ; HEX2[5]     ; 7.863  ;        ;        ; 7.863  ;
; SW[0]      ; HEX2[6]     ; 8.939  ;        ;        ; 8.939  ;
; SW[0]      ; LEDG[0]     ; 13.543 ; 13.543 ; 13.543 ; 13.543 ;
; SW[0]      ; LEDG[1]     ; 13.237 ; 13.237 ; 13.237 ; 13.237 ;
; SW[0]      ; LEDG[2]     ; 14.377 ; 14.377 ; 14.377 ; 14.377 ;
; SW[0]      ; LEDG[3]     ; 15.268 ; 15.268 ; 15.268 ; 15.268 ;
; SW[1]      ; HEX0[0]     ; 11.795 ; 11.795 ; 11.795 ; 11.795 ;
; SW[1]      ; HEX0[1]     ; 12.712 ; 12.712 ; 12.712 ; 12.712 ;
; SW[1]      ; HEX0[2]     ; 11.694 ; 11.694 ; 11.694 ; 11.694 ;
; SW[1]      ; HEX0[3]     ; 11.808 ; 11.808 ; 11.808 ; 11.808 ;
; SW[1]      ; HEX0[4]     ; 11.481 ; 11.481 ; 11.481 ; 11.481 ;
; SW[1]      ; HEX0[5]     ; 11.480 ; 11.480 ; 11.480 ; 11.480 ;
; SW[1]      ; HEX0[6]     ; 11.477 ; 11.477 ; 11.477 ; 11.477 ;
; SW[1]      ; HEX2[0]     ;        ; 8.238  ; 8.238  ;        ;
; SW[1]      ; HEX2[1]     ; 8.079  ; 8.079  ; 8.079  ; 8.079  ;
; SW[1]      ; HEX2[2]     ; 8.115  ;        ;        ; 8.115  ;
; SW[1]      ; HEX2[3]     ; 8.107  ; 8.107  ; 8.107  ; 8.107  ;
; SW[1]      ; HEX2[4]     ;        ; 8.100  ; 8.100  ;        ;
; SW[1]      ; HEX2[5]     ; 8.091  ;        ;        ; 8.091  ;
; SW[1]      ; HEX2[6]     ; 8.347  ; 8.347  ; 8.347  ; 8.347  ;
; SW[1]      ; LEDG[0]     ; 12.950 ; 12.950 ; 12.950 ; 12.950 ;
; SW[1]      ; LEDG[1]     ; 12.644 ; 12.644 ; 12.644 ; 12.644 ;
; SW[1]      ; LEDG[2]     ; 14.367 ; 14.367 ; 14.367 ; 14.367 ;
; SW[1]      ; LEDG[3]     ; 15.258 ; 15.258 ; 15.258 ; 15.258 ;
; SW[2]      ; HEX0[0]     ; 11.452 ; 11.452 ; 11.452 ; 11.452 ;
; SW[2]      ; HEX0[1]     ; 12.369 ; 12.369 ; 12.369 ; 12.369 ;
; SW[2]      ; HEX0[2]     ; 11.351 ; 11.351 ; 11.351 ; 11.351 ;
; SW[2]      ; HEX0[3]     ; 11.465 ; 11.465 ; 11.465 ; 11.465 ;
; SW[2]      ; HEX0[4]     ; 11.138 ; 11.138 ; 11.138 ; 11.138 ;
; SW[2]      ; HEX0[5]     ; 11.137 ; 11.137 ; 11.137 ; 11.137 ;
; SW[2]      ; HEX0[6]     ; 11.134 ; 11.134 ; 11.134 ; 11.134 ;
; SW[2]      ; HEX2[0]     ; 7.956  ; 7.956  ; 7.956  ; 7.956  ;
; SW[2]      ; HEX2[1]     ; 7.738  ;        ;        ; 7.738  ;
; SW[2]      ; HEX2[2]     ;        ; 7.768  ; 7.768  ;        ;
; SW[2]      ; HEX2[3]     ; 7.795  ; 7.795  ; 7.795  ; 7.795  ;
; SW[2]      ; HEX2[4]     ; 7.754  ;        ;        ; 7.754  ;
; SW[2]      ; HEX2[5]     ;        ; 7.746  ; 7.746  ;        ;
; SW[2]      ; HEX2[6]     ; 8.272  ; 8.272  ; 8.272  ; 8.272  ;
; SW[2]      ; LEDG[0]     ; 12.868 ; 12.868 ; 12.868 ; 12.868 ;
; SW[2]      ; LEDG[1]     ; 12.562 ; 12.562 ; 12.562 ; 12.562 ;
; SW[2]      ; LEDG[2]     ; 14.024 ; 14.024 ; 14.024 ; 14.024 ;
; SW[2]      ; LEDG[3]     ; 14.915 ; 14.915 ; 14.915 ; 14.915 ;
; SW[3]      ; HEX0[0]     ; 10.168 ; 10.168 ; 10.168 ; 10.168 ;
; SW[3]      ; HEX0[1]     ; 11.433 ; 11.433 ; 11.433 ; 11.433 ;
; SW[3]      ; HEX0[2]     ; 10.061 ; 10.061 ; 10.061 ; 10.061 ;
; SW[3]      ; HEX0[3]     ; 10.174 ; 10.174 ; 10.174 ; 10.174 ;
; SW[3]      ; HEX0[4]     ; 9.855  ; 9.855  ; 9.855  ; 9.855  ;
; SW[3]      ; HEX0[5]     ; 9.851  ; 9.851  ; 9.851  ; 9.851  ;
; SW[3]      ; HEX0[6]     ; 9.856  ; 9.856  ; 9.856  ; 9.856  ;
; SW[3]      ; HEX3[0]     ; 8.250  ; 8.250  ; 8.250  ; 8.250  ;
; SW[3]      ; HEX3[1]     ; 8.753  ; 8.753  ; 8.753  ; 8.753  ;
; SW[3]      ; HEX3[2]     ;        ; 8.716  ; 8.716  ;        ;
; SW[3]      ; HEX3[3]     ; 8.182  ; 8.182  ; 8.182  ; 8.182  ;
; SW[3]      ; HEX3[4]     ; 7.865  ;        ;        ; 7.865  ;
; SW[3]      ; HEX3[5]     ; 8.242  ;        ;        ; 8.242  ;
; SW[3]      ; HEX3[6]     ; 8.594  ; 8.594  ; 8.594  ; 8.594  ;
; SW[3]      ; LEDG[0]     ; 12.124 ; 12.124 ; 12.124 ; 12.124 ;
; SW[3]      ; LEDG[1]     ; 11.818 ; 11.818 ; 11.818 ; 11.818 ;
; SW[3]      ; LEDG[2]     ; 12.478 ; 12.478 ; 12.478 ; 12.478 ;
; SW[3]      ; LEDG[3]     ; 13.634 ; 13.634 ; 13.634 ; 13.634 ;
; SW[4]      ; HEX0[0]     ; 9.149  ; 9.149  ; 9.149  ; 9.149  ;
; SW[4]      ; HEX0[1]     ; 10.412 ; 10.412 ; 10.412 ; 10.412 ;
; SW[4]      ; HEX0[2]     ; 9.042  ; 9.042  ; 9.042  ; 9.042  ;
; SW[4]      ; HEX0[3]     ; 9.155  ; 9.155  ; 9.155  ; 9.155  ;
; SW[4]      ; HEX0[4]     ; 8.836  ; 8.836  ; 8.836  ; 8.836  ;
; SW[4]      ; HEX0[5]     ; 8.832  ; 8.832  ; 8.832  ; 8.832  ;
; SW[4]      ; HEX0[6]     ; 8.837  ; 8.837  ; 8.837  ; 8.837  ;
; SW[4]      ; HEX3[0]     ; 7.662  ; 7.662  ; 7.662  ; 7.662  ;
; SW[4]      ; HEX3[1]     ; 8.166  ; 8.166  ; 8.166  ; 8.166  ;
; SW[4]      ; HEX3[2]     ; 8.172  ;        ;        ; 8.172  ;
; SW[4]      ; HEX3[3]     ; 7.605  ; 7.605  ; 7.605  ; 7.605  ;
; SW[4]      ; HEX3[4]     ;        ; 7.280  ; 7.280  ;        ;
; SW[4]      ; HEX3[5]     ; 7.672  ; 7.672  ; 7.672  ; 7.672  ;
; SW[4]      ; HEX3[6]     ; 7.977  ; 7.977  ; 7.977  ; 7.977  ;
; SW[4]      ; LEDG[0]     ; 11.103 ; 11.103 ; 11.103 ; 11.103 ;
; SW[4]      ; LEDG[1]     ; 10.797 ; 10.797 ; 10.797 ; 10.797 ;
; SW[4]      ; LEDG[2]     ; 11.457 ; 11.457 ; 11.457 ; 11.457 ;
; SW[4]      ; LEDG[3]     ; 12.615 ; 12.615 ; 12.615 ; 12.615 ;
; SW[5]      ; HEX0[0]     ; 10.042 ; 10.042 ; 10.042 ; 10.042 ;
; SW[5]      ; HEX0[1]     ; 10.957 ; 10.957 ; 10.957 ; 10.957 ;
; SW[5]      ; HEX0[2]     ; 9.941  ; 9.941  ; 9.941  ; 9.941  ;
; SW[5]      ; HEX0[3]     ; 10.055 ; 10.055 ; 10.055 ; 10.055 ;
; SW[5]      ; HEX0[4]     ; 9.728  ; 9.728  ; 9.728  ; 9.728  ;
; SW[5]      ; HEX0[5]     ; 9.727  ; 9.727  ; 9.727  ; 9.727  ;
; SW[5]      ; HEX0[6]     ; 9.724  ; 9.724  ; 9.724  ; 9.724  ;
; SW[5]      ; HEX3[0]     ; 7.531  ; 7.531  ; 7.531  ; 7.531  ;
; SW[5]      ; HEX3[1]     ; 8.038  ;        ;        ; 8.038  ;
; SW[5]      ; HEX3[2]     ; 8.049  ; 8.049  ; 8.049  ; 8.049  ;
; SW[5]      ; HEX3[3]     ; 7.481  ; 7.481  ; 7.481  ; 7.481  ;
; SW[5]      ; HEX3[4]     ; 7.150  ; 7.150  ; 7.150  ; 7.150  ;
; SW[5]      ; HEX3[5]     ; 7.544  ; 7.544  ; 7.544  ; 7.544  ;
; SW[5]      ; HEX3[6]     ; 7.883  ; 7.883  ; 7.883  ; 7.883  ;
; SW[5]      ; LEDG[0]     ; 10.438 ; 10.438 ; 10.438 ; 10.438 ;
; SW[5]      ; LEDG[1]     ; 10.132 ; 10.132 ; 10.132 ; 10.132 ;
; SW[5]      ; LEDG[2]     ; 12.614 ; 12.614 ; 12.614 ; 12.614 ;
; SW[5]      ; LEDG[3]     ; 13.505 ; 13.505 ; 13.505 ; 13.505 ;
; SW[6]      ; HEX0[0]     ; 9.453  ; 9.453  ; 9.453  ; 9.453  ;
; SW[6]      ; HEX0[1]     ; 10.844 ; 10.844 ; 10.844 ; 10.844 ;
; SW[6]      ; HEX0[2]     ; 9.352  ; 9.352  ; 9.352  ; 9.352  ;
; SW[6]      ; HEX0[3]     ; 9.466  ; 9.466  ; 9.466  ; 9.466  ;
; SW[6]      ; HEX0[4]     ; 9.139  ; 9.139  ; 9.139  ; 9.139  ;
; SW[6]      ; HEX0[5]     ; 9.138  ; 9.138  ; 9.138  ; 9.138  ;
; SW[6]      ; HEX0[6]     ; 9.135  ; 9.135  ; 9.135  ; 9.135  ;
; SW[6]      ; HEX3[0]     ; 7.436  ; 7.436  ; 7.436  ; 7.436  ;
; SW[6]      ; HEX3[1]     ; 7.940  ; 7.940  ; 7.940  ; 7.940  ;
; SW[6]      ; HEX3[2]     ; 7.932  ; 7.932  ; 7.932  ; 7.932  ;
; SW[6]      ; HEX3[3]     ; 7.370  ; 7.370  ; 7.370  ; 7.370  ;
; SW[6]      ; HEX3[4]     ;        ; 7.051  ; 7.051  ;        ;
; SW[6]      ; HEX3[5]     ; 7.428  ; 7.428  ; 7.428  ; 7.428  ;
; SW[6]      ; HEX3[6]     ; 7.781  ; 7.781  ; 7.781  ; 7.781  ;
; SW[6]      ; LEDG[0]     ; 9.709  ; 9.709  ; 9.709  ; 9.709  ;
; SW[6]      ; LEDG[1]     ; 9.407  ; 9.407  ; 9.407  ; 9.407  ;
; SW[6]      ; LEDG[2]     ; 12.025 ; 12.025 ; 12.025 ; 12.025 ;
; SW[6]      ; LEDG[3]     ; 12.916 ; 12.916 ; 12.916 ; 12.916 ;
+------------+-------------+--------+--------+--------+--------+


+----------------------------------------------------------+
; Minimum Progagation Delay                                ;
+------------+-------------+-------+-------+-------+-------+
; Input Port ; Output Port ; RR    ; RF    ; FR    ; FF    ;
+------------+-------------+-------+-------+-------+-------+
; KEY[0]     ; HEX0[0]     ; 6.985 ; 6.985 ; 6.985 ; 6.985 ;
; KEY[0]     ; HEX0[1]     ; 7.011 ; 7.011 ; 7.011 ; 7.011 ;
; KEY[0]     ; HEX0[2]     ; 6.963 ; 6.963 ; 6.963 ; 6.963 ;
; KEY[0]     ; HEX0[3]     ; 7.004 ; 7.004 ; 7.004 ; 7.004 ;
; KEY[0]     ; HEX0[4]     ; 6.887 ; 6.887 ; 6.887 ; 6.887 ;
; KEY[0]     ; HEX0[5]     ; 6.889 ; 6.889 ; 6.889 ; 6.889 ;
; KEY[0]     ; HEX0[6]     ; 6.883 ; 6.883 ; 6.883 ; 6.883 ;
; KEY[0]     ; HEX1[0]     ; 6.290 ; 6.290 ; 6.290 ; 6.290 ;
; KEY[0]     ; HEX1[1]     ; 6.122 ; 6.122 ; 6.122 ; 6.122 ;
; KEY[0]     ; HEX1[2]     ; 6.119 ;       ;       ; 6.119 ;
; KEY[0]     ; HEX1[3]     ; 6.127 ; 6.127 ; 6.127 ; 6.127 ;
; KEY[0]     ; HEX1[4]     ;       ; 6.141 ; 6.141 ;       ;
; KEY[0]     ; HEX1[5]     ;       ; 6.287 ; 6.287 ;       ;
; KEY[0]     ; HEX1[6]     ; 6.290 ; 6.290 ; 6.290 ; 6.290 ;
; KEY[0]     ; LEDG[0]     ; 8.464 ; 8.464 ; 8.464 ; 8.464 ;
; KEY[0]     ; LEDG[1]     ; 8.352 ; 8.352 ; 8.352 ; 8.352 ;
; KEY[0]     ; LEDG[2]     ; 8.499 ; 8.499 ; 8.499 ; 8.499 ;
; KEY[0]     ; LEDG[3]     ; 8.432 ; 8.432 ; 8.432 ; 8.432 ;
; KEY[1]     ; HEX0[0]     ; 6.622 ; 6.622 ; 6.622 ; 6.622 ;
; KEY[1]     ; HEX0[1]     ; 6.831 ; 6.831 ; 6.831 ; 6.831 ;
; KEY[1]     ; HEX0[2]     ; 6.589 ; 6.589 ; 6.589 ; 6.589 ;
; KEY[1]     ; HEX0[3]     ; 6.633 ; 6.633 ; 6.633 ; 6.633 ;
; KEY[1]     ; HEX0[4]     ; 6.525 ; 6.525 ; 6.525 ; 6.525 ;
; KEY[1]     ; HEX0[5]     ; 6.522 ; 6.522 ; 6.522 ; 6.522 ;
; KEY[1]     ; HEX0[6]     ; 6.527 ; 6.527 ; 6.527 ; 6.527 ;
; KEY[1]     ; HEX1[0]     ; 6.017 ; 6.017 ; 6.017 ; 6.017 ;
; KEY[1]     ; HEX1[1]     ; 5.848 ; 5.848 ; 5.848 ; 5.848 ;
; KEY[1]     ; HEX1[2]     ;       ; 5.844 ; 5.844 ;       ;
; KEY[1]     ; HEX1[3]     ; 5.853 ; 5.853 ; 5.853 ; 5.853 ;
; KEY[1]     ; HEX1[4]     ; 5.867 ;       ;       ; 5.867 ;
; KEY[1]     ; HEX1[5]     ; 6.014 ; 6.014 ; 6.014 ; 6.014 ;
; KEY[1]     ; HEX1[6]     ; 6.013 ; 6.013 ; 6.013 ; 6.013 ;
; KEY[1]     ; LEDG[0]     ; 8.020 ; 8.020 ; 8.020 ; 8.020 ;
; KEY[1]     ; LEDG[1]     ; 7.908 ; 7.908 ; 7.908 ; 7.908 ;
; KEY[1]     ; LEDG[2]     ; 8.055 ; 8.055 ; 8.055 ; 8.055 ;
; KEY[1]     ; LEDG[3]     ; 8.074 ; 8.074 ; 8.074 ; 8.074 ;
; KEY[2]     ; HEX0[0]     ; 7.384 ; 7.384 ; 7.384 ; 7.384 ;
; KEY[2]     ; HEX0[1]     ; 7.408 ; 7.408 ; 7.408 ; 7.408 ;
; KEY[2]     ; HEX0[2]     ; 7.353 ; 7.353 ; 7.353 ; 7.353 ;
; KEY[2]     ; HEX0[3]     ; 7.400 ; 7.400 ; 7.400 ; 7.400 ;
; KEY[2]     ; HEX0[4]     ; 7.286 ; 7.286 ; 7.286 ; 7.286 ;
; KEY[2]     ; HEX0[5]     ; 7.286 ; 7.286 ; 7.286 ; 7.286 ;
; KEY[2]     ; HEX0[6]     ; 7.284 ; 7.284 ; 7.284 ; 7.284 ;
; KEY[2]     ; HEX1[0]     ; 6.226 ; 6.226 ; 6.226 ; 6.226 ;
; KEY[2]     ; HEX1[1]     ;       ; 6.063 ; 6.063 ;       ;
; KEY[2]     ; HEX1[2]     ; 6.060 ; 6.060 ; 6.060 ; 6.060 ;
; KEY[2]     ; HEX1[3]     ; 6.071 ; 6.071 ; 6.071 ; 6.071 ;
; KEY[2]     ; HEX1[4]     ; 6.072 ; 6.072 ; 6.072 ; 6.072 ;
; KEY[2]     ; HEX1[5]     ; 6.220 ; 6.220 ; 6.220 ; 6.220 ;
; KEY[2]     ; HEX1[6]     ; 6.219 ; 6.219 ; 6.219 ; 6.219 ;
; KEY[2]     ; LEDG[0]     ; 7.960 ; 7.960 ; 7.960 ; 7.960 ;
; KEY[2]     ; LEDG[1]     ; 7.848 ; 7.848 ; 7.848 ; 7.848 ;
; KEY[2]     ; LEDG[2]     ; 8.480 ; 8.480 ; 8.480 ; 8.480 ;
; KEY[2]     ; LEDG[3]     ; 8.851 ; 8.851 ; 8.851 ; 8.851 ;
; KEY[3]     ; HEX0[0]     ; 7.450 ; 7.450 ; 7.450 ; 7.450 ;
; KEY[3]     ; HEX0[1]     ; 7.474 ; 7.474 ; 7.474 ; 7.474 ;
; KEY[3]     ; HEX0[2]     ; 7.419 ; 7.419 ; 7.419 ; 7.419 ;
; KEY[3]     ; HEX0[3]     ; 7.466 ; 7.466 ; 7.466 ; 7.466 ;
; KEY[3]     ; HEX0[4]     ; 7.352 ; 7.352 ; 7.352 ; 7.352 ;
; KEY[3]     ; HEX0[5]     ; 7.352 ; 7.352 ; 7.352 ; 7.352 ;
; KEY[3]     ; HEX0[6]     ; 7.350 ; 7.350 ; 7.350 ; 7.350 ;
; KEY[3]     ; HEX1[0]     ; 6.281 ; 6.281 ; 6.281 ; 6.281 ;
; KEY[3]     ; HEX1[1]     ; 6.109 ; 6.109 ; 6.109 ; 6.109 ;
; KEY[3]     ; HEX1[2]     ; 6.104 ; 6.104 ; 6.104 ; 6.104 ;
; KEY[3]     ; HEX1[3]     ; 6.121 ; 6.121 ; 6.121 ; 6.121 ;
; KEY[3]     ; HEX1[4]     ; 6.131 ;       ;       ; 6.131 ;
; KEY[3]     ; HEX1[5]     ; 6.277 ; 6.277 ; 6.277 ; 6.277 ;
; KEY[3]     ; HEX1[6]     ; 6.277 ; 6.277 ; 6.277 ; 6.277 ;
; KEY[3]     ; LEDG[0]     ; 7.785 ; 7.785 ; 7.785 ; 7.785 ;
; KEY[3]     ; LEDG[1]     ; 7.670 ; 7.670 ; 7.670 ; 7.670 ;
; KEY[3]     ; LEDG[2]     ; 8.546 ; 8.546 ; 8.546 ; 8.546 ;
; KEY[3]     ; LEDG[3]     ; 8.917 ; 8.917 ; 8.917 ; 8.917 ;
; SW[0]      ; HEX0[0]     ; 4.219 ; 4.219 ; 4.219 ; 4.219 ;
; SW[0]      ; HEX0[1]     ; 4.245 ; 4.245 ; 4.245 ; 4.245 ;
; SW[0]      ; HEX0[2]     ; 4.197 ; 4.197 ; 4.197 ; 4.197 ;
; SW[0]      ; HEX0[3]     ; 4.238 ; 4.238 ; 4.238 ; 4.238 ;
; SW[0]      ; HEX0[4]     ; 4.121 ; 4.121 ; 4.121 ; 4.121 ;
; SW[0]      ; HEX0[5]     ; 4.123 ; 4.123 ; 4.123 ; 4.123 ;
; SW[0]      ; HEX0[6]     ; 4.117 ; 4.117 ; 4.117 ; 4.117 ;
; SW[0]      ; HEX2[0]     ; 3.716 ; 3.716 ; 3.716 ; 3.716 ;
; SW[0]      ; HEX2[1]     ; 3.652 ; 3.652 ; 3.652 ; 3.652 ;
; SW[0]      ; HEX2[2]     ;       ; 3.695 ; 3.695 ;       ;
; SW[0]      ; HEX2[3]     ; 3.701 ; 3.701 ; 3.701 ; 3.701 ;
; SW[0]      ; HEX2[4]     ; 3.679 ;       ;       ; 3.679 ;
; SW[0]      ; HEX2[5]     ; 3.673 ;       ;       ; 3.673 ;
; SW[0]      ; HEX2[6]     ; 4.043 ;       ;       ; 4.043 ;
; SW[0]      ; LEDG[0]     ; 5.182 ; 5.182 ; 5.182 ; 5.182 ;
; SW[0]      ; LEDG[1]     ; 5.067 ; 5.067 ; 5.067 ; 5.067 ;
; SW[0]      ; LEDG[2]     ; 5.732 ; 5.732 ; 5.732 ; 5.732 ;
; SW[0]      ; LEDG[3]     ; 5.666 ; 5.666 ; 5.666 ; 5.666 ;
; SW[1]      ; HEX0[0]     ; 4.094 ; 4.094 ; 4.094 ; 4.094 ;
; SW[1]      ; HEX0[1]     ; 4.245 ; 4.245 ; 4.245 ; 4.245 ;
; SW[1]      ; HEX0[2]     ; 4.061 ; 4.061 ; 4.061 ; 4.061 ;
; SW[1]      ; HEX0[3]     ; 4.105 ; 4.105 ; 4.105 ; 4.105 ;
; SW[1]      ; HEX0[4]     ; 3.997 ; 3.997 ; 3.997 ; 3.997 ;
; SW[1]      ; HEX0[5]     ; 3.994 ; 3.994 ; 3.994 ; 3.994 ;
; SW[1]      ; HEX0[6]     ; 3.999 ; 3.999 ; 3.999 ; 3.999 ;
; SW[1]      ; HEX2[0]     ;       ; 3.768 ; 3.768 ;       ;
; SW[1]      ; HEX2[1]     ; 3.705 ; 3.705 ; 3.705 ; 3.705 ;
; SW[1]      ; HEX2[2]     ; 3.746 ;       ;       ; 3.746 ;
; SW[1]      ; HEX2[3]     ; 3.755 ; 3.755 ; 3.755 ; 3.755 ;
; SW[1]      ; HEX2[4]     ;       ; 3.727 ; 3.727 ;       ;
; SW[1]      ; HEX2[5]     ; 3.724 ;       ;       ; 3.724 ;
; SW[1]      ; HEX2[6]     ; 3.818 ; 3.818 ; 3.818 ; 3.818 ;
; SW[1]      ; LEDG[0]     ; 5.236 ; 5.236 ; 5.236 ; 5.236 ;
; SW[1]      ; LEDG[1]     ; 5.121 ; 5.121 ; 5.121 ; 5.121 ;
; SW[1]      ; LEDG[2]     ; 5.527 ; 5.527 ; 5.527 ; 5.527 ;
; SW[1]      ; LEDG[3]     ; 5.546 ; 5.546 ; 5.546 ; 5.546 ;
; SW[2]      ; HEX0[0]     ; 3.968 ; 3.968 ; 3.968 ; 3.968 ;
; SW[2]      ; HEX0[1]     ; 3.986 ; 3.986 ; 3.986 ; 3.986 ;
; SW[2]      ; HEX0[2]     ; 3.933 ; 3.933 ; 3.933 ; 3.933 ;
; SW[2]      ; HEX0[3]     ; 3.979 ; 3.979 ; 3.979 ; 3.979 ;
; SW[2]      ; HEX0[4]     ; 3.865 ; 3.865 ; 3.865 ; 3.865 ;
; SW[2]      ; HEX0[5]     ; 3.864 ; 3.864 ; 3.864 ; 3.864 ;
; SW[2]      ; HEX0[6]     ; 3.867 ; 3.867 ; 3.867 ; 3.867 ;
; SW[2]      ; HEX2[0]     ; 3.659 ; 3.659 ; 3.659 ; 3.659 ;
; SW[2]      ; HEX2[1]     ; 3.616 ;       ;       ; 3.616 ;
; SW[2]      ; HEX2[2]     ;       ; 3.627 ; 3.627 ;       ;
; SW[2]      ; HEX2[3]     ; 3.645 ; 3.645 ; 3.645 ; 3.645 ;
; SW[2]      ; HEX2[4]     ; 3.614 ;       ;       ; 3.614 ;
; SW[2]      ; HEX2[5]     ;       ; 3.605 ; 3.605 ;       ;
; SW[2]      ; HEX2[6]     ; 3.807 ; 3.807 ; 3.807 ; 3.807 ;
; SW[2]      ; LEDG[0]     ; 4.623 ; 4.623 ; 4.623 ; 4.623 ;
; SW[2]      ; LEDG[1]     ; 4.508 ; 4.508 ; 4.508 ; 4.508 ;
; SW[2]      ; LEDG[2]     ; 5.211 ; 5.211 ; 5.211 ; 5.211 ;
; SW[2]      ; LEDG[3]     ; 5.413 ; 5.413 ; 5.413 ; 5.413 ;
; SW[3]      ; HEX0[0]     ; 3.915 ; 3.915 ; 3.915 ; 3.915 ;
; SW[3]      ; HEX0[1]     ; 3.941 ; 3.941 ; 3.941 ; 3.941 ;
; SW[3]      ; HEX0[2]     ; 3.893 ; 3.893 ; 3.893 ; 3.893 ;
; SW[3]      ; HEX0[3]     ; 3.934 ; 3.934 ; 3.934 ; 3.934 ;
; SW[3]      ; HEX0[4]     ; 3.817 ; 3.817 ; 3.817 ; 3.817 ;
; SW[3]      ; HEX0[5]     ; 3.819 ; 3.819 ; 3.819 ; 3.819 ;
; SW[3]      ; HEX0[6]     ; 3.813 ; 3.813 ; 3.813 ; 3.813 ;
; SW[3]      ; HEX3[0]     ; 3.763 ; 3.763 ; 3.763 ; 3.763 ;
; SW[3]      ; HEX3[1]     ; 4.019 ; 4.019 ; 4.019 ; 4.019 ;
; SW[3]      ; HEX3[2]     ;       ; 4.011 ; 4.011 ;       ;
; SW[3]      ; HEX3[3]     ; 3.716 ; 3.716 ; 3.716 ; 3.716 ;
; SW[3]      ; HEX3[4]     ; 3.596 ;       ;       ; 3.596 ;
; SW[3]      ; HEX3[5]     ; 3.765 ;       ;       ; 3.765 ;
; SW[3]      ; HEX3[6]     ; 3.905 ; 3.905 ; 3.905 ; 3.905 ;
; SW[3]      ; LEDG[0]     ; 5.387 ; 5.387 ; 5.387 ; 5.387 ;
; SW[3]      ; LEDG[1]     ; 5.275 ; 5.275 ; 5.275 ; 5.275 ;
; SW[3]      ; LEDG[2]     ; 5.422 ; 5.422 ; 5.422 ; 5.422 ;
; SW[3]      ; LEDG[3]     ; 5.362 ; 5.362 ; 5.362 ; 5.362 ;
; SW[4]      ; HEX0[0]     ; 3.773 ; 3.773 ; 3.773 ; 3.773 ;
; SW[4]      ; HEX0[1]     ; 3.853 ; 3.853 ; 3.853 ; 3.853 ;
; SW[4]      ; HEX0[2]     ; 3.740 ; 3.740 ; 3.740 ; 3.740 ;
; SW[4]      ; HEX0[3]     ; 3.784 ; 3.784 ; 3.784 ; 3.784 ;
; SW[4]      ; HEX0[4]     ; 3.676 ; 3.676 ; 3.676 ; 3.676 ;
; SW[4]      ; HEX0[5]     ; 3.673 ; 3.673 ; 3.673 ; 3.673 ;
; SW[4]      ; HEX0[6]     ; 3.678 ; 3.678 ; 3.678 ; 3.678 ;
; SW[4]      ; HEX3[0]     ; 3.568 ; 3.568 ; 3.568 ; 3.568 ;
; SW[4]      ; HEX3[1]     ; 3.824 ; 3.824 ; 3.824 ; 3.824 ;
; SW[4]      ; HEX3[2]     ; 3.832 ;       ;       ; 3.832 ;
; SW[4]      ; HEX3[3]     ; 3.531 ; 3.531 ; 3.531 ; 3.531 ;
; SW[4]      ; HEX3[4]     ;       ; 3.403 ; 3.403 ;       ;
; SW[4]      ; HEX3[5]     ; 3.580 ; 3.580 ; 3.580 ; 3.580 ;
; SW[4]      ; HEX3[6]     ; 3.714 ; 3.714 ; 3.714 ; 3.714 ;
; SW[4]      ; LEDG[0]     ; 5.042 ; 5.042 ; 5.042 ; 5.042 ;
; SW[4]      ; LEDG[1]     ; 4.930 ; 4.930 ; 4.930 ; 4.930 ;
; SW[4]      ; LEDG[2]     ; 5.077 ; 5.077 ; 5.077 ; 5.077 ;
; SW[4]      ; LEDG[3]     ; 5.280 ; 5.225 ; 5.225 ; 5.280 ;
; SW[5]      ; HEX0[0]     ; 4.375 ; 4.375 ; 4.375 ; 4.375 ;
; SW[5]      ; HEX0[1]     ; 4.433 ; 4.433 ; 4.433 ; 4.433 ;
; SW[5]      ; HEX0[2]     ; 4.342 ; 4.342 ; 4.342 ; 4.342 ;
; SW[5]      ; HEX0[3]     ; 4.386 ; 4.386 ; 4.386 ; 4.386 ;
; SW[5]      ; HEX0[4]     ; 4.278 ; 4.278 ; 4.278 ; 4.278 ;
; SW[5]      ; HEX0[5]     ; 4.275 ; 4.275 ; 4.275 ; 4.275 ;
; SW[5]      ; HEX0[6]     ; 4.280 ; 4.280 ; 4.280 ; 4.280 ;
; SW[5]      ; HEX3[0]     ; 3.584 ; 3.584 ; 3.584 ; 3.584 ;
; SW[5]      ; HEX3[1]     ; 3.844 ;       ;       ; 3.844 ;
; SW[5]      ; HEX3[2]     ; 3.855 ; 3.855 ; 3.855 ; 3.855 ;
; SW[5]      ; HEX3[3]     ; 3.555 ; 3.555 ; 3.555 ; 3.555 ;
; SW[5]      ; HEX3[4]     ; 3.421 ; 3.421 ; 3.421 ; 3.421 ;
; SW[5]      ; HEX3[5]     ; 3.601 ; 3.601 ; 3.601 ; 3.601 ;
; SW[5]      ; HEX3[6]     ; 3.734 ; 3.734 ; 3.734 ; 3.734 ;
; SW[5]      ; LEDG[0]     ; 4.851 ; 4.851 ; 4.851 ; 4.851 ;
; SW[5]      ; LEDG[1]     ; 4.739 ; 4.739 ; 4.739 ; 4.739 ;
; SW[5]      ; LEDG[2]     ; 5.505 ; 5.505 ; 5.505 ; 5.505 ;
; SW[5]      ; LEDG[3]     ; 5.827 ; 5.827 ; 5.827 ; 5.827 ;
; SW[6]      ; HEX0[0]     ; 4.141 ; 4.141 ; 4.141 ; 4.141 ;
; SW[6]      ; HEX0[1]     ; 4.165 ; 4.165 ; 4.165 ; 4.165 ;
; SW[6]      ; HEX0[2]     ; 4.110 ; 4.110 ; 4.110 ; 4.110 ;
; SW[6]      ; HEX0[3]     ; 4.157 ; 4.157 ; 4.157 ; 4.157 ;
; SW[6]      ; HEX0[4]     ; 4.043 ; 4.043 ; 4.043 ; 4.043 ;
; SW[6]      ; HEX0[5]     ; 4.043 ; 4.043 ; 4.043 ; 4.043 ;
; SW[6]      ; HEX0[6]     ; 4.041 ; 4.041 ; 4.041 ; 4.041 ;
; SW[6]      ; HEX3[0]     ; 3.470 ; 3.470 ; 3.470 ; 3.470 ;
; SW[6]      ; HEX3[1]     ; 3.726 ; 3.726 ; 3.726 ; 3.726 ;
; SW[6]      ; HEX3[2]     ; 3.722 ; 3.722 ; 3.722 ; 3.722 ;
; SW[6]      ; HEX3[3]     ; 3.423 ; 3.423 ; 3.423 ; 3.423 ;
; SW[6]      ; HEX3[4]     ;       ; 3.303 ; 3.303 ;       ;
; SW[6]      ; HEX3[5]     ; 3.465 ; 3.465 ; 3.465 ; 3.465 ;
; SW[6]      ; HEX3[6]     ; 3.611 ; 3.611 ; 3.611 ; 3.611 ;
; SW[6]      ; LEDG[0]     ; 4.510 ; 4.510 ; 4.510 ; 4.510 ;
; SW[6]      ; LEDG[1]     ; 4.401 ; 4.401 ; 4.401 ; 4.401 ;
; SW[6]      ; LEDG[2]     ; 5.237 ; 5.237 ; 5.237 ; 5.237 ;
; SW[6]      ; LEDG[3]     ; 5.608 ; 5.608 ; 5.608 ; 5.608 ;
+------------+-------------+-------+-------+-------+-------+


-------------------
; Clock Transfers ;
-------------------
Nothing to report.


---------------
; Report TCCS ;
---------------
No dedicated SERDES Transmitter circuitry present in device or used in design


---------------
; Report RSKM ;
---------------
No dedicated SERDES Receiver circuitry present in device or used in design


+------------------------------------------------+
; Unconstrained Paths                            ;
+---------------------------------+-------+------+
; Property                        ; Setup ; Hold ;
+---------------------------------+-------+------+
; Illegal Clocks                  ; 0     ; 0    ;
; Unconstrained Clocks            ; 0     ; 0    ;
; Unconstrained Input Ports       ; 11    ; 11   ;
; Unconstrained Input Port Paths  ; 198   ; 198  ;
; Unconstrained Output Ports      ; 32    ; 32   ;
; Unconstrained Output Port Paths ; 198   ; 198  ;
+---------------------------------+-------+------+


+------------------------------------+
; TimeQuest Timing Analyzer Messages ;
+------------------------------------+
Info: *******************************************************************
Info: Running Quartus II 32-bit TimeQuest Timing Analyzer
    Info: Version 13.0.1 Build 232 06/12/2013 Service Pack 1 SJ Web Edition
    Info: Processing started: Thu Apr 12 14:07:26 2018
Info: Command: quartus_sta ULAH -c ULAH
Info: qsta_default_script.tcl version: #1
Warning (20028): Parallel compilation is not licensed and has been disabled
Info (21077): Low junction temperature is 0 degrees C
Info (21077): High junction temperature is 85 degrees C
Critical Warning (332012): Synopsys Design Constraints File file not found: 'ULAH.sdc'. A Synopsys Design Constraints File is required by the TimeQuest Timing Analyzer to get proper timing constraints. Without it, the Compiler will not properly optimize the design.
Info (332142): No user constrained base clocks found in the design. Calling "derive_clocks -period 1.0"
Info (332096): The command derive_clocks did not find any clocks to derive.  No clocks were created or changed.
Warning (332068): No clocks defined in design.
Info: Found TIMEQUEST_REPORT_SCRIPT_INCLUDE_DEFAULT_ANALYSIS = ON
Info (332159): No clocks to report
Info: Analyzing Slow Model
Info (332140): No fmax paths to report
Info (332140): No Setup paths to report
Info (332140): No Hold paths to report
Info (332140): No Recovery paths to report
Info (332140): No Removal paths to report
Info (332140): No Minimum Pulse Width paths to report
Info (332001): The selected device family is not supported by the report_metastability command.
Info: Analyzing Fast Model
Info (332142): No user constrained base clocks found in the design. Calling "derive_clocks -period 1.0"
Info (332096): The command derive_clocks did not find any clocks to derive.  No clocks were created or changed.
Warning (332068): No clocks defined in design.
Info (332140): No Setup paths to report
Info (332140): No Hold paths to report
Info (332140): No Recovery paths to report
Info (332140): No Removal paths to report
Info (332140): No Minimum Pulse Width paths to report
Info (332001): The selected device family is not supported by the report_metastability command.
Info (332102): Design is not fully constrained for setup requirements
Info (332102): Design is not fully constrained for hold requirements
Info: Quartus II 32-bit TimeQuest Timing Analyzer was successful. 0 errors, 4 warnings
    Info: Peak virtual memory: 296 megabytes
    Info: Processing ended: Thu Apr 12 14:07:27 2018
    Info: Elapsed time: 00:00:01
    Info: Total CPU time (on all processors): 00:00:01


