Flow report for circuito
Thu May 24 21:48:54 2018
Quartus II 32-bit Version 13.0.1 Build 232 06/12/2013 Service Pack 1 SJ Web Edition


---------------------
; Table of Contents ;
---------------------
  1. Legal Notice
  2. Flow Summary
  3. Flow Settings
  4. Flow Non-Default Global Settings
  5. Flow Elapsed Time
  6. Flow OS Summary
  7. Flow Log
  8. Flow Messages
  9. Flow Suppressed Messages



----------------
; Legal Notice ;
----------------
Copyright (C) 1991-2013 Altera Corporation
Your use of Altera Corporation's design tools, logic functions 
and other software and tools, and its AMPP partner logic 
functions, and any output files from any of the foregoing 
(including device programming or simulation files), and any 
associated documentation or information are expressly subject 
to the terms and conditions of the Altera Program License 
Subscription Agreement, Altera MegaCore Function License 
Agreement, or other applicable license agreement, including, 
without limitation, that your use is for the sole purpose of 
programming logic devices manufactured by Altera and sold by 
Altera or its authorized distributors.  Please refer to the 
applicable agreement for further details.



+--------------------------------------------------------------------------------------+
; Flow Summary                                                                         ;
+------------------------------------+-------------------------------------------------+
; Flow Status                        ; Successful - Thu May 24 21:48:54 2018           ;
; Quartus II 32-bit Version          ; 13.0.1 Build 232 06/12/2013 SP 1 SJ Web Edition ;
; Revision Name                      ; circuito                                        ;
; Top-level Entity Name              ; circuito                                        ;
; Family                             ; Cyclone II                                      ;
; Device                             ; EP2C20F484C7                                    ;
; Timing Models                      ; Final                                           ;
; Total logic elements               ; 30 / 18,752 ( < 1 % )                           ;
;     Total combinational functions  ; 30 / 18,752 ( < 1 % )                           ;
;     Dedicated logic registers      ; 5 / 18,752 ( < 1 % )                            ;
; Total registers                    ; 5                                               ;
; Total pins                         ; 20 / 315 ( 6 % )                                ;
; Total virtual pins                 ; 0                                               ;
; Total memory bits                  ; 0 / 239,616 ( 0 % )                             ;
; Embedded Multiplier 9-bit elements ; 0 / 52 ( 0 % )                                  ;
; Total PLLs                         ; 0 / 4 ( 0 % )                                   ;
+------------------------------------+-------------------------------------------------+


+-----------------------------------------+
; Flow Settings                           ;
+-------------------+---------------------+
; Option            ; Setting             ;
+-------------------+---------------------+
; Start date & time ; 05/24/2018 21:48:00 ;
; Main task         ; Compilation         ;
; Revision Name     ; circuito            ;
+-------------------+---------------------+


+----------------------------------------------------------------------------------------------------------------------+
; Flow Non-Default Global Settings                                                                                     ;
+-------------------------------------+---------------------------------+---------------+-------------+----------------+
; Assignment Name                     ; Value                           ; Default Value ; Entity Name ; Section Id     ;
+-------------------------------------+---------------------------------+---------------+-------------+----------------+
; COMPILER_SIGNATURE_ID               ; 123509604446223.152720928005071 ; --            ; --          ; --             ;
; EDA_GENERATE_FUNCTIONAL_NETLIST     ; On                              ; --            ; --          ; eda_simulation ;
; EDA_OUTPUT_DATA_FORMAT              ; Verilog Hdl                     ; --            ; --          ; eda_simulation ;
; EDA_SIMULATION_TOOL                 ; ModelSim-Altera (Verilog)       ; <None>        ; --          ; --             ;
; MAX_CORE_JUNCTION_TEMP              ; 85                              ; --            ; --          ; --             ;
; MIN_CORE_JUNCTION_TEMP              ; 0                               ; --            ; --          ; --             ;
; PARTITION_COLOR                     ; 16764057                        ; --            ; --          ; Top            ;
; PARTITION_FITTER_PRESERVATION_LEVEL ; PLACEMENT_AND_ROUTING           ; --            ; --          ; Top            ;
; PARTITION_NETLIST_TYPE              ; SOURCE                          ; --            ; --          ; Top            ;
; PROJECT_OUTPUT_DIRECTORY            ; output_files                    ; --            ; --          ; --             ;
+-------------------------------------+---------------------------------+---------------+-------------+----------------+


+-------------------------------------------------------------------------------------------------------------------------------+
; Flow Elapsed Time                                                                                                             ;
+---------------------------+--------------+-------------------------+---------------------+------------------------------------+
; Module Name               ; Elapsed Time ; Average Processors Used ; Peak Virtual Memory ; Total CPU Time (on all processors) ;
+---------------------------+--------------+-------------------------+---------------------+------------------------------------+
; Analysis & Synthesis      ; 00:00:02     ; 1.0                     ; 332 MB              ; 00:00:02                           ;
; Fitter                    ; 00:00:04     ; 1.0                     ; 440 MB              ; 00:00:04                           ;
; Assembler                 ; 00:00:02     ; 1.0                     ; 340 MB              ; 00:00:02                           ;
; TimeQuest Timing Analyzer ; 00:00:01     ; 1.0                     ; 296 MB              ; 00:00:01                           ;
; EDA Netlist Writer        ; 00:00:01     ; 1.0                     ; 309 MB              ; 00:00:01                           ;
; EDA Netlist Writer        ; 00:00:00     ; 1.0                     ; 308 MB              ; 00:00:01                           ;
; EDA Netlist Writer        ; 00:00:01     ; 1.0                     ; 324 MB              ; 00:00:01                           ;
; Total                     ; 00:00:11     ; --                      ; --                  ; 00:00:12                           ;
+---------------------------+--------------+-------------------------+---------------------+------------------------------------+


+---------------------------------------------------------------------------------------------+
; Flow OS Summary                                                                             ;
+---------------------------+------------------+----------------+------------+----------------+
; Module Name               ; Machine Hostname ; OS Name        ; OS Version ; Processor type ;
+---------------------------+------------------+----------------+------------+----------------+
; Analysis & Synthesis      ; le11-5           ; Ubuntu 14.04.5 ; 14         ; x86_64         ;
; Fitter                    ; le11-5           ; Ubuntu 14.04.5 ; 14         ; x86_64         ;
; Assembler                 ; le11-5           ; Ubuntu 14.04.5 ; 14         ; x86_64         ;
; TimeQuest Timing Analyzer ; le11-5           ; Ubuntu 14.04.5 ; 14         ; x86_64         ;
; EDA Netlist Writer        ; le11-5           ; Ubuntu 14.04.5 ; 14         ; x86_64         ;
; EDA Netlist Writer        ; le11-5           ; Ubuntu 14.04.5 ; 14         ; x86_64         ;
; EDA Netlist Writer        ; le11-5           ; Ubuntu 14.04.5 ; 14         ; x86_64         ;
+---------------------------+------------------+----------------+------------+----------------+


------------
; Flow Log ;
------------
quartus_map --read_settings_files=on --write_settings_files=off circuito -c circuito
quartus_fit --read_settings_files=off --write_settings_files=off circuito -c circuito
quartus_asm --read_settings_files=off --write_settings_files=off circuito -c circuito
quartus_sta circuito -c circuito
quartus_eda --read_settings_files=off --write_settings_files=off circuito -c circuito
quartus_eda --gen_testbench --check_outputs=on --tool=modelsim_oem --format=verilog circuito -c circuito --vector_source=/net/nfs1.fee.unicamp.br/export/vol1/home/EC16/ra178610/EA773/lab5/circuito/testeProgm1.vwf --testbench_file=./simulation/qsim/circuito.vt
quartus_eda --functional=on --simulation=on --tool=modelsim_oem --format=verilog circuito -c circuito



