TimeQuest Timing Analyzer report for decoderROM
Tue Jun 12 21:46:50 2018
Quartus II 64-Bit Version 13.0.1 Build 232 06/12/2013 Service Pack 1 SJ Web Edition


---------------------
; Table of Contents ;
---------------------
  1. Legal Notice
  2. TimeQuest Timing Analyzer Summary
  3. Parallel Compilation
  4. Clocks
  5. Slow Model Fmax Summary
  6. Slow Model Setup Summary
  7. Slow Model Hold Summary
  8. Slow Model Recovery Summary
  9. Slow Model Removal Summary
 10. Slow Model Minimum Pulse Width Summary
 11. Propagation Delay
 12. Minimum Propagation Delay
 13. Fast Model Setup Summary
 14. Fast Model Hold Summary
 15. Fast Model Recovery Summary
 16. Fast Model Removal Summary
 17. Fast Model Minimum Pulse Width Summary
 18. Propagation Delay
 19. Minimum Propagation Delay
 20. Multicorner Timing Analysis Summary
 21. Progagation Delay
 22. Minimum Progagation Delay
 23. Clock Transfers
 24. Report TCCS
 25. Report RSKM
 26. Unconstrained Paths
 27. TimeQuest Timing Analyzer Messages



----------------
; Legal Notice ;
----------------
Copyright (C) 1991-2013 Altera Corporation
Your use of Altera Corporation's design tools, logic functions 
and other software and tools, and its AMPP partner logic 
functions, and any output files from any of the foregoing 
(including device programming or simulation files), and any 
associated documentation or information are expressly subject 
to the terms and conditions of the Altera Program License 
Subscription Agreement, Altera MegaCore Function License 
Agreement, or other applicable license agreement, including, 
without limitation, that your use is for the sole purpose of 
programming logic devices manufactured by Altera and sold by 
Altera or its authorized distributors.  Please refer to the 
applicable agreement for further details.



+----------------------------------------------------------------------------------------+
; TimeQuest Timing Analyzer Summary                                                      ;
+--------------------+-------------------------------------------------------------------+
; Quartus II Version ; Version 13.0.1 Build 232 06/12/2013 Service Pack 1 SJ Web Edition ;
; Revision Name      ; decoderROM                                                        ;
; Device Family      ; Cyclone II                                                        ;
; Device Name        ; EP2C20F484C7                                                      ;
; Timing Models      ; Final                                                             ;
; Delay Model        ; Combined                                                          ;
; Rise/Fall Delays   ; Unavailable                                                       ;
+--------------------+-------------------------------------------------------------------+


Parallel compilation was disabled, but you have multiple processors available. Enable parallel compilation to reduce compilation time.
+-------------------------------------+
; Parallel Compilation                ;
+----------------------------+--------+
; Processors                 ; Number ;
+----------------------------+--------+
; Number detected on machine ; 4      ;
; Maximum allowed            ; 1      ;
+----------------------------+--------+


----------
; Clocks ;
----------
No clocks to report.


---------------------------
; Slow Model Fmax Summary ;
---------------------------
No paths to report.


----------------------------
; Slow Model Setup Summary ;
----------------------------
No paths to report.


---------------------------
; Slow Model Hold Summary ;
---------------------------
No paths to report.


-------------------------------
; Slow Model Recovery Summary ;
-------------------------------
No paths to report.


------------------------------
; Slow Model Removal Summary ;
------------------------------
No paths to report.


------------------------------------------
; Slow Model Minimum Pulse Width Summary ;
------------------------------------------
No paths to report.


+--------------------------------------------------------------+
; Propagation Delay                                            ;
+------------+-------------+--------+--------+--------+--------+
; Input Port ; Output Port ; RR     ; RF     ; FR     ; FF     ;
+------------+-------------+--------+--------+--------+--------+
; b[0]       ; o[0]        ; 11.826 ;        ;        ; 11.826 ;
; b[0]       ; o[1]        ;        ; 12.270 ; 12.270 ;        ;
; b[0]       ; o[2]        ; 11.637 ;        ;        ; 11.637 ;
; b[0]       ; o[3]        ;        ; 11.874 ; 11.874 ;        ;
; b[0]       ; o[4]        ; 11.962 ;        ;        ; 11.962 ;
; b[0]       ; o[5]        ;        ; 11.913 ; 11.913 ;        ;
; b[0]       ; o[6]        ; 11.948 ;        ;        ; 11.948 ;
; b[0]       ; o[7]        ;        ; 11.948 ; 11.948 ;        ;
; b[0]       ; o[8]        ; 11.489 ;        ;        ; 11.489 ;
; b[0]       ; o[9]        ;        ; 11.581 ; 11.581 ;        ;
; b[0]       ; o[10]       ; 11.523 ;        ;        ; 11.523 ;
; b[0]       ; o[11]       ;        ; 11.515 ; 11.515 ;        ;
; b[0]       ; o[12]       ; 11.291 ;        ;        ; 11.291 ;
; b[0]       ; o[13]       ;        ; 11.190 ; 11.190 ;        ;
; b[0]       ; o[14]       ; 11.484 ;        ;        ; 11.484 ;
; b[0]       ; o[15]       ;        ; 11.518 ; 11.518 ;        ;
; b[0]       ; o[16]       ; 11.643 ;        ;        ; 11.643 ;
; b[0]       ; o[17]       ;        ; 11.916 ; 11.916 ;        ;
; b[0]       ; o[18]       ; 11.630 ;        ;        ; 11.630 ;
; b[0]       ; o[19]       ;        ; 11.498 ; 11.498 ;        ;
; b[0]       ; o[20]       ; 11.857 ;        ;        ; 11.857 ;
; b[0]       ; o[21]       ;        ; 12.011 ; 12.011 ;        ;
; b[0]       ; o[22]       ; 12.284 ;        ;        ; 12.284 ;
; b[0]       ; o[23]       ;        ; 11.943 ; 11.943 ;        ;
; b[0]       ; o[24]       ; 11.182 ;        ;        ; 11.182 ;
; b[0]       ; o[25]       ;        ; 11.594 ; 11.594 ;        ;
; b[0]       ; o[26]       ; 11.793 ;        ;        ; 11.793 ;
; b[0]       ; o[27]       ;        ; 11.582 ; 11.582 ;        ;
; b[0]       ; o[28]       ; 10.892 ;        ;        ; 10.892 ;
; b[0]       ; o[29]       ;        ; 11.188 ; 11.188 ;        ;
; b[0]       ; o[30]       ; 11.508 ;        ;        ; 11.508 ;
; b[0]       ; o[31]       ;        ; 11.524 ; 11.524 ;        ;
; b[1]       ; o[0]        ; 11.671 ;        ;        ; 11.671 ;
; b[1]       ; o[1]        ; 12.115 ;        ;        ; 12.115 ;
; b[1]       ; o[2]        ;        ; 11.480 ; 11.480 ;        ;
; b[1]       ; o[3]        ;        ; 11.717 ; 11.717 ;        ;
; b[1]       ; o[4]        ; 11.811 ;        ;        ; 11.811 ;
; b[1]       ; o[5]        ; 11.761 ;        ;        ; 11.761 ;
; b[1]       ; o[6]        ;        ; 11.791 ; 11.791 ;        ;
; b[1]       ; o[7]        ;        ; 11.796 ; 11.796 ;        ;
; b[1]       ; o[8]        ; 11.333 ;        ;        ; 11.333 ;
; b[1]       ; o[9]        ; 11.425 ;        ;        ; 11.425 ;
; b[1]       ; o[10]       ;        ; 11.366 ; 11.366 ;        ;
; b[1]       ; o[11]       ;        ; 11.358 ; 11.358 ;        ;
; b[1]       ; o[12]       ; 11.135 ;        ;        ; 11.135 ;
; b[1]       ; o[13]       ; 11.034 ;        ;        ; 11.034 ;
; b[1]       ; o[14]       ;        ; 11.331 ; 11.331 ;        ;
; b[1]       ; o[15]       ;        ; 11.366 ; 11.366 ;        ;
; b[1]       ; o[16]       ; 11.488 ;        ;        ; 11.488 ;
; b[1]       ; o[17]       ; 11.761 ;        ;        ; 11.761 ;
; b[1]       ; o[18]       ;        ; 11.473 ; 11.473 ;        ;
; b[1]       ; o[19]       ;        ; 11.341 ; 11.341 ;        ;
; b[1]       ; o[20]       ; 11.706 ;        ;        ; 11.706 ;
; b[1]       ; o[21]       ; 11.859 ;        ;        ; 11.859 ;
; b[1]       ; o[22]       ;        ; 12.127 ; 12.127 ;        ;
; b[1]       ; o[23]       ;        ; 11.791 ; 11.791 ;        ;
; b[1]       ; o[24]       ; 11.026 ;        ;        ; 11.026 ;
; b[1]       ; o[25]       ; 11.438 ;        ;        ; 11.438 ;
; b[1]       ; o[26]       ;        ; 11.636 ; 11.636 ;        ;
; b[1]       ; o[27]       ;        ; 11.425 ; 11.425 ;        ;
; b[1]       ; o[28]       ; 10.736 ;        ;        ; 10.736 ;
; b[1]       ; o[29]       ; 11.032 ;        ;        ; 11.032 ;
; b[1]       ; o[30]       ;        ; 11.355 ; 11.355 ;        ;
; b[1]       ; o[31]       ;        ; 11.372 ; 11.372 ;        ;
; b[2]       ; o[0]        ; 11.953 ;        ;        ; 11.953 ;
; b[2]       ; o[1]        ; 12.388 ;        ;        ; 12.388 ;
; b[2]       ; o[2]        ; 11.790 ;        ;        ; 11.790 ;
; b[2]       ; o[3]        ; 12.026 ;        ;        ; 12.026 ;
; b[2]       ; o[4]        ;        ; 12.049 ; 12.049 ;        ;
; b[2]       ; o[5]        ;        ; 11.995 ; 11.995 ;        ;
; b[2]       ; o[6]        ;        ; 12.049 ; 12.049 ;        ;
; b[2]       ; o[7]        ;        ; 12.065 ; 12.065 ;        ;
; b[2]       ; o[8]        ; 11.619 ;        ;        ; 11.619 ;
; b[2]       ; o[9]        ; 11.702 ;        ;        ; 11.702 ;
; b[2]       ; o[10]       ; 11.695 ;        ;        ; 11.695 ;
; b[2]       ; o[11]       ; 11.670 ;        ;        ; 11.670 ;
; b[2]       ; o[12]       ;        ; 11.360 ; 11.360 ;        ;
; b[2]       ; o[13]       ;        ; 11.261 ; 11.261 ;        ;
; b[2]       ; o[14]       ;        ; 11.596 ; 11.596 ;        ;
; b[2]       ; o[15]       ;        ; 11.630 ; 11.630 ;        ;
; b[2]       ; o[16]       ; 11.770 ;        ;        ; 11.770 ;
; b[2]       ; o[17]       ; 12.034 ;        ;        ; 12.034 ;
; b[2]       ; o[18]       ; 11.783 ;        ;        ; 11.783 ;
; b[2]       ; o[19]       ; 11.650 ;        ;        ; 11.650 ;
; b[2]       ; o[20]       ;        ; 11.944 ; 11.944 ;        ;
; b[2]       ; o[21]       ;        ; 12.093 ; 12.093 ;        ;
; b[2]       ; o[22]       ;        ; 12.385 ; 12.385 ;        ;
; b[2]       ; o[23]       ;        ; 12.060 ; 12.060 ;        ;
; b[2]       ; o[24]       ; 11.312 ;        ;        ; 11.312 ;
; b[2]       ; o[25]       ; 11.715 ;        ;        ; 11.715 ;
; b[2]       ; o[26]       ; 11.965 ;        ;        ; 11.965 ;
; b[2]       ; o[27]       ; 11.737 ;        ;        ; 11.737 ;
; b[2]       ; o[28]       ;        ; 10.961 ; 10.961 ;        ;
; b[2]       ; o[29]       ;        ; 11.259 ; 11.259 ;        ;
; b[2]       ; o[30]       ;        ; 11.620 ; 11.620 ;        ;
; b[2]       ; o[31]       ;        ; 11.636 ; 11.636 ;        ;
; b[3]       ; o[0]        ; 12.032 ;        ;        ; 12.032 ;
; b[3]       ; o[1]        ; 12.466 ;        ;        ; 12.466 ;
; b[3]       ; o[2]        ; 11.869 ;        ;        ; 11.869 ;
; b[3]       ; o[3]        ; 12.103 ;        ;        ; 12.103 ;
; b[3]       ; o[4]        ; 12.193 ;        ;        ; 12.193 ;
; b[3]       ; o[5]        ; 12.138 ;        ;        ; 12.138 ;
; b[3]       ; o[6]        ; 12.192 ;        ;        ; 12.192 ;
; b[3]       ; o[7]        ; 12.208 ;        ;        ; 12.208 ;
; b[3]       ; o[8]        ;        ; 11.641 ; 11.641 ;        ;
; b[3]       ; o[9]        ;        ; 11.732 ; 11.732 ;        ;
; b[3]       ; o[10]       ;        ; 11.695 ; 11.695 ;        ;
; b[3]       ; o[11]       ;        ; 11.667 ; 11.667 ;        ;
; b[3]       ; o[12]       ;        ; 11.449 ; 11.449 ;        ;
; b[3]       ; o[13]       ;        ; 11.353 ; 11.353 ;        ;
; b[3]       ; o[14]       ;        ; 11.657 ; 11.657 ;        ;
; b[3]       ; o[15]       ;        ; 11.692 ; 11.692 ;        ;
; b[3]       ; o[16]       ; 11.849 ;        ;        ; 11.849 ;
; b[3]       ; o[17]       ; 12.112 ;        ;        ; 12.112 ;
; b[3]       ; o[18]       ; 11.862 ;        ;        ; 11.862 ;
; b[3]       ; o[19]       ; 11.727 ;        ;        ; 11.727 ;
; b[3]       ; o[20]       ; 12.088 ;        ;        ; 12.088 ;
; b[3]       ; o[21]       ; 12.236 ;        ;        ; 12.236 ;
; b[3]       ; o[22]       ; 12.528 ;        ;        ; 12.528 ;
; b[3]       ; o[23]       ; 12.203 ;        ;        ; 12.203 ;
; b[3]       ; o[24]       ;        ; 11.334 ; 11.334 ;        ;
; b[3]       ; o[25]       ;        ; 11.745 ; 11.745 ;        ;
; b[3]       ; o[26]       ;        ; 11.965 ; 11.965 ;        ;
; b[3]       ; o[27]       ;        ; 11.734 ; 11.734 ;        ;
; b[3]       ; o[28]       ;        ; 11.050 ; 11.050 ;        ;
; b[3]       ; o[29]       ;        ; 11.351 ; 11.351 ;        ;
; b[3]       ; o[30]       ;        ; 11.681 ; 11.681 ;        ;
; b[3]       ; o[31]       ;        ; 11.698 ; 11.698 ;        ;
; b[4]       ; o[0]        ; 10.543 ;        ;        ; 10.543 ;
; b[4]       ; o[1]        ; 10.735 ;        ;        ; 10.735 ;
; b[4]       ; o[2]        ; 9.848  ;        ;        ; 9.848  ;
; b[4]       ; o[3]        ; 10.469 ;        ;        ; 10.469 ;
; b[4]       ; o[4]        ; 10.242 ;        ;        ; 10.242 ;
; b[4]       ; o[5]        ; 10.176 ;        ;        ; 10.176 ;
; b[4]       ; o[6]        ; 10.143 ;        ;        ; 10.143 ;
; b[4]       ; o[7]        ; 10.221 ;        ;        ; 10.221 ;
; b[4]       ; o[8]        ; 10.080 ;        ;        ; 10.080 ;
; b[4]       ; o[9]        ; 10.110 ;        ;        ; 10.110 ;
; b[4]       ; o[10]       ; 10.101 ;        ;        ; 10.101 ;
; b[4]       ; o[11]       ; 10.064 ;        ;        ; 10.064 ;
; b[4]       ; o[12]       ; 10.101 ;        ;        ; 10.101 ;
; b[4]       ; o[13]       ; 9.783  ;        ;        ; 9.783  ;
; b[4]       ; o[14]       ; 10.071 ;        ;        ; 10.071 ;
; b[4]       ; o[15]       ; 10.106 ;        ;        ; 10.106 ;
; b[4]       ; o[16]       ;        ; 10.265 ; 10.265 ;        ;
; b[4]       ; o[17]       ;        ; 10.283 ; 10.283 ;        ;
; b[4]       ; o[18]       ;        ; 9.856  ; 9.856  ;        ;
; b[4]       ; o[19]       ;        ; 9.993  ; 9.993  ;        ;
; b[4]       ; o[20]       ;        ; 10.134 ; 10.134 ;        ;
; b[4]       ; o[21]       ;        ; 10.268 ; 10.268 ;        ;
; b[4]       ; o[22]       ;        ; 10.500 ; 10.500 ;        ;
; b[4]       ; o[23]       ;        ; 10.215 ; 10.215 ;        ;
; b[4]       ; o[24]       ;        ; 9.746  ; 9.746  ;        ;
; b[4]       ; o[25]       ;        ; 10.097 ; 10.097 ;        ;
; b[4]       ; o[26]       ;        ; 10.347 ; 10.347 ;        ;
; b[4]       ; o[27]       ;        ; 10.100 ; 10.100 ;        ;
; b[4]       ; o[28]       ;        ; 9.708  ; 9.708  ;        ;
; b[4]       ; o[29]       ;        ; 9.740  ; 9.740  ;        ;
; b[4]       ; o[30]       ;        ; 10.056 ; 10.056 ;        ;
; b[4]       ; o[31]       ;        ; 10.078 ; 10.078 ;        ;
+------------+-------------+--------+--------+--------+--------+


+--------------------------------------------------------------+
; Minimum Propagation Delay                                    ;
+------------+-------------+--------+--------+--------+--------+
; Input Port ; Output Port ; RR     ; RF     ; FR     ; FF     ;
+------------+-------------+--------+--------+--------+--------+
; b[0]       ; o[0]        ; 11.826 ;        ;        ; 11.826 ;
; b[0]       ; o[1]        ;        ; 12.270 ; 12.270 ;        ;
; b[0]       ; o[2]        ; 11.637 ;        ;        ; 11.637 ;
; b[0]       ; o[3]        ;        ; 11.874 ; 11.874 ;        ;
; b[0]       ; o[4]        ; 11.962 ;        ;        ; 11.962 ;
; b[0]       ; o[5]        ;        ; 11.913 ; 11.913 ;        ;
; b[0]       ; o[6]        ; 11.948 ;        ;        ; 11.948 ;
; b[0]       ; o[7]        ;        ; 11.948 ; 11.948 ;        ;
; b[0]       ; o[8]        ; 11.489 ;        ;        ; 11.489 ;
; b[0]       ; o[9]        ;        ; 11.581 ; 11.581 ;        ;
; b[0]       ; o[10]       ; 11.523 ;        ;        ; 11.523 ;
; b[0]       ; o[11]       ;        ; 11.515 ; 11.515 ;        ;
; b[0]       ; o[12]       ; 11.291 ;        ;        ; 11.291 ;
; b[0]       ; o[13]       ;        ; 11.190 ; 11.190 ;        ;
; b[0]       ; o[14]       ; 11.484 ;        ;        ; 11.484 ;
; b[0]       ; o[15]       ;        ; 11.518 ; 11.518 ;        ;
; b[0]       ; o[16]       ; 11.643 ;        ;        ; 11.643 ;
; b[0]       ; o[17]       ;        ; 11.916 ; 11.916 ;        ;
; b[0]       ; o[18]       ; 11.630 ;        ;        ; 11.630 ;
; b[0]       ; o[19]       ;        ; 11.498 ; 11.498 ;        ;
; b[0]       ; o[20]       ; 11.857 ;        ;        ; 11.857 ;
; b[0]       ; o[21]       ;        ; 12.011 ; 12.011 ;        ;
; b[0]       ; o[22]       ; 12.284 ;        ;        ; 12.284 ;
; b[0]       ; o[23]       ;        ; 11.943 ; 11.943 ;        ;
; b[0]       ; o[24]       ; 11.182 ;        ;        ; 11.182 ;
; b[0]       ; o[25]       ;        ; 11.594 ; 11.594 ;        ;
; b[0]       ; o[26]       ; 11.793 ;        ;        ; 11.793 ;
; b[0]       ; o[27]       ;        ; 11.582 ; 11.582 ;        ;
; b[0]       ; o[28]       ; 10.892 ;        ;        ; 10.892 ;
; b[0]       ; o[29]       ;        ; 11.188 ; 11.188 ;        ;
; b[0]       ; o[30]       ; 11.508 ;        ;        ; 11.508 ;
; b[0]       ; o[31]       ;        ; 11.524 ; 11.524 ;        ;
; b[1]       ; o[0]        ; 11.671 ;        ;        ; 11.671 ;
; b[1]       ; o[1]        ; 12.115 ;        ;        ; 12.115 ;
; b[1]       ; o[2]        ;        ; 11.480 ; 11.480 ;        ;
; b[1]       ; o[3]        ;        ; 11.717 ; 11.717 ;        ;
; b[1]       ; o[4]        ; 11.811 ;        ;        ; 11.811 ;
; b[1]       ; o[5]        ; 11.761 ;        ;        ; 11.761 ;
; b[1]       ; o[6]        ;        ; 11.791 ; 11.791 ;        ;
; b[1]       ; o[7]        ;        ; 11.796 ; 11.796 ;        ;
; b[1]       ; o[8]        ; 11.333 ;        ;        ; 11.333 ;
; b[1]       ; o[9]        ; 11.425 ;        ;        ; 11.425 ;
; b[1]       ; o[10]       ;        ; 11.366 ; 11.366 ;        ;
; b[1]       ; o[11]       ;        ; 11.358 ; 11.358 ;        ;
; b[1]       ; o[12]       ; 11.135 ;        ;        ; 11.135 ;
; b[1]       ; o[13]       ; 11.034 ;        ;        ; 11.034 ;
; b[1]       ; o[14]       ;        ; 11.331 ; 11.331 ;        ;
; b[1]       ; o[15]       ;        ; 11.366 ; 11.366 ;        ;
; b[1]       ; o[16]       ; 11.488 ;        ;        ; 11.488 ;
; b[1]       ; o[17]       ; 11.761 ;        ;        ; 11.761 ;
; b[1]       ; o[18]       ;        ; 11.473 ; 11.473 ;        ;
; b[1]       ; o[19]       ;        ; 11.341 ; 11.341 ;        ;
; b[1]       ; o[20]       ; 11.706 ;        ;        ; 11.706 ;
; b[1]       ; o[21]       ; 11.859 ;        ;        ; 11.859 ;
; b[1]       ; o[22]       ;        ; 12.127 ; 12.127 ;        ;
; b[1]       ; o[23]       ;        ; 11.791 ; 11.791 ;        ;
; b[1]       ; o[24]       ; 11.026 ;        ;        ; 11.026 ;
; b[1]       ; o[25]       ; 11.438 ;        ;        ; 11.438 ;
; b[1]       ; o[26]       ;        ; 11.636 ; 11.636 ;        ;
; b[1]       ; o[27]       ;        ; 11.425 ; 11.425 ;        ;
; b[1]       ; o[28]       ; 10.736 ;        ;        ; 10.736 ;
; b[1]       ; o[29]       ; 11.032 ;        ;        ; 11.032 ;
; b[1]       ; o[30]       ;        ; 11.355 ; 11.355 ;        ;
; b[1]       ; o[31]       ;        ; 11.372 ; 11.372 ;        ;
; b[2]       ; o[0]        ; 11.953 ;        ;        ; 11.953 ;
; b[2]       ; o[1]        ; 12.388 ;        ;        ; 12.388 ;
; b[2]       ; o[2]        ; 11.790 ;        ;        ; 11.790 ;
; b[2]       ; o[3]        ; 12.026 ;        ;        ; 12.026 ;
; b[2]       ; o[4]        ;        ; 12.049 ; 12.049 ;        ;
; b[2]       ; o[5]        ;        ; 11.995 ; 11.995 ;        ;
; b[2]       ; o[6]        ;        ; 12.049 ; 12.049 ;        ;
; b[2]       ; o[7]        ;        ; 12.065 ; 12.065 ;        ;
; b[2]       ; o[8]        ; 11.619 ;        ;        ; 11.619 ;
; b[2]       ; o[9]        ; 11.702 ;        ;        ; 11.702 ;
; b[2]       ; o[10]       ; 11.695 ;        ;        ; 11.695 ;
; b[2]       ; o[11]       ; 11.670 ;        ;        ; 11.670 ;
; b[2]       ; o[12]       ;        ; 11.360 ; 11.360 ;        ;
; b[2]       ; o[13]       ;        ; 11.261 ; 11.261 ;        ;
; b[2]       ; o[14]       ;        ; 11.596 ; 11.596 ;        ;
; b[2]       ; o[15]       ;        ; 11.630 ; 11.630 ;        ;
; b[2]       ; o[16]       ; 11.770 ;        ;        ; 11.770 ;
; b[2]       ; o[17]       ; 12.034 ;        ;        ; 12.034 ;
; b[2]       ; o[18]       ; 11.783 ;        ;        ; 11.783 ;
; b[2]       ; o[19]       ; 11.650 ;        ;        ; 11.650 ;
; b[2]       ; o[20]       ;        ; 11.944 ; 11.944 ;        ;
; b[2]       ; o[21]       ;        ; 12.093 ; 12.093 ;        ;
; b[2]       ; o[22]       ;        ; 12.385 ; 12.385 ;        ;
; b[2]       ; o[23]       ;        ; 12.060 ; 12.060 ;        ;
; b[2]       ; o[24]       ; 11.312 ;        ;        ; 11.312 ;
; b[2]       ; o[25]       ; 11.715 ;        ;        ; 11.715 ;
; b[2]       ; o[26]       ; 11.965 ;        ;        ; 11.965 ;
; b[2]       ; o[27]       ; 11.737 ;        ;        ; 11.737 ;
; b[2]       ; o[28]       ;        ; 10.961 ; 10.961 ;        ;
; b[2]       ; o[29]       ;        ; 11.259 ; 11.259 ;        ;
; b[2]       ; o[30]       ;        ; 11.620 ; 11.620 ;        ;
; b[2]       ; o[31]       ;        ; 11.636 ; 11.636 ;        ;
; b[3]       ; o[0]        ; 12.032 ;        ;        ; 12.032 ;
; b[3]       ; o[1]        ; 12.466 ;        ;        ; 12.466 ;
; b[3]       ; o[2]        ; 11.869 ;        ;        ; 11.869 ;
; b[3]       ; o[3]        ; 12.103 ;        ;        ; 12.103 ;
; b[3]       ; o[4]        ; 12.193 ;        ;        ; 12.193 ;
; b[3]       ; o[5]        ; 12.138 ;        ;        ; 12.138 ;
; b[3]       ; o[6]        ; 12.192 ;        ;        ; 12.192 ;
; b[3]       ; o[7]        ; 12.208 ;        ;        ; 12.208 ;
; b[3]       ; o[8]        ;        ; 11.641 ; 11.641 ;        ;
; b[3]       ; o[9]        ;        ; 11.732 ; 11.732 ;        ;
; b[3]       ; o[10]       ;        ; 11.695 ; 11.695 ;        ;
; b[3]       ; o[11]       ;        ; 11.667 ; 11.667 ;        ;
; b[3]       ; o[12]       ;        ; 11.449 ; 11.449 ;        ;
; b[3]       ; o[13]       ;        ; 11.353 ; 11.353 ;        ;
; b[3]       ; o[14]       ;        ; 11.657 ; 11.657 ;        ;
; b[3]       ; o[15]       ;        ; 11.692 ; 11.692 ;        ;
; b[3]       ; o[16]       ; 11.849 ;        ;        ; 11.849 ;
; b[3]       ; o[17]       ; 12.112 ;        ;        ; 12.112 ;
; b[3]       ; o[18]       ; 11.862 ;        ;        ; 11.862 ;
; b[3]       ; o[19]       ; 11.727 ;        ;        ; 11.727 ;
; b[3]       ; o[20]       ; 12.088 ;        ;        ; 12.088 ;
; b[3]       ; o[21]       ; 12.236 ;        ;        ; 12.236 ;
; b[3]       ; o[22]       ; 12.528 ;        ;        ; 12.528 ;
; b[3]       ; o[23]       ; 12.203 ;        ;        ; 12.203 ;
; b[3]       ; o[24]       ;        ; 11.334 ; 11.334 ;        ;
; b[3]       ; o[25]       ;        ; 11.745 ; 11.745 ;        ;
; b[3]       ; o[26]       ;        ; 11.965 ; 11.965 ;        ;
; b[3]       ; o[27]       ;        ; 11.734 ; 11.734 ;        ;
; b[3]       ; o[28]       ;        ; 11.050 ; 11.050 ;        ;
; b[3]       ; o[29]       ;        ; 11.351 ; 11.351 ;        ;
; b[3]       ; o[30]       ;        ; 11.681 ; 11.681 ;        ;
; b[3]       ; o[31]       ;        ; 11.698 ; 11.698 ;        ;
; b[4]       ; o[0]        ; 10.543 ;        ;        ; 10.543 ;
; b[4]       ; o[1]        ; 10.735 ;        ;        ; 10.735 ;
; b[4]       ; o[2]        ; 9.848  ;        ;        ; 9.848  ;
; b[4]       ; o[3]        ; 10.469 ;        ;        ; 10.469 ;
; b[4]       ; o[4]        ; 10.242 ;        ;        ; 10.242 ;
; b[4]       ; o[5]        ; 10.176 ;        ;        ; 10.176 ;
; b[4]       ; o[6]        ; 10.143 ;        ;        ; 10.143 ;
; b[4]       ; o[7]        ; 10.221 ;        ;        ; 10.221 ;
; b[4]       ; o[8]        ; 10.080 ;        ;        ; 10.080 ;
; b[4]       ; o[9]        ; 10.110 ;        ;        ; 10.110 ;
; b[4]       ; o[10]       ; 10.101 ;        ;        ; 10.101 ;
; b[4]       ; o[11]       ; 10.064 ;        ;        ; 10.064 ;
; b[4]       ; o[12]       ; 10.101 ;        ;        ; 10.101 ;
; b[4]       ; o[13]       ; 9.783  ;        ;        ; 9.783  ;
; b[4]       ; o[14]       ; 10.071 ;        ;        ; 10.071 ;
; b[4]       ; o[15]       ; 10.106 ;        ;        ; 10.106 ;
; b[4]       ; o[16]       ;        ; 10.265 ; 10.265 ;        ;
; b[4]       ; o[17]       ;        ; 10.283 ; 10.283 ;        ;
; b[4]       ; o[18]       ;        ; 9.856  ; 9.856  ;        ;
; b[4]       ; o[19]       ;        ; 9.993  ; 9.993  ;        ;
; b[4]       ; o[20]       ;        ; 10.134 ; 10.134 ;        ;
; b[4]       ; o[21]       ;        ; 10.268 ; 10.268 ;        ;
; b[4]       ; o[22]       ;        ; 10.500 ; 10.500 ;        ;
; b[4]       ; o[23]       ;        ; 10.215 ; 10.215 ;        ;
; b[4]       ; o[24]       ;        ; 9.746  ; 9.746  ;        ;
; b[4]       ; o[25]       ;        ; 10.097 ; 10.097 ;        ;
; b[4]       ; o[26]       ;        ; 10.347 ; 10.347 ;        ;
; b[4]       ; o[27]       ;        ; 10.100 ; 10.100 ;        ;
; b[4]       ; o[28]       ;        ; 9.708  ; 9.708  ;        ;
; b[4]       ; o[29]       ;        ; 9.740  ; 9.740  ;        ;
; b[4]       ; o[30]       ;        ; 10.056 ; 10.056 ;        ;
; b[4]       ; o[31]       ;        ; 10.078 ; 10.078 ;        ;
+------------+-------------+--------+--------+--------+--------+


----------------------------
; Fast Model Setup Summary ;
----------------------------
No paths to report.


---------------------------
; Fast Model Hold Summary ;
---------------------------
No paths to report.


-------------------------------
; Fast Model Recovery Summary ;
-------------------------------
No paths to report.


------------------------------
; Fast Model Removal Summary ;
------------------------------
No paths to report.


------------------------------------------
; Fast Model Minimum Pulse Width Summary ;
------------------------------------------
No paths to report.


+----------------------------------------------------------+
; Propagation Delay                                        ;
+------------+-------------+-------+-------+-------+-------+
; Input Port ; Output Port ; RR    ; RF    ; FR    ; FF    ;
+------------+-------------+-------+-------+-------+-------+
; b[0]       ; o[0]        ; 5.955 ;       ;       ; 5.955 ;
; b[0]       ; o[1]        ;       ; 6.104 ; 6.104 ;       ;
; b[0]       ; o[2]        ; 5.820 ;       ;       ; 5.820 ;
; b[0]       ; o[3]        ;       ; 5.999 ; 5.999 ;       ;
; b[0]       ; o[4]        ; 5.993 ;       ;       ; 5.993 ;
; b[0]       ; o[5]        ;       ; 5.884 ; 5.884 ;       ;
; b[0]       ; o[6]        ; 5.931 ;       ;       ; 5.931 ;
; b[0]       ; o[7]        ;       ; 5.953 ; 5.953 ;       ;
; b[0]       ; o[8]        ; 5.762 ;       ;       ; 5.762 ;
; b[0]       ; o[9]        ;       ; 5.765 ; 5.765 ;       ;
; b[0]       ; o[10]       ; 5.766 ;       ;       ; 5.766 ;
; b[0]       ; o[11]       ;       ; 5.722 ; 5.722 ;       ;
; b[0]       ; o[12]       ; 5.705 ;       ;       ; 5.705 ;
; b[0]       ; o[13]       ;       ; 5.618 ; 5.618 ;       ;
; b[0]       ; o[14]       ; 5.741 ;       ;       ; 5.741 ;
; b[0]       ; o[15]       ;       ; 5.741 ; 5.741 ;       ;
; b[0]       ; o[16]       ; 5.832 ;       ;       ; 5.832 ;
; b[0]       ; o[17]       ;       ; 5.900 ; 5.900 ;       ;
; b[0]       ; o[18]       ; 5.816 ;       ;       ; 5.816 ;
; b[0]       ; o[19]       ;       ; 5.799 ; 5.799 ;       ;
; b[0]       ; o[20]       ; 5.875 ;       ;       ; 5.875 ;
; b[0]       ; o[21]       ;       ; 5.962 ; 5.962 ;       ;
; b[0]       ; o[22]       ; 6.118 ;       ;       ; 6.118 ;
; b[0]       ; o[23]       ;       ; 5.951 ; 5.951 ;       ;
; b[0]       ; o[24]       ; 5.633 ;       ;       ; 5.633 ;
; b[0]       ; o[25]       ;       ; 5.747 ; 5.747 ;       ;
; b[0]       ; o[26]       ; 5.852 ;       ;       ; 5.852 ;
; b[0]       ; o[27]       ;       ; 5.745 ; 5.745 ;       ;
; b[0]       ; o[28]       ; 5.536 ;       ;       ; 5.536 ;
; b[0]       ; o[29]       ;       ; 5.586 ; 5.586 ;       ;
; b[0]       ; o[30]       ; 5.736 ;       ;       ; 5.736 ;
; b[0]       ; o[31]       ;       ; 5.728 ; 5.728 ;       ;
; b[1]       ; o[0]        ; 5.844 ;       ;       ; 5.844 ;
; b[1]       ; o[1]        ; 6.019 ;       ;       ; 6.019 ;
; b[1]       ; o[2]        ;       ; 5.708 ; 5.708 ;       ;
; b[1]       ; o[3]        ;       ; 5.912 ; 5.912 ;       ;
; b[1]       ; o[4]        ; 5.891 ;       ;       ; 5.891 ;
; b[1]       ; o[5]        ; 5.806 ;       ;       ; 5.806 ;
; b[1]       ; o[6]        ;       ; 5.819 ; 5.819 ;       ;
; b[1]       ; o[7]        ;       ; 5.874 ; 5.874 ;       ;
; b[1]       ; o[8]        ; 5.652 ;       ;       ; 5.652 ;
; b[1]       ; o[9]        ; 5.681 ;       ;       ; 5.681 ;
; b[1]       ; o[10]       ;       ; 5.655 ; 5.655 ;       ;
; b[1]       ; o[11]       ;       ; 5.635 ; 5.635 ;       ;
; b[1]       ; o[12]       ; 5.594 ;       ;       ; 5.594 ;
; b[1]       ; o[13]       ; 5.535 ;       ;       ; 5.535 ;
; b[1]       ; o[14]       ;       ; 5.635 ; 5.635 ;       ;
; b[1]       ; o[15]       ;       ; 5.660 ; 5.660 ;       ;
; b[1]       ; o[16]       ; 5.721 ;       ;       ; 5.721 ;
; b[1]       ; o[17]       ; 5.815 ;       ;       ; 5.815 ;
; b[1]       ; o[18]       ;       ; 5.704 ; 5.704 ;       ;
; b[1]       ; o[19]       ;       ; 5.712 ; 5.712 ;       ;
; b[1]       ; o[20]       ; 5.773 ;       ;       ; 5.773 ;
; b[1]       ; o[21]       ; 5.884 ;       ;       ; 5.884 ;
; b[1]       ; o[22]       ;       ; 6.006 ; 6.006 ;       ;
; b[1]       ; o[23]       ;       ; 5.872 ; 5.872 ;       ;
; b[1]       ; o[24]       ; 5.523 ;       ;       ; 5.523 ;
; b[1]       ; o[25]       ; 5.663 ;       ;       ; 5.663 ;
; b[1]       ; o[26]       ;       ; 5.741 ; 5.741 ;       ;
; b[1]       ; o[27]       ;       ; 5.658 ; 5.658 ;       ;
; b[1]       ; o[28]       ; 5.425 ;       ;       ; 5.425 ;
; b[1]       ; o[29]       ; 5.503 ;       ;       ; 5.503 ;
; b[1]       ; o[30]       ;       ; 5.630 ; 5.630 ;       ;
; b[1]       ; o[31]       ;       ; 5.647 ; 5.647 ;       ;
; b[2]       ; o[0]        ; 5.952 ;       ;       ; 5.952 ;
; b[2]       ; o[1]        ; 6.125 ;       ;       ; 6.125 ;
; b[2]       ; o[2]        ; 5.811 ;       ;       ; 5.811 ;
; b[2]       ; o[3]        ; 6.014 ;       ;       ; 6.014 ;
; b[2]       ; o[4]        ;       ; 6.014 ; 6.014 ;       ;
; b[2]       ; o[5]        ;       ; 5.930 ; 5.930 ;       ;
; b[2]       ; o[6]        ;       ; 5.931 ; 5.931 ;       ;
; b[2]       ; o[7]        ;       ; 5.999 ; 5.999 ;       ;
; b[2]       ; o[8]        ; 5.769 ;       ;       ; 5.769 ;
; b[2]       ; o[9]        ; 5.796 ;       ;       ; 5.796 ;
; b[2]       ; o[10]       ; 5.782 ;       ;       ; 5.782 ;
; b[2]       ; o[11]       ; 5.745 ;       ;       ; 5.745 ;
; b[2]       ; o[12]       ;       ; 5.712 ; 5.712 ;       ;
; b[2]       ; o[13]       ;       ; 5.656 ; 5.656 ;       ;
; b[2]       ; o[14]       ;       ; 5.762 ; 5.762 ;       ;
; b[2]       ; o[15]       ;       ; 5.787 ; 5.787 ;       ;
; b[2]       ; o[16]       ; 5.829 ;       ;       ; 5.829 ;
; b[2]       ; o[17]       ; 5.921 ;       ;       ; 5.921 ;
; b[2]       ; o[18]       ; 5.807 ;       ;       ; 5.807 ;
; b[2]       ; o[19]       ; 5.814 ;       ;       ; 5.814 ;
; b[2]       ; o[20]       ;       ; 5.896 ; 5.896 ;       ;
; b[2]       ; o[21]       ;       ; 6.008 ; 6.008 ;       ;
; b[2]       ; o[22]       ;       ; 6.118 ; 6.118 ;       ;
; b[2]       ; o[23]       ;       ; 5.997 ; 5.997 ;       ;
; b[2]       ; o[24]       ; 5.640 ;       ;       ; 5.640 ;
; b[2]       ; o[25]       ; 5.778 ;       ;       ; 5.778 ;
; b[2]       ; o[26]       ; 5.868 ;       ;       ; 5.868 ;
; b[2]       ; o[27]       ; 5.768 ;       ;       ; 5.768 ;
; b[2]       ; o[28]       ;       ; 5.543 ; 5.543 ;       ;
; b[2]       ; o[29]       ;       ; 5.624 ; 5.624 ;       ;
; b[2]       ; o[30]       ;       ; 5.757 ; 5.757 ;       ;
; b[2]       ; o[31]       ;       ; 5.774 ; 5.774 ;       ;
; b[3]       ; o[0]        ; 5.978 ;       ;       ; 5.978 ;
; b[3]       ; o[1]        ; 6.153 ;       ;       ; 6.153 ;
; b[3]       ; o[2]        ; 5.835 ;       ;       ; 5.835 ;
; b[3]       ; o[3]        ; 6.039 ;       ;       ; 6.039 ;
; b[3]       ; o[4]        ; 6.043 ;       ;       ; 6.043 ;
; b[3]       ; o[5]        ; 5.960 ;       ;       ; 5.960 ;
; b[3]       ; o[6]        ; 5.957 ;       ;       ; 5.957 ;
; b[3]       ; o[7]        ; 6.026 ;       ;       ; 6.026 ;
; b[3]       ; o[8]        ;       ; 5.789 ; 5.789 ;       ;
; b[3]       ; o[9]        ;       ; 5.818 ; 5.818 ;       ;
; b[3]       ; o[10]       ;       ; 5.809 ; 5.809 ;       ;
; b[3]       ; o[11]       ;       ; 5.773 ; 5.773 ;       ;
; b[3]       ; o[12]       ;       ; 5.736 ; 5.736 ;       ;
; b[3]       ; o[13]       ;       ; 5.682 ; 5.682 ;       ;
; b[3]       ; o[14]       ;       ; 5.789 ; 5.789 ;       ;
; b[3]       ; o[15]       ;       ; 5.815 ; 5.815 ;       ;
; b[3]       ; o[16]       ; 5.855 ;       ;       ; 5.855 ;
; b[3]       ; o[17]       ; 5.949 ;       ;       ; 5.949 ;
; b[3]       ; o[18]       ; 5.831 ;       ;       ; 5.831 ;
; b[3]       ; o[19]       ; 5.839 ;       ;       ; 5.839 ;
; b[3]       ; o[20]       ; 5.925 ;       ;       ; 5.925 ;
; b[3]       ; o[21]       ; 6.038 ;       ;       ; 6.038 ;
; b[3]       ; o[22]       ; 6.144 ;       ;       ; 6.144 ;
; b[3]       ; o[23]       ; 6.024 ;       ;       ; 6.024 ;
; b[3]       ; o[24]       ;       ; 5.660 ; 5.660 ;       ;
; b[3]       ; o[25]       ;       ; 5.800 ; 5.800 ;       ;
; b[3]       ; o[26]       ;       ; 5.895 ; 5.895 ;       ;
; b[3]       ; o[27]       ;       ; 5.796 ; 5.796 ;       ;
; b[3]       ; o[28]       ;       ; 5.567 ; 5.567 ;       ;
; b[3]       ; o[29]       ;       ; 5.650 ; 5.650 ;       ;
; b[3]       ; o[30]       ;       ; 5.784 ; 5.784 ;       ;
; b[3]       ; o[31]       ;       ; 5.802 ; 5.802 ;       ;
; b[4]       ; o[0]        ; 5.415 ;       ;       ; 5.415 ;
; b[4]       ; o[1]        ; 5.502 ;       ;       ; 5.502 ;
; b[4]       ; o[2]        ; 5.139 ;       ;       ; 5.139 ;
; b[4]       ; o[3]        ; 5.405 ;       ;       ; 5.405 ;
; b[4]       ; o[4]        ; 5.351 ;       ;       ; 5.351 ;
; b[4]       ; o[5]        ; 5.257 ;       ;       ; 5.257 ;
; b[4]       ; o[6]        ; 5.237 ;       ;       ; 5.237 ;
; b[4]       ; o[7]        ; 5.327 ;       ;       ; 5.327 ;
; b[4]       ; o[8]        ; 5.204 ;       ;       ; 5.204 ;
; b[4]       ; o[9]        ; 5.221 ;       ;       ; 5.221 ;
; b[4]       ; o[10]       ; 5.212 ;       ;       ; 5.212 ;
; b[4]       ; o[11]       ; 5.187 ;       ;       ; 5.187 ;
; b[4]       ; o[12]       ; 5.209 ;       ;       ; 5.209 ;
; b[4]       ; o[13]       ; 5.104 ;       ;       ; 5.104 ;
; b[4]       ; o[14]       ; 5.197 ;       ;       ; 5.197 ;
; b[4]       ; o[15]       ; 5.220 ;       ;       ; 5.220 ;
; b[4]       ; o[16]       ;       ; 5.279 ; 5.279 ;       ;
; b[4]       ; o[17]       ;       ; 5.280 ; 5.280 ;       ;
; b[4]       ; o[18]       ;       ; 5.123 ; 5.123 ;       ;
; b[4]       ; o[19]       ;       ; 5.190 ; 5.190 ;       ;
; b[4]       ; o[20]       ;       ; 5.200 ; 5.200 ;       ;
; b[4]       ; o[21]       ;       ; 5.302 ; 5.302 ;       ;
; b[4]       ; o[22]       ;       ; 5.414 ; 5.414 ;       ;
; b[4]       ; o[23]       ;       ; 5.304 ; 5.304 ;       ;
; b[4]       ; o[24]       ;       ; 5.081 ; 5.081 ;       ;
; b[4]       ; o[25]       ;       ; 5.207 ; 5.207 ;       ;
; b[4]       ; o[26]       ;       ; 5.305 ; 5.305 ;       ;
; b[4]       ; o[27]       ;       ; 5.212 ; 5.212 ;       ;
; b[4]       ; o[28]       ;       ; 5.047 ; 5.047 ;       ;
; b[4]       ; o[29]       ;       ; 5.063 ; 5.063 ;       ;
; b[4]       ; o[30]       ;       ; 5.185 ; 5.185 ;       ;
; b[4]       ; o[31]       ;       ; 5.204 ; 5.204 ;       ;
+------------+-------------+-------+-------+-------+-------+


+----------------------------------------------------------+
; Minimum Propagation Delay                                ;
+------------+-------------+-------+-------+-------+-------+
; Input Port ; Output Port ; RR    ; RF    ; FR    ; FF    ;
+------------+-------------+-------+-------+-------+-------+
; b[0]       ; o[0]        ; 5.955 ;       ;       ; 5.955 ;
; b[0]       ; o[1]        ;       ; 6.104 ; 6.104 ;       ;
; b[0]       ; o[2]        ; 5.820 ;       ;       ; 5.820 ;
; b[0]       ; o[3]        ;       ; 5.999 ; 5.999 ;       ;
; b[0]       ; o[4]        ; 5.993 ;       ;       ; 5.993 ;
; b[0]       ; o[5]        ;       ; 5.884 ; 5.884 ;       ;
; b[0]       ; o[6]        ; 5.931 ;       ;       ; 5.931 ;
; b[0]       ; o[7]        ;       ; 5.953 ; 5.953 ;       ;
; b[0]       ; o[8]        ; 5.762 ;       ;       ; 5.762 ;
; b[0]       ; o[9]        ;       ; 5.765 ; 5.765 ;       ;
; b[0]       ; o[10]       ; 5.766 ;       ;       ; 5.766 ;
; b[0]       ; o[11]       ;       ; 5.722 ; 5.722 ;       ;
; b[0]       ; o[12]       ; 5.705 ;       ;       ; 5.705 ;
; b[0]       ; o[13]       ;       ; 5.618 ; 5.618 ;       ;
; b[0]       ; o[14]       ; 5.741 ;       ;       ; 5.741 ;
; b[0]       ; o[15]       ;       ; 5.741 ; 5.741 ;       ;
; b[0]       ; o[16]       ; 5.832 ;       ;       ; 5.832 ;
; b[0]       ; o[17]       ;       ; 5.900 ; 5.900 ;       ;
; b[0]       ; o[18]       ; 5.816 ;       ;       ; 5.816 ;
; b[0]       ; o[19]       ;       ; 5.799 ; 5.799 ;       ;
; b[0]       ; o[20]       ; 5.875 ;       ;       ; 5.875 ;
; b[0]       ; o[21]       ;       ; 5.962 ; 5.962 ;       ;
; b[0]       ; o[22]       ; 6.118 ;       ;       ; 6.118 ;
; b[0]       ; o[23]       ;       ; 5.951 ; 5.951 ;       ;
; b[0]       ; o[24]       ; 5.633 ;       ;       ; 5.633 ;
; b[0]       ; o[25]       ;       ; 5.747 ; 5.747 ;       ;
; b[0]       ; o[26]       ; 5.852 ;       ;       ; 5.852 ;
; b[0]       ; o[27]       ;       ; 5.745 ; 5.745 ;       ;
; b[0]       ; o[28]       ; 5.536 ;       ;       ; 5.536 ;
; b[0]       ; o[29]       ;       ; 5.586 ; 5.586 ;       ;
; b[0]       ; o[30]       ; 5.736 ;       ;       ; 5.736 ;
; b[0]       ; o[31]       ;       ; 5.728 ; 5.728 ;       ;
; b[1]       ; o[0]        ; 5.844 ;       ;       ; 5.844 ;
; b[1]       ; o[1]        ; 6.019 ;       ;       ; 6.019 ;
; b[1]       ; o[2]        ;       ; 5.708 ; 5.708 ;       ;
; b[1]       ; o[3]        ;       ; 5.912 ; 5.912 ;       ;
; b[1]       ; o[4]        ; 5.891 ;       ;       ; 5.891 ;
; b[1]       ; o[5]        ; 5.806 ;       ;       ; 5.806 ;
; b[1]       ; o[6]        ;       ; 5.819 ; 5.819 ;       ;
; b[1]       ; o[7]        ;       ; 5.874 ; 5.874 ;       ;
; b[1]       ; o[8]        ; 5.652 ;       ;       ; 5.652 ;
; b[1]       ; o[9]        ; 5.681 ;       ;       ; 5.681 ;
; b[1]       ; o[10]       ;       ; 5.655 ; 5.655 ;       ;
; b[1]       ; o[11]       ;       ; 5.635 ; 5.635 ;       ;
; b[1]       ; o[12]       ; 5.594 ;       ;       ; 5.594 ;
; b[1]       ; o[13]       ; 5.535 ;       ;       ; 5.535 ;
; b[1]       ; o[14]       ;       ; 5.635 ; 5.635 ;       ;
; b[1]       ; o[15]       ;       ; 5.660 ; 5.660 ;       ;
; b[1]       ; o[16]       ; 5.721 ;       ;       ; 5.721 ;
; b[1]       ; o[17]       ; 5.815 ;       ;       ; 5.815 ;
; b[1]       ; o[18]       ;       ; 5.704 ; 5.704 ;       ;
; b[1]       ; o[19]       ;       ; 5.712 ; 5.712 ;       ;
; b[1]       ; o[20]       ; 5.773 ;       ;       ; 5.773 ;
; b[1]       ; o[21]       ; 5.884 ;       ;       ; 5.884 ;
; b[1]       ; o[22]       ;       ; 6.006 ; 6.006 ;       ;
; b[1]       ; o[23]       ;       ; 5.872 ; 5.872 ;       ;
; b[1]       ; o[24]       ; 5.523 ;       ;       ; 5.523 ;
; b[1]       ; o[25]       ; 5.663 ;       ;       ; 5.663 ;
; b[1]       ; o[26]       ;       ; 5.741 ; 5.741 ;       ;
; b[1]       ; o[27]       ;       ; 5.658 ; 5.658 ;       ;
; b[1]       ; o[28]       ; 5.425 ;       ;       ; 5.425 ;
; b[1]       ; o[29]       ; 5.503 ;       ;       ; 5.503 ;
; b[1]       ; o[30]       ;       ; 5.630 ; 5.630 ;       ;
; b[1]       ; o[31]       ;       ; 5.647 ; 5.647 ;       ;
; b[2]       ; o[0]        ; 5.952 ;       ;       ; 5.952 ;
; b[2]       ; o[1]        ; 6.125 ;       ;       ; 6.125 ;
; b[2]       ; o[2]        ; 5.811 ;       ;       ; 5.811 ;
; b[2]       ; o[3]        ; 6.014 ;       ;       ; 6.014 ;
; b[2]       ; o[4]        ;       ; 6.014 ; 6.014 ;       ;
; b[2]       ; o[5]        ;       ; 5.930 ; 5.930 ;       ;
; b[2]       ; o[6]        ;       ; 5.931 ; 5.931 ;       ;
; b[2]       ; o[7]        ;       ; 5.999 ; 5.999 ;       ;
; b[2]       ; o[8]        ; 5.769 ;       ;       ; 5.769 ;
; b[2]       ; o[9]        ; 5.796 ;       ;       ; 5.796 ;
; b[2]       ; o[10]       ; 5.782 ;       ;       ; 5.782 ;
; b[2]       ; o[11]       ; 5.745 ;       ;       ; 5.745 ;
; b[2]       ; o[12]       ;       ; 5.712 ; 5.712 ;       ;
; b[2]       ; o[13]       ;       ; 5.656 ; 5.656 ;       ;
; b[2]       ; o[14]       ;       ; 5.762 ; 5.762 ;       ;
; b[2]       ; o[15]       ;       ; 5.787 ; 5.787 ;       ;
; b[2]       ; o[16]       ; 5.829 ;       ;       ; 5.829 ;
; b[2]       ; o[17]       ; 5.921 ;       ;       ; 5.921 ;
; b[2]       ; o[18]       ; 5.807 ;       ;       ; 5.807 ;
; b[2]       ; o[19]       ; 5.814 ;       ;       ; 5.814 ;
; b[2]       ; o[20]       ;       ; 5.896 ; 5.896 ;       ;
; b[2]       ; o[21]       ;       ; 6.008 ; 6.008 ;       ;
; b[2]       ; o[22]       ;       ; 6.118 ; 6.118 ;       ;
; b[2]       ; o[23]       ;       ; 5.997 ; 5.997 ;       ;
; b[2]       ; o[24]       ; 5.640 ;       ;       ; 5.640 ;
; b[2]       ; o[25]       ; 5.778 ;       ;       ; 5.778 ;
; b[2]       ; o[26]       ; 5.868 ;       ;       ; 5.868 ;
; b[2]       ; o[27]       ; 5.768 ;       ;       ; 5.768 ;
; b[2]       ; o[28]       ;       ; 5.543 ; 5.543 ;       ;
; b[2]       ; o[29]       ;       ; 5.624 ; 5.624 ;       ;
; b[2]       ; o[30]       ;       ; 5.757 ; 5.757 ;       ;
; b[2]       ; o[31]       ;       ; 5.774 ; 5.774 ;       ;
; b[3]       ; o[0]        ; 5.978 ;       ;       ; 5.978 ;
; b[3]       ; o[1]        ; 6.153 ;       ;       ; 6.153 ;
; b[3]       ; o[2]        ; 5.835 ;       ;       ; 5.835 ;
; b[3]       ; o[3]        ; 6.039 ;       ;       ; 6.039 ;
; b[3]       ; o[4]        ; 6.043 ;       ;       ; 6.043 ;
; b[3]       ; o[5]        ; 5.960 ;       ;       ; 5.960 ;
; b[3]       ; o[6]        ; 5.957 ;       ;       ; 5.957 ;
; b[3]       ; o[7]        ; 6.026 ;       ;       ; 6.026 ;
; b[3]       ; o[8]        ;       ; 5.789 ; 5.789 ;       ;
; b[3]       ; o[9]        ;       ; 5.818 ; 5.818 ;       ;
; b[3]       ; o[10]       ;       ; 5.809 ; 5.809 ;       ;
; b[3]       ; o[11]       ;       ; 5.773 ; 5.773 ;       ;
; b[3]       ; o[12]       ;       ; 5.736 ; 5.736 ;       ;
; b[3]       ; o[13]       ;       ; 5.682 ; 5.682 ;       ;
; b[3]       ; o[14]       ;       ; 5.789 ; 5.789 ;       ;
; b[3]       ; o[15]       ;       ; 5.815 ; 5.815 ;       ;
; b[3]       ; o[16]       ; 5.855 ;       ;       ; 5.855 ;
; b[3]       ; o[17]       ; 5.949 ;       ;       ; 5.949 ;
; b[3]       ; o[18]       ; 5.831 ;       ;       ; 5.831 ;
; b[3]       ; o[19]       ; 5.839 ;       ;       ; 5.839 ;
; b[3]       ; o[20]       ; 5.925 ;       ;       ; 5.925 ;
; b[3]       ; o[21]       ; 6.038 ;       ;       ; 6.038 ;
; b[3]       ; o[22]       ; 6.144 ;       ;       ; 6.144 ;
; b[3]       ; o[23]       ; 6.024 ;       ;       ; 6.024 ;
; b[3]       ; o[24]       ;       ; 5.660 ; 5.660 ;       ;
; b[3]       ; o[25]       ;       ; 5.800 ; 5.800 ;       ;
; b[3]       ; o[26]       ;       ; 5.895 ; 5.895 ;       ;
; b[3]       ; o[27]       ;       ; 5.796 ; 5.796 ;       ;
; b[3]       ; o[28]       ;       ; 5.567 ; 5.567 ;       ;
; b[3]       ; o[29]       ;       ; 5.650 ; 5.650 ;       ;
; b[3]       ; o[30]       ;       ; 5.784 ; 5.784 ;       ;
; b[3]       ; o[31]       ;       ; 5.802 ; 5.802 ;       ;
; b[4]       ; o[0]        ; 5.415 ;       ;       ; 5.415 ;
; b[4]       ; o[1]        ; 5.502 ;       ;       ; 5.502 ;
; b[4]       ; o[2]        ; 5.139 ;       ;       ; 5.139 ;
; b[4]       ; o[3]        ; 5.405 ;       ;       ; 5.405 ;
; b[4]       ; o[4]        ; 5.351 ;       ;       ; 5.351 ;
; b[4]       ; o[5]        ; 5.257 ;       ;       ; 5.257 ;
; b[4]       ; o[6]        ; 5.237 ;       ;       ; 5.237 ;
; b[4]       ; o[7]        ; 5.327 ;       ;       ; 5.327 ;
; b[4]       ; o[8]        ; 5.204 ;       ;       ; 5.204 ;
; b[4]       ; o[9]        ; 5.221 ;       ;       ; 5.221 ;
; b[4]       ; o[10]       ; 5.212 ;       ;       ; 5.212 ;
; b[4]       ; o[11]       ; 5.187 ;       ;       ; 5.187 ;
; b[4]       ; o[12]       ; 5.209 ;       ;       ; 5.209 ;
; b[4]       ; o[13]       ; 5.104 ;       ;       ; 5.104 ;
; b[4]       ; o[14]       ; 5.197 ;       ;       ; 5.197 ;
; b[4]       ; o[15]       ; 5.220 ;       ;       ; 5.220 ;
; b[4]       ; o[16]       ;       ; 5.279 ; 5.279 ;       ;
; b[4]       ; o[17]       ;       ; 5.280 ; 5.280 ;       ;
; b[4]       ; o[18]       ;       ; 5.123 ; 5.123 ;       ;
; b[4]       ; o[19]       ;       ; 5.190 ; 5.190 ;       ;
; b[4]       ; o[20]       ;       ; 5.200 ; 5.200 ;       ;
; b[4]       ; o[21]       ;       ; 5.302 ; 5.302 ;       ;
; b[4]       ; o[22]       ;       ; 5.414 ; 5.414 ;       ;
; b[4]       ; o[23]       ;       ; 5.304 ; 5.304 ;       ;
; b[4]       ; o[24]       ;       ; 5.081 ; 5.081 ;       ;
; b[4]       ; o[25]       ;       ; 5.207 ; 5.207 ;       ;
; b[4]       ; o[26]       ;       ; 5.305 ; 5.305 ;       ;
; b[4]       ; o[27]       ;       ; 5.212 ; 5.212 ;       ;
; b[4]       ; o[28]       ;       ; 5.047 ; 5.047 ;       ;
; b[4]       ; o[29]       ;       ; 5.063 ; 5.063 ;       ;
; b[4]       ; o[30]       ;       ; 5.185 ; 5.185 ;       ;
; b[4]       ; o[31]       ;       ; 5.204 ; 5.204 ;       ;
+------------+-------------+-------+-------+-------+-------+


+----------------------------------------------------------------------------+
; Multicorner Timing Analysis Summary                                        ;
+------------------+-------+------+----------+---------+---------------------+
; Clock            ; Setup ; Hold ; Recovery ; Removal ; Minimum Pulse Width ;
+------------------+-------+------+----------+---------+---------------------+
; Worst-case Slack ; N/A   ; N/A  ; N/A      ; N/A     ; N/A                 ;
; Design-wide TNS  ; 0.0   ; 0.0  ; 0.0      ; 0.0     ; 0.0                 ;
+------------------+-------+------+----------+---------+---------------------+


+--------------------------------------------------------------+
; Progagation Delay                                            ;
+------------+-------------+--------+--------+--------+--------+
; Input Port ; Output Port ; RR     ; RF     ; FR     ; FF     ;
+------------+-------------+--------+--------+--------+--------+
; b[0]       ; o[0]        ; 11.826 ;        ;        ; 11.826 ;
; b[0]       ; o[1]        ;        ; 12.270 ; 12.270 ;        ;
; b[0]       ; o[2]        ; 11.637 ;        ;        ; 11.637 ;
; b[0]       ; o[3]        ;        ; 11.874 ; 11.874 ;        ;
; b[0]       ; o[4]        ; 11.962 ;        ;        ; 11.962 ;
; b[0]       ; o[5]        ;        ; 11.913 ; 11.913 ;        ;
; b[0]       ; o[6]        ; 11.948 ;        ;        ; 11.948 ;
; b[0]       ; o[7]        ;        ; 11.948 ; 11.948 ;        ;
; b[0]       ; o[8]        ; 11.489 ;        ;        ; 11.489 ;
; b[0]       ; o[9]        ;        ; 11.581 ; 11.581 ;        ;
; b[0]       ; o[10]       ; 11.523 ;        ;        ; 11.523 ;
; b[0]       ; o[11]       ;        ; 11.515 ; 11.515 ;        ;
; b[0]       ; o[12]       ; 11.291 ;        ;        ; 11.291 ;
; b[0]       ; o[13]       ;        ; 11.190 ; 11.190 ;        ;
; b[0]       ; o[14]       ; 11.484 ;        ;        ; 11.484 ;
; b[0]       ; o[15]       ;        ; 11.518 ; 11.518 ;        ;
; b[0]       ; o[16]       ; 11.643 ;        ;        ; 11.643 ;
; b[0]       ; o[17]       ;        ; 11.916 ; 11.916 ;        ;
; b[0]       ; o[18]       ; 11.630 ;        ;        ; 11.630 ;
; b[0]       ; o[19]       ;        ; 11.498 ; 11.498 ;        ;
; b[0]       ; o[20]       ; 11.857 ;        ;        ; 11.857 ;
; b[0]       ; o[21]       ;        ; 12.011 ; 12.011 ;        ;
; b[0]       ; o[22]       ; 12.284 ;        ;        ; 12.284 ;
; b[0]       ; o[23]       ;        ; 11.943 ; 11.943 ;        ;
; b[0]       ; o[24]       ; 11.182 ;        ;        ; 11.182 ;
; b[0]       ; o[25]       ;        ; 11.594 ; 11.594 ;        ;
; b[0]       ; o[26]       ; 11.793 ;        ;        ; 11.793 ;
; b[0]       ; o[27]       ;        ; 11.582 ; 11.582 ;        ;
; b[0]       ; o[28]       ; 10.892 ;        ;        ; 10.892 ;
; b[0]       ; o[29]       ;        ; 11.188 ; 11.188 ;        ;
; b[0]       ; o[30]       ; 11.508 ;        ;        ; 11.508 ;
; b[0]       ; o[31]       ;        ; 11.524 ; 11.524 ;        ;
; b[1]       ; o[0]        ; 11.671 ;        ;        ; 11.671 ;
; b[1]       ; o[1]        ; 12.115 ;        ;        ; 12.115 ;
; b[1]       ; o[2]        ;        ; 11.480 ; 11.480 ;        ;
; b[1]       ; o[3]        ;        ; 11.717 ; 11.717 ;        ;
; b[1]       ; o[4]        ; 11.811 ;        ;        ; 11.811 ;
; b[1]       ; o[5]        ; 11.761 ;        ;        ; 11.761 ;
; b[1]       ; o[6]        ;        ; 11.791 ; 11.791 ;        ;
; b[1]       ; o[7]        ;        ; 11.796 ; 11.796 ;        ;
; b[1]       ; o[8]        ; 11.333 ;        ;        ; 11.333 ;
; b[1]       ; o[9]        ; 11.425 ;        ;        ; 11.425 ;
; b[1]       ; o[10]       ;        ; 11.366 ; 11.366 ;        ;
; b[1]       ; o[11]       ;        ; 11.358 ; 11.358 ;        ;
; b[1]       ; o[12]       ; 11.135 ;        ;        ; 11.135 ;
; b[1]       ; o[13]       ; 11.034 ;        ;        ; 11.034 ;
; b[1]       ; o[14]       ;        ; 11.331 ; 11.331 ;        ;
; b[1]       ; o[15]       ;        ; 11.366 ; 11.366 ;        ;
; b[1]       ; o[16]       ; 11.488 ;        ;        ; 11.488 ;
; b[1]       ; o[17]       ; 11.761 ;        ;        ; 11.761 ;
; b[1]       ; o[18]       ;        ; 11.473 ; 11.473 ;        ;
; b[1]       ; o[19]       ;        ; 11.341 ; 11.341 ;        ;
; b[1]       ; o[20]       ; 11.706 ;        ;        ; 11.706 ;
; b[1]       ; o[21]       ; 11.859 ;        ;        ; 11.859 ;
; b[1]       ; o[22]       ;        ; 12.127 ; 12.127 ;        ;
; b[1]       ; o[23]       ;        ; 11.791 ; 11.791 ;        ;
; b[1]       ; o[24]       ; 11.026 ;        ;        ; 11.026 ;
; b[1]       ; o[25]       ; 11.438 ;        ;        ; 11.438 ;
; b[1]       ; o[26]       ;        ; 11.636 ; 11.636 ;        ;
; b[1]       ; o[27]       ;        ; 11.425 ; 11.425 ;        ;
; b[1]       ; o[28]       ; 10.736 ;        ;        ; 10.736 ;
; b[1]       ; o[29]       ; 11.032 ;        ;        ; 11.032 ;
; b[1]       ; o[30]       ;        ; 11.355 ; 11.355 ;        ;
; b[1]       ; o[31]       ;        ; 11.372 ; 11.372 ;        ;
; b[2]       ; o[0]        ; 11.953 ;        ;        ; 11.953 ;
; b[2]       ; o[1]        ; 12.388 ;        ;        ; 12.388 ;
; b[2]       ; o[2]        ; 11.790 ;        ;        ; 11.790 ;
; b[2]       ; o[3]        ; 12.026 ;        ;        ; 12.026 ;
; b[2]       ; o[4]        ;        ; 12.049 ; 12.049 ;        ;
; b[2]       ; o[5]        ;        ; 11.995 ; 11.995 ;        ;
; b[2]       ; o[6]        ;        ; 12.049 ; 12.049 ;        ;
; b[2]       ; o[7]        ;        ; 12.065 ; 12.065 ;        ;
; b[2]       ; o[8]        ; 11.619 ;        ;        ; 11.619 ;
; b[2]       ; o[9]        ; 11.702 ;        ;        ; 11.702 ;
; b[2]       ; o[10]       ; 11.695 ;        ;        ; 11.695 ;
; b[2]       ; o[11]       ; 11.670 ;        ;        ; 11.670 ;
; b[2]       ; o[12]       ;        ; 11.360 ; 11.360 ;        ;
; b[2]       ; o[13]       ;        ; 11.261 ; 11.261 ;        ;
; b[2]       ; o[14]       ;        ; 11.596 ; 11.596 ;        ;
; b[2]       ; o[15]       ;        ; 11.630 ; 11.630 ;        ;
; b[2]       ; o[16]       ; 11.770 ;        ;        ; 11.770 ;
; b[2]       ; o[17]       ; 12.034 ;        ;        ; 12.034 ;
; b[2]       ; o[18]       ; 11.783 ;        ;        ; 11.783 ;
; b[2]       ; o[19]       ; 11.650 ;        ;        ; 11.650 ;
; b[2]       ; o[20]       ;        ; 11.944 ; 11.944 ;        ;
; b[2]       ; o[21]       ;        ; 12.093 ; 12.093 ;        ;
; b[2]       ; o[22]       ;        ; 12.385 ; 12.385 ;        ;
; b[2]       ; o[23]       ;        ; 12.060 ; 12.060 ;        ;
; b[2]       ; o[24]       ; 11.312 ;        ;        ; 11.312 ;
; b[2]       ; o[25]       ; 11.715 ;        ;        ; 11.715 ;
; b[2]       ; o[26]       ; 11.965 ;        ;        ; 11.965 ;
; b[2]       ; o[27]       ; 11.737 ;        ;        ; 11.737 ;
; b[2]       ; o[28]       ;        ; 10.961 ; 10.961 ;        ;
; b[2]       ; o[29]       ;        ; 11.259 ; 11.259 ;        ;
; b[2]       ; o[30]       ;        ; 11.620 ; 11.620 ;        ;
; b[2]       ; o[31]       ;        ; 11.636 ; 11.636 ;        ;
; b[3]       ; o[0]        ; 12.032 ;        ;        ; 12.032 ;
; b[3]       ; o[1]        ; 12.466 ;        ;        ; 12.466 ;
; b[3]       ; o[2]        ; 11.869 ;        ;        ; 11.869 ;
; b[3]       ; o[3]        ; 12.103 ;        ;        ; 12.103 ;
; b[3]       ; o[4]        ; 12.193 ;        ;        ; 12.193 ;
; b[3]       ; o[5]        ; 12.138 ;        ;        ; 12.138 ;
; b[3]       ; o[6]        ; 12.192 ;        ;        ; 12.192 ;
; b[3]       ; o[7]        ; 12.208 ;        ;        ; 12.208 ;
; b[3]       ; o[8]        ;        ; 11.641 ; 11.641 ;        ;
; b[3]       ; o[9]        ;        ; 11.732 ; 11.732 ;        ;
; b[3]       ; o[10]       ;        ; 11.695 ; 11.695 ;        ;
; b[3]       ; o[11]       ;        ; 11.667 ; 11.667 ;        ;
; b[3]       ; o[12]       ;        ; 11.449 ; 11.449 ;        ;
; b[3]       ; o[13]       ;        ; 11.353 ; 11.353 ;        ;
; b[3]       ; o[14]       ;        ; 11.657 ; 11.657 ;        ;
; b[3]       ; o[15]       ;        ; 11.692 ; 11.692 ;        ;
; b[3]       ; o[16]       ; 11.849 ;        ;        ; 11.849 ;
; b[3]       ; o[17]       ; 12.112 ;        ;        ; 12.112 ;
; b[3]       ; o[18]       ; 11.862 ;        ;        ; 11.862 ;
; b[3]       ; o[19]       ; 11.727 ;        ;        ; 11.727 ;
; b[3]       ; o[20]       ; 12.088 ;        ;        ; 12.088 ;
; b[3]       ; o[21]       ; 12.236 ;        ;        ; 12.236 ;
; b[3]       ; o[22]       ; 12.528 ;        ;        ; 12.528 ;
; b[3]       ; o[23]       ; 12.203 ;        ;        ; 12.203 ;
; b[3]       ; o[24]       ;        ; 11.334 ; 11.334 ;        ;
; b[3]       ; o[25]       ;        ; 11.745 ; 11.745 ;        ;
; b[3]       ; o[26]       ;        ; 11.965 ; 11.965 ;        ;
; b[3]       ; o[27]       ;        ; 11.734 ; 11.734 ;        ;
; b[3]       ; o[28]       ;        ; 11.050 ; 11.050 ;        ;
; b[3]       ; o[29]       ;        ; 11.351 ; 11.351 ;        ;
; b[3]       ; o[30]       ;        ; 11.681 ; 11.681 ;        ;
; b[3]       ; o[31]       ;        ; 11.698 ; 11.698 ;        ;
; b[4]       ; o[0]        ; 10.543 ;        ;        ; 10.543 ;
; b[4]       ; o[1]        ; 10.735 ;        ;        ; 10.735 ;
; b[4]       ; o[2]        ; 9.848  ;        ;        ; 9.848  ;
; b[4]       ; o[3]        ; 10.469 ;        ;        ; 10.469 ;
; b[4]       ; o[4]        ; 10.242 ;        ;        ; 10.242 ;
; b[4]       ; o[5]        ; 10.176 ;        ;        ; 10.176 ;
; b[4]       ; o[6]        ; 10.143 ;        ;        ; 10.143 ;
; b[4]       ; o[7]        ; 10.221 ;        ;        ; 10.221 ;
; b[4]       ; o[8]        ; 10.080 ;        ;        ; 10.080 ;
; b[4]       ; o[9]        ; 10.110 ;        ;        ; 10.110 ;
; b[4]       ; o[10]       ; 10.101 ;        ;        ; 10.101 ;
; b[4]       ; o[11]       ; 10.064 ;        ;        ; 10.064 ;
; b[4]       ; o[12]       ; 10.101 ;        ;        ; 10.101 ;
; b[4]       ; o[13]       ; 9.783  ;        ;        ; 9.783  ;
; b[4]       ; o[14]       ; 10.071 ;        ;        ; 10.071 ;
; b[4]       ; o[15]       ; 10.106 ;        ;        ; 10.106 ;
; b[4]       ; o[16]       ;        ; 10.265 ; 10.265 ;        ;
; b[4]       ; o[17]       ;        ; 10.283 ; 10.283 ;        ;
; b[4]       ; o[18]       ;        ; 9.856  ; 9.856  ;        ;
; b[4]       ; o[19]       ;        ; 9.993  ; 9.993  ;        ;
; b[4]       ; o[20]       ;        ; 10.134 ; 10.134 ;        ;
; b[4]       ; o[21]       ;        ; 10.268 ; 10.268 ;        ;
; b[4]       ; o[22]       ;        ; 10.500 ; 10.500 ;        ;
; b[4]       ; o[23]       ;        ; 10.215 ; 10.215 ;        ;
; b[4]       ; o[24]       ;        ; 9.746  ; 9.746  ;        ;
; b[4]       ; o[25]       ;        ; 10.097 ; 10.097 ;        ;
; b[4]       ; o[26]       ;        ; 10.347 ; 10.347 ;        ;
; b[4]       ; o[27]       ;        ; 10.100 ; 10.100 ;        ;
; b[4]       ; o[28]       ;        ; 9.708  ; 9.708  ;        ;
; b[4]       ; o[29]       ;        ; 9.740  ; 9.740  ;        ;
; b[4]       ; o[30]       ;        ; 10.056 ; 10.056 ;        ;
; b[4]       ; o[31]       ;        ; 10.078 ; 10.078 ;        ;
+------------+-------------+--------+--------+--------+--------+


+----------------------------------------------------------+
; Minimum Progagation Delay                                ;
+------------+-------------+-------+-------+-------+-------+
; Input Port ; Output Port ; RR    ; RF    ; FR    ; FF    ;
+------------+-------------+-------+-------+-------+-------+
; b[0]       ; o[0]        ; 5.955 ;       ;       ; 5.955 ;
; b[0]       ; o[1]        ;       ; 6.104 ; 6.104 ;       ;
; b[0]       ; o[2]        ; 5.820 ;       ;       ; 5.820 ;
; b[0]       ; o[3]        ;       ; 5.999 ; 5.999 ;       ;
; b[0]       ; o[4]        ; 5.993 ;       ;       ; 5.993 ;
; b[0]       ; o[5]        ;       ; 5.884 ; 5.884 ;       ;
; b[0]       ; o[6]        ; 5.931 ;       ;       ; 5.931 ;
; b[0]       ; o[7]        ;       ; 5.953 ; 5.953 ;       ;
; b[0]       ; o[8]        ; 5.762 ;       ;       ; 5.762 ;
; b[0]       ; o[9]        ;       ; 5.765 ; 5.765 ;       ;
; b[0]       ; o[10]       ; 5.766 ;       ;       ; 5.766 ;
; b[0]       ; o[11]       ;       ; 5.722 ; 5.722 ;       ;
; b[0]       ; o[12]       ; 5.705 ;       ;       ; 5.705 ;
; b[0]       ; o[13]       ;       ; 5.618 ; 5.618 ;       ;
; b[0]       ; o[14]       ; 5.741 ;       ;       ; 5.741 ;
; b[0]       ; o[15]       ;       ; 5.741 ; 5.741 ;       ;
; b[0]       ; o[16]       ; 5.832 ;       ;       ; 5.832 ;
; b[0]       ; o[17]       ;       ; 5.900 ; 5.900 ;       ;
; b[0]       ; o[18]       ; 5.816 ;       ;       ; 5.816 ;
; b[0]       ; o[19]       ;       ; 5.799 ; 5.799 ;       ;
; b[0]       ; o[20]       ; 5.875 ;       ;       ; 5.875 ;
; b[0]       ; o[21]       ;       ; 5.962 ; 5.962 ;       ;
; b[0]       ; o[22]       ; 6.118 ;       ;       ; 6.118 ;
; b[0]       ; o[23]       ;       ; 5.951 ; 5.951 ;       ;
; b[0]       ; o[24]       ; 5.633 ;       ;       ; 5.633 ;
; b[0]       ; o[25]       ;       ; 5.747 ; 5.747 ;       ;
; b[0]       ; o[26]       ; 5.852 ;       ;       ; 5.852 ;
; b[0]       ; o[27]       ;       ; 5.745 ; 5.745 ;       ;
; b[0]       ; o[28]       ; 5.536 ;       ;       ; 5.536 ;
; b[0]       ; o[29]       ;       ; 5.586 ; 5.586 ;       ;
; b[0]       ; o[30]       ; 5.736 ;       ;       ; 5.736 ;
; b[0]       ; o[31]       ;       ; 5.728 ; 5.728 ;       ;
; b[1]       ; o[0]        ; 5.844 ;       ;       ; 5.844 ;
; b[1]       ; o[1]        ; 6.019 ;       ;       ; 6.019 ;
; b[1]       ; o[2]        ;       ; 5.708 ; 5.708 ;       ;
; b[1]       ; o[3]        ;       ; 5.912 ; 5.912 ;       ;
; b[1]       ; o[4]        ; 5.891 ;       ;       ; 5.891 ;
; b[1]       ; o[5]        ; 5.806 ;       ;       ; 5.806 ;
; b[1]       ; o[6]        ;       ; 5.819 ; 5.819 ;       ;
; b[1]       ; o[7]        ;       ; 5.874 ; 5.874 ;       ;
; b[1]       ; o[8]        ; 5.652 ;       ;       ; 5.652 ;
; b[1]       ; o[9]        ; 5.681 ;       ;       ; 5.681 ;
; b[1]       ; o[10]       ;       ; 5.655 ; 5.655 ;       ;
; b[1]       ; o[11]       ;       ; 5.635 ; 5.635 ;       ;
; b[1]       ; o[12]       ; 5.594 ;       ;       ; 5.594 ;
; b[1]       ; o[13]       ; 5.535 ;       ;       ; 5.535 ;
; b[1]       ; o[14]       ;       ; 5.635 ; 5.635 ;       ;
; b[1]       ; o[15]       ;       ; 5.660 ; 5.660 ;       ;
; b[1]       ; o[16]       ; 5.721 ;       ;       ; 5.721 ;
; b[1]       ; o[17]       ; 5.815 ;       ;       ; 5.815 ;
; b[1]       ; o[18]       ;       ; 5.704 ; 5.704 ;       ;
; b[1]       ; o[19]       ;       ; 5.712 ; 5.712 ;       ;
; b[1]       ; o[20]       ; 5.773 ;       ;       ; 5.773 ;
; b[1]       ; o[21]       ; 5.884 ;       ;       ; 5.884 ;
; b[1]       ; o[22]       ;       ; 6.006 ; 6.006 ;       ;
; b[1]       ; o[23]       ;       ; 5.872 ; 5.872 ;       ;
; b[1]       ; o[24]       ; 5.523 ;       ;       ; 5.523 ;
; b[1]       ; o[25]       ; 5.663 ;       ;       ; 5.663 ;
; b[1]       ; o[26]       ;       ; 5.741 ; 5.741 ;       ;
; b[1]       ; o[27]       ;       ; 5.658 ; 5.658 ;       ;
; b[1]       ; o[28]       ; 5.425 ;       ;       ; 5.425 ;
; b[1]       ; o[29]       ; 5.503 ;       ;       ; 5.503 ;
; b[1]       ; o[30]       ;       ; 5.630 ; 5.630 ;       ;
; b[1]       ; o[31]       ;       ; 5.647 ; 5.647 ;       ;
; b[2]       ; o[0]        ; 5.952 ;       ;       ; 5.952 ;
; b[2]       ; o[1]        ; 6.125 ;       ;       ; 6.125 ;
; b[2]       ; o[2]        ; 5.811 ;       ;       ; 5.811 ;
; b[2]       ; o[3]        ; 6.014 ;       ;       ; 6.014 ;
; b[2]       ; o[4]        ;       ; 6.014 ; 6.014 ;       ;
; b[2]       ; o[5]        ;       ; 5.930 ; 5.930 ;       ;
; b[2]       ; o[6]        ;       ; 5.931 ; 5.931 ;       ;
; b[2]       ; o[7]        ;       ; 5.999 ; 5.999 ;       ;
; b[2]       ; o[8]        ; 5.769 ;       ;       ; 5.769 ;
; b[2]       ; o[9]        ; 5.796 ;       ;       ; 5.796 ;
; b[2]       ; o[10]       ; 5.782 ;       ;       ; 5.782 ;
; b[2]       ; o[11]       ; 5.745 ;       ;       ; 5.745 ;
; b[2]       ; o[12]       ;       ; 5.712 ; 5.712 ;       ;
; b[2]       ; o[13]       ;       ; 5.656 ; 5.656 ;       ;
; b[2]       ; o[14]       ;       ; 5.762 ; 5.762 ;       ;
; b[2]       ; o[15]       ;       ; 5.787 ; 5.787 ;       ;
; b[2]       ; o[16]       ; 5.829 ;       ;       ; 5.829 ;
; b[2]       ; o[17]       ; 5.921 ;       ;       ; 5.921 ;
; b[2]       ; o[18]       ; 5.807 ;       ;       ; 5.807 ;
; b[2]       ; o[19]       ; 5.814 ;       ;       ; 5.814 ;
; b[2]       ; o[20]       ;       ; 5.896 ; 5.896 ;       ;
; b[2]       ; o[21]       ;       ; 6.008 ; 6.008 ;       ;
; b[2]       ; o[22]       ;       ; 6.118 ; 6.118 ;       ;
; b[2]       ; o[23]       ;       ; 5.997 ; 5.997 ;       ;
; b[2]       ; o[24]       ; 5.640 ;       ;       ; 5.640 ;
; b[2]       ; o[25]       ; 5.778 ;       ;       ; 5.778 ;
; b[2]       ; o[26]       ; 5.868 ;       ;       ; 5.868 ;
; b[2]       ; o[27]       ; 5.768 ;       ;       ; 5.768 ;
; b[2]       ; o[28]       ;       ; 5.543 ; 5.543 ;       ;
; b[2]       ; o[29]       ;       ; 5.624 ; 5.624 ;       ;
; b[2]       ; o[30]       ;       ; 5.757 ; 5.757 ;       ;
; b[2]       ; o[31]       ;       ; 5.774 ; 5.774 ;       ;
; b[3]       ; o[0]        ; 5.978 ;       ;       ; 5.978 ;
; b[3]       ; o[1]        ; 6.153 ;       ;       ; 6.153 ;
; b[3]       ; o[2]        ; 5.835 ;       ;       ; 5.835 ;
; b[3]       ; o[3]        ; 6.039 ;       ;       ; 6.039 ;
; b[3]       ; o[4]        ; 6.043 ;       ;       ; 6.043 ;
; b[3]       ; o[5]        ; 5.960 ;       ;       ; 5.960 ;
; b[3]       ; o[6]        ; 5.957 ;       ;       ; 5.957 ;
; b[3]       ; o[7]        ; 6.026 ;       ;       ; 6.026 ;
; b[3]       ; o[8]        ;       ; 5.789 ; 5.789 ;       ;
; b[3]       ; o[9]        ;       ; 5.818 ; 5.818 ;       ;
; b[3]       ; o[10]       ;       ; 5.809 ; 5.809 ;       ;
; b[3]       ; o[11]       ;       ; 5.773 ; 5.773 ;       ;
; b[3]       ; o[12]       ;       ; 5.736 ; 5.736 ;       ;
; b[3]       ; o[13]       ;       ; 5.682 ; 5.682 ;       ;
; b[3]       ; o[14]       ;       ; 5.789 ; 5.789 ;       ;
; b[3]       ; o[15]       ;       ; 5.815 ; 5.815 ;       ;
; b[3]       ; o[16]       ; 5.855 ;       ;       ; 5.855 ;
; b[3]       ; o[17]       ; 5.949 ;       ;       ; 5.949 ;
; b[3]       ; o[18]       ; 5.831 ;       ;       ; 5.831 ;
; b[3]       ; o[19]       ; 5.839 ;       ;       ; 5.839 ;
; b[3]       ; o[20]       ; 5.925 ;       ;       ; 5.925 ;
; b[3]       ; o[21]       ; 6.038 ;       ;       ; 6.038 ;
; b[3]       ; o[22]       ; 6.144 ;       ;       ; 6.144 ;
; b[3]       ; o[23]       ; 6.024 ;       ;       ; 6.024 ;
; b[3]       ; o[24]       ;       ; 5.660 ; 5.660 ;       ;
; b[3]       ; o[25]       ;       ; 5.800 ; 5.800 ;       ;
; b[3]       ; o[26]       ;       ; 5.895 ; 5.895 ;       ;
; b[3]       ; o[27]       ;       ; 5.796 ; 5.796 ;       ;
; b[3]       ; o[28]       ;       ; 5.567 ; 5.567 ;       ;
; b[3]       ; o[29]       ;       ; 5.650 ; 5.650 ;       ;
; b[3]       ; o[30]       ;       ; 5.784 ; 5.784 ;       ;
; b[3]       ; o[31]       ;       ; 5.802 ; 5.802 ;       ;
; b[4]       ; o[0]        ; 5.415 ;       ;       ; 5.415 ;
; b[4]       ; o[1]        ; 5.502 ;       ;       ; 5.502 ;
; b[4]       ; o[2]        ; 5.139 ;       ;       ; 5.139 ;
; b[4]       ; o[3]        ; 5.405 ;       ;       ; 5.405 ;
; b[4]       ; o[4]        ; 5.351 ;       ;       ; 5.351 ;
; b[4]       ; o[5]        ; 5.257 ;       ;       ; 5.257 ;
; b[4]       ; o[6]        ; 5.237 ;       ;       ; 5.237 ;
; b[4]       ; o[7]        ; 5.327 ;       ;       ; 5.327 ;
; b[4]       ; o[8]        ; 5.204 ;       ;       ; 5.204 ;
; b[4]       ; o[9]        ; 5.221 ;       ;       ; 5.221 ;
; b[4]       ; o[10]       ; 5.212 ;       ;       ; 5.212 ;
; b[4]       ; o[11]       ; 5.187 ;       ;       ; 5.187 ;
; b[4]       ; o[12]       ; 5.209 ;       ;       ; 5.209 ;
; b[4]       ; o[13]       ; 5.104 ;       ;       ; 5.104 ;
; b[4]       ; o[14]       ; 5.197 ;       ;       ; 5.197 ;
; b[4]       ; o[15]       ; 5.220 ;       ;       ; 5.220 ;
; b[4]       ; o[16]       ;       ; 5.279 ; 5.279 ;       ;
; b[4]       ; o[17]       ;       ; 5.280 ; 5.280 ;       ;
; b[4]       ; o[18]       ;       ; 5.123 ; 5.123 ;       ;
; b[4]       ; o[19]       ;       ; 5.190 ; 5.190 ;       ;
; b[4]       ; o[20]       ;       ; 5.200 ; 5.200 ;       ;
; b[4]       ; o[21]       ;       ; 5.302 ; 5.302 ;       ;
; b[4]       ; o[22]       ;       ; 5.414 ; 5.414 ;       ;
; b[4]       ; o[23]       ;       ; 5.304 ; 5.304 ;       ;
; b[4]       ; o[24]       ;       ; 5.081 ; 5.081 ;       ;
; b[4]       ; o[25]       ;       ; 5.207 ; 5.207 ;       ;
; b[4]       ; o[26]       ;       ; 5.305 ; 5.305 ;       ;
; b[4]       ; o[27]       ;       ; 5.212 ; 5.212 ;       ;
; b[4]       ; o[28]       ;       ; 5.047 ; 5.047 ;       ;
; b[4]       ; o[29]       ;       ; 5.063 ; 5.063 ;       ;
; b[4]       ; o[30]       ;       ; 5.185 ; 5.185 ;       ;
; b[4]       ; o[31]       ;       ; 5.204 ; 5.204 ;       ;
+------------+-------------+-------+-------+-------+-------+


-------------------
; Clock Transfers ;
-------------------
Nothing to report.


---------------
; Report TCCS ;
---------------
No dedicated SERDES Transmitter circuitry present in device or used in design


---------------
; Report RSKM ;
---------------
No dedicated SERDES Receiver circuitry present in device or used in design


+------------------------------------------------+
; Unconstrained Paths                            ;
+---------------------------------+-------+------+
; Property                        ; Setup ; Hold ;
+---------------------------------+-------+------+
; Illegal Clocks                  ; 0     ; 0    ;
; Unconstrained Clocks            ; 0     ; 0    ;
; Unconstrained Input Ports       ; 5     ; 5    ;
; Unconstrained Input Port Paths  ; 160   ; 160  ;
; Unconstrained Output Ports      ; 32    ; 32   ;
; Unconstrained Output Port Paths ; 160   ; 160  ;
+---------------------------------+-------+------+


+------------------------------------+
; TimeQuest Timing Analyzer Messages ;
+------------------------------------+
Info: *******************************************************************
Info: Running Quartus II 64-Bit TimeQuest Timing Analyzer
    Info: Version 13.0.1 Build 232 06/12/2013 Service Pack 1 SJ Web Edition
    Info: Processing started: Tue Jun 12 21:46:49 2018
Info: Command: quartus_sta decoderROM -c decoderROM
Info: qsta_default_script.tcl version: #1
Warning (20028): Parallel compilation is not licensed and has been disabled
Info (21077): Low junction temperature is 0 degrees C
Info (21077): High junction temperature is 85 degrees C
Critical Warning (332012): Synopsys Design Constraints File file not found: 'decoderROM.sdc'. A Synopsys Design Constraints File is required by the TimeQuest Timing Analyzer to get proper timing constraints. Without it, the Compiler will not properly optimize the design.
Info (332142): No user constrained base clocks found in the design. Calling "derive_clocks -period 1.0"
Info (332096): The command derive_clocks did not find any clocks to derive.  No clocks were created or changed.
Warning (332068): No clocks defined in design.
Info: Found TIMEQUEST_REPORT_SCRIPT_INCLUDE_DEFAULT_ANALYSIS = ON
Info (332159): No clocks to report
Info: Analyzing Slow Model
Info (332140): No fmax paths to report
Info (332140): No Setup paths to report
Info (332140): No Hold paths to report
Info (332140): No Recovery paths to report
Info (332140): No Removal paths to report
Info (332140): No Minimum Pulse Width paths to report
Info (332001): The selected device family is not supported by the report_metastability command.
Info: Analyzing Fast Model
Info (332142): No user constrained base clocks found in the design. Calling "derive_clocks -period 1.0"
Info (332096): The command derive_clocks did not find any clocks to derive.  No clocks were created or changed.
Warning (332068): No clocks defined in design.
Info (332140): No Setup paths to report
Info (332140): No Hold paths to report
Info (332140): No Recovery paths to report
Info (332140): No Removal paths to report
Info (332140): No Minimum Pulse Width paths to report
Info (332001): The selected device family is not supported by the report_metastability command.
Info (332102): Design is not fully constrained for setup requirements
Info (332102): Design is not fully constrained for hold requirements
Info: Quartus II 64-Bit TimeQuest Timing Analyzer was successful. 0 errors, 4 warnings
    Info: Peak virtual memory: 507 megabytes
    Info: Processing ended: Tue Jun 12 21:46:50 2018
    Info: Elapsed time: 00:00:01
    Info: Total CPU time (on all processors): 00:00:01


