Analysis & Synthesis report for CircuitoFinal
Thu Apr 26 20:15:46 2018
Quartus II 32-bit Version 13.0.1 Build 232 06/12/2013 Service Pack 1 SJ Web Edition


---------------------
; Table of Contents ;
---------------------
  1. Legal Notice
  2. Analysis & Synthesis Summary
  3. Analysis & Synthesis Settings
  4. Parallel Compilation
  5. Analysis & Synthesis Source Files Read
  6. Analysis & Synthesis Resource Usage Summary
  7. Analysis & Synthesis Resource Utilization by Entity
  8. Registers Removed During Synthesis
  9. General Register Statistics
 10. Elapsed Time Per Partition
 11. Analysis & Synthesis Messages



----------------
; Legal Notice ;
----------------
Copyright (C) 1991-2013 Altera Corporation
Your use of Altera Corporation's design tools, logic functions 
and other software and tools, and its AMPP partner logic 
functions, and any output files from any of the foregoing 
(including device programming or simulation files), and any 
associated documentation or information are expressly subject 
to the terms and conditions of the Altera Program License 
Subscription Agreement, Altera MegaCore Function License 
Agreement, or other applicable license agreement, including, 
without limitation, that your use is for the sole purpose of 
programming logic devices manufactured by Altera and sold by 
Altera or its authorized distributors.  Please refer to the 
applicable agreement for further details.



+--------------------------------------------------------------------------------------+
; Analysis & Synthesis Summary                                                         ;
+------------------------------------+-------------------------------------------------+
; Analysis & Synthesis Status        ; Successful - Thu Apr 26 20:15:46 2018           ;
; Quartus II 32-bit Version          ; 13.0.1 Build 232 06/12/2013 SP 1 SJ Web Edition ;
; Revision Name                      ; CircuitoFinal                                   ;
; Top-level Entity Name              ; CircuitoFinal                                   ;
; Family                             ; Cyclone II                                      ;
; Total logic elements               ; 62                                              ;
;     Total combinational functions  ; 62                                              ;
;     Dedicated logic registers      ; 15                                              ;
; Total registers                    ; 15                                              ;
; Total pins                         ; 62                                              ;
; Total virtual pins                 ; 0                                               ;
; Total memory bits                  ; 0                                               ;
; Embedded Multiplier 9-bit elements ; 0                                               ;
; Total PLLs                         ; 0                                               ;
+------------------------------------+-------------------------------------------------+


+----------------------------------------------------------------------------------------------------------------------+
; Analysis & Synthesis Settings                                                                                        ;
+----------------------------------------------------------------------------+--------------------+--------------------+
; Option                                                                     ; Setting            ; Default Value      ;
+----------------------------------------------------------------------------+--------------------+--------------------+
; Device                                                                     ; EP2C20F484C7       ;                    ;
; Top-level entity name                                                      ; CircuitoFinal      ; CircuitoFinal      ;
; Family name                                                                ; Cyclone II         ; Cyclone IV GX      ;
; Use smart compilation                                                      ; Off                ; Off                ;
; Enable parallel Assembler and TimeQuest Timing Analyzer during compilation ; On                 ; On                 ;
; Enable compact report table                                                ; Off                ; Off                ;
; Restructure Multiplexers                                                   ; Auto               ; Auto               ;
; Create Debugging Nodes for IP Cores                                        ; Off                ; Off                ;
; Preserve fewer node names                                                  ; On                 ; On                 ;
; Disable OpenCore Plus hardware evaluation                                  ; Off                ; Off                ;
; Verilog Version                                                            ; Verilog_2001       ; Verilog_2001       ;
; VHDL Version                                                               ; VHDL_1993          ; VHDL_1993          ;
; State Machine Processing                                                   ; Auto               ; Auto               ;
; Safe State Machine                                                         ; Off                ; Off                ;
; Extract Verilog State Machines                                             ; On                 ; On                 ;
; Extract VHDL State Machines                                                ; On                 ; On                 ;
; Ignore Verilog initial constructs                                          ; Off                ; Off                ;
; Iteration limit for constant Verilog loops                                 ; 5000               ; 5000               ;
; Iteration limit for non-constant Verilog loops                             ; 250                ; 250                ;
; Add Pass-Through Logic to Inferred RAMs                                    ; On                 ; On                 ;
; Infer RAMs from Raw Logic                                                  ; On                 ; On                 ;
; Parallel Synthesis                                                         ; On                 ; On                 ;
; DSP Block Balancing                                                        ; Auto               ; Auto               ;
; NOT Gate Push-Back                                                         ; On                 ; On                 ;
; Power-Up Don't Care                                                        ; On                 ; On                 ;
; Remove Redundant Logic Cells                                               ; Off                ; Off                ;
; Remove Duplicate Registers                                                 ; On                 ; On                 ;
; Ignore CARRY Buffers                                                       ; Off                ; Off                ;
; Ignore CASCADE Buffers                                                     ; Off                ; Off                ;
; Ignore GLOBAL Buffers                                                      ; Off                ; Off                ;
; Ignore ROW GLOBAL Buffers                                                  ; Off                ; Off                ;
; Ignore LCELL Buffers                                                       ; Off                ; Off                ;
; Ignore SOFT Buffers                                                        ; On                 ; On                 ;
; Limit AHDL Integers to 32 Bits                                             ; Off                ; Off                ;
; Optimization Technique                                                     ; Balanced           ; Balanced           ;
; Carry Chain Length                                                         ; 70                 ; 70                 ;
; Auto Carry Chains                                                          ; On                 ; On                 ;
; Auto Open-Drain Pins                                                       ; On                 ; On                 ;
; Perform WYSIWYG Primitive Resynthesis                                      ; Off                ; Off                ;
; Auto ROM Replacement                                                       ; On                 ; On                 ;
; Auto RAM Replacement                                                       ; On                 ; On                 ;
; Auto Shift Register Replacement                                            ; Auto               ; Auto               ;
; Allow Shift Register Merging across Hierarchies                            ; Auto               ; Auto               ;
; Auto Clock Enable Replacement                                              ; On                 ; On                 ;
; Strict RAM Replacement                                                     ; Off                ; Off                ;
; Allow Synchronous Control Signals                                          ; On                 ; On                 ;
; Force Use of Synchronous Clear Signals                                     ; Off                ; Off                ;
; Auto RAM to Logic Cell Conversion                                          ; Off                ; Off                ;
; Auto Resource Sharing                                                      ; Off                ; Off                ;
; Allow Any RAM Size For Recognition                                         ; Off                ; Off                ;
; Allow Any ROM Size For Recognition                                         ; Off                ; Off                ;
; Allow Any Shift Register Size For Recognition                              ; Off                ; Off                ;
; Use LogicLock Constraints during Resource Balancing                        ; On                 ; On                 ;
; Ignore translate_off and synthesis_off directives                          ; Off                ; Off                ;
; Timing-Driven Synthesis                                                    ; Off                ; Off                ;
; Report Parameter Settings                                                  ; On                 ; On                 ;
; Report Source Assignments                                                  ; On                 ; On                 ;
; Report Connectivity Checks                                                 ; On                 ; On                 ;
; Ignore Maximum Fan-Out Assignments                                         ; Off                ; Off                ;
; Synchronization Register Chain Length                                      ; 2                  ; 2                  ;
; PowerPlay Power Optimization                                               ; Normal compilation ; Normal compilation ;
; HDL message level                                                          ; Level2             ; Level2             ;
; Suppress Register Optimization Related Messages                            ; Off                ; Off                ;
; Number of Removed Registers Reported in Synthesis Report                   ; 5000               ; 5000               ;
; Number of Swept Nodes Reported in Synthesis Report                         ; 5000               ; 5000               ;
; Number of Inverted Registers Reported in Synthesis Report                  ; 100                ; 100                ;
; Clock MUX Protection                                                       ; On                 ; On                 ;
; Auto Gated Clock Conversion                                                ; Off                ; Off                ;
; Block Design Naming                                                        ; Auto               ; Auto               ;
; SDC constraint protection                                                  ; Off                ; Off                ;
; Synthesis Effort                                                           ; Auto               ; Auto               ;
; Shift Register Replacement - Allow Asynchronous Clear Signal               ; On                 ; On                 ;
; Pre-Mapping Resynthesis Optimization                                       ; Off                ; Off                ;
; Analysis & Synthesis Message Level                                         ; Medium             ; Medium             ;
; Disable Register Merging Across Hierarchies                                ; Auto               ; Auto               ;
; Resource Aware Inference For Block RAM                                     ; On                 ; On                 ;
; Synthesis Seed                                                             ; 1                  ; 1                  ;
+----------------------------------------------------------------------------+--------------------+--------------------+


Parallel compilation was disabled, but you have multiple processors available. Enable parallel compilation to reduce compilation time.
+-------------------------------------+
; Parallel Compilation                ;
+----------------------------+--------+
; Processors                 ; Number ;
+----------------------------+--------+
; Number detected on machine ; 4      ;
; Maximum allowed            ; 1      ;
+----------------------------+--------+


+--------------------------------------------------------------------------------------------------------------------------------------------------------------------------------------------------------------+
; Analysis & Synthesis Source Files Read                                                                                                                                                                       ;
+----------------------------------+-----------------+------------------------------------------+----------------------------------------------------------------------------------------------------+---------+
; File Name with User-Entered Path ; Used in Netlist ; File Type                                ; File Name with Absolute Path                                                                       ; Library ;
+----------------------------------+-----------------+------------------------------------------+----------------------------------------------------------------------------------------------------+---------+
; CircuitoFinal.bdf                ; yes             ; User Block Diagram/Schematic File        ; /net/nfs1.fee.unicamp.br/export/vol1/home/EC16/ra178610/EA773/lab4/CircuitoFinal/CircuitoFinal.bdf ;         ;
; reg4bitsNovo.bdf                 ; yes             ; Auto-Found Block Diagram/Schematic File  ; /net/nfs1.fee.unicamp.br/export/vol1/home/EC16/ra178610/EA773/lab4/CircuitoFinal/reg4bitsNovo.bdf  ;         ;
; enable-clear.bdf                 ; yes             ; Auto-Found Block Diagram/Schematic File  ; /net/nfs1.fee.unicamp.br/export/vol1/home/EC16/ra178610/EA773/lab4/CircuitoFinal/enable-clear.bdf  ;         ;
; Tristate4bits.bdf                ; yes             ; Auto-Found Block Diagram/Schematic File  ; /net/nfs1.fee.unicamp.br/export/vol1/home/EC16/ra178610/EA773/lab4/CircuitoFinal/Tristate4bits.bdf ;         ;
; ULA.bdf                          ; yes             ; Auto-Found Block Diagram/Schematic File  ; /net/nfs1.fee.unicamp.br/export/vol1/home/EC16/ra178610/EA773/lab4/CircuitoFinal/ULA.bdf           ;         ;
; Somador.bdf                      ; yes             ; Auto-Found Block Diagram/Schematic File  ; /net/nfs1.fee.unicamp.br/export/vol1/home/EC16/ra178610/EA773/lab4/CircuitoFinal/Somador.bdf       ;         ;
; xor3.bdf                         ; yes             ; Megafunction                             ; /opt/altera/13.0sp1/quartus/libraries/others/maxplus2/xor3.bdf                                     ;         ;
; Decodificador.bdf                ; yes             ; Auto-Found Block Diagram/Schematic File  ; /net/nfs1.fee.unicamp.br/export/vol1/home/EC16/ra178610/EA773/lab4/CircuitoFinal/Decodificador.bdf ;         ;
; Complemento.bdf                  ; yes             ; Auto-Found Block Diagram/Schematic File  ; /net/nfs1.fee.unicamp.br/export/vol1/home/EC16/ra178610/EA773/lab4/CircuitoFinal/Complemento.bdf   ;         ;
; Zera.bdf                         ; yes             ; Auto-Found Block Diagram/Schematic File  ; /net/nfs1.fee.unicamp.br/export/vol1/home/EC16/ra178610/EA773/lab4/CircuitoFinal/Zera.bdf          ;         ;
; Hex.bdf                          ; yes             ; Auto-Found Block Diagram/Schematic File  ; /net/nfs1.fee.unicamp.br/export/vol1/home/EC16/ra178610/EA773/lab4/CircuitoFinal/Hex.bdf           ;         ;
+----------------------------------+-----------------+------------------------------------------+----------------------------------------------------------------------------------------------------+---------+


+---------------------------------------------------------------------------+
; Analysis & Synthesis Resource Usage Summary                               ;
+---------------------------------------------+-----------------------------+
; Resource                                    ; Usage                       ;
+---------------------------------------------+-----------------------------+
; Estimated Total logic elements              ; 62                          ;
;                                             ;                             ;
; Total combinational functions               ; 62                          ;
; Logic element usage by number of LUT inputs ;                             ;
;     -- 4 input functions                    ; 58                          ;
;     -- 3 input functions                    ; 0                           ;
;     -- <=2 input functions                  ; 4                           ;
;                                             ;                             ;
; Logic elements by mode                      ;                             ;
;     -- normal mode                          ; 62                          ;
;     -- arithmetic mode                      ; 0                           ;
;                                             ;                             ;
; Total registers                             ; 15                          ;
;     -- Dedicated logic registers            ; 15                          ;
;     -- I/O registers                        ; 0                           ;
;                                             ;                             ;
; I/O pins                                    ; 62                          ;
; Embedded Multiplier 9-bit elements          ; 0                           ;
; Maximum fan-out node                        ; Tristate4bits:inst9|inst1~1 ;
; Maximum fan-out                             ; 22                          ;
; Total fan-out                               ; 326                         ;
; Average fan-out                             ; 2.35                        ;
+---------------------------------------------+-----------------------------+


+---------------------------------------------------------------------------------------------------------------------------------------------------------------------------------------------------------------+
; Analysis & Synthesis Resource Utilization by Entity                                                                                                                                                           ;
+----------------------------+-------------------+--------------+-------------+--------------+---------+-----------+------+--------------+-------------------------------------------------------+--------------+
; Compilation Hierarchy Node ; LC Combinationals ; LC Registers ; Memory Bits ; DSP Elements ; DSP 9x9 ; DSP 18x18 ; Pins ; Virtual Pins ; Full Hierarchy Name                                   ; Library Name ;
+----------------------------+-------------------+--------------+-------------+--------------+---------+-----------+------+--------------+-------------------------------------------------------+--------------+
; |CircuitoFinal             ; 62 (0)            ; 15 (0)       ; 0           ; 0            ; 0       ; 0         ; 62   ; 0            ; |CircuitoFinal                                        ; work         ;
;    |Hex:inst2|             ; 7 (7)             ; 0 (0)        ; 0           ; 0            ; 0       ; 0         ; 0    ; 0            ; |CircuitoFinal|Hex:inst2                              ; work         ;
;    |Hex:inst3|             ; 7 (7)             ; 0 (0)        ; 0           ; 0            ; 0       ; 0         ; 0    ; 0            ; |CircuitoFinal|Hex:inst3                              ; work         ;
;    |Hex:inst4|             ; 7 (7)             ; 0 (0)        ; 0           ; 0            ; 0       ; 0         ; 0    ; 0            ; |CircuitoFinal|Hex:inst4                              ; work         ;
;    |Hex:inst5|             ; 7 (7)             ; 0 (0)        ; 0           ; 0            ; 0       ; 0         ; 0    ; 0            ; |CircuitoFinal|Hex:inst5                              ; work         ;
;    |Tristate4bits:inst9|   ; 4 (4)             ; 0 (0)        ; 0           ; 0            ; 0       ; 0         ; 0    ; 0            ; |CircuitoFinal|Tristate4bits:inst9                    ; work         ;
;    |ULA:inst|              ; 12 (0)            ; 0 (0)        ; 0           ; 0            ; 0       ; 0         ; 0    ; 0            ; |CircuitoFinal|ULA:inst                               ; work         ;
;       |Complemento:inst3|  ; 1 (1)             ; 0 (0)        ; 0           ; 0            ; 0       ; 0         ; 0    ; 0            ; |CircuitoFinal|ULA:inst|Complemento:inst3             ; work         ;
;       |Somador:inst|       ; 8 (4)             ; 0 (0)        ; 0           ; 0            ; 0       ; 0         ; 0    ; 0            ; |CircuitoFinal|ULA:inst|Somador:inst                  ; work         ;
;          |xor3:inst30|     ; 1 (1)             ; 0 (0)        ; 0           ; 0            ; 0       ; 0         ; 0    ; 0            ; |CircuitoFinal|ULA:inst|Somador:inst|xor3:inst30      ; work         ;
;          |xor3:inst31|     ; 1 (1)             ; 0 (0)        ; 0           ; 0            ; 0       ; 0         ; 0    ; 0            ; |CircuitoFinal|ULA:inst|Somador:inst|xor3:inst31      ; work         ;
;          |xor3:inst32|     ; 1 (1)             ; 0 (0)        ; 0           ; 0            ; 0       ; 0         ; 0    ; 0            ; |CircuitoFinal|ULA:inst|Somador:inst|xor3:inst32      ; work         ;
;          |xor3:inst33|     ; 1 (1)             ; 0 (0)        ; 0           ; 0            ; 0       ; 0         ; 0    ; 0            ; |CircuitoFinal|ULA:inst|Somador:inst|xor3:inst33      ; work         ;
;       |Zera:inst5|         ; 3 (3)             ; 0 (0)        ; 0           ; 0            ; 0       ; 0         ; 0    ; 0            ; |CircuitoFinal|ULA:inst|Zera:inst5                    ; work         ;
;    |reg4bitsNovo:inst11|   ; 5 (0)             ; 3 (3)        ; 0           ; 0            ; 0       ; 0         ; 0    ; 0            ; |CircuitoFinal|reg4bitsNovo:inst11                    ; work         ;
;       |enable-clear:inst5| ; 5 (5)             ; 0 (0)        ; 0           ; 0            ; 0       ; 0         ; 0    ; 0            ; |CircuitoFinal|reg4bitsNovo:inst11|enable-clear:inst5 ; work         ;
;    |reg4bitsNovo:inst12|   ; 5 (0)             ; 4 (4)        ; 0           ; 0            ; 0       ; 0         ; 0    ; 0            ; |CircuitoFinal|reg4bitsNovo:inst12                    ; work         ;
;       |enable-clear:inst5| ; 5 (5)             ; 0 (0)        ; 0           ; 0            ; 0       ; 0         ; 0    ; 0            ; |CircuitoFinal|reg4bitsNovo:inst12|enable-clear:inst5 ; work         ;
;    |reg4bitsNovo:inst7|    ; 4 (0)             ; 4 (4)        ; 0           ; 0            ; 0       ; 0         ; 0    ; 0            ; |CircuitoFinal|reg4bitsNovo:inst7                     ; work         ;
;       |enable-clear:inst5| ; 4 (4)             ; 0 (0)        ; 0           ; 0            ; 0       ; 0         ; 0    ; 0            ; |CircuitoFinal|reg4bitsNovo:inst7|enable-clear:inst5  ; work         ;
;    |reg4bitsNovo:inst8|    ; 4 (0)             ; 4 (4)        ; 0           ; 0            ; 0       ; 0         ; 0    ; 0            ; |CircuitoFinal|reg4bitsNovo:inst8                     ; work         ;
;       |enable-clear:inst5| ; 4 (4)             ; 0 (0)        ; 0           ; 0            ; 0       ; 0         ; 0    ; 0            ; |CircuitoFinal|reg4bitsNovo:inst8|enable-clear:inst5  ; work         ;
+----------------------------+-------------------+--------------+-------------+--------------+---------+-----------+------+--------------+-------------------------------------------------------+--------------+
Note: For table entries with two numbers listed, the numbers in parentheses indicate the number of resources of the given type used by the specific entity alone. The numbers listed outside of parentheses indicate the total resources of the given type used by the specific entity and all of its sub-entities in the hierarchy.


+-------------------------------------------------------------------------------+
; Registers Removed During Synthesis                                            ;
+---------------------------------------+---------------------------------------+
; Register name                         ; Reason for Removal                    ;
+---------------------------------------+---------------------------------------+
; reg4bitsNovo:inst11|inst              ; Merged with reg4bitsNovo:inst12|inst2 ;
; Total Number of Removed Registers = 1 ;                                       ;
+---------------------------------------+---------------------------------------+


+------------------------------------------------------+
; General Register Statistics                          ;
+----------------------------------------------+-------+
; Statistic                                    ; Value ;
+----------------------------------------------+-------+
; Total registers                              ; 15    ;
; Number of registers using Synchronous Clear  ; 0     ;
; Number of registers using Synchronous Load   ; 0     ;
; Number of registers using Asynchronous Clear ; 0     ;
; Number of registers using Asynchronous Load  ; 0     ;
; Number of registers using Clock Enable       ; 0     ;
; Number of registers using Preset             ; 0     ;
+----------------------------------------------+-------+


+-------------------------------+
; Elapsed Time Per Partition    ;
+----------------+--------------+
; Partition Name ; Elapsed Time ;
+----------------+--------------+
; Top            ; 00:00:00     ;
+----------------+--------------+


+-------------------------------+
; Analysis & Synthesis Messages ;
+-------------------------------+
Info: *******************************************************************
Info: Running Quartus II 32-bit Analysis & Synthesis
    Info: Version 13.0.1 Build 232 06/12/2013 Service Pack 1 SJ Web Edition
    Info: Processing started: Thu Apr 26 20:15:43 2018
Info: Command: quartus_map --read_settings_files=on --write_settings_files=off CircuitoFinal -c CircuitoFinal
Warning (20028): Parallel compilation is not licensed and has been disabled
Info (12021): Found 1 design units, including 1 entities, in source file CircuitoFinal.bdf
    Info (12023): Found entity 1: CircuitoFinal
Info (12127): Elaborating entity "CircuitoFinal" for the top level hierarchy
Warning (275011): Block or symbol "reg4bitsNovo" of instance "inst11" overlaps another block or symbol
Warning (12125): Using design file reg4bitsNovo.bdf, which is not specified as a design file for the current project, but contains definitions for 1 design units and 1 entities in project
    Info (12023): Found entity 1: reg4bitsNovo
Info (12128): Elaborating entity "reg4bitsNovo" for hierarchy "reg4bitsNovo:inst7"
Warning (12125): Using design file enable-clear.bdf, which is not specified as a design file for the current project, but contains definitions for 1 design units and 1 entities in project
    Info (12023): Found entity 1: enable-clear
Info (12128): Elaborating entity "enable-clear" for hierarchy "reg4bitsNovo:inst7|enable-clear:inst5"
Warning (12125): Using design file Tristate4bits.bdf, which is not specified as a design file for the current project, but contains definitions for 1 design units and 1 entities in project
    Info (12023): Found entity 1: Tristate4bits
Info (12128): Elaborating entity "Tristate4bits" for hierarchy "Tristate4bits:inst9"
Warning (12125): Using design file ULA.bdf, which is not specified as a design file for the current project, but contains definitions for 1 design units and 1 entities in project
    Info (12023): Found entity 1: ULA
Info (12128): Elaborating entity "ULA" for hierarchy "ULA:inst"
Warning (12125): Using design file Somador.bdf, which is not specified as a design file for the current project, but contains definitions for 1 design units and 1 entities in project
    Info (12023): Found entity 1: Somador
Info (12128): Elaborating entity "Somador" for hierarchy "ULA:inst|Somador:inst"
Info (12128): Elaborating entity "XOR3" for hierarchy "ULA:inst|Somador:inst|XOR3:inst33"
Info (12130): Elaborated megafunction instantiation "ULA:inst|Somador:inst|XOR3:inst33"
Warning (12125): Using design file Decodificador.bdf, which is not specified as a design file for the current project, but contains definitions for 1 design units and 1 entities in project
    Info (12023): Found entity 1: Decodificador
Info (12128): Elaborating entity "Decodificador" for hierarchy "ULA:inst|Decodificador:inst1"
Warning (12125): Using design file Complemento.bdf, which is not specified as a design file for the current project, but contains definitions for 1 design units and 1 entities in project
    Info (12023): Found entity 1: Complemento
Info (12128): Elaborating entity "Complemento" for hierarchy "ULA:inst|Complemento:inst2"
Warning (12125): Using design file Zera.bdf, which is not specified as a design file for the current project, but contains definitions for 1 design units and 1 entities in project
    Info (12023): Found entity 1: Zera
Info (12128): Elaborating entity "Zera" for hierarchy "ULA:inst|Zera:inst5"
Warning (12125): Using design file Hex.bdf, which is not specified as a design file for the current project, but contains definitions for 1 design units and 1 entities in project
    Info (12023): Found entity 1: Hex
Info (12128): Elaborating entity "Hex" for hierarchy "Hex:inst3"
Warning (13046): Tri-state node(s) do not directly drive top-level pin(s)
    Warning (13047): Converted the fan-out from the tri-state buffer "Tristate4bits:inst9|inst" to the node "reg4bitsNovo:inst7|enable-clear:inst5|inst2[3]" into an OR gate
    Warning (13047): Converted the fan-out from the tri-state buffer "Tristate4bits:inst9|inst1" to the node "reg4bitsNovo:inst7|enable-clear:inst5|inst2[2]" into an OR gate
    Warning (13047): Converted the fan-out from the tri-state buffer "Tristate4bits:inst9|inst2" to the node "reg4bitsNovo:inst7|enable-clear:inst5|inst2[1]" into an OR gate
    Warning (13047): Converted the fan-out from the tri-state buffer "Tristate4bits:inst9|inst4" to the node "reg4bitsNovo:inst7|enable-clear:inst5|inst2[0]" into an OR gate
Info (16010): Generating hard_block partition "hard_block:auto_generated_inst"
    Info (16011): Adding 0 node(s), including 0 DDIO, 0 PLL, 0 transceiver and 0 LCELL
Info (21057): Implemented 124 device resources after synthesis - the final resource count might be different
    Info (21058): Implemented 10 input pins
    Info (21059): Implemented 52 output pins
    Info (21061): Implemented 62 logic cells
Info: Quartus II 32-bit Analysis & Synthesis was successful. 0 errors, 16 warnings
    Info: Peak virtual memory: 342 megabytes
    Info: Processing ended: Thu Apr 26 20:15:46 2018
    Info: Elapsed time: 00:00:03
    Info: Total CPU time (on all processors): 00:00:02


