Analysis & Synthesis report for memoriaRAM
Fri Jun 29 14:19:43 2018
Quartus II 32-bit Version 13.0.1 Build 232 06/12/2013 Service Pack 1 SJ Web Edition


---------------------
; Table of Contents ;
---------------------
  1. Legal Notice
  2. Analysis & Synthesis Summary
  3. Analysis & Synthesis Settings
  4. Parallel Compilation
  5. Analysis & Synthesis Source Files Read
  6. Analysis & Synthesis Resource Usage Summary
  7. Analysis & Synthesis Resource Utilization by Entity
  8. General Register Statistics
  9. Elapsed Time Per Partition
 10. Analysis & Synthesis Messages



----------------
; Legal Notice ;
----------------
Copyright (C) 1991-2013 Altera Corporation
Your use of Altera Corporation's design tools, logic functions 
and other software and tools, and its AMPP partner logic 
functions, and any output files from any of the foregoing 
(including device programming or simulation files), and any 
associated documentation or information are expressly subject 
to the terms and conditions of the Altera Program License 
Subscription Agreement, Altera MegaCore Function License 
Agreement, or other applicable license agreement, including, 
without limitation, that your use is for the sole purpose of 
programming logic devices manufactured by Altera and sold by 
Altera or its authorized distributors.  Please refer to the 
applicable agreement for further details.



+--------------------------------------------------------------------------------------+
; Analysis & Synthesis Summary                                                         ;
+------------------------------------+-------------------------------------------------+
; Analysis & Synthesis Status        ; Successful - Fri Jun 29 14:19:43 2018           ;
; Quartus II 32-bit Version          ; 13.0.1 Build 232 06/12/2013 SP 1 SJ Web Edition ;
; Revision Name                      ; memoriaRAM                                      ;
; Top-level Entity Name              ; memoriaRAM                                      ;
; Family                             ; Cyclone II                                      ;
; Total logic elements               ; 764                                             ;
;     Total combinational functions  ; 764                                             ;
;     Dedicated logic registers      ; 160                                             ;
; Total registers                    ; 160                                             ;
; Total pins                         ; 39                                              ;
; Total virtual pins                 ; 0                                               ;
; Total memory bits                  ; 0                                               ;
; Embedded Multiplier 9-bit elements ; 0                                               ;
; Total PLLs                         ; 0                                               ;
+------------------------------------+-------------------------------------------------+


+----------------------------------------------------------------------------------------------------------------------+
; Analysis & Synthesis Settings                                                                                        ;
+----------------------------------------------------------------------------+--------------------+--------------------+
; Option                                                                     ; Setting            ; Default Value      ;
+----------------------------------------------------------------------------+--------------------+--------------------+
; Device                                                                     ; EP2C20F484C7       ;                    ;
; Top-level entity name                                                      ; memoriaRAM         ; memoriaRAM         ;
; Family name                                                                ; Cyclone II         ; Cyclone IV GX      ;
; Use smart compilation                                                      ; Off                ; Off                ;
; Enable parallel Assembler and TimeQuest Timing Analyzer during compilation ; On                 ; On                 ;
; Enable compact report table                                                ; Off                ; Off                ;
; Restructure Multiplexers                                                   ; Auto               ; Auto               ;
; Create Debugging Nodes for IP Cores                                        ; Off                ; Off                ;
; Preserve fewer node names                                                  ; On                 ; On                 ;
; Disable OpenCore Plus hardware evaluation                                  ; Off                ; Off                ;
; Verilog Version                                                            ; Verilog_2001       ; Verilog_2001       ;
; VHDL Version                                                               ; VHDL_1993          ; VHDL_1993          ;
; State Machine Processing                                                   ; Auto               ; Auto               ;
; Safe State Machine                                                         ; Off                ; Off                ;
; Extract Verilog State Machines                                             ; On                 ; On                 ;
; Extract VHDL State Machines                                                ; On                 ; On                 ;
; Ignore Verilog initial constructs                                          ; Off                ; Off                ;
; Iteration limit for constant Verilog loops                                 ; 5000               ; 5000               ;
; Iteration limit for non-constant Verilog loops                             ; 250                ; 250                ;
; Add Pass-Through Logic to Inferred RAMs                                    ; On                 ; On                 ;
; Infer RAMs from Raw Logic                                                  ; On                 ; On                 ;
; Parallel Synthesis                                                         ; On                 ; On                 ;
; DSP Block Balancing                                                        ; Auto               ; Auto               ;
; NOT Gate Push-Back                                                         ; On                 ; On                 ;
; Power-Up Don't Care                                                        ; On                 ; On                 ;
; Remove Redundant Logic Cells                                               ; Off                ; Off                ;
; Remove Duplicate Registers                                                 ; On                 ; On                 ;
; Ignore CARRY Buffers                                                       ; Off                ; Off                ;
; Ignore CASCADE Buffers                                                     ; Off                ; Off                ;
; Ignore GLOBAL Buffers                                                      ; Off                ; Off                ;
; Ignore ROW GLOBAL Buffers                                                  ; Off                ; Off                ;
; Ignore LCELL Buffers                                                       ; Off                ; Off                ;
; Ignore SOFT Buffers                                                        ; On                 ; On                 ;
; Limit AHDL Integers to 32 Bits                                             ; Off                ; Off                ;
; Optimization Technique                                                     ; Balanced           ; Balanced           ;
; Carry Chain Length                                                         ; 70                 ; 70                 ;
; Auto Carry Chains                                                          ; On                 ; On                 ;
; Auto Open-Drain Pins                                                       ; On                 ; On                 ;
; Perform WYSIWYG Primitive Resynthesis                                      ; Off                ; Off                ;
; Auto ROM Replacement                                                       ; On                 ; On                 ;
; Auto RAM Replacement                                                       ; On                 ; On                 ;
; Auto Shift Register Replacement                                            ; Auto               ; Auto               ;
; Allow Shift Register Merging across Hierarchies                            ; Auto               ; Auto               ;
; Auto Clock Enable Replacement                                              ; On                 ; On                 ;
; Strict RAM Replacement                                                     ; Off                ; Off                ;
; Allow Synchronous Control Signals                                          ; On                 ; On                 ;
; Force Use of Synchronous Clear Signals                                     ; Off                ; Off                ;
; Auto RAM to Logic Cell Conversion                                          ; Off                ; Off                ;
; Auto Resource Sharing                                                      ; Off                ; Off                ;
; Allow Any RAM Size For Recognition                                         ; Off                ; Off                ;
; Allow Any ROM Size For Recognition                                         ; Off                ; Off                ;
; Allow Any Shift Register Size For Recognition                              ; Off                ; Off                ;
; Use LogicLock Constraints during Resource Balancing                        ; On                 ; On                 ;
; Ignore translate_off and synthesis_off directives                          ; Off                ; Off                ;
; Timing-Driven Synthesis                                                    ; Off                ; Off                ;
; Report Parameter Settings                                                  ; On                 ; On                 ;
; Report Source Assignments                                                  ; On                 ; On                 ;
; Report Connectivity Checks                                                 ; On                 ; On                 ;
; Ignore Maximum Fan-Out Assignments                                         ; Off                ; Off                ;
; Synchronization Register Chain Length                                      ; 2                  ; 2                  ;
; PowerPlay Power Optimization                                               ; Normal compilation ; Normal compilation ;
; HDL message level                                                          ; Level2             ; Level2             ;
; Suppress Register Optimization Related Messages                            ; Off                ; Off                ;
; Number of Removed Registers Reported in Synthesis Report                   ; 5000               ; 5000               ;
; Number of Swept Nodes Reported in Synthesis Report                         ; 5000               ; 5000               ;
; Number of Inverted Registers Reported in Synthesis Report                  ; 100                ; 100                ;
; Clock MUX Protection                                                       ; On                 ; On                 ;
; Auto Gated Clock Conversion                                                ; Off                ; Off                ;
; Block Design Naming                                                        ; Auto               ; Auto               ;
; SDC constraint protection                                                  ; Off                ; Off                ;
; Synthesis Effort                                                           ; Auto               ; Auto               ;
; Shift Register Replacement - Allow Asynchronous Clear Signal               ; On                 ; On                 ;
; Pre-Mapping Resynthesis Optimization                                       ; Off                ; Off                ;
; Analysis & Synthesis Message Level                                         ; Medium             ; Medium             ;
; Disable Register Merging Across Hierarchies                                ; Auto               ; Auto               ;
; Resource Aware Inference For Block RAM                                     ; On                 ; On                 ;
; Synthesis Seed                                                             ; 1                  ; 1                  ;
+----------------------------------------------------------------------------+--------------------+--------------------+


Parallel compilation was disabled, but you have multiple processors available. Enable parallel compilation to reduce compilation time.
+-------------------------------------+
; Parallel Compilation                ;
+----------------------------+--------+
; Processors                 ; Number ;
+----------------------------+--------+
; Number detected on machine ; 4      ;
; Maximum allowed            ; 1      ;
+----------------------------+--------+


+-----------------------------------------------------------------------------------------------------------------------------------------------------------------------------------------------------------------------+
; Analysis & Synthesis Source Files Read                                                                                                                                                                                ;
+----------------------------------+-----------------+------------------------------------------+-------------------------------------------------------------------------------------------------------------+---------+
; File Name with User-Entered Path ; Used in Netlist ; File Type                                ; File Name with Absolute Path                                                                                ; Library ;
+----------------------------------+-----------------+------------------------------------------+-------------------------------------------------------------------------------------------------------------+---------+
; memoriaRAM.bdf                   ; yes             ; User Block Diagram/Schematic File        ; /net/nfs1.fee.unicamp.br/export/vol1/home/EC16/ra178610/EA773/Projeto Final/RAM/memoriaRAM/memoriaRAM.bdf   ;         ;
; decoderRAM.bdf                   ; yes             ; Auto-Found Block Diagram/Schematic File  ; /net/nfs1.fee.unicamp.br/export/vol1/home/EC16/ra178610/EA773/Projeto Final/RAM/memoriaRAM/decoderRAM.bdf   ;         ;
; reg4bitsNovo.bdf                 ; yes             ; Auto-Found Block Diagram/Schematic File  ; /net/nfs1.fee.unicamp.br/export/vol1/home/EC16/ra178610/EA773/Projeto Final/RAM/memoriaRAM/reg4bitsNovo.bdf ;         ;
; enable-clear.bdf                 ; yes             ; Auto-Found Block Diagram/Schematic File  ; /net/nfs1.fee.unicamp.br/export/vol1/home/EC16/ra178610/EA773/Projeto Final/RAM/memoriaRAM/enable-clear.bdf ;         ;
; acessoRAM.bdf                    ; yes             ; Auto-Found Block Diagram/Schematic File  ; /net/nfs1.fee.unicamp.br/export/vol1/home/EC16/ra178610/EA773/Projeto Final/RAM/memoriaRAM/acessoRAM.bdf    ;         ;
; tri4RAMs.bdf                     ; yes             ; Auto-Found Block Diagram/Schematic File  ; /net/nfs1.fee.unicamp.br/export/vol1/home/EC16/ra178610/EA773/Projeto Final/RAM/memoriaRAM/tri4RAMs.bdf     ;         ;
+----------------------------------+-----------------+------------------------------------------+-------------------------------------------------------------------------------------------------------------+---------+


+------------------------------------------------------------------------+
; Analysis & Synthesis Resource Usage Summary                            ;
+---------------------------------------------+--------------------------+
; Resource                                    ; Usage                    ;
+---------------------------------------------+--------------------------+
; Estimated Total logic elements              ; 764                      ;
;                                             ;                          ;
; Total combinational functions               ; 764                      ;
; Logic element usage by number of LUT inputs ;                          ;
;     -- 4 input functions                    ; 696                      ;
;     -- 3 input functions                    ; 58                       ;
;     -- <=2 input functions                  ; 10                       ;
;                                             ;                          ;
; Logic elements by mode                      ;                          ;
;     -- normal mode                          ; 764                      ;
;     -- arithmetic mode                      ; 0                        ;
;                                             ;                          ;
; Total registers                             ; 160                      ;
;     -- Dedicated logic registers            ; 160                      ;
;     -- I/O registers                        ; 0                        ;
;                                             ;                          ;
; I/O pins                                    ; 39                       ;
; Embedded Multiplier 9-bit elements          ; 0                        ;
; Maximum fan-out node                        ; reg4bitsNovo:inst2|inst7 ;
; Maximum fan-out                             ; 324                      ;
; Total fan-out                               ; 3349                     ;
; Average fan-out                             ; 3.48                     ;
+---------------------------------------------+--------------------------+


+------------------------------------------------------------------------------------------------------------------------------------------------------------------------------------------------------------+
; Analysis & Synthesis Resource Utilization by Entity                                                                                                                                                        ;
+----------------------------+-------------------+--------------+-------------+--------------+---------+-----------+------+--------------+----------------------------------------------------+--------------+
; Compilation Hierarchy Node ; LC Combinationals ; LC Registers ; Memory Bits ; DSP Elements ; DSP 9x9 ; DSP 18x18 ; Pins ; Virtual Pins ; Full Hierarchy Name                                ; Library Name ;
+----------------------------+-------------------+--------------+-------------+--------------+---------+-----------+------+--------------+----------------------------------------------------+--------------+
; |memoriaRAM                ; 764 (2)           ; 160 (0)      ; 0           ; 0            ; 0       ; 0         ; 39   ; 0            ; |memoriaRAM                                        ; work         ;
;    |acessoRAM:inst10|      ; 1 (1)             ; 0 (0)        ; 0           ; 0            ; 0       ; 0         ; 0    ; 0            ; |memoriaRAM|acessoRAM:inst10                       ; work         ;
;    |acessoRAM:inst11|      ; 1 (1)             ; 0 (0)        ; 0           ; 0            ; 0       ; 0         ; 0    ; 0            ; |memoriaRAM|acessoRAM:inst11                       ; work         ;
;    |acessoRAM:inst13|      ; 1 (1)             ; 0 (0)        ; 0           ; 0            ; 0       ; 0         ; 0    ; 0            ; |memoriaRAM|acessoRAM:inst13                       ; work         ;
;    |acessoRAM:inst15|      ; 1 (1)             ; 0 (0)        ; 0           ; 0            ; 0       ; 0         ; 0    ; 0            ; |memoriaRAM|acessoRAM:inst15                       ; work         ;
;    |acessoRAM:inst17|      ; 1 (1)             ; 0 (0)        ; 0           ; 0            ; 0       ; 0         ; 0    ; 0            ; |memoriaRAM|acessoRAM:inst17                       ; work         ;
;    |acessoRAM:inst19|      ; 1 (1)             ; 0 (0)        ; 0           ; 0            ; 0       ; 0         ; 0    ; 0            ; |memoriaRAM|acessoRAM:inst19                       ; work         ;
;    |acessoRAM:inst21|      ; 1 (1)             ; 0 (0)        ; 0           ; 0            ; 0       ; 0         ; 0    ; 0            ; |memoriaRAM|acessoRAM:inst21                       ; work         ;
;    |acessoRAM:inst23|      ; 1 (1)             ; 0 (0)        ; 0           ; 0            ; 0       ; 0         ; 0    ; 0            ; |memoriaRAM|acessoRAM:inst23                       ; work         ;
;    |acessoRAM:inst25|      ; 1 (1)             ; 0 (0)        ; 0           ; 0            ; 0       ; 0         ; 0    ; 0            ; |memoriaRAM|acessoRAM:inst25                       ; work         ;
;    |acessoRAM:inst27|      ; 1 (1)             ; 0 (0)        ; 0           ; 0            ; 0       ; 0         ; 0    ; 0            ; |memoriaRAM|acessoRAM:inst27                       ; work         ;
;    |acessoRAM:inst29|      ; 1 (1)             ; 0 (0)        ; 0           ; 0            ; 0       ; 0         ; 0    ; 0            ; |memoriaRAM|acessoRAM:inst29                       ; work         ;
;    |acessoRAM:inst31|      ; 1 (1)             ; 0 (0)        ; 0           ; 0            ; 0       ; 0         ; 0    ; 0            ; |memoriaRAM|acessoRAM:inst31                       ; work         ;
;    |acessoRAM:inst33|      ; 1 (1)             ; 0 (0)        ; 0           ; 0            ; 0       ; 0         ; 0    ; 0            ; |memoriaRAM|acessoRAM:inst33                       ; work         ;
;    |acessoRAM:inst35|      ; 1 (1)             ; 0 (0)        ; 0           ; 0            ; 0       ; 0         ; 0    ; 0            ; |memoriaRAM|acessoRAM:inst35                       ; work         ;
;    |acessoRAM:inst37|      ; 1 (1)             ; 0 (0)        ; 0           ; 0            ; 0       ; 0         ; 0    ; 0            ; |memoriaRAM|acessoRAM:inst37                       ; work         ;
;    |acessoRAM:inst39|      ; 1 (1)             ; 0 (0)        ; 0           ; 0            ; 0       ; 0         ; 0    ; 0            ; |memoriaRAM|acessoRAM:inst39                       ; work         ;
;    |acessoRAM:inst41|      ; 1 (1)             ; 0 (0)        ; 0           ; 0            ; 0       ; 0         ; 0    ; 0            ; |memoriaRAM|acessoRAM:inst41                       ; work         ;
;    |acessoRAM:inst43|      ; 1 (1)             ; 0 (0)        ; 0           ; 0            ; 0       ; 0         ; 0    ; 0            ; |memoriaRAM|acessoRAM:inst43                       ; work         ;
;    |acessoRAM:inst45|      ; 1 (1)             ; 0 (0)        ; 0           ; 0            ; 0       ; 0         ; 0    ; 0            ; |memoriaRAM|acessoRAM:inst45                       ; work         ;
;    |acessoRAM:inst47|      ; 1 (1)             ; 0 (0)        ; 0           ; 0            ; 0       ; 0         ; 0    ; 0            ; |memoriaRAM|acessoRAM:inst47                       ; work         ;
;    |acessoRAM:inst49|      ; 1 (1)             ; 0 (0)        ; 0           ; 0            ; 0       ; 0         ; 0    ; 0            ; |memoriaRAM|acessoRAM:inst49                       ; work         ;
;    |acessoRAM:inst51|      ; 1 (1)             ; 0 (0)        ; 0           ; 0            ; 0       ; 0         ; 0    ; 0            ; |memoriaRAM|acessoRAM:inst51                       ; work         ;
;    |acessoRAM:inst53|      ; 1 (1)             ; 0 (0)        ; 0           ; 0            ; 0       ; 0         ; 0    ; 0            ; |memoriaRAM|acessoRAM:inst53                       ; work         ;
;    |acessoRAM:inst55|      ; 1 (1)             ; 0 (0)        ; 0           ; 0            ; 0       ; 0         ; 0    ; 0            ; |memoriaRAM|acessoRAM:inst55                       ; work         ;
;    |acessoRAM:inst57|      ; 1 (1)             ; 0 (0)        ; 0           ; 0            ; 0       ; 0         ; 0    ; 0            ; |memoriaRAM|acessoRAM:inst57                       ; work         ;
;    |acessoRAM:inst59|      ; 1 (1)             ; 0 (0)        ; 0           ; 0            ; 0       ; 0         ; 0    ; 0            ; |memoriaRAM|acessoRAM:inst59                       ; work         ;
;    |acessoRAM:inst61|      ; 1 (1)             ; 0 (0)        ; 0           ; 0            ; 0       ; 0         ; 0    ; 0            ; |memoriaRAM|acessoRAM:inst61                       ; work         ;
;    |acessoRAM:inst63|      ; 1 (1)             ; 0 (0)        ; 0           ; 0            ; 0       ; 0         ; 0    ; 0            ; |memoriaRAM|acessoRAM:inst63                       ; work         ;
;    |acessoRAM:inst65|      ; 1 (1)             ; 0 (0)        ; 0           ; 0            ; 0       ; 0         ; 0    ; 0            ; |memoriaRAM|acessoRAM:inst65                       ; work         ;
;    |acessoRAM:inst67|      ; 1 (1)             ; 0 (0)        ; 0           ; 0            ; 0       ; 0         ; 0    ; 0            ; |memoriaRAM|acessoRAM:inst67                       ; work         ;
;    |acessoRAM:inst7|       ; 111 (111)         ; 0 (0)        ; 0           ; 0            ; 0       ; 0         ; 0    ; 0            ; |memoriaRAM|acessoRAM:inst7                        ; work         ;
;    |acessoRAM:inst8|       ; 1 (1)             ; 0 (0)        ; 0           ; 0            ; 0       ; 0         ; 0    ; 0            ; |memoriaRAM|acessoRAM:inst8                        ; work         ;
;    |decoderRAM:inst6|      ; 16 (16)           ; 0 (0)        ; 0           ; 0            ; 0       ; 0         ; 0    ; 0            ; |memoriaRAM|decoderRAM:inst6                       ; work         ;
;    |decoderRAM:inst99|     ; 17 (17)           ; 0 (0)        ; 0           ; 0            ; 0       ; 0         ; 0    ; 0            ; |memoriaRAM|decoderRAM:inst99                      ; work         ;
;    |reg4bitsNovo:inst12|   ; 5 (0)             ; 5 (5)        ; 0           ; 0            ; 0       ; 0         ; 0    ; 0            ; |memoriaRAM|reg4bitsNovo:inst12                    ; work         ;
;       |enable-clear:inst6| ; 5 (5)             ; 0 (0)        ; 0           ; 0            ; 0       ; 0         ; 0    ; 0            ; |memoriaRAM|reg4bitsNovo:inst12|enable-clear:inst6 ; work         ;
;    |reg4bitsNovo:inst14|   ; 5 (0)             ; 5 (5)        ; 0           ; 0            ; 0       ; 0         ; 0    ; 0            ; |memoriaRAM|reg4bitsNovo:inst14                    ; work         ;
;       |enable-clear:inst6| ; 5 (5)             ; 0 (0)        ; 0           ; 0            ; 0       ; 0         ; 0    ; 0            ; |memoriaRAM|reg4bitsNovo:inst14|enable-clear:inst6 ; work         ;
;    |reg4bitsNovo:inst16|   ; 5 (0)             ; 5 (5)        ; 0           ; 0            ; 0       ; 0         ; 0    ; 0            ; |memoriaRAM|reg4bitsNovo:inst16                    ; work         ;
;       |enable-clear:inst6| ; 5 (5)             ; 0 (0)        ; 0           ; 0            ; 0       ; 0         ; 0    ; 0            ; |memoriaRAM|reg4bitsNovo:inst16|enable-clear:inst6 ; work         ;
;    |reg4bitsNovo:inst18|   ; 5 (0)             ; 5 (5)        ; 0           ; 0            ; 0       ; 0         ; 0    ; 0            ; |memoriaRAM|reg4bitsNovo:inst18                    ; work         ;
;       |enable-clear:inst6| ; 5 (5)             ; 0 (0)        ; 0           ; 0            ; 0       ; 0         ; 0    ; 0            ; |memoriaRAM|reg4bitsNovo:inst18|enable-clear:inst6 ; work         ;
;    |reg4bitsNovo:inst20|   ; 5 (0)             ; 5 (5)        ; 0           ; 0            ; 0       ; 0         ; 0    ; 0            ; |memoriaRAM|reg4bitsNovo:inst20                    ; work         ;
;       |enable-clear:inst6| ; 5 (5)             ; 0 (0)        ; 0           ; 0            ; 0       ; 0         ; 0    ; 0            ; |memoriaRAM|reg4bitsNovo:inst20|enable-clear:inst6 ; work         ;
;    |reg4bitsNovo:inst22|   ; 5 (0)             ; 5 (5)        ; 0           ; 0            ; 0       ; 0         ; 0    ; 0            ; |memoriaRAM|reg4bitsNovo:inst22                    ; work         ;
;       |enable-clear:inst6| ; 5 (5)             ; 0 (0)        ; 0           ; 0            ; 0       ; 0         ; 0    ; 0            ; |memoriaRAM|reg4bitsNovo:inst22|enable-clear:inst6 ; work         ;
;    |reg4bitsNovo:inst24|   ; 5 (0)             ; 5 (5)        ; 0           ; 0            ; 0       ; 0         ; 0    ; 0            ; |memoriaRAM|reg4bitsNovo:inst24                    ; work         ;
;       |enable-clear:inst6| ; 5 (5)             ; 0 (0)        ; 0           ; 0            ; 0       ; 0         ; 0    ; 0            ; |memoriaRAM|reg4bitsNovo:inst24|enable-clear:inst6 ; work         ;
;    |reg4bitsNovo:inst26|   ; 5 (0)             ; 5 (5)        ; 0           ; 0            ; 0       ; 0         ; 0    ; 0            ; |memoriaRAM|reg4bitsNovo:inst26                    ; work         ;
;       |enable-clear:inst6| ; 5 (5)             ; 0 (0)        ; 0           ; 0            ; 0       ; 0         ; 0    ; 0            ; |memoriaRAM|reg4bitsNovo:inst26|enable-clear:inst6 ; work         ;
;    |reg4bitsNovo:inst28|   ; 5 (0)             ; 5 (5)        ; 0           ; 0            ; 0       ; 0         ; 0    ; 0            ; |memoriaRAM|reg4bitsNovo:inst28                    ; work         ;
;       |enable-clear:inst6| ; 5 (5)             ; 0 (0)        ; 0           ; 0            ; 0       ; 0         ; 0    ; 0            ; |memoriaRAM|reg4bitsNovo:inst28|enable-clear:inst6 ; work         ;
;    |reg4bitsNovo:inst2|    ; 10 (0)            ; 5 (5)        ; 0           ; 0            ; 0       ; 0         ; 0    ; 0            ; |memoriaRAM|reg4bitsNovo:inst2                     ; work         ;
;       |enable-clear:inst6| ; 10 (10)           ; 0 (0)        ; 0           ; 0            ; 0       ; 0         ; 0    ; 0            ; |memoriaRAM|reg4bitsNovo:inst2|enable-clear:inst6  ; work         ;
;    |reg4bitsNovo:inst30|   ; 5 (0)             ; 5 (5)        ; 0           ; 0            ; 0       ; 0         ; 0    ; 0            ; |memoriaRAM|reg4bitsNovo:inst30                    ; work         ;
;       |enable-clear:inst6| ; 5 (5)             ; 0 (0)        ; 0           ; 0            ; 0       ; 0         ; 0    ; 0            ; |memoriaRAM|reg4bitsNovo:inst30|enable-clear:inst6 ; work         ;
;    |reg4bitsNovo:inst32|   ; 5 (0)             ; 5 (5)        ; 0           ; 0            ; 0       ; 0         ; 0    ; 0            ; |memoriaRAM|reg4bitsNovo:inst32                    ; work         ;
;       |enable-clear:inst6| ; 5 (5)             ; 0 (0)        ; 0           ; 0            ; 0       ; 0         ; 0    ; 0            ; |memoriaRAM|reg4bitsNovo:inst32|enable-clear:inst6 ; work         ;
;    |reg4bitsNovo:inst34|   ; 5 (0)             ; 5 (5)        ; 0           ; 0            ; 0       ; 0         ; 0    ; 0            ; |memoriaRAM|reg4bitsNovo:inst34                    ; work         ;
;       |enable-clear:inst6| ; 5 (5)             ; 0 (0)        ; 0           ; 0            ; 0       ; 0         ; 0    ; 0            ; |memoriaRAM|reg4bitsNovo:inst34|enable-clear:inst6 ; work         ;
;    |reg4bitsNovo:inst36|   ; 5 (0)             ; 5 (5)        ; 0           ; 0            ; 0       ; 0         ; 0    ; 0            ; |memoriaRAM|reg4bitsNovo:inst36                    ; work         ;
;       |enable-clear:inst6| ; 5 (5)             ; 0 (0)        ; 0           ; 0            ; 0       ; 0         ; 0    ; 0            ; |memoriaRAM|reg4bitsNovo:inst36|enable-clear:inst6 ; work         ;
;    |reg4bitsNovo:inst38|   ; 5 (0)             ; 5 (5)        ; 0           ; 0            ; 0       ; 0         ; 0    ; 0            ; |memoriaRAM|reg4bitsNovo:inst38                    ; work         ;
;       |enable-clear:inst6| ; 5 (5)             ; 0 (0)        ; 0           ; 0            ; 0       ; 0         ; 0    ; 0            ; |memoriaRAM|reg4bitsNovo:inst38|enable-clear:inst6 ; work         ;
;    |reg4bitsNovo:inst3|    ; 5 (0)             ; 5 (5)        ; 0           ; 0            ; 0       ; 0         ; 0    ; 0            ; |memoriaRAM|reg4bitsNovo:inst3                     ; work         ;
;       |enable-clear:inst6| ; 5 (5)             ; 0 (0)        ; 0           ; 0            ; 0       ; 0         ; 0    ; 0            ; |memoriaRAM|reg4bitsNovo:inst3|enable-clear:inst6  ; work         ;
;    |reg4bitsNovo:inst40|   ; 5 (0)             ; 5 (5)        ; 0           ; 0            ; 0       ; 0         ; 0    ; 0            ; |memoriaRAM|reg4bitsNovo:inst40                    ; work         ;
;       |enable-clear:inst6| ; 5 (5)             ; 0 (0)        ; 0           ; 0            ; 0       ; 0         ; 0    ; 0            ; |memoriaRAM|reg4bitsNovo:inst40|enable-clear:inst6 ; work         ;
;    |reg4bitsNovo:inst42|   ; 5 (0)             ; 5 (5)        ; 0           ; 0            ; 0       ; 0         ; 0    ; 0            ; |memoriaRAM|reg4bitsNovo:inst42                    ; work         ;
;       |enable-clear:inst6| ; 5 (5)             ; 0 (0)        ; 0           ; 0            ; 0       ; 0         ; 0    ; 0            ; |memoriaRAM|reg4bitsNovo:inst42|enable-clear:inst6 ; work         ;
;    |reg4bitsNovo:inst44|   ; 5 (0)             ; 5 (5)        ; 0           ; 0            ; 0       ; 0         ; 0    ; 0            ; |memoriaRAM|reg4bitsNovo:inst44                    ; work         ;
;       |enable-clear:inst6| ; 5 (5)             ; 0 (0)        ; 0           ; 0            ; 0       ; 0         ; 0    ; 0            ; |memoriaRAM|reg4bitsNovo:inst44|enable-clear:inst6 ; work         ;
;    |reg4bitsNovo:inst46|   ; 5 (0)             ; 5 (5)        ; 0           ; 0            ; 0       ; 0         ; 0    ; 0            ; |memoriaRAM|reg4bitsNovo:inst46                    ; work         ;
;       |enable-clear:inst6| ; 5 (5)             ; 0 (0)        ; 0           ; 0            ; 0       ; 0         ; 0    ; 0            ; |memoriaRAM|reg4bitsNovo:inst46|enable-clear:inst6 ; work         ;
;    |reg4bitsNovo:inst48|   ; 5 (0)             ; 5 (5)        ; 0           ; 0            ; 0       ; 0         ; 0    ; 0            ; |memoriaRAM|reg4bitsNovo:inst48                    ; work         ;
;       |enable-clear:inst6| ; 5 (5)             ; 0 (0)        ; 0           ; 0            ; 0       ; 0         ; 0    ; 0            ; |memoriaRAM|reg4bitsNovo:inst48|enable-clear:inst6 ; work         ;
;    |reg4bitsNovo:inst4|    ; 5 (0)             ; 5 (5)        ; 0           ; 0            ; 0       ; 0         ; 0    ; 0            ; |memoriaRAM|reg4bitsNovo:inst4                     ; work         ;
;       |enable-clear:inst6| ; 5 (5)             ; 0 (0)        ; 0           ; 0            ; 0       ; 0         ; 0    ; 0            ; |memoriaRAM|reg4bitsNovo:inst4|enable-clear:inst6  ; work         ;
;    |reg4bitsNovo:inst50|   ; 5 (0)             ; 5 (5)        ; 0           ; 0            ; 0       ; 0         ; 0    ; 0            ; |memoriaRAM|reg4bitsNovo:inst50                    ; work         ;
;       |enable-clear:inst6| ; 5 (5)             ; 0 (0)        ; 0           ; 0            ; 0       ; 0         ; 0    ; 0            ; |memoriaRAM|reg4bitsNovo:inst50|enable-clear:inst6 ; work         ;
;    |reg4bitsNovo:inst52|   ; 5 (0)             ; 5 (5)        ; 0           ; 0            ; 0       ; 0         ; 0    ; 0            ; |memoriaRAM|reg4bitsNovo:inst52                    ; work         ;
;       |enable-clear:inst6| ; 5 (5)             ; 0 (0)        ; 0           ; 0            ; 0       ; 0         ; 0    ; 0            ; |memoriaRAM|reg4bitsNovo:inst52|enable-clear:inst6 ; work         ;
;    |reg4bitsNovo:inst54|   ; 5 (0)             ; 5 (5)        ; 0           ; 0            ; 0       ; 0         ; 0    ; 0            ; |memoriaRAM|reg4bitsNovo:inst54                    ; work         ;
;       |enable-clear:inst6| ; 5 (5)             ; 0 (0)        ; 0           ; 0            ; 0       ; 0         ; 0    ; 0            ; |memoriaRAM|reg4bitsNovo:inst54|enable-clear:inst6 ; work         ;
;    |reg4bitsNovo:inst56|   ; 5 (0)             ; 5 (5)        ; 0           ; 0            ; 0       ; 0         ; 0    ; 0            ; |memoriaRAM|reg4bitsNovo:inst56                    ; work         ;
;       |enable-clear:inst6| ; 5 (5)             ; 0 (0)        ; 0           ; 0            ; 0       ; 0         ; 0    ; 0            ; |memoriaRAM|reg4bitsNovo:inst56|enable-clear:inst6 ; work         ;
;    |reg4bitsNovo:inst58|   ; 5 (0)             ; 5 (5)        ; 0           ; 0            ; 0       ; 0         ; 0    ; 0            ; |memoriaRAM|reg4bitsNovo:inst58                    ; work         ;
;       |enable-clear:inst6| ; 5 (5)             ; 0 (0)        ; 0           ; 0            ; 0       ; 0         ; 0    ; 0            ; |memoriaRAM|reg4bitsNovo:inst58|enable-clear:inst6 ; work         ;
;    |reg4bitsNovo:inst5|    ; 5 (0)             ; 5 (5)        ; 0           ; 0            ; 0       ; 0         ; 0    ; 0            ; |memoriaRAM|reg4bitsNovo:inst5                     ; work         ;
;       |enable-clear:inst6| ; 5 (5)             ; 0 (0)        ; 0           ; 0            ; 0       ; 0         ; 0    ; 0            ; |memoriaRAM|reg4bitsNovo:inst5|enable-clear:inst6  ; work         ;
;    |reg4bitsNovo:inst60|   ; 5 (0)             ; 5 (5)        ; 0           ; 0            ; 0       ; 0         ; 0    ; 0            ; |memoriaRAM|reg4bitsNovo:inst60                    ; work         ;
;       |enable-clear:inst6| ; 5 (5)             ; 0 (0)        ; 0           ; 0            ; 0       ; 0         ; 0    ; 0            ; |memoriaRAM|reg4bitsNovo:inst60|enable-clear:inst6 ; work         ;
;    |reg4bitsNovo:inst62|   ; 5 (0)             ; 5 (5)        ; 0           ; 0            ; 0       ; 0         ; 0    ; 0            ; |memoriaRAM|reg4bitsNovo:inst62                    ; work         ;
;       |enable-clear:inst6| ; 5 (5)             ; 0 (0)        ; 0           ; 0            ; 0       ; 0         ; 0    ; 0            ; |memoriaRAM|reg4bitsNovo:inst62|enable-clear:inst6 ; work         ;
;    |reg4bitsNovo:inst64|   ; 5 (0)             ; 5 (5)        ; 0           ; 0            ; 0       ; 0         ; 0    ; 0            ; |memoriaRAM|reg4bitsNovo:inst64                    ; work         ;
;       |enable-clear:inst6| ; 5 (5)             ; 0 (0)        ; 0           ; 0            ; 0       ; 0         ; 0    ; 0            ; |memoriaRAM|reg4bitsNovo:inst64|enable-clear:inst6 ; work         ;
;    |reg4bitsNovo:inst66|   ; 5 (0)             ; 5 (5)        ; 0           ; 0            ; 0       ; 0         ; 0    ; 0            ; |memoriaRAM|reg4bitsNovo:inst66                    ; work         ;
;       |enable-clear:inst6| ; 5 (5)             ; 0 (0)        ; 0           ; 0            ; 0       ; 0         ; 0    ; 0            ; |memoriaRAM|reg4bitsNovo:inst66|enable-clear:inst6 ; work         ;
;    |tri4RAMs:inst116|      ; 399 (399)         ; 0 (0)        ; 0           ; 0            ; 0       ; 0         ; 0    ; 0            ; |memoriaRAM|tri4RAMs:inst116                       ; work         ;
;    |tri4RAMs:inst131|      ; 20 (20)           ; 0 (0)        ; 0           ; 0            ; 0       ; 0         ; 0    ; 0            ; |memoriaRAM|tri4RAMs:inst131                       ; work         ;
;    |tri4RAMs:inst132|      ; 1 (1)             ; 0 (0)        ; 0           ; 0            ; 0       ; 0         ; 0    ; 0            ; |memoriaRAM|tri4RAMs:inst132                       ; work         ;
;    |tri4RAMs:inst133|      ; 1 (1)             ; 0 (0)        ; 0           ; 0            ; 0       ; 0         ; 0    ; 0            ; |memoriaRAM|tri4RAMs:inst133                       ; work         ;
;    |tri4RAMs:inst134|      ; 1 (1)             ; 0 (0)        ; 0           ; 0            ; 0       ; 0         ; 0    ; 0            ; |memoriaRAM|tri4RAMs:inst134                       ; work         ;
+----------------------------+-------------------+--------------+-------------+--------------+---------+-----------+------+--------------+----------------------------------------------------+--------------+
Note: For table entries with two numbers listed, the numbers in parentheses indicate the number of resources of the given type used by the specific entity alone. The numbers listed outside of parentheses indicate the total resources of the given type used by the specific entity and all of its sub-entities in the hierarchy.


+------------------------------------------------------+
; General Register Statistics                          ;
+----------------------------------------------+-------+
; Statistic                                    ; Value ;
+----------------------------------------------+-------+
; Total registers                              ; 160   ;
; Number of registers using Synchronous Clear  ; 0     ;
; Number of registers using Synchronous Load   ; 0     ;
; Number of registers using Asynchronous Clear ; 0     ;
; Number of registers using Asynchronous Load  ; 0     ;
; Number of registers using Clock Enable       ; 0     ;
; Number of registers using Preset             ; 0     ;
+----------------------------------------------+-------+


+-------------------------------+
; Elapsed Time Per Partition    ;
+----------------+--------------+
; Partition Name ; Elapsed Time ;
+----------------+--------------+
; Top            ; 00:00:01     ;
+----------------+--------------+


+-------------------------------+
; Analysis & Synthesis Messages ;
+-------------------------------+
Info: *******************************************************************
Info: Running Quartus II 32-bit Analysis & Synthesis
    Info: Version 13.0.1 Build 232 06/12/2013 Service Pack 1 SJ Web Edition
    Info: Processing started: Fri Jun 29 14:19:38 2018
Info: Command: quartus_map --read_settings_files=on --write_settings_files=off memoriaRAM -c memoriaRAM
Warning (20028): Parallel compilation is not licensed and has been disabled
Info (12021): Found 1 design units, including 1 entities, in source file memoriaRAM.bdf
    Info (12023): Found entity 1: memoriaRAM
Info (12127): Elaborating entity "memoriaRAM" for the top level hierarchy
Warning (275083): Bus "num31[4..0]" found using same base name as "num31", which might lead to a name conflict.
Warning (275083): Bus "num30[4..0]" found using same base name as "num30", which might lead to a name conflict.
Warning (275083): Bus "num24[4..0]" found using same base name as "num24", which might lead to a name conflict.
Warning (275083): Bus "num23[4..0]" found using same base name as "num23", which might lead to a name conflict.
Warning (275083): Bus "num22[4..0]" found using same base name as "num22", which might lead to a name conflict.
Warning (275083): Bus "num21[4..0]" found using same base name as "num21", which might lead to a name conflict.
Warning (275083): Bus "num20[4..0]" found using same base name as "num20", which might lead to a name conflict.
Warning (275083): Bus "num14[4..0]" found using same base name as "num14", which might lead to a name conflict.
Warning (275083): Bus "num13[4..0]" found using same base name as "num13", which might lead to a name conflict.
Warning (275083): Bus "num12[4..0]" found using same base name as "num12", which might lead to a name conflict.
Warning (275083): Bus "num11[4..0]" found using same base name as "num11", which might lead to a name conflict.
Warning (275083): Bus "num10[4..0]" found using same base name as "num10", which might lead to a name conflict.
Warning (275083): Bus "num31[4..0]" found using same base name as "num31", which might lead to a name conflict.
Warning (275080): Converted elements in bus name "num1" using legacy naming rules. Make any assignments on the new names, not on the original names.
    Warning (275081): Converted element name(s) from "num1[4..0]" to "num14..0"
    Warning (275081): Converted element name(s) from "num1[4..0]" to "num14..0"
    Warning (275081): Converted element name(s) from "num1[4..0]" to "num14..0"
    Warning (275081): Converted element name(s) from "num1[4..0]" to "num14..0"
Warning (275080): Converted elements in bus name "num10" using legacy naming rules. Make any assignments on the new names, not on the original names.
    Warning (275081): Converted element name(s) from "num10[4..0]" to "num104..0"
    Warning (275081): Converted element name(s) from "num10[4..0]" to "num104..0"
    Warning (275081): Converted element name(s) from "num10[4..0]" to "num104..0"
    Warning (275081): Converted element name(s) from "num10[4..0]" to "num104..0"
    Warning (275081): Converted element name(s) from "num10[4..0]" to "num104..0"
    Warning (275081): Converted element name(s) from "num10[4..0]" to "num104..0"
Warning (275080): Converted elements in bus name "num11" using legacy naming rules. Make any assignments on the new names, not on the original names.
    Warning (275081): Converted element name(s) from "num11[4..0]" to "num114..0"
    Warning (275081): Converted element name(s) from "num11[4..0]" to "num114..0"
    Warning (275081): Converted element name(s) from "num11[4..0]" to "num114..0"
    Warning (275081): Converted element name(s) from "num11[4..0]" to "num114..0"
    Warning (275081): Converted element name(s) from "num11[4..0]" to "num114..0"
Warning (275080): Converted elements in bus name "num12" using legacy naming rules. Make any assignments on the new names, not on the original names.
    Warning (275081): Converted element name(s) from "num12[4..0]" to "num124..0"
    Warning (275081): Converted element name(s) from "num12[4..0]" to "num124..0"
    Warning (275081): Converted element name(s) from "num12[4..0]" to "num124..0"
    Warning (275081): Converted element name(s) from "num12[4..0]" to "num124..0"
    Warning (275081): Converted element name(s) from "num12[4..0]" to "num124..0"
Warning (275080): Converted elements in bus name "num13" using legacy naming rules. Make any assignments on the new names, not on the original names.
    Warning (275081): Converted element name(s) from "num13[4..0]" to "num134..0"
    Warning (275081): Converted element name(s) from "num13[4..0]" to "num134..0"
    Warning (275081): Converted element name(s) from "num13[4..0]" to "num134..0"
    Warning (275081): Converted element name(s) from "num13[4..0]" to "num134..0"
    Warning (275081): Converted element name(s) from "num13[4..0]" to "num134..0"
Warning (275080): Converted elements in bus name "num14" using legacy naming rules. Make any assignments on the new names, not on the original names.
    Warning (275081): Converted element name(s) from "num14[4..0]" to "num144..0"
    Warning (275081): Converted element name(s) from "num14[4..0]" to "num144..0"
    Warning (275081): Converted element name(s) from "num14[4..0]" to "num144..0"
    Warning (275081): Converted element name(s) from "num14[4..0]" to "num144..0"
    Warning (275081): Converted element name(s) from "num14[4..0]" to "num144..0"
Warning (275080): Converted elements in bus name "num2" using legacy naming rules. Make any assignments on the new names, not on the original names.
    Warning (275081): Converted element name(s) from "num2[4..0]" to "num24..0"
    Warning (275081): Converted element name(s) from "num2[4..0]" to "num24..0"
    Warning (275081): Converted element name(s) from "num2[4..0]" to "num24..0"
    Warning (275081): Converted element name(s) from "num2[4..0]" to "num24..0"
Warning (275080): Converted elements in bus name "num20" using legacy naming rules. Make any assignments on the new names, not on the original names.
    Warning (275081): Converted element name(s) from "num20[4..0]" to "num204..0"
    Warning (275081): Converted element name(s) from "num20[4..0]" to "num204..0"
    Warning (275081): Converted element name(s) from "num20[4..0]" to "num204..0"
    Warning (275081): Converted element name(s) from "num20[4..0]" to "num204..0"
    Warning (275081): Converted element name(s) from "num20[4..0]" to "num204..0"
Warning (275080): Converted elements in bus name "num21" using legacy naming rules. Make any assignments on the new names, not on the original names.
    Warning (275081): Converted element name(s) from "num21[4..0]" to "num214..0"
    Warning (275081): Converted element name(s) from "num21[4..0]" to "num214..0"
    Warning (275081): Converted element name(s) from "num21[4..0]" to "num214..0"
    Warning (275081): Converted element name(s) from "num21[4..0]" to "num214..0"
    Warning (275081): Converted element name(s) from "num21[4..0]" to "num214..0"
Warning (275080): Converted elements in bus name "num22" using legacy naming rules. Make any assignments on the new names, not on the original names.
    Warning (275081): Converted element name(s) from "num22[4..0]" to "num224..0"
    Warning (275081): Converted element name(s) from "num22[4..0]" to "num224..0"
    Warning (275081): Converted element name(s) from "num22[4..0]" to "num224..0"
    Warning (275081): Converted element name(s) from "num22[4..0]" to "num224..0"
    Warning (275081): Converted element name(s) from "num22[4..0]" to "num224..0"
Warning (275080): Converted elements in bus name "num23" using legacy naming rules. Make any assignments on the new names, not on the original names.
    Warning (275081): Converted element name(s) from "num23[4..0]" to "num234..0"
    Warning (275081): Converted element name(s) from "num23[4..0]" to "num234..0"
    Warning (275081): Converted element name(s) from "num23[4..0]" to "num234..0"
    Warning (275081): Converted element name(s) from "num23[4..0]" to "num234..0"
    Warning (275081): Converted element name(s) from "num23[4..0]" to "num234..0"
Warning (275080): Converted elements in bus name "num24" using legacy naming rules. Make any assignments on the new names, not on the original names.
    Warning (275081): Converted element name(s) from "num24[4..0]" to "num244..0"
    Warning (275081): Converted element name(s) from "num24[4..0]" to "num244..0"
    Warning (275081): Converted element name(s) from "num24[4..0]" to "num244..0"
    Warning (275081): Converted element name(s) from "num24[4..0]" to "num244..0"
    Warning (275081): Converted element name(s) from "num24[4..0]" to "num244..0"
Warning (275080): Converted elements in bus name "num3" using legacy naming rules. Make any assignments on the new names, not on the original names.
    Warning (275081): Converted element name(s) from "num3[4..0]" to "num34..0"
    Warning (275081): Converted element name(s) from "num3[4..0]" to "num34..0"
    Warning (275081): Converted element name(s) from "num3[4..0]" to "num34..0"
    Warning (275081): Converted element name(s) from "num3[4..0]" to "num34..0"
    Warning (275081): Converted element name(s) from "num3[4..0]" to "num34..0"
Warning (275080): Converted elements in bus name "num30" using legacy naming rules. Make any assignments on the new names, not on the original names.
    Warning (275081): Converted element name(s) from "num30[4..0]" to "num304..0"
    Warning (275081): Converted element name(s) from "num30[4..0]" to "num304..0"
    Warning (275081): Converted element name(s) from "num30[4..0]" to "num304..0"
    Warning (275081): Converted element name(s) from "num30[4..0]" to "num304..0"
    Warning (275081): Converted element name(s) from "num30[4..0]" to "num304..0"
Warning (275080): Converted elements in bus name "num31" using legacy naming rules. Make any assignments on the new names, not on the original names.
    Warning (275081): Converted element name(s) from "num31[4..0]" to "num314..0"
    Warning (275081): Converted element name(s) from "num31[4..0]" to "num314..0"
    Warning (275081): Converted element name(s) from "num31[4..0]" to "num314..0"
    Warning (275081): Converted element name(s) from "num31[4..0]" to "num314..0"
    Warning (275081): Converted element name(s) from "num31[4..0]" to "num314..0"
Warning (12125): Using design file decoderRAM.bdf, which is not specified as a design file for the current project, but contains definitions for 1 design units and 1 entities in project
    Info (12023): Found entity 1: decoderRAM
Info (12128): Elaborating entity "decoderRAM" for hierarchy "decoderRAM:inst99"
Warning (12125): Using design file reg4bitsNovo.bdf, which is not specified as a design file for the current project, but contains definitions for 1 design units and 1 entities in project
    Info (12023): Found entity 1: reg4bitsNovo
Info (12128): Elaborating entity "reg4bitsNovo" for hierarchy "reg4bitsNovo:inst2"
Warning (12125): Using design file enable-clear.bdf, which is not specified as a design file for the current project, but contains definitions for 1 design units and 1 entities in project
    Info (12023): Found entity 1: enable-clear
Info (12128): Elaborating entity "enable-clear" for hierarchy "reg4bitsNovo:inst2|enable-clear:inst6"
Warning (12125): Using design file acessoRAM.bdf, which is not specified as a design file for the current project, but contains definitions for 1 design units and 1 entities in project
    Info (12023): Found entity 1: acessoRAM
Info (12128): Elaborating entity "acessoRAM" for hierarchy "acessoRAM:inst7"
Warning (12125): Using design file tri4RAMs.bdf, which is not specified as a design file for the current project, but contains definitions for 1 design units and 1 entities in project
    Info (12023): Found entity 1: tri4RAMs
Info (12128): Elaborating entity "tri4RAMs" for hierarchy "tri4RAMs:inst116"
Info (16010): Generating hard_block partition "hard_block:auto_generated_inst"
    Info (16011): Adding 0 node(s), including 0 DDIO, 0 PLL, 0 transceiver and 0 LCELL
Info (21057): Implemented 803 device resources after synthesis - the final resource count might be different
    Info (21058): Implemented 13 input pins
    Info (21059): Implemented 26 output pins
    Info (21061): Implemented 764 logic cells
Info: Quartus II 32-bit Analysis & Synthesis was successful. 0 errors, 108 warnings
    Info: Peak virtual memory: 341 megabytes
    Info: Processing ended: Fri Jun 29 14:19:43 2018
    Info: Elapsed time: 00:00:05
    Info: Total CPU time (on all processors): 00:00:03


