Analysis & Synthesis report for Circuito
Mon Apr 23 18:27:47 2018
Quartus II 32-bit Version 13.0.1 Build 232 06/12/2013 Service Pack 1 SJ Web Edition


---------------------
; Table of Contents ;
---------------------
  1. Legal Notice
  2. Analysis & Synthesis Summary
  3. Analysis & Synthesis Settings
  4. Parallel Compilation
  5. Analysis & Synthesis Source Files Read
  6. Analysis & Synthesis Resource Usage Summary
  7. Analysis & Synthesis Resource Utilization by Entity
  8. General Register Statistics
  9. Elapsed Time Per Partition
 10. Analysis & Synthesis Messages



----------------
; Legal Notice ;
----------------
Copyright (C) 1991-2013 Altera Corporation
Your use of Altera Corporation's design tools, logic functions 
and other software and tools, and its AMPP partner logic 
functions, and any output files from any of the foregoing 
(including device programming or simulation files), and any 
associated documentation or information are expressly subject 
to the terms and conditions of the Altera Program License 
Subscription Agreement, Altera MegaCore Function License 
Agreement, or other applicable license agreement, including, 
without limitation, that your use is for the sole purpose of 
programming logic devices manufactured by Altera and sold by 
Altera or its authorized distributors.  Please refer to the 
applicable agreement for further details.



+--------------------------------------------------------------------------------------+
; Analysis & Synthesis Summary                                                         ;
+------------------------------------+-------------------------------------------------+
; Analysis & Synthesis Status        ; Successful - Mon Apr 23 18:27:46 2018           ;
; Quartus II 32-bit Version          ; 13.0.1 Build 232 06/12/2013 SP 1 SJ Web Edition ;
; Revision Name                      ; Circuito                                        ;
; Top-level Entity Name              ; Circuito                                        ;
; Family                             ; Cyclone II                                      ;
; Total logic elements               ; 52                                              ;
;     Total combinational functions  ; 47                                              ;
;     Dedicated logic registers      ; 16                                              ;
; Total registers                    ; 16                                              ;
; Total pins                         ; 60                                              ;
; Total virtual pins                 ; 0                                               ;
; Total memory bits                  ; 0                                               ;
; Embedded Multiplier 9-bit elements ; 0                                               ;
; Total PLLs                         ; 0                                               ;
+------------------------------------+-------------------------------------------------+


+----------------------------------------------------------------------------------------------------------------------+
; Analysis & Synthesis Settings                                                                                        ;
+----------------------------------------------------------------------------+--------------------+--------------------+
; Option                                                                     ; Setting            ; Default Value      ;
+----------------------------------------------------------------------------+--------------------+--------------------+
; Device                                                                     ; EP2C20F484C7       ;                    ;
; Top-level entity name                                                      ; Circuito           ; Circuito           ;
; Family name                                                                ; Cyclone II         ; Cyclone IV GX      ;
; Use smart compilation                                                      ; Off                ; Off                ;
; Enable parallel Assembler and TimeQuest Timing Analyzer during compilation ; On                 ; On                 ;
; Enable compact report table                                                ; Off                ; Off                ;
; Restructure Multiplexers                                                   ; Auto               ; Auto               ;
; Create Debugging Nodes for IP Cores                                        ; Off                ; Off                ;
; Preserve fewer node names                                                  ; On                 ; On                 ;
; Disable OpenCore Plus hardware evaluation                                  ; Off                ; Off                ;
; Verilog Version                                                            ; Verilog_2001       ; Verilog_2001       ;
; VHDL Version                                                               ; VHDL_1993          ; VHDL_1993          ;
; State Machine Processing                                                   ; Auto               ; Auto               ;
; Safe State Machine                                                         ; Off                ; Off                ;
; Extract Verilog State Machines                                             ; On                 ; On                 ;
; Extract VHDL State Machines                                                ; On                 ; On                 ;
; Ignore Verilog initial constructs                                          ; Off                ; Off                ;
; Iteration limit for constant Verilog loops                                 ; 5000               ; 5000               ;
; Iteration limit for non-constant Verilog loops                             ; 250                ; 250                ;
; Add Pass-Through Logic to Inferred RAMs                                    ; On                 ; On                 ;
; Infer RAMs from Raw Logic                                                  ; On                 ; On                 ;
; Parallel Synthesis                                                         ; On                 ; On                 ;
; DSP Block Balancing                                                        ; Auto               ; Auto               ;
; NOT Gate Push-Back                                                         ; On                 ; On                 ;
; Power-Up Don't Care                                                        ; On                 ; On                 ;
; Remove Redundant Logic Cells                                               ; Off                ; Off                ;
; Remove Duplicate Registers                                                 ; On                 ; On                 ;
; Ignore CARRY Buffers                                                       ; Off                ; Off                ;
; Ignore CASCADE Buffers                                                     ; Off                ; Off                ;
; Ignore GLOBAL Buffers                                                      ; Off                ; Off                ;
; Ignore ROW GLOBAL Buffers                                                  ; Off                ; Off                ;
; Ignore LCELL Buffers                                                       ; Off                ; Off                ;
; Ignore SOFT Buffers                                                        ; On                 ; On                 ;
; Limit AHDL Integers to 32 Bits                                             ; Off                ; Off                ;
; Optimization Technique                                                     ; Balanced           ; Balanced           ;
; Carry Chain Length                                                         ; 70                 ; 70                 ;
; Auto Carry Chains                                                          ; On                 ; On                 ;
; Auto Open-Drain Pins                                                       ; On                 ; On                 ;
; Perform WYSIWYG Primitive Resynthesis                                      ; Off                ; Off                ;
; Auto ROM Replacement                                                       ; On                 ; On                 ;
; Auto RAM Replacement                                                       ; On                 ; On                 ;
; Auto Shift Register Replacement                                            ; Auto               ; Auto               ;
; Allow Shift Register Merging across Hierarchies                            ; Auto               ; Auto               ;
; Auto Clock Enable Replacement                                              ; On                 ; On                 ;
; Strict RAM Replacement                                                     ; Off                ; Off                ;
; Allow Synchronous Control Signals                                          ; On                 ; On                 ;
; Force Use of Synchronous Clear Signals                                     ; Off                ; Off                ;
; Auto RAM to Logic Cell Conversion                                          ; Off                ; Off                ;
; Auto Resource Sharing                                                      ; Off                ; Off                ;
; Allow Any RAM Size For Recognition                                         ; Off                ; Off                ;
; Allow Any ROM Size For Recognition                                         ; Off                ; Off                ;
; Allow Any Shift Register Size For Recognition                              ; Off                ; Off                ;
; Use LogicLock Constraints during Resource Balancing                        ; On                 ; On                 ;
; Ignore translate_off and synthesis_off directives                          ; Off                ; Off                ;
; Timing-Driven Synthesis                                                    ; Off                ; Off                ;
; Report Parameter Settings                                                  ; On                 ; On                 ;
; Report Source Assignments                                                  ; On                 ; On                 ;
; Report Connectivity Checks                                                 ; On                 ; On                 ;
; Ignore Maximum Fan-Out Assignments                                         ; Off                ; Off                ;
; Synchronization Register Chain Length                                      ; 2                  ; 2                  ;
; PowerPlay Power Optimization                                               ; Normal compilation ; Normal compilation ;
; HDL message level                                                          ; Level2             ; Level2             ;
; Suppress Register Optimization Related Messages                            ; Off                ; Off                ;
; Number of Removed Registers Reported in Synthesis Report                   ; 5000               ; 5000               ;
; Number of Swept Nodes Reported in Synthesis Report                         ; 5000               ; 5000               ;
; Number of Inverted Registers Reported in Synthesis Report                  ; 100                ; 100                ;
; Clock MUX Protection                                                       ; On                 ; On                 ;
; Auto Gated Clock Conversion                                                ; Off                ; Off                ;
; Block Design Naming                                                        ; Auto               ; Auto               ;
; SDC constraint protection                                                  ; Off                ; Off                ;
; Synthesis Effort                                                           ; Auto               ; Auto               ;
; Shift Register Replacement - Allow Asynchronous Clear Signal               ; On                 ; On                 ;
; Pre-Mapping Resynthesis Optimization                                       ; Off                ; Off                ;
; Analysis & Synthesis Message Level                                         ; Medium             ; Medium             ;
; Disable Register Merging Across Hierarchies                                ; Auto               ; Auto               ;
; Resource Aware Inference For Block RAM                                     ; On                 ; On                 ;
; Synthesis Seed                                                             ; 1                  ; 1                  ;
+----------------------------------------------------------------------------+--------------------+--------------------+


Parallel compilation was disabled, but you have multiple processors available. Enable parallel compilation to reduce compilation time.
+-------------------------------------+
; Parallel Compilation                ;
+----------------------------+--------+
; Processors                 ; Number ;
+----------------------------+--------+
; Number detected on machine ; 4      ;
; Maximum allowed            ; 1      ;
+----------------------------+--------+


+---------------------------------------------------------------------------------------------------------------------------------------------------------------------------------------------------------+
; Analysis & Synthesis Source Files Read                                                                                                                                                                  ;
+----------------------------------+-----------------+------------------------------------------+-----------------------------------------------------------------------------------------------+---------+
; File Name with User-Entered Path ; Used in Netlist ; File Type                                ; File Name with Absolute Path                                                                  ; Library ;
+----------------------------------+-----------------+------------------------------------------+-----------------------------------------------------------------------------------------------+---------+
; Circuito.bdf                     ; yes             ; User Block Diagram/Schematic File        ; /net/nfs1.fee.unicamp.br/export/vol1/home/EC16/ra178610/EA773/lab4/Circuito/Circuito.bdf      ;         ;
; reg4bits.bdf                     ; yes             ; Auto-Found Block Diagram/Schematic File  ; /net/nfs1.fee.unicamp.br/export/vol1/home/EC16/ra178610/EA773/lab4/Circuito/reg4bits.bdf      ;         ;
; Tristate4bits.bdf                ; yes             ; Auto-Found Block Diagram/Schematic File  ; /net/nfs1.fee.unicamp.br/export/vol1/home/EC16/ra178610/EA773/lab4/Circuito/Tristate4bits.bdf ;         ;
; ULA.bdf                          ; yes             ; Auto-Found Block Diagram/Schematic File  ; /net/nfs1.fee.unicamp.br/export/vol1/home/EC16/ra178610/EA773/lab4/Circuito/ULA.bdf           ;         ;
; Somador.bdf                      ; yes             ; Auto-Found Block Diagram/Schematic File  ; /net/nfs1.fee.unicamp.br/export/vol1/home/EC16/ra178610/EA773/lab4/Circuito/Somador.bdf       ;         ;
; xor3.bdf                         ; yes             ; Megafunction                             ; /opt/altera/13.0sp1/quartus/libraries/others/maxplus2/xor3.bdf                                ;         ;
; Decodificador.bdf                ; yes             ; Auto-Found Block Diagram/Schematic File  ; /net/nfs1.fee.unicamp.br/export/vol1/home/EC16/ra178610/EA773/lab4/Circuito/Decodificador.bdf ;         ;
; Complemento.bdf                  ; yes             ; Auto-Found Block Diagram/Schematic File  ; /net/nfs1.fee.unicamp.br/export/vol1/home/EC16/ra178610/EA773/lab4/Circuito/Complemento.bdf   ;         ;
; Zera.bdf                         ; yes             ; Auto-Found Block Diagram/Schematic File  ; /net/nfs1.fee.unicamp.br/export/vol1/home/EC16/ra178610/EA773/lab4/Circuito/Zera.bdf          ;         ;
; Hex.bdf                          ; yes             ; Auto-Found Block Diagram/Schematic File  ; /net/nfs1.fee.unicamp.br/export/vol1/home/EC16/ra178610/EA773/lab4/Circuito/Hex.bdf           ;         ;
+----------------------------------+-----------------+------------------------------------------+-----------------------------------------------------------------------------------------------+---------+


+---------------------------------------------------------------------------+
; Analysis & Synthesis Resource Usage Summary                               ;
+---------------------------------------------+-----------------------------+
; Resource                                    ; Usage                       ;
+---------------------------------------------+-----------------------------+
; Estimated Total logic elements              ; 52                          ;
;                                             ;                             ;
; Total combinational functions               ; 47                          ;
; Logic element usage by number of LUT inputs ;                             ;
;     -- 4 input functions                    ; 42                          ;
;     -- 3 input functions                    ; 5                           ;
;     -- <=2 input functions                  ; 0                           ;
;                                             ;                             ;
; Logic elements by mode                      ;                             ;
;     -- normal mode                          ; 47                          ;
;     -- arithmetic mode                      ; 0                           ;
;                                             ;                             ;
; Total registers                             ; 16                          ;
;     -- Dedicated logic registers            ; 16                          ;
;     -- I/O registers                        ; 0                           ;
;                                             ;                             ;
; I/O pins                                    ; 60                          ;
; Embedded Multiplier 9-bit elements          ; 0                           ;
; Maximum fan-out node                        ; Tristate4bits:inst9|inst1~0 ;
; Maximum fan-out                             ; 23                          ;
; Total fan-out                               ; 267                         ;
; Average fan-out                             ; 2.17                        ;
+---------------------------------------------+-----------------------------+


+-----------------------------------------------------------------------------------------------------------------------------------------------------------------------------------------------------+
; Analysis & Synthesis Resource Utilization by Entity                                                                                                                                                 ;
+----------------------------+-------------------+--------------+-------------+--------------+---------+-----------+------+--------------+---------------------------------------------+--------------+
; Compilation Hierarchy Node ; LC Combinationals ; LC Registers ; Memory Bits ; DSP Elements ; DSP 9x9 ; DSP 18x18 ; Pins ; Virtual Pins ; Full Hierarchy Name                         ; Library Name ;
+----------------------------+-------------------+--------------+-------------+--------------+---------+-----------+------+--------------+---------------------------------------------+--------------+
; |Circuito                  ; 47 (0)            ; 16 (0)       ; 0           ; 0            ; 0       ; 0         ; 60   ; 0            ; |Circuito                                   ; work         ;
;    |Hex:inst2|             ; 7 (7)             ; 0 (0)        ; 0           ; 0            ; 0       ; 0         ; 0    ; 0            ; |Circuito|Hex:inst2                         ; work         ;
;    |Hex:inst3|             ; 7 (7)             ; 0 (0)        ; 0           ; 0            ; 0       ; 0         ; 0    ; 0            ; |Circuito|Hex:inst3                         ; work         ;
;    |Hex:inst4|             ; 7 (7)             ; 0 (0)        ; 0           ; 0            ; 0       ; 0         ; 0    ; 0            ; |Circuito|Hex:inst4                         ; work         ;
;    |Hex:inst5|             ; 7 (7)             ; 0 (0)        ; 0           ; 0            ; 0       ; 0         ; 0    ; 0            ; |Circuito|Hex:inst5                         ; work         ;
;    |Tristate4bits:inst9|   ; 4 (4)             ; 0 (0)        ; 0           ; 0            ; 0       ; 0         ; 0    ; 0            ; |Circuito|Tristate4bits:inst9               ; work         ;
;    |ULA:inst|              ; 15 (0)            ; 0 (0)        ; 0           ; 0            ; 0       ; 0         ; 0    ; 0            ; |Circuito|ULA:inst                          ; work         ;
;       |Somador:inst|       ; 11 (6)            ; 0 (0)        ; 0           ; 0            ; 0       ; 0         ; 0    ; 0            ; |Circuito|ULA:inst|Somador:inst             ; work         ;
;          |xor3:inst30|     ; 1 (1)             ; 0 (0)        ; 0           ; 0            ; 0       ; 0         ; 0    ; 0            ; |Circuito|ULA:inst|Somador:inst|xor3:inst30 ; work         ;
;          |xor3:inst31|     ; 1 (1)             ; 0 (0)        ; 0           ; 0            ; 0       ; 0         ; 0    ; 0            ; |Circuito|ULA:inst|Somador:inst|xor3:inst31 ; work         ;
;          |xor3:inst32|     ; 1 (1)             ; 0 (0)        ; 0           ; 0            ; 0       ; 0         ; 0    ; 0            ; |Circuito|ULA:inst|Somador:inst|xor3:inst32 ; work         ;
;          |xor3:inst33|     ; 2 (2)             ; 0 (0)        ; 0           ; 0            ; 0       ; 0         ; 0    ; 0            ; |Circuito|ULA:inst|Somador:inst|xor3:inst33 ; work         ;
;       |Zera:inst5|         ; 4 (4)             ; 0 (0)        ; 0           ; 0            ; 0       ; 0         ; 0    ; 0            ; |Circuito|ULA:inst|Zera:inst5               ; work         ;
;    |reg4bits:inst1|        ; 0 (0)             ; 4 (4)        ; 0           ; 0            ; 0       ; 0         ; 0    ; 0            ; |Circuito|reg4bits:inst1                    ; work         ;
;    |reg4bits:inst6|        ; 0 (0)             ; 4 (4)        ; 0           ; 0            ; 0       ; 0         ; 0    ; 0            ; |Circuito|reg4bits:inst6                    ; work         ;
;    |reg4bits:inst7|        ; 0 (0)             ; 4 (4)        ; 0           ; 0            ; 0       ; 0         ; 0    ; 0            ; |Circuito|reg4bits:inst7                    ; work         ;
;    |reg4bits:inst8|        ; 0 (0)             ; 4 (4)        ; 0           ; 0            ; 0       ; 0         ; 0    ; 0            ; |Circuito|reg4bits:inst8                    ; work         ;
+----------------------------+-------------------+--------------+-------------+--------------+---------+-----------+------+--------------+---------------------------------------------+--------------+
Note: For table entries with two numbers listed, the numbers in parentheses indicate the number of resources of the given type used by the specific entity alone. The numbers listed outside of parentheses indicate the total resources of the given type used by the specific entity and all of its sub-entities in the hierarchy.


+------------------------------------------------------+
; General Register Statistics                          ;
+----------------------------------------------+-------+
; Statistic                                    ; Value ;
+----------------------------------------------+-------+
; Total registers                              ; 16    ;
; Number of registers using Synchronous Clear  ; 0     ;
; Number of registers using Synchronous Load   ; 0     ;
; Number of registers using Asynchronous Clear ; 0     ;
; Number of registers using Asynchronous Load  ; 0     ;
; Number of registers using Clock Enable       ; 0     ;
; Number of registers using Preset             ; 0     ;
+----------------------------------------------+-------+


+-------------------------------+
; Elapsed Time Per Partition    ;
+----------------+--------------+
; Partition Name ; Elapsed Time ;
+----------------+--------------+
; Top            ; 00:00:00     ;
+----------------+--------------+


+-------------------------------+
; Analysis & Synthesis Messages ;
+-------------------------------+
Info: *******************************************************************
Info: Running Quartus II 32-bit Analysis & Synthesis
    Info: Version 13.0.1 Build 232 06/12/2013 Service Pack 1 SJ Web Edition
    Info: Processing started: Mon Apr 23 18:27:43 2018
Info: Command: quartus_map --read_settings_files=on --write_settings_files=off Circuito -c Circuito
Warning (20028): Parallel compilation is not licensed and has been disabled
Info (12021): Found 1 design units, including 1 entities, in source file Circuito.bdf
    Info (12023): Found entity 1: Circuito
Info (12127): Elaborating entity "Circuito" for the top level hierarchy
Warning (12125): Using design file reg4bits.bdf, which is not specified as a design file for the current project, but contains definitions for 1 design units and 1 entities in project
    Info (12023): Found entity 1: reg4bits
Info (12128): Elaborating entity "reg4bits" for hierarchy "reg4bits:inst1"
Warning (12125): Using design file Tristate4bits.bdf, which is not specified as a design file for the current project, but contains definitions for 1 design units and 1 entities in project
    Info (12023): Found entity 1: Tristate4bits
Info (12128): Elaborating entity "Tristate4bits" for hierarchy "Tristate4bits:inst9"
Warning (12125): Using design file ULA.bdf, which is not specified as a design file for the current project, but contains definitions for 1 design units and 1 entities in project
    Info (12023): Found entity 1: ULA
Info (12128): Elaborating entity "ULA" for hierarchy "ULA:inst"
Warning (12125): Using design file Somador.bdf, which is not specified as a design file for the current project, but contains definitions for 1 design units and 1 entities in project
    Info (12023): Found entity 1: Somador
Info (12128): Elaborating entity "Somador" for hierarchy "ULA:inst|Somador:inst"
Info (12128): Elaborating entity "XOR3" for hierarchy "ULA:inst|Somador:inst|XOR3:inst33"
Info (12130): Elaborated megafunction instantiation "ULA:inst|Somador:inst|XOR3:inst33"
Warning (12125): Using design file Decodificador.bdf, which is not specified as a design file for the current project, but contains definitions for 1 design units and 1 entities in project
    Info (12023): Found entity 1: Decodificador
Info (12128): Elaborating entity "Decodificador" for hierarchy "ULA:inst|Decodificador:inst1"
Warning (12125): Using design file Complemento.bdf, which is not specified as a design file for the current project, but contains definitions for 1 design units and 1 entities in project
    Info (12023): Found entity 1: Complemento
Info (12128): Elaborating entity "Complemento" for hierarchy "ULA:inst|Complemento:inst2"
Warning (12125): Using design file Zera.bdf, which is not specified as a design file for the current project, but contains definitions for 1 design units and 1 entities in project
    Info (12023): Found entity 1: Zera
Info (12128): Elaborating entity "Zera" for hierarchy "ULA:inst|Zera:inst5"
Warning (12125): Using design file Hex.bdf, which is not specified as a design file for the current project, but contains definitions for 1 design units and 1 entities in project
    Info (12023): Found entity 1: Hex
Info (12128): Elaborating entity "Hex" for hierarchy "Hex:inst3"
Warning (13044): Always-enabled tri-state buffer(s) removed
    Warning (13045): Converted the fanout from the always-enabled tri-state buffer "Tristate4bits:inst9|inst" to the node "D[3]" into a wire
    Warning (13045): Converted the fanout from the always-enabled tri-state buffer "Tristate4bits:inst9|inst1" to the node "D[2]" into a wire
    Warning (13045): Converted the fanout from the always-enabled tri-state buffer "Tristate4bits:inst9|inst2" to the node "D[1]" into a wire
    Warning (13045): Converted the fanout from the always-enabled tri-state buffer "Tristate4bits:inst9|inst4" to the node "D[0]" into a wire
Warning (13046): Tri-state node(s) do not directly drive top-level pin(s)
    Warning (13047): Converted the fan-out from the tri-state buffer "Tristate4bits:inst9|inst" to the node "reg4bits:inst1|inst" into an OR gate
    Warning (13047): Converted the fan-out from the tri-state buffer "Tristate4bits:inst9|inst1" to the node "reg4bits:inst1|inst1" into an OR gate
    Warning (13047): Converted the fan-out from the tri-state buffer "Tristate4bits:inst9|inst2" to the node "reg4bits:inst1|inst2" into an OR gate
    Warning (13047): Converted the fan-out from the tri-state buffer "Tristate4bits:inst9|inst4" to the node "reg4bits:inst1|inst3" into an OR gate
Info (16010): Generating hard_block partition "hard_block:auto_generated_inst"
    Info (16011): Adding 0 node(s), including 0 DDIO, 0 PLL, 0 transceiver and 0 LCELL
Info (21057): Implemented 120 device resources after synthesis - the final resource count might be different
    Info (21058): Implemented 8 input pins
    Info (21059): Implemented 52 output pins
    Info (21061): Implemented 60 logic cells
Info: Quartus II 32-bit Analysis & Synthesis was successful. 0 errors, 19 warnings
    Info: Peak virtual memory: 342 megabytes
    Info: Processing ended: Mon Apr 23 18:27:47 2018
    Info: Elapsed time: 00:00:04
    Info: Total CPU time (on all processors): 00:00:02


