Analysis & Synthesis report for circuito
Thu May 24 21:48:02 2018
Quartus II 32-bit Version 13.0.1 Build 232 06/12/2013 Service Pack 1 SJ Web Edition


---------------------
; Table of Contents ;
---------------------
  1. Legal Notice
  2. Analysis & Synthesis Summary
  3. Analysis & Synthesis Settings
  4. Parallel Compilation
  5. Analysis & Synthesis Source Files Read
  6. Analysis & Synthesis Resource Usage Summary
  7. Analysis & Synthesis Resource Utilization by Entity
  8. General Register Statistics
  9. Elapsed Time Per Partition
 10. Analysis & Synthesis Messages



----------------
; Legal Notice ;
----------------
Copyright (C) 1991-2013 Altera Corporation
Your use of Altera Corporation's design tools, logic functions 
and other software and tools, and its AMPP partner logic 
functions, and any output files from any of the foregoing 
(including device programming or simulation files), and any 
associated documentation or information are expressly subject 
to the terms and conditions of the Altera Program License 
Subscription Agreement, Altera MegaCore Function License 
Agreement, or other applicable license agreement, including, 
without limitation, that your use is for the sole purpose of 
programming logic devices manufactured by Altera and sold by 
Altera or its authorized distributors.  Please refer to the 
applicable agreement for further details.



+--------------------------------------------------------------------------------------+
; Analysis & Synthesis Summary                                                         ;
+------------------------------------+-------------------------------------------------+
; Analysis & Synthesis Status        ; Successful - Thu May 24 21:48:02 2018           ;
; Quartus II 32-bit Version          ; 13.0.1 Build 232 06/12/2013 SP 1 SJ Web Edition ;
; Revision Name                      ; circuito                                        ;
; Top-level Entity Name              ; circuito                                        ;
; Family                             ; Cyclone II                                      ;
; Total logic elements               ; 30                                              ;
;     Total combinational functions  ; 30                                              ;
;     Dedicated logic registers      ; 5                                               ;
; Total registers                    ; 5                                               ;
; Total pins                         ; 20                                              ;
; Total virtual pins                 ; 0                                               ;
; Total memory bits                  ; 0                                               ;
; Embedded Multiplier 9-bit elements ; 0                                               ;
; Total PLLs                         ; 0                                               ;
+------------------------------------+-------------------------------------------------+


+----------------------------------------------------------------------------------------------------------------------+
; Analysis & Synthesis Settings                                                                                        ;
+----------------------------------------------------------------------------+--------------------+--------------------+
; Option                                                                     ; Setting            ; Default Value      ;
+----------------------------------------------------------------------------+--------------------+--------------------+
; Device                                                                     ; EP2C20F484C7       ;                    ;
; Top-level entity name                                                      ; circuito           ; circuito           ;
; Family name                                                                ; Cyclone II         ; Cyclone IV GX      ;
; Use smart compilation                                                      ; Off                ; Off                ;
; Enable parallel Assembler and TimeQuest Timing Analyzer during compilation ; On                 ; On                 ;
; Enable compact report table                                                ; Off                ; Off                ;
; Restructure Multiplexers                                                   ; Auto               ; Auto               ;
; Create Debugging Nodes for IP Cores                                        ; Off                ; Off                ;
; Preserve fewer node names                                                  ; On                 ; On                 ;
; Disable OpenCore Plus hardware evaluation                                  ; Off                ; Off                ;
; Verilog Version                                                            ; Verilog_2001       ; Verilog_2001       ;
; VHDL Version                                                               ; VHDL_1993          ; VHDL_1993          ;
; State Machine Processing                                                   ; Auto               ; Auto               ;
; Safe State Machine                                                         ; Off                ; Off                ;
; Extract Verilog State Machines                                             ; On                 ; On                 ;
; Extract VHDL State Machines                                                ; On                 ; On                 ;
; Ignore Verilog initial constructs                                          ; Off                ; Off                ;
; Iteration limit for constant Verilog loops                                 ; 5000               ; 5000               ;
; Iteration limit for non-constant Verilog loops                             ; 250                ; 250                ;
; Add Pass-Through Logic to Inferred RAMs                                    ; On                 ; On                 ;
; Infer RAMs from Raw Logic                                                  ; On                 ; On                 ;
; Parallel Synthesis                                                         ; On                 ; On                 ;
; DSP Block Balancing                                                        ; Auto               ; Auto               ;
; NOT Gate Push-Back                                                         ; On                 ; On                 ;
; Power-Up Don't Care                                                        ; On                 ; On                 ;
; Remove Redundant Logic Cells                                               ; Off                ; Off                ;
; Remove Duplicate Registers                                                 ; On                 ; On                 ;
; Ignore CARRY Buffers                                                       ; Off                ; Off                ;
; Ignore CASCADE Buffers                                                     ; Off                ; Off                ;
; Ignore GLOBAL Buffers                                                      ; Off                ; Off                ;
; Ignore ROW GLOBAL Buffers                                                  ; Off                ; Off                ;
; Ignore LCELL Buffers                                                       ; Off                ; Off                ;
; Ignore SOFT Buffers                                                        ; On                 ; On                 ;
; Limit AHDL Integers to 32 Bits                                             ; Off                ; Off                ;
; Optimization Technique                                                     ; Balanced           ; Balanced           ;
; Carry Chain Length                                                         ; 70                 ; 70                 ;
; Auto Carry Chains                                                          ; On                 ; On                 ;
; Auto Open-Drain Pins                                                       ; On                 ; On                 ;
; Perform WYSIWYG Primitive Resynthesis                                      ; Off                ; Off                ;
; Auto ROM Replacement                                                       ; On                 ; On                 ;
; Auto RAM Replacement                                                       ; On                 ; On                 ;
; Auto Shift Register Replacement                                            ; Auto               ; Auto               ;
; Allow Shift Register Merging across Hierarchies                            ; Auto               ; Auto               ;
; Auto Clock Enable Replacement                                              ; On                 ; On                 ;
; Strict RAM Replacement                                                     ; Off                ; Off                ;
; Allow Synchronous Control Signals                                          ; On                 ; On                 ;
; Force Use of Synchronous Clear Signals                                     ; Off                ; Off                ;
; Auto RAM to Logic Cell Conversion                                          ; Off                ; Off                ;
; Auto Resource Sharing                                                      ; Off                ; Off                ;
; Allow Any RAM Size For Recognition                                         ; Off                ; Off                ;
; Allow Any ROM Size For Recognition                                         ; Off                ; Off                ;
; Allow Any Shift Register Size For Recognition                              ; Off                ; Off                ;
; Use LogicLock Constraints during Resource Balancing                        ; On                 ; On                 ;
; Ignore translate_off and synthesis_off directives                          ; Off                ; Off                ;
; Timing-Driven Synthesis                                                    ; Off                ; Off                ;
; Report Parameter Settings                                                  ; On                 ; On                 ;
; Report Source Assignments                                                  ; On                 ; On                 ;
; Report Connectivity Checks                                                 ; On                 ; On                 ;
; Ignore Maximum Fan-Out Assignments                                         ; Off                ; Off                ;
; Synchronization Register Chain Length                                      ; 2                  ; 2                  ;
; PowerPlay Power Optimization                                               ; Normal compilation ; Normal compilation ;
; HDL message level                                                          ; Level2             ; Level2             ;
; Suppress Register Optimization Related Messages                            ; Off                ; Off                ;
; Number of Removed Registers Reported in Synthesis Report                   ; 5000               ; 5000               ;
; Number of Swept Nodes Reported in Synthesis Report                         ; 5000               ; 5000               ;
; Number of Inverted Registers Reported in Synthesis Report                  ; 100                ; 100                ;
; Clock MUX Protection                                                       ; On                 ; On                 ;
; Auto Gated Clock Conversion                                                ; Off                ; Off                ;
; Block Design Naming                                                        ; Auto               ; Auto               ;
; SDC constraint protection                                                  ; Off                ; Off                ;
; Synthesis Effort                                                           ; Auto               ; Auto               ;
; Shift Register Replacement - Allow Asynchronous Clear Signal               ; On                 ; On                 ;
; Pre-Mapping Resynthesis Optimization                                       ; Off                ; Off                ;
; Analysis & Synthesis Message Level                                         ; Medium             ; Medium             ;
; Disable Register Merging Across Hierarchies                                ; Auto               ; Auto               ;
; Resource Aware Inference For Block RAM                                     ; On                 ; On                 ;
; Synthesis Seed                                                             ; 1                  ; 1                  ;
+----------------------------------------------------------------------------+--------------------+--------------------+


Parallel compilation was disabled, but you have multiple processors available. Enable parallel compilation to reduce compilation time.
+-------------------------------------+
; Parallel Compilation                ;
+----------------------------+--------+
; Processors                 ; Number ;
+----------------------------+--------+
; Number detected on machine ; 4      ;
; Maximum allowed            ; 1      ;
+----------------------------+--------+


+------------------------------------------------------------------------------------------------------------------------------------------------------------------------------------------------------------+
; Analysis & Synthesis Source Files Read                                                                                                                                                                     ;
+----------------------------------+-----------------+------------------------------------------+--------------------------------------------------------------------------------------------------+---------+
; File Name with User-Entered Path ; Used in Netlist ; File Type                                ; File Name with Absolute Path                                                                     ; Library ;
+----------------------------------+-----------------+------------------------------------------+--------------------------------------------------------------------------------------------------+---------+
; circuito.bdf                     ; yes             ; User Block Diagram/Schematic File        ; /net/nfs1.fee.unicamp.br/export/vol1/home/EC16/ra178610/EA773/lab5/circuito/circuito.bdf         ;         ;
; decodificador3.bdf               ; yes             ; Auto-Found Block Diagram/Schematic File  ; /net/nfs1.fee.unicamp.br/export/vol1/home/EC16/ra178610/EA773/lab5/circuito/decodificador3.bdf   ;         ;
; banco-rom.bdf                    ; yes             ; Auto-Found Block Diagram/Schematic File  ; /net/nfs1.fee.unicamp.br/export/vol1/home/EC16/ra178610/EA773/lab5/circuito/banco-rom.bdf        ;         ;
; progm2.bdf                       ; yes             ; Auto-Found Block Diagram/Schematic File  ; /net/nfs1.fee.unicamp.br/export/vol1/home/EC16/ra178610/EA773/lab5/circuito/progm2.bdf           ;         ;
; decodificador.bdf                ; yes             ; Auto-Found Block Diagram/Schematic File  ; /net/nfs1.fee.unicamp.br/export/vol1/home/EC16/ra178610/EA773/lab5/circuito/decodificador.bdf    ;         ;
; decodificador2.bdf               ; yes             ; Auto-Found Block Diagram/Schematic File  ; /net/nfs1.fee.unicamp.br/export/vol1/home/EC16/ra178610/EA773/lab5/circuito/decodificador2.bdf   ;         ;
; progm1.bdf                       ; yes             ; Auto-Found Block Diagram/Schematic File  ; /net/nfs1.fee.unicamp.br/export/vol1/home/EC16/ra178610/EA773/lab5/circuito/progm1.bdf           ;         ;
; progm4.bdf                       ; yes             ; Auto-Found Block Diagram/Schematic File  ; /net/nfs1.fee.unicamp.br/export/vol1/home/EC16/ra178610/EA773/lab5/circuito/progm4.bdf           ;         ;
; progm5.bdf                       ; yes             ; Auto-Found Block Diagram/Schematic File  ; /net/nfs1.fee.unicamp.br/export/vol1/home/EC16/ra178610/EA773/lab5/circuito/progm5.bdf           ;         ;
; progm3.bdf                       ; yes             ; Auto-Found Block Diagram/Schematic File  ; /net/nfs1.fee.unicamp.br/export/vol1/home/EC16/ra178610/EA773/lab5/circuito/progm3.bdf           ;         ;
; Reset.bdf                        ; yes             ; Auto-Found Block Diagram/Schematic File  ; /net/nfs1.fee.unicamp.br/export/vol1/home/EC16/ra178610/EA773/lab5/circuito/Reset.bdf            ;         ;
; moduloReset.bdf                  ; yes             ; Auto-Found Block Diagram/Schematic File  ; /net/nfs1.fee.unicamp.br/export/vol1/home/EC16/ra178610/EA773/lab5/circuito/moduloReset.bdf      ;         ;
; moduloCarregador.bdf             ; yes             ; Auto-Found Block Diagram/Schematic File  ; /net/nfs1.fee.unicamp.br/export/vol1/home/EC16/ra178610/EA773/lab5/circuito/moduloCarregador.bdf ;         ;
+----------------------------------+-----------------+------------------------------------------+--------------------------------------------------------------------------------------------------+---------+


+---------------------------------------------------------------------------+
; Analysis & Synthesis Resource Usage Summary                               ;
+---------------------------------------------+-----------------------------+
; Resource                                    ; Usage                       ;
+---------------------------------------------+-----------------------------+
; Estimated Total logic elements              ; 30                          ;
;                                             ;                             ;
; Total combinational functions               ; 30                          ;
; Logic element usage by number of LUT inputs ;                             ;
;     -- 4 input functions                    ; 23                          ;
;     -- 3 input functions                    ; 6                           ;
;     -- <=2 input functions                  ; 1                           ;
;                                             ;                             ;
; Logic elements by mode                      ;                             ;
;     -- normal mode                          ; 30                          ;
;     -- arithmetic mode                      ; 0                           ;
;                                             ;                             ;
; Total registers                             ; 5                           ;
;     -- Dedicated logic registers            ; 5                           ;
;     -- I/O registers                        ; 0                           ;
;                                             ;                             ;
; I/O pins                                    ; 20                          ;
; Embedded Multiplier 9-bit elements          ; 0                           ;
; Maximum fan-out node                        ; banco-rom:inst5|inst15[0]~4 ;
; Maximum fan-out                             ; 13                          ;
; Total fan-out                               ; 137                         ;
; Average fan-out                             ; 2.49                        ;
+---------------------------------------------+-----------------------------+


+--------------------------------------------------------------------------------------------------------------------------------------------------------------------------------------------------+
; Analysis & Synthesis Resource Utilization by Entity                                                                                                                                              ;
+----------------------------+-------------------+--------------+-------------+--------------+---------+-----------+------+--------------+------------------------------------------+--------------+
; Compilation Hierarchy Node ; LC Combinationals ; LC Registers ; Memory Bits ; DSP Elements ; DSP 9x9 ; DSP 18x18 ; Pins ; Virtual Pins ; Full Hierarchy Name                      ; Library Name ;
+----------------------------+-------------------+--------------+-------------+--------------+---------+-----------+------+--------------+------------------------------------------+--------------+
; |circuito                  ; 30 (0)            ; 5 (2)        ; 0           ; 0            ; 0       ; 0         ; 20   ; 0            ; |circuito                                ; work         ;
;    |Reset:inst1|           ; 5 (3)             ; 3 (3)        ; 0           ; 0            ; 0       ; 0         ; 0    ; 0            ; |circuito|Reset:inst1                    ; work         ;
;       |moduloReset:inst16| ; 1 (1)             ; 0 (0)        ; 0           ; 0            ; 0       ; 0         ; 0    ; 0            ; |circuito|Reset:inst1|moduloReset:inst16 ; work         ;
;       |moduloReset:inst17| ; 1 (1)             ; 0 (0)        ; 0           ; 0            ; 0       ; 0         ; 0    ; 0            ; |circuito|Reset:inst1|moduloReset:inst17 ; work         ;
;    |banco-rom:inst5|       ; 14 (14)           ; 0 (0)        ; 0           ; 0            ; 0       ; 0         ; 0    ; 0            ; |circuito|banco-rom:inst5                ; work         ;
;    |decodificador3:inst6|  ; 11 (11)           ; 0 (0)        ; 0           ; 0            ; 0       ; 0         ; 0    ; 0            ; |circuito|decodificador3:inst6           ; work         ;
+----------------------------+-------------------+--------------+-------------+--------------+---------+-----------+------+--------------+------------------------------------------+--------------+
Note: For table entries with two numbers listed, the numbers in parentheses indicate the number of resources of the given type used by the specific entity alone. The numbers listed outside of parentheses indicate the total resources of the given type used by the specific entity and all of its sub-entities in the hierarchy.


+------------------------------------------------------+
; General Register Statistics                          ;
+----------------------------------------------+-------+
; Statistic                                    ; Value ;
+----------------------------------------------+-------+
; Total registers                              ; 5     ;
; Number of registers using Synchronous Clear  ; 0     ;
; Number of registers using Synchronous Load   ; 0     ;
; Number of registers using Asynchronous Clear ; 0     ;
; Number of registers using Asynchronous Load  ; 0     ;
; Number of registers using Clock Enable       ; 0     ;
; Number of registers using Preset             ; 0     ;
+----------------------------------------------+-------+


+-------------------------------+
; Elapsed Time Per Partition    ;
+----------------+--------------+
; Partition Name ; Elapsed Time ;
+----------------+--------------+
; Top            ; 00:00:00     ;
+----------------+--------------+


+-------------------------------+
; Analysis & Synthesis Messages ;
+-------------------------------+
Info: *******************************************************************
Info: Running Quartus II 32-bit Analysis & Synthesis
    Info: Version 13.0.1 Build 232 06/12/2013 Service Pack 1 SJ Web Edition
    Info: Processing started: Thu May 24 21:48:00 2018
Info: Command: quartus_map --read_settings_files=on --write_settings_files=off circuito -c circuito
Warning (20028): Parallel compilation is not licensed and has been disabled
Info (12021): Found 1 design units, including 1 entities, in source file circuito.bdf
    Info (12023): Found entity 1: circuito
Info (12127): Elaborating entity "circuito" for the top level hierarchy
Warning (275080): Converted elements in bus name "sel" using legacy naming rules. Make any assignments on the new names, not on the original names.
    Warning (275081): Converted element name(s) from "sel[2]" to "sel2"
    Warning (275081): Converted element name(s) from "sel[1]" to "sel1"
    Warning (275081): Converted element name(s) from "sel[0]" to "sel0"
    Warning (275081): Converted element name(s) from "sel[2..0]" to "sel2..0"
Warning (12125): Using design file decodificador3.bdf, which is not specified as a design file for the current project, but contains definitions for 1 design units and 1 entities in project
    Info (12023): Found entity 1: decodificador3
Info (12128): Elaborating entity "decodificador3" for hierarchy "decodificador3:inst6"
Warning (275011): Block or symbol "AND3" of instance "inst2" overlaps another block or symbol
Warning (275011): Block or symbol "NOT" of instance "inst6" overlaps another block or symbol
Warning (275011): Block or symbol "NOT" of instance "inst8" overlaps another block or symbol
Warning (275011): Block or symbol "AND3" of instance "inst1" overlaps another block or symbol
Warning (12125): Using design file banco-rom.bdf, which is not specified as a design file for the current project, but contains definitions for 1 design units and 1 entities in project
    Info (12023): Found entity 1: banco-rom
Info (12128): Elaborating entity "banco-rom" for hierarchy "banco-rom:inst5"
Warning (12125): Using design file progm2.bdf, which is not specified as a design file for the current project, but contains definitions for 1 design units and 1 entities in project
    Info (12023): Found entity 1: progm2
Info (12128): Elaborating entity "progm2" for hierarchy "banco-rom:inst5|progm2:inst2"
Warning (12125): Using design file decodificador.bdf, which is not specified as a design file for the current project, but contains definitions for 1 design units and 1 entities in project
    Info (12023): Found entity 1: decodificador
Info (12128): Elaborating entity "decodificador" for hierarchy "banco-rom:inst5|progm2:inst2|decodificador:inst"
Warning (12125): Using design file decodificador2.bdf, which is not specified as a design file for the current project, but contains definitions for 1 design units and 1 entities in project
    Info (12023): Found entity 1: decodificador2
Info (12128): Elaborating entity "decodificador2" for hierarchy "banco-rom:inst5|decodificador2:inst1"
Warning (12125): Using design file progm1.bdf, which is not specified as a design file for the current project, but contains definitions for 1 design units and 1 entities in project
    Info (12023): Found entity 1: progm1
Info (12128): Elaborating entity "progm1" for hierarchy "banco-rom:inst5|progm1:inst"
Warning (12125): Using design file progm4.bdf, which is not specified as a design file for the current project, but contains definitions for 1 design units and 1 entities in project
    Info (12023): Found entity 1: progm4
Info (12128): Elaborating entity "progm4" for hierarchy "banco-rom:inst5|progm4:inst5"
Warning (12125): Using design file progm5.bdf, which is not specified as a design file for the current project, but contains definitions for 1 design units and 1 entities in project
    Info (12023): Found entity 1: progm5
Info (12128): Elaborating entity "progm5" for hierarchy "banco-rom:inst5|progm5:inst6"
Warning (12125): Using design file progm3.bdf, which is not specified as a design file for the current project, but contains definitions for 1 design units and 1 entities in project
    Info (12023): Found entity 1: progm3
Info (12128): Elaborating entity "progm3" for hierarchy "banco-rom:inst5|progm3:inst3"
Warning (12125): Using design file Reset.bdf, which is not specified as a design file for the current project, but contains definitions for 1 design units and 1 entities in project
    Info (12023): Found entity 1: Reset
Info (12128): Elaborating entity "Reset" for hierarchy "Reset:inst1"
Warning (12125): Using design file moduloReset.bdf, which is not specified as a design file for the current project, but contains definitions for 1 design units and 1 entities in project
    Info (12023): Found entity 1: moduloReset
Info (12128): Elaborating entity "moduloReset" for hierarchy "Reset:inst1|moduloReset:inst17"
Warning (275011): Block or symbol "NOT" of instance "inst1" overlaps another block or symbol
Warning (12125): Using design file moduloCarregador.bdf, which is not specified as a design file for the current project, but contains definitions for 1 design units and 1 entities in project
    Info (12023): Found entity 1: moduloCarregador
Info (12128): Elaborating entity "moduloCarregador" for hierarchy "Reset:inst1|moduloCarregador:inst14"
Warning (13044): Always-enabled tri-state buffer(s) removed
    Warning (13045): Converted the fanout from the always-enabled tri-state buffer "decodificador3:inst6|inst19" to the node "progm2" into a wire
    Warning (13045): Converted the fanout from the always-enabled tri-state buffer "decodificador3:inst6|inst22" to the node "progm1" into a wire
    Warning (13045): Converted the fanout from the always-enabled tri-state buffer "decodificador3:inst6|inst23" to the node "progm0" into a wire
    Warning (13045): Converted the fanout from the always-enabled tri-state buffer "decodificador3:inst6|inst19" to the node "Reset:inst1|D2" into a wire
    Warning (13045): Converted the fanout from the always-enabled tri-state buffer "decodificador3:inst6|inst22" to the node "Reset:inst1|moduloCarregador:inst13|inst3" into a wire
    Warning (13045): Converted the fanout from the always-enabled tri-state buffer "decodificador3:inst6|inst23" to the node "Reset:inst1|moduloCarregador:inst14|inst3" into a wire
Warning (13050): Open-drain buffer(s) that do not directly drive top-level pin(s) are removed
    Warning (13051): Converted the fanout from the open-drain buffer "banco-rom:inst5|progm1:inst|inst4" to the node "banco-rom:inst5|inst8[1]" into a wire
    Warning (13051): Converted the fanout from the open-drain buffer "banco-rom:inst5|progm3:inst3|inst4" to the node "banco-rom:inst5|inst14[1]" into a wire
    Warning (13051): Converted the fanout from the open-drain buffer "banco-rom:inst5|progm5:inst6|inst5" to the node "banco-rom:inst5|inst10[0]" into a wire
Warning (13046): Tri-state node(s) do not directly drive top-level pin(s)
    Warning (13047): Converted the fan-out from the tri-state buffer "banco-rom:inst5|progm2:inst2|inst2" to the node "banco-rom:inst5|inst15[2]" into an OR gate
    Warning (13047): Converted the fan-out from the tri-state buffer "banco-rom:inst5|progm1:inst|inst2" to the node "banco-rom:inst5|inst8[2]" into an OR gate
    Warning (13047): Converted the fan-out from the tri-state buffer "banco-rom:inst5|progm4:inst5|inst2" to the node "banco-rom:inst5|inst9[2]" into an OR gate
    Warning (13047): Converted the fan-out from the tri-state buffer "banco-rom:inst5|progm5:inst6|inst2" to the node "banco-rom:inst5|inst10[2]" into an OR gate
    Warning (13047): Converted the fan-out from the tri-state buffer "banco-rom:inst5|progm3:inst3|inst2" to the node "banco-rom:inst5|inst14[2]" into an OR gate
    Warning (13047): Converted the fan-out from the tri-state buffer "banco-rom:inst5|progm2:inst2|inst4" to the node "banco-rom:inst5|inst15[1]" into an OR gate
    Warning (13047): Converted the fan-out from the tri-state buffer "banco-rom:inst5|progm4:inst5|inst6" to the node "banco-rom:inst5|inst9[1]" into an OR gate
    Warning (13047): Converted the fan-out from the tri-state buffer "banco-rom:inst5|progm5:inst6|inst4" to the node "banco-rom:inst5|inst10[1]" into an OR gate
    Warning (13047): Converted the fan-out from the tri-state buffer "banco-rom:inst5|progm2:inst2|inst7" to the node "banco-rom:inst5|inst15[0]" into an OR gate
    Warning (13047): Converted the fan-out from the tri-state buffer "banco-rom:inst5|progm1:inst|inst5" to the node "banco-rom:inst5|inst8[0]" into an OR gate
    Warning (13047): Converted the fan-out from the tri-state buffer "banco-rom:inst5|progm4:inst5|inst7" to the node "banco-rom:inst5|inst9[0]" into an OR gate
    Warning (13047): Converted the fan-out from the tri-state buffer "banco-rom:inst5|progm3:inst3|inst7" to the node "banco-rom:inst5|inst14[0]" into an OR gate
    Warning (13047): Converted the fan-out from the tri-state buffer "banco-rom:inst5|inst15[2]" to the node "decodificador3:inst6|inst14" into an OR gate
    Warning (13047): Converted the fan-out from the tri-state buffer "banco-rom:inst5|inst15[1]" to the node "decodificador3:inst6|inst14" into an OR gate
    Warning (13047): Converted the fan-out from the tri-state buffer "banco-rom:inst5|inst15[0]" to the node "decodificador3:inst6|inst5" into an OR gate
Info (16010): Generating hard_block partition "hard_block:auto_generated_inst"
    Info (16011): Adding 0 node(s), including 0 DDIO, 0 PLL, 0 transceiver and 0 LCELL
Info (21057): Implemented 50 device resources after synthesis - the final resource count might be different
    Info (21058): Implemented 8 input pins
    Info (21059): Implemented 12 output pins
    Info (21061): Implemented 30 logic cells
Info: Quartus II 32-bit Analysis & Synthesis was successful. 0 errors, 50 warnings
    Info: Peak virtual memory: 342 megabytes
    Info: Processing ended: Thu May 24 21:48:02 2018
    Info: Elapsed time: 00:00:02
    Info: Total CPU time (on all processors): 00:00:02


