Analysis & Synthesis report for CircuitoFinal
Fri Jun 29 14:26:23 2018
Quartus II 32-bit Version 13.0.1 Build 232 06/12/2013 Service Pack 1 SJ Web Edition


---------------------
; Table of Contents ;
---------------------
  1. Legal Notice
  2. Analysis & Synthesis Summary
  3. Analysis & Synthesis Settings
  4. Parallel Compilation
  5. Analysis & Synthesis Source Files Read
  6. Analysis & Synthesis Resource Usage Summary
  7. Analysis & Synthesis Resource Utilization by Entity
  8. Registers Removed During Synthesis
  9. Removed Registers Triggering Further Register Optimizations
 10. General Register Statistics
 11. Multiplexer Restructuring Statistics (Restructuring Performed)
 12. Elapsed Time Per Partition
 13. Analysis & Synthesis Messages



----------------
; Legal Notice ;
----------------
Copyright (C) 1991-2013 Altera Corporation
Your use of Altera Corporation's design tools, logic functions 
and other software and tools, and its AMPP partner logic 
functions, and any output files from any of the foregoing 
(including device programming or simulation files), and any 
associated documentation or information are expressly subject 
to the terms and conditions of the Altera Program License 
Subscription Agreement, Altera MegaCore Function License 
Agreement, or other applicable license agreement, including, 
without limitation, that your use is for the sole purpose of 
programming logic devices manufactured by Altera and sold by 
Altera or its authorized distributors.  Please refer to the 
applicable agreement for further details.



+--------------------------------------------------------------------------------------+
; Analysis & Synthesis Summary                                                         ;
+------------------------------------+-------------------------------------------------+
; Analysis & Synthesis Status        ; Successful - Fri Jun 29 14:26:23 2018           ;
; Quartus II 32-bit Version          ; 13.0.1 Build 232 06/12/2013 SP 1 SJ Web Edition ;
; Revision Name                      ; CircuitoFinal                                   ;
; Top-level Entity Name              ; CircuitoFinal                                   ;
; Family                             ; Cyclone II                                      ;
; Total logic elements               ; 0                                               ;
;     Total combinational functions  ; 0                                               ;
;     Dedicated logic registers      ; 0                                               ;
; Total registers                    ; 0                                               ;
; Total pins                         ; 47                                              ;
; Total virtual pins                 ; 0                                               ;
; Total memory bits                  ; 0                                               ;
; Embedded Multiplier 9-bit elements ; 0                                               ;
; Total PLLs                         ; 0                                               ;
+------------------------------------+-------------------------------------------------+


+----------------------------------------------------------------------------------------------------------------------+
; Analysis & Synthesis Settings                                                                                        ;
+----------------------------------------------------------------------------+--------------------+--------------------+
; Option                                                                     ; Setting            ; Default Value      ;
+----------------------------------------------------------------------------+--------------------+--------------------+
; Device                                                                     ; EP2C20F484C7       ;                    ;
; Top-level entity name                                                      ; CircuitoFinal      ; CircuitoFinal      ;
; Family name                                                                ; Cyclone II         ; Cyclone IV GX      ;
; Use smart compilation                                                      ; Off                ; Off                ;
; Enable parallel Assembler and TimeQuest Timing Analyzer during compilation ; On                 ; On                 ;
; Enable compact report table                                                ; Off                ; Off                ;
; Restructure Multiplexers                                                   ; Auto               ; Auto               ;
; Create Debugging Nodes for IP Cores                                        ; Off                ; Off                ;
; Preserve fewer node names                                                  ; On                 ; On                 ;
; Disable OpenCore Plus hardware evaluation                                  ; Off                ; Off                ;
; Verilog Version                                                            ; Verilog_2001       ; Verilog_2001       ;
; VHDL Version                                                               ; VHDL_1993          ; VHDL_1993          ;
; State Machine Processing                                                   ; Auto               ; Auto               ;
; Safe State Machine                                                         ; Off                ; Off                ;
; Extract Verilog State Machines                                             ; On                 ; On                 ;
; Extract VHDL State Machines                                                ; On                 ; On                 ;
; Ignore Verilog initial constructs                                          ; Off                ; Off                ;
; Iteration limit for constant Verilog loops                                 ; 5000               ; 5000               ;
; Iteration limit for non-constant Verilog loops                             ; 250                ; 250                ;
; Add Pass-Through Logic to Inferred RAMs                                    ; On                 ; On                 ;
; Infer RAMs from Raw Logic                                                  ; On                 ; On                 ;
; Parallel Synthesis                                                         ; On                 ; On                 ;
; DSP Block Balancing                                                        ; Auto               ; Auto               ;
; NOT Gate Push-Back                                                         ; On                 ; On                 ;
; Power-Up Don't Care                                                        ; On                 ; On                 ;
; Remove Redundant Logic Cells                                               ; Off                ; Off                ;
; Remove Duplicate Registers                                                 ; On                 ; On                 ;
; Ignore CARRY Buffers                                                       ; Off                ; Off                ;
; Ignore CASCADE Buffers                                                     ; Off                ; Off                ;
; Ignore GLOBAL Buffers                                                      ; Off                ; Off                ;
; Ignore ROW GLOBAL Buffers                                                  ; Off                ; Off                ;
; Ignore LCELL Buffers                                                       ; Off                ; Off                ;
; Ignore SOFT Buffers                                                        ; On                 ; On                 ;
; Limit AHDL Integers to 32 Bits                                             ; Off                ; Off                ;
; Optimization Technique                                                     ; Balanced           ; Balanced           ;
; Carry Chain Length                                                         ; 70                 ; 70                 ;
; Auto Carry Chains                                                          ; On                 ; On                 ;
; Auto Open-Drain Pins                                                       ; On                 ; On                 ;
; Perform WYSIWYG Primitive Resynthesis                                      ; Off                ; Off                ;
; Auto ROM Replacement                                                       ; On                 ; On                 ;
; Auto RAM Replacement                                                       ; On                 ; On                 ;
; Auto Shift Register Replacement                                            ; Auto               ; Auto               ;
; Allow Shift Register Merging across Hierarchies                            ; Auto               ; Auto               ;
; Auto Clock Enable Replacement                                              ; On                 ; On                 ;
; Strict RAM Replacement                                                     ; Off                ; Off                ;
; Allow Synchronous Control Signals                                          ; On                 ; On                 ;
; Force Use of Synchronous Clear Signals                                     ; Off                ; Off                ;
; Auto RAM to Logic Cell Conversion                                          ; Off                ; Off                ;
; Auto Resource Sharing                                                      ; Off                ; Off                ;
; Allow Any RAM Size For Recognition                                         ; Off                ; Off                ;
; Allow Any ROM Size For Recognition                                         ; Off                ; Off                ;
; Allow Any Shift Register Size For Recognition                              ; Off                ; Off                ;
; Use LogicLock Constraints during Resource Balancing                        ; On                 ; On                 ;
; Ignore translate_off and synthesis_off directives                          ; Off                ; Off                ;
; Timing-Driven Synthesis                                                    ; Off                ; Off                ;
; Report Parameter Settings                                                  ; On                 ; On                 ;
; Report Source Assignments                                                  ; On                 ; On                 ;
; Report Connectivity Checks                                                 ; On                 ; On                 ;
; Ignore Maximum Fan-Out Assignments                                         ; Off                ; Off                ;
; Synchronization Register Chain Length                                      ; 2                  ; 2                  ;
; PowerPlay Power Optimization                                               ; Normal compilation ; Normal compilation ;
; HDL message level                                                          ; Level2             ; Level2             ;
; Suppress Register Optimization Related Messages                            ; Off                ; Off                ;
; Number of Removed Registers Reported in Synthesis Report                   ; 5000               ; 5000               ;
; Number of Swept Nodes Reported in Synthesis Report                         ; 5000               ; 5000               ;
; Number of Inverted Registers Reported in Synthesis Report                  ; 100                ; 100                ;
; Clock MUX Protection                                                       ; On                 ; On                 ;
; Auto Gated Clock Conversion                                                ; Off                ; Off                ;
; Block Design Naming                                                        ; Auto               ; Auto               ;
; SDC constraint protection                                                  ; Off                ; Off                ;
; Synthesis Effort                                                           ; Auto               ; Auto               ;
; Shift Register Replacement - Allow Asynchronous Clear Signal               ; On                 ; On                 ;
; Pre-Mapping Resynthesis Optimization                                       ; Off                ; Off                ;
; Analysis & Synthesis Message Level                                         ; Medium             ; Medium             ;
; Disable Register Merging Across Hierarchies                                ; Auto               ; Auto               ;
; Resource Aware Inference For Block RAM                                     ; On                 ; On                 ;
; Synthesis Seed                                                             ; 1                  ; 1                  ;
+----------------------------------------------------------------------------+--------------------+--------------------+


Parallel compilation was disabled, but you have multiple processors available. Enable parallel compilation to reduce compilation time.
+-------------------------------------+
; Parallel Compilation                ;
+----------------------------+--------+
; Processors                 ; Number ;
+----------------------------+--------+
; Number detected on machine ; 4      ;
; Maximum allowed            ; 1      ;
+----------------------------+--------+


+--------------------------------------------------------------------------------------------------------------------------------------------------------------------------------------------------------------------------+
; Analysis & Synthesis Source Files Read                                                                                                                                                                                   ;
+----------------------------------+-----------------+------------------------------------------+----------------------------------------------------------------------------------------------------------------+---------+
; File Name with User-Entered Path ; Used in Netlist ; File Type                                ; File Name with Absolute Path                                                                                   ; Library ;
+----------------------------------+-----------------+------------------------------------------+----------------------------------------------------------------------------------------------------------------+---------+
; CircuitoFinal.bdf                ; yes             ; User Block Diagram/Schematic File        ; /net/nfs1.fee.unicamp.br/export/vol1/home/EC16/ra178610/EA773/Projeto Final/CircuitoFinal/CircuitoFinal.bdf    ;         ;
; Hex.bdf                          ; yes             ; Auto-Found Block Diagram/Schematic File  ; /net/nfs1.fee.unicamp.br/export/vol1/home/EC16/ra178610/EA773/Projeto Final/CircuitoFinal/Hex.bdf              ;         ;
; circuitoRegsULA.bdf              ; yes             ; Auto-Found Block Diagram/Schematic File  ; /net/nfs1.fee.unicamp.br/export/vol1/home/EC16/ra178610/EA773/Projeto Final/CircuitoFinal/circuitoRegsULA.bdf  ;         ;
; reg4bitsNovo.bdf                 ; yes             ; Auto-Found Block Diagram/Schematic File  ; /net/nfs1.fee.unicamp.br/export/vol1/home/EC16/ra178610/EA773/Projeto Final/CircuitoFinal/reg4bitsNovo.bdf     ;         ;
; enable-clear.bdf                 ; yes             ; Auto-Found Block Diagram/Schematic File  ; /net/nfs1.fee.unicamp.br/export/vol1/home/EC16/ra178610/EA773/Projeto Final/CircuitoFinal/enable-clear.bdf     ;         ;
; ULA.bdf                          ; yes             ; Auto-Found Block Diagram/Schematic File  ; /net/nfs1.fee.unicamp.br/export/vol1/home/EC16/ra178610/EA773/Projeto Final/CircuitoFinal/ULA.bdf              ;         ;
; Somador.bdf                      ; yes             ; Auto-Found Block Diagram/Schematic File  ; /net/nfs1.fee.unicamp.br/export/vol1/home/EC16/ra178610/EA773/Projeto Final/CircuitoFinal/Somador.bdf          ;         ;
; full-adder.bdf                   ; yes             ; Auto-Found Block Diagram/Schematic File  ; /net/nfs1.fee.unicamp.br/export/vol1/home/EC16/ra178610/EA773/Projeto Final/CircuitoFinal/full-adder.bdf       ;         ;
; decoderULA.bdf                   ; yes             ; Auto-Found Block Diagram/Schematic File  ; /net/nfs1.fee.unicamp.br/export/vol1/home/EC16/ra178610/EA773/Projeto Final/CircuitoFinal/decoderULA.bdf       ;         ;
; Zera.bdf                         ; yes             ; Auto-Found Block Diagram/Schematic File  ; /net/nfs1.fee.unicamp.br/export/vol1/home/EC16/ra178610/EA773/Projeto Final/CircuitoFinal/Zera.bdf             ;         ;
; Complemento.bdf                  ; yes             ; Auto-Found Block Diagram/Schematic File  ; /net/nfs1.fee.unicamp.br/export/vol1/home/EC16/ra178610/EA773/Projeto Final/CircuitoFinal/Complemento.bdf      ;         ;
; input_um.bdf                     ; yes             ; Auto-Found Block Diagram/Schematic File  ; /net/nfs1.fee.unicamp.br/export/vol1/home/EC16/ra178610/EA773/Projeto Final/CircuitoFinal/input_um.bdf         ;         ;
; ADD.bdf                          ; yes             ; Auto-Found Block Diagram/Schematic File  ; /net/nfs1.fee.unicamp.br/export/vol1/home/EC16/ra178610/EA773/Projeto Final/CircuitoFinal/ADD.bdf              ;         ;
; decoderULARegs.bdf               ; yes             ; Auto-Found Block Diagram/Schematic File  ; /net/nfs1.fee.unicamp.br/export/vol1/home/EC16/ra178610/EA773/Projeto Final/CircuitoFinal/decoderULARegs.bdf   ;         ;
; memoriaRAM.bdf                   ; yes             ; Auto-Found Block Diagram/Schematic File  ; /net/nfs1.fee.unicamp.br/export/vol1/home/EC16/ra178610/EA773/Projeto Final/CircuitoFinal/memoriaRAM.bdf       ;         ;
; decoderRAM.bdf                   ; yes             ; Auto-Found Block Diagram/Schematic File  ; /net/nfs1.fee.unicamp.br/export/vol1/home/EC16/ra178610/EA773/Projeto Final/CircuitoFinal/decoderRAM.bdf       ;         ;
; acessoRAM.bdf                    ; yes             ; Auto-Found Block Diagram/Schematic File  ; /net/nfs1.fee.unicamp.br/export/vol1/home/EC16/ra178610/EA773/Projeto Final/CircuitoFinal/acessoRAM.bdf        ;         ;
; tri4RAMs.bdf                     ; yes             ; Auto-Found Block Diagram/Schematic File  ; /net/nfs1.fee.unicamp.br/export/vol1/home/EC16/ra178610/EA773/Projeto Final/CircuitoFinal/tri4RAMs.bdf         ;         ;
; decoderFinal.bdf                 ; yes             ; Auto-Found Block Diagram/Schematic File  ; /net/nfs1.fee.unicamp.br/export/vol1/home/EC16/ra178610/EA773/Projeto Final/CircuitoFinal/decoderFinal.bdf     ;         ;
; ContadorCascata.bdf              ; yes             ; Auto-Found Block Diagram/Schematic File  ; /net/nfs1.fee.unicamp.br/export/vol1/home/EC16/ra178610/EA773/Projeto Final/CircuitoFinal/ContadorCascata.bdf  ;         ;
; Contador.bdf                     ; yes             ; Auto-Found Block Diagram/Schematic File  ; /net/nfs1.fee.unicamp.br/export/vol1/home/EC16/ra178610/EA773/Projeto Final/CircuitoFinal/Contador.bdf         ;         ;
; moduloReset.bdf                  ; yes             ; Auto-Found Block Diagram/Schematic File  ; /net/nfs1.fee.unicamp.br/export/vol1/home/EC16/ra178610/EA773/Projeto Final/CircuitoFinal/moduloReset.bdf      ;         ;
; moduloCarregador.bdf             ; yes             ; Auto-Found Block Diagram/Schematic File  ; /net/nfs1.fee.unicamp.br/export/vol1/home/EC16/ra178610/EA773/Projeto Final/CircuitoFinal/moduloCarregador.bdf ;         ;
; bancoROM.bdf                     ; yes             ; Auto-Found Block Diagram/Schematic File  ; /net/nfs1.fee.unicamp.br/export/vol1/home/EC16/ra178610/EA773/Projeto Final/CircuitoFinal/bancoROM.bdf         ;         ;
; memoriaROM.bdf                   ; yes             ; Auto-Found Block Diagram/Schematic File  ; /net/nfs1.fee.unicamp.br/export/vol1/home/EC16/ra178610/EA773/Projeto Final/CircuitoFinal/memoriaROM.bdf       ;         ;
; decoderROM.bdf                   ; yes             ; Auto-Found Block Diagram/Schematic File  ; /net/nfs1.fee.unicamp.br/export/vol1/home/EC16/ra178610/EA773/Projeto Final/CircuitoFinal/decoderROM.bdf       ;         ;
; decodificador2.bdf               ; yes             ; Auto-Found Block Diagram/Schematic File  ; /net/nfs1.fee.unicamp.br/export/vol1/home/EC16/ra178610/EA773/Projeto Final/CircuitoFinal/decodificador2.bdf   ;         ;
+----------------------------------+-----------------+------------------------------------------+----------------------------------------------------------------------------------------------------------------+---------+


+-----------------------------------------------------+
; Analysis & Synthesis Resource Usage Summary         ;
+---------------------------------------------+-------+
; Resource                                    ; Usage ;
+---------------------------------------------+-------+
;                                             ;       ;
; Total combinational functions               ; 0     ;
; Logic element usage by number of LUT inputs ;       ;
;     -- 4 input functions                    ; 0     ;
;     -- 3 input functions                    ; 0     ;
;     -- <=2 input functions                  ; 0     ;
;                                             ;       ;
; Logic elements by mode                      ;       ;
;     -- normal mode                          ; 0     ;
;     -- arithmetic mode                      ; 0     ;
;                                             ;       ;
; Total registers                             ; 0     ;
;     -- Dedicated logic registers            ; 0     ;
;     -- I/O registers                        ; 0     ;
;                                             ;       ;
; I/O pins                                    ; 47    ;
; Embedded Multiplier 9-bit elements          ; 0     ;
+---------------------------------------------+-------+


+-----------------------------------------------------------------------------------------------------------------------------------------------------------------------------+
; Analysis & Synthesis Resource Utilization by Entity                                                                                                                         ;
+----------------------------+-------------------+--------------+-------------+--------------+---------+-----------+------+--------------+---------------------+--------------+
; Compilation Hierarchy Node ; LC Combinationals ; LC Registers ; Memory Bits ; DSP Elements ; DSP 9x9 ; DSP 18x18 ; Pins ; Virtual Pins ; Full Hierarchy Name ; Library Name ;
+----------------------------+-------------------+--------------+-------------+--------------+---------+-----------+------+--------------+---------------------+--------------+
; |CircuitoFinal             ; 0 (0)             ; 0 (0)        ; 0           ; 0            ; 0       ; 0         ; 47   ; 0            ; |CircuitoFinal      ; work         ;
+----------------------------+-------------------+--------------+-------------+--------------+---------+-----------+------+--------------+---------------------+--------------+
Note: For table entries with two numbers listed, the numbers in parentheses indicate the number of resources of the given type used by the specific entity alone. The numbers listed outside of parentheses indicate the total resources of the given type used by the specific entity and all of its sub-entities in the hierarchy.


+---------------------------------------------------------------------------------------------------------------+
; Registers Removed During Synthesis                                                                            ;
+-----------------------------------------------------------------+---------------------------------------------+
; Register name                                                   ; Reason for Removal                          ;
+-----------------------------------------------------------------+---------------------------------------------+
; circuitoRegsULA:inst1|reg4bitsNovo:inst100|inst7                ; Stuck at GND due to stuck port clock_enable ;
; circuitoRegsULA:inst1|reg4bitsNovo:inst100|inst3                ; Stuck at GND due to stuck port clock_enable ;
; circuitoRegsULA:inst1|reg4bitsNovo:inst100|inst2                ; Stuck at GND due to stuck port clock_enable ;
; circuitoRegsULA:inst1|reg4bitsNovo:inst100|inst1                ; Stuck at GND due to stuck port clock_enable ;
; circuitoRegsULA:inst1|reg4bitsNovo:inst100|inst                 ; Stuck at GND due to stuck port clock_enable ;
; circuitoRegsULA:inst1|memoriaRAM:inst|reg4bitsNovo:inst28|inst  ; Stuck at GND due to stuck port data_in      ;
; circuitoRegsULA:inst1|memoriaRAM:inst|reg4bitsNovo:inst2|inst   ; Stuck at GND due to stuck port data_in      ;
; circuitoRegsULA:inst1|memoriaRAM:inst|reg4bitsNovo:inst52|inst  ; Stuck at GND due to stuck port data_in      ;
; circuitoRegsULA:inst1|memoriaRAM:inst|reg4bitsNovo:inst2|inst1  ; Stuck at GND due to stuck port data_in      ;
; circuitoRegsULA:inst1|memoriaRAM:inst|reg4bitsNovo:inst60|inst  ; Stuck at GND due to stuck port data_in      ;
; circuitoRegsULA:inst1|memoriaRAM:inst|reg4bitsNovo:inst20|inst  ; Stuck at GND due to stuck port data_in      ;
; circuitoRegsULA:inst1|memoriaRAM:inst|reg4bitsNovo:inst2|inst2  ; Stuck at GND due to stuck port data_in      ;
; circuitoRegsULA:inst1|memoriaRAM:inst|reg4bitsNovo:inst16|inst  ; Stuck at GND due to stuck port data_in      ;
; circuitoRegsULA:inst1|memoriaRAM:inst|reg4bitsNovo:inst40|inst  ; Stuck at GND due to stuck port data_in      ;
; circuitoRegsULA:inst1|memoriaRAM:inst|reg4bitsNovo:inst48|inst  ; Stuck at GND due to stuck port data_in      ;
; circuitoRegsULA:inst1|memoriaRAM:inst|reg4bitsNovo:inst4|inst   ; Stuck at GND due to stuck port data_in      ;
; circuitoRegsULA:inst1|memoriaRAM:inst|reg4bitsNovo:inst2|inst7  ; Stuck at GND due to stuck port data_in      ;
; circuitoRegsULA:inst1|memoriaRAM:inst|reg4bitsNovo:inst32|inst  ; Stuck at GND due to stuck port data_in      ;
; circuitoRegsULA:inst1|memoriaRAM:inst|reg4bitsNovo:inst56|inst  ; Stuck at GND due to stuck port data_in      ;
; circuitoRegsULA:inst1|reg4bitsNovo:inst3|inst                   ; Stuck at GND due to stuck port data_in      ;
; circuitoRegsULA:inst1|memoriaRAM:inst|reg4bitsNovo:inst24|inst  ; Stuck at GND due to stuck port data_in      ;
; circuitoRegsULA:inst1|memoriaRAM:inst|reg4bitsNovo:inst44|inst  ; Stuck at GND due to stuck port data_in      ;
; circuitoRegsULA:inst1|memoriaRAM:inst|reg4bitsNovo:inst12|inst  ; Stuck at GND due to stuck port data_in      ;
; circuitoRegsULA:inst1|memoriaRAM:inst|reg4bitsNovo:inst36|inst  ; Stuck at GND due to stuck port data_in      ;
; circuitoRegsULA:inst1|memoriaRAM:inst|reg4bitsNovo:inst42|inst  ; Stuck at GND due to stuck port data_in      ;
; circuitoRegsULA:inst1|memoriaRAM:inst|reg4bitsNovo:inst38|inst  ; Stuck at GND due to stuck port data_in      ;
; circuitoRegsULA:inst1|memoriaRAM:inst|reg4bitsNovo:inst46|inst  ; Stuck at GND due to stuck port data_in      ;
; circuitoRegsULA:inst1|memoriaRAM:inst|reg4bitsNovo:inst18|inst  ; Stuck at GND due to stuck port data_in      ;
; circuitoRegsULA:inst1|memoriaRAM:inst|reg4bitsNovo:inst26|inst  ; Stuck at GND due to stuck port data_in      ;
; circuitoRegsULA:inst1|memoriaRAM:inst|reg4bitsNovo:inst22|inst  ; Stuck at GND due to stuck port data_in      ;
; circuitoRegsULA:inst1|memoriaRAM:inst|reg4bitsNovo:inst30|inst  ; Stuck at GND due to stuck port data_in      ;
; circuitoRegsULA:inst1|memoriaRAM:inst|reg4bitsNovo:inst50|inst  ; Stuck at GND due to stuck port data_in      ;
; circuitoRegsULA:inst1|memoriaRAM:inst|reg4bitsNovo:inst58|inst  ; Stuck at GND due to stuck port data_in      ;
; circuitoRegsULA:inst1|memoriaRAM:inst|reg4bitsNovo:inst54|inst  ; Stuck at GND due to stuck port data_in      ;
; circuitoRegsULA:inst1|memoriaRAM:inst|reg4bitsNovo:inst62|inst  ; Stuck at GND due to stuck port data_in      ;
; circuitoRegsULA:inst1|memoriaRAM:inst|reg4bitsNovo:inst34|inst  ; Stuck at GND due to stuck port data_in      ;
; circuitoRegsULA:inst1|memoriaRAM:inst|reg4bitsNovo:inst5|inst   ; Stuck at GND due to stuck port data_in      ;
; circuitoRegsULA:inst1|memoriaRAM:inst|reg4bitsNovo:inst3|inst   ; Stuck at GND due to stuck port data_in      ;
; circuitoRegsULA:inst1|memoriaRAM:inst|reg4bitsNovo:inst14|inst  ; Stuck at GND due to stuck port data_in      ;
; circuitoRegsULA:inst1|memoriaRAM:inst|reg4bitsNovo:inst66|inst  ; Stuck at GND due to stuck port data_in      ;
; circuitoRegsULA:inst1|memoriaRAM:inst|reg4bitsNovo:inst2|inst3  ; Stuck at GND due to stuck port data_in      ;
; circuitoRegsULA:inst1|memoriaRAM:inst|reg4bitsNovo:inst16|inst1 ; Stuck at GND due to stuck port data_in      ;
; circuitoRegsULA:inst1|memoriaRAM:inst|reg4bitsNovo:inst44|inst1 ; Stuck at GND due to stuck port data_in      ;
; circuitoRegsULA:inst1|memoriaRAM:inst|reg4bitsNovo:inst48|inst1 ; Stuck at GND due to stuck port data_in      ;
; circuitoRegsULA:inst1|memoriaRAM:inst|reg4bitsNovo:inst12|inst1 ; Stuck at GND due to stuck port data_in      ;
; circuitoRegsULA:inst1|memoriaRAM:inst|reg4bitsNovo:inst24|inst1 ; Stuck at GND due to stuck port data_in      ;
; circuitoRegsULA:inst1|memoriaRAM:inst|reg4bitsNovo:inst52|inst1 ; Stuck at GND due to stuck port data_in      ;
; circuitoRegsULA:inst1|memoriaRAM:inst|reg4bitsNovo:inst56|inst1 ; Stuck at GND due to stuck port data_in      ;
; circuitoRegsULA:inst1|memoriaRAM:inst|reg4bitsNovo:inst20|inst1 ; Stuck at GND due to stuck port data_in      ;
; circuitoRegsULA:inst1|memoriaRAM:inst|reg4bitsNovo:inst32|inst1 ; Stuck at GND due to stuck port data_in      ;
; circuitoRegsULA:inst1|memoriaRAM:inst|reg4bitsNovo:inst60|inst1 ; Stuck at GND due to stuck port data_in      ;
; circuitoRegsULA:inst1|reg4bitsNovo:inst3|inst1                  ; Stuck at GND due to stuck port data_in      ;
; circuitoRegsULA:inst1|memoriaRAM:inst|reg4bitsNovo:inst28|inst1 ; Stuck at GND due to stuck port data_in      ;
; circuitoRegsULA:inst1|memoriaRAM:inst|reg4bitsNovo:inst40|inst1 ; Stuck at GND due to stuck port data_in      ;
; circuitoRegsULA:inst1|memoriaRAM:inst|reg4bitsNovo:inst4|inst1  ; Stuck at GND due to stuck port data_in      ;
; circuitoRegsULA:inst1|memoriaRAM:inst|reg4bitsNovo:inst36|inst1 ; Stuck at GND due to stuck port data_in      ;
; circuitoRegsULA:inst1|memoriaRAM:inst|reg4bitsNovo:inst38|inst1 ; Stuck at GND due to stuck port data_in      ;
; circuitoRegsULA:inst1|memoriaRAM:inst|reg4bitsNovo:inst14|inst1 ; Stuck at GND due to stuck port data_in      ;
; circuitoRegsULA:inst1|memoriaRAM:inst|reg4bitsNovo:inst46|inst1 ; Stuck at GND due to stuck port data_in      ;
; circuitoRegsULA:inst1|memoriaRAM:inst|reg4bitsNovo:inst3|inst1  ; Stuck at GND due to stuck port data_in      ;
; circuitoRegsULA:inst1|memoriaRAM:inst|reg4bitsNovo:inst34|inst1 ; Stuck at GND due to stuck port data_in      ;
; circuitoRegsULA:inst1|memoriaRAM:inst|reg4bitsNovo:inst26|inst1 ; Stuck at GND due to stuck port data_in      ;
; circuitoRegsULA:inst1|memoriaRAM:inst|reg4bitsNovo:inst58|inst1 ; Stuck at GND due to stuck port data_in      ;
; circuitoRegsULA:inst1|memoriaRAM:inst|reg4bitsNovo:inst50|inst1 ; Stuck at GND due to stuck port data_in      ;
; circuitoRegsULA:inst1|memoriaRAM:inst|reg4bitsNovo:inst54|inst1 ; Stuck at GND due to stuck port data_in      ;
; circuitoRegsULA:inst1|memoriaRAM:inst|reg4bitsNovo:inst30|inst1 ; Stuck at GND due to stuck port data_in      ;
; circuitoRegsULA:inst1|memoriaRAM:inst|reg4bitsNovo:inst62|inst1 ; Stuck at GND due to stuck port data_in      ;
; circuitoRegsULA:inst1|memoriaRAM:inst|reg4bitsNovo:inst22|inst1 ; Stuck at GND due to stuck port data_in      ;
; circuitoRegsULA:inst1|memoriaRAM:inst|reg4bitsNovo:inst5|inst1  ; Stuck at GND due to stuck port data_in      ;
; circuitoRegsULA:inst1|memoriaRAM:inst|reg4bitsNovo:inst18|inst1 ; Stuck at GND due to stuck port data_in      ;
; circuitoRegsULA:inst1|memoriaRAM:inst|reg4bitsNovo:inst42|inst1 ; Stuck at GND due to stuck port data_in      ;
; circuitoRegsULA:inst1|memoriaRAM:inst|reg4bitsNovo:inst66|inst1 ; Stuck at GND due to stuck port data_in      ;
; circuitoRegsULA:inst1|memoriaRAM:inst|reg4bitsNovo:inst44|inst2 ; Stuck at GND due to stuck port data_in      ;
; circuitoRegsULA:inst1|memoriaRAM:inst|reg4bitsNovo:inst40|inst2 ; Stuck at GND due to stuck port data_in      ;
; circuitoRegsULA:inst1|memoriaRAM:inst|reg4bitsNovo:inst48|inst2 ; Stuck at GND due to stuck port data_in      ;
; circuitoRegsULA:inst1|memoriaRAM:inst|reg4bitsNovo:inst36|inst2 ; Stuck at GND due to stuck port data_in      ;
; circuitoRegsULA:inst1|memoriaRAM:inst|reg4bitsNovo:inst28|inst2 ; Stuck at GND due to stuck port data_in      ;
; circuitoRegsULA:inst1|memoriaRAM:inst|reg4bitsNovo:inst24|inst2 ; Stuck at GND due to stuck port data_in      ;
; circuitoRegsULA:inst1|memoriaRAM:inst|reg4bitsNovo:inst32|inst2 ; Stuck at GND due to stuck port data_in      ;
; circuitoRegsULA:inst1|memoriaRAM:inst|reg4bitsNovo:inst20|inst2 ; Stuck at GND due to stuck port data_in      ;
; circuitoRegsULA:inst1|memoriaRAM:inst|reg4bitsNovo:inst60|inst2 ; Stuck at GND due to stuck port data_in      ;
; circuitoRegsULA:inst1|memoriaRAM:inst|reg4bitsNovo:inst56|inst2 ; Stuck at GND due to stuck port data_in      ;
; circuitoRegsULA:inst1|reg4bitsNovo:inst3|inst2                  ; Stuck at GND due to stuck port data_in      ;
; circuitoRegsULA:inst1|memoriaRAM:inst|reg4bitsNovo:inst52|inst2 ; Stuck at GND due to stuck port data_in      ;
; circuitoRegsULA:inst1|memoriaRAM:inst|reg4bitsNovo:inst16|inst2 ; Stuck at GND due to stuck port data_in      ;
; circuitoRegsULA:inst1|memoriaRAM:inst|reg4bitsNovo:inst12|inst2 ; Stuck at GND due to stuck port data_in      ;
; circuitoRegsULA:inst1|memoriaRAM:inst|reg4bitsNovo:inst4|inst2  ; Stuck at GND due to stuck port data_in      ;
; circuitoRegsULA:inst1|memoriaRAM:inst|reg4bitsNovo:inst14|inst2 ; Stuck at GND due to stuck port data_in      ;
; circuitoRegsULA:inst1|memoriaRAM:inst|reg4bitsNovo:inst42|inst2 ; Stuck at GND due to stuck port data_in      ;
; circuitoRegsULA:inst1|memoriaRAM:inst|reg4bitsNovo:inst46|inst2 ; Stuck at GND due to stuck port data_in      ;
; circuitoRegsULA:inst1|memoriaRAM:inst|reg4bitsNovo:inst5|inst2  ; Stuck at GND due to stuck port data_in      ;
; circuitoRegsULA:inst1|memoriaRAM:inst|reg4bitsNovo:inst34|inst2 ; Stuck at GND due to stuck port data_in      ;
; circuitoRegsULA:inst1|memoriaRAM:inst|reg4bitsNovo:inst22|inst2 ; Stuck at GND due to stuck port data_in      ;
; circuitoRegsULA:inst1|memoriaRAM:inst|reg4bitsNovo:inst54|inst2 ; Stuck at GND due to stuck port data_in      ;
; circuitoRegsULA:inst1|memoriaRAM:inst|reg4bitsNovo:inst50|inst2 ; Stuck at GND due to stuck port data_in      ;
; circuitoRegsULA:inst1|memoriaRAM:inst|reg4bitsNovo:inst30|inst2 ; Stuck at GND due to stuck port data_in      ;
; circuitoRegsULA:inst1|memoriaRAM:inst|reg4bitsNovo:inst58|inst2 ; Stuck at GND due to stuck port data_in      ;
; circuitoRegsULA:inst1|memoriaRAM:inst|reg4bitsNovo:inst62|inst2 ; Stuck at GND due to stuck port data_in      ;
; circuitoRegsULA:inst1|memoriaRAM:inst|reg4bitsNovo:inst26|inst2 ; Stuck at GND due to stuck port data_in      ;
; circuitoRegsULA:inst1|memoriaRAM:inst|reg4bitsNovo:inst18|inst2 ; Stuck at GND due to stuck port data_in      ;
; circuitoRegsULA:inst1|memoriaRAM:inst|reg4bitsNovo:inst3|inst2  ; Stuck at GND due to stuck port data_in      ;
; circuitoRegsULA:inst1|memoriaRAM:inst|reg4bitsNovo:inst38|inst2 ; Stuck at GND due to stuck port data_in      ;
; circuitoRegsULA:inst1|memoriaRAM:inst|reg4bitsNovo:inst66|inst2 ; Stuck at GND due to stuck port data_in      ;
; circuitoRegsULA:inst1|memoriaRAM:inst|reg4bitsNovo:inst40|inst3 ; Stuck at GND due to stuck port data_in      ;
; circuitoRegsULA:inst1|memoriaRAM:inst|reg4bitsNovo:inst16|inst3 ; Stuck at GND due to stuck port data_in      ;
; circuitoRegsULA:inst1|memoriaRAM:inst|reg4bitsNovo:inst48|inst3 ; Stuck at GND due to stuck port data_in      ;
; circuitoRegsULA:inst1|memoriaRAM:inst|reg4bitsNovo:inst4|inst3  ; Stuck at GND due to stuck port data_in      ;
; circuitoRegsULA:inst1|memoriaRAM:inst|reg4bitsNovo:inst52|inst3 ; Stuck at GND due to stuck port data_in      ;
; circuitoRegsULA:inst1|memoriaRAM:inst|reg4bitsNovo:inst28|inst3 ; Stuck at GND due to stuck port data_in      ;
; circuitoRegsULA:inst1|memoriaRAM:inst|reg4bitsNovo:inst60|inst3 ; Stuck at GND due to stuck port data_in      ;
; circuitoRegsULA:inst1|memoriaRAM:inst|reg4bitsNovo:inst20|inst3 ; Stuck at GND due to stuck port data_in      ;
; circuitoRegsULA:inst1|memoriaRAM:inst|reg4bitsNovo:inst56|inst3 ; Stuck at GND due to stuck port data_in      ;
; circuitoRegsULA:inst1|memoriaRAM:inst|reg4bitsNovo:inst32|inst3 ; Stuck at GND due to stuck port data_in      ;
; circuitoRegsULA:inst1|reg4bitsNovo:inst3|inst3                  ; Stuck at GND due to stuck port data_in      ;
; circuitoRegsULA:inst1|memoriaRAM:inst|reg4bitsNovo:inst24|inst3 ; Stuck at GND due to stuck port data_in      ;
; circuitoRegsULA:inst1|memoriaRAM:inst|reg4bitsNovo:inst44|inst3 ; Stuck at GND due to stuck port data_in      ;
; circuitoRegsULA:inst1|memoriaRAM:inst|reg4bitsNovo:inst12|inst3 ; Stuck at GND due to stuck port data_in      ;
; circuitoRegsULA:inst1|memoriaRAM:inst|reg4bitsNovo:inst36|inst3 ; Stuck at GND due to stuck port data_in      ;
; circuitoRegsULA:inst1|memoriaRAM:inst|reg4bitsNovo:inst42|inst3 ; Stuck at GND due to stuck port data_in      ;
; circuitoRegsULA:inst1|memoriaRAM:inst|reg4bitsNovo:inst38|inst3 ; Stuck at GND due to stuck port data_in      ;
; circuitoRegsULA:inst1|memoriaRAM:inst|reg4bitsNovo:inst46|inst3 ; Stuck at GND due to stuck port data_in      ;
; circuitoRegsULA:inst1|memoriaRAM:inst|reg4bitsNovo:inst18|inst3 ; Stuck at GND due to stuck port data_in      ;
; circuitoRegsULA:inst1|memoriaRAM:inst|reg4bitsNovo:inst22|inst3 ; Stuck at GND due to stuck port data_in      ;
; circuitoRegsULA:inst1|memoriaRAM:inst|reg4bitsNovo:inst26|inst3 ; Stuck at GND due to stuck port data_in      ;
; circuitoRegsULA:inst1|memoriaRAM:inst|reg4bitsNovo:inst30|inst3 ; Stuck at GND due to stuck port data_in      ;
; circuitoRegsULA:inst1|memoriaRAM:inst|reg4bitsNovo:inst50|inst3 ; Stuck at GND due to stuck port data_in      ;
; circuitoRegsULA:inst1|memoriaRAM:inst|reg4bitsNovo:inst58|inst3 ; Stuck at GND due to stuck port data_in      ;
; circuitoRegsULA:inst1|memoriaRAM:inst|reg4bitsNovo:inst54|inst3 ; Stuck at GND due to stuck port data_in      ;
; circuitoRegsULA:inst1|memoriaRAM:inst|reg4bitsNovo:inst62|inst3 ; Stuck at GND due to stuck port data_in      ;
; circuitoRegsULA:inst1|memoriaRAM:inst|reg4bitsNovo:inst34|inst3 ; Stuck at GND due to stuck port data_in      ;
; circuitoRegsULA:inst1|memoriaRAM:inst|reg4bitsNovo:inst3|inst3  ; Stuck at GND due to stuck port data_in      ;
; circuitoRegsULA:inst1|memoriaRAM:inst|reg4bitsNovo:inst5|inst3  ; Stuck at GND due to stuck port data_in      ;
; circuitoRegsULA:inst1|memoriaRAM:inst|reg4bitsNovo:inst14|inst3 ; Stuck at GND due to stuck port data_in      ;
; circuitoRegsULA:inst1|memoriaRAM:inst|reg4bitsNovo:inst66|inst3 ; Stuck at GND due to stuck port data_in      ;
; circuitoRegsULA:inst1|memoriaRAM:inst|reg4bitsNovo:inst66|inst7 ; Stuck at GND due to stuck port data_in      ;
; circuitoRegsULA:inst1|memoriaRAM:inst|reg4bitsNovo:inst3|inst7  ; Stuck at GND due to stuck port data_in      ;
; circuitoRegsULA:inst1|memoriaRAM:inst|reg4bitsNovo:inst4|inst7  ; Stuck at GND due to stuck port data_in      ;
; circuitoRegsULA:inst1|memoriaRAM:inst|reg4bitsNovo:inst5|inst7  ; Stuck at GND due to stuck port data_in      ;
; circuitoRegsULA:inst1|memoriaRAM:inst|reg4bitsNovo:inst12|inst7 ; Stuck at GND due to stuck port data_in      ;
; circuitoRegsULA:inst1|memoriaRAM:inst|reg4bitsNovo:inst64|inst7 ; Stuck at GND due to stuck port data_in      ;
; circuitoRegsULA:inst1|memoriaRAM:inst|reg4bitsNovo:inst14|inst7 ; Stuck at GND due to stuck port data_in      ;
; circuitoRegsULA:inst1|memoriaRAM:inst|reg4bitsNovo:inst18|inst7 ; Stuck at GND due to stuck port data_in      ;
; circuitoRegsULA:inst1|memoriaRAM:inst|reg4bitsNovo:inst36|inst7 ; Stuck at GND due to stuck port data_in      ;
; circuitoRegsULA:inst1|memoriaRAM:inst|reg4bitsNovo:inst38|inst7 ; Stuck at GND due to stuck port data_in      ;
; circuitoRegsULA:inst1|memoriaRAM:inst|reg4bitsNovo:inst40|inst7 ; Stuck at GND due to stuck port data_in      ;
; circuitoRegsULA:inst1|memoriaRAM:inst|reg4bitsNovo:inst42|inst7 ; Stuck at GND due to stuck port data_in      ;
; circuitoRegsULA:inst1|memoriaRAM:inst|reg4bitsNovo:inst44|inst7 ; Stuck at GND due to stuck port data_in      ;
; circuitoRegsULA:inst1|memoriaRAM:inst|reg4bitsNovo:inst16|inst7 ; Stuck at GND due to stuck port data_in      ;
; circuitoRegsULA:inst1|memoriaRAM:inst|reg4bitsNovo:inst46|inst7 ; Stuck at GND due to stuck port data_in      ;
; circuitoRegsULA:inst1|memoriaRAM:inst|reg4bitsNovo:inst48|inst7 ; Stuck at GND due to stuck port data_in      ;
; circuitoRegsULA:inst1|memoriaRAM:inst|reg4bitsNovo:inst50|inst7 ; Stuck at GND due to stuck port data_in      ;
; circuitoRegsULA:inst1|memoriaRAM:inst|reg4bitsNovo:inst20|inst7 ; Stuck at GND due to stuck port data_in      ;
; circuitoRegsULA:inst1|memoriaRAM:inst|reg4bitsNovo:inst22|inst7 ; Stuck at GND due to stuck port data_in      ;
; circuitoRegsULA:inst1|memoriaRAM:inst|reg4bitsNovo:inst24|inst7 ; Stuck at GND due to stuck port data_in      ;
; circuitoRegsULA:inst1|memoriaRAM:inst|reg4bitsNovo:inst26|inst7 ; Stuck at GND due to stuck port data_in      ;
; circuitoRegsULA:inst1|memoriaRAM:inst|reg4bitsNovo:inst28|inst7 ; Stuck at GND due to stuck port data_in      ;
; circuitoRegsULA:inst1|memoriaRAM:inst|reg4bitsNovo:inst32|inst7 ; Stuck at GND due to stuck port data_in      ;
; circuitoRegsULA:inst1|memoriaRAM:inst|reg4bitsNovo:inst34|inst7 ; Stuck at GND due to stuck port data_in      ;
; circuitoRegsULA:inst1|memoriaRAM:inst|reg4bitsNovo:inst52|inst7 ; Stuck at GND due to stuck port data_in      ;
; circuitoRegsULA:inst1|memoriaRAM:inst|reg4bitsNovo:inst54|inst7 ; Stuck at GND due to stuck port data_in      ;
; circuitoRegsULA:inst1|memoriaRAM:inst|reg4bitsNovo:inst56|inst7 ; Stuck at GND due to stuck port data_in      ;
; circuitoRegsULA:inst1|memoriaRAM:inst|reg4bitsNovo:inst58|inst7 ; Stuck at GND due to stuck port data_in      ;
; circuitoRegsULA:inst1|memoriaRAM:inst|reg4bitsNovo:inst30|inst7 ; Stuck at GND due to stuck port data_in      ;
; circuitoRegsULA:inst1|memoriaRAM:inst|reg4bitsNovo:inst60|inst7 ; Stuck at GND due to stuck port data_in      ;
; circuitoRegsULA:inst1|memoriaRAM:inst|reg4bitsNovo:inst64|inst  ; Stuck at GND due to stuck port data_in      ;
; circuitoRegsULA:inst1|memoriaRAM:inst|reg4bitsNovo:inst64|inst1 ; Stuck at GND due to stuck port data_in      ;
; circuitoRegsULA:inst1|memoriaRAM:inst|reg4bitsNovo:inst64|inst2 ; Stuck at GND due to stuck port data_in      ;
; circuitoRegsULA:inst1|memoriaRAM:inst|reg4bitsNovo:inst64|inst3 ; Stuck at GND due to stuck port data_in      ;
; circuitoRegsULA:inst1|reg4bitsNovo:inst3|inst7                  ; Stuck at GND due to stuck port data_in      ;
; circuitoRegsULA:inst1|memoriaRAM:inst|reg4bitsNovo:inst62|inst7 ; Stuck at GND due to stuck port data_in      ;
; circuitoRegsULA:inst1|reg4bitsNovo:inst1|inst                   ; Stuck at GND due to stuck port data_in      ;
; circuitoRegsULA:inst1|reg4bitsNovo:inst1|inst7                  ; Stuck at GND due to stuck port data_in      ;
; circuitoRegsULA:inst1|reg4bitsNovo:inst1|inst3                  ; Stuck at GND due to stuck port data_in      ;
; circuitoRegsULA:inst1|reg4bitsNovo:inst1|inst2                  ; Stuck at GND due to stuck port data_in      ;
; circuitoRegsULA:inst1|reg4bitsNovo:inst1|inst1                  ; Stuck at GND due to stuck port data_in      ;
; circuitoRegsULA:inst1|reg4bitsNovo:inst91|inst                  ; Stuck at GND due to stuck port data_in      ;
; circuitoRegsULA:inst1|reg4bitsNovo:inst91|inst3                 ; Stuck at GND due to stuck port data_in      ;
; ContadorCascata:inst|Contador:inst5|D0                          ; Lost fanout                                 ;
; ContadorCascata:inst|Contador:inst|D3                           ; Lost fanout                                 ;
; ContadorCascata:inst|Contador:inst|D2                           ; Lost fanout                                 ;
; ContadorCascata:inst|Contador:inst|D1                           ; Lost fanout                                 ;
; ContadorCascata:inst|Contador:inst|D0                           ; Lost fanout                                 ;
; Total Number of Removed Registers = 182                         ;                                             ;
+-----------------------------------------------------------------+---------------------------------------------+


+-------------------------------------------------------------------------------------------------------------------------------------------------------------+
; Removed Registers Triggering Further Register Optimizations                                                                                                 ;
+------------------------------------------------+---------------------------+--------------------------------------------------------------------------------+
; Register name                                  ; Reason for Removal        ; Registers Removed due to This Register                                         ;
+------------------------------------------------+---------------------------+--------------------------------------------------------------------------------+
; circuitoRegsULA:inst1|reg4bitsNovo:inst91|inst ; Stuck at GND              ; ContadorCascata:inst|Contador:inst5|D0, ContadorCascata:inst|Contador:inst|D3, ;
;                                                ; due to stuck port data_in ; ContadorCascata:inst|Contador:inst|D2, ContadorCascata:inst|Contador:inst|D1,  ;
;                                                ;                           ; ContadorCascata:inst|Contador:inst|D0                                          ;
+------------------------------------------------+---------------------------+--------------------------------------------------------------------------------+


+------------------------------------------------------+
; General Register Statistics                          ;
+----------------------------------------------+-------+
; Statistic                                    ; Value ;
+----------------------------------------------+-------+
; Total registers                              ; 0     ;
; Number of registers using Synchronous Clear  ; 0     ;
; Number of registers using Synchronous Load   ; 0     ;
; Number of registers using Asynchronous Clear ; 0     ;
; Number of registers using Asynchronous Load  ; 0     ;
; Number of registers using Clock Enable       ; 0     ;
; Number of registers using Preset             ; 0     ;
+----------------------------------------------+-------+


+-------------------------------------------------------------------------------------------------------------------------------------------------------------+
; Multiplexer Restructuring Statistics (Restructuring Performed)                                                                                              ;
+--------------------+-----------+---------------+----------------------+------------------------+------------+-----------------------------------------------+
; Multiplexer Inputs ; Bus Width ; Baseline Area ; Area if Restructured ; Saving if Restructured ; Registered ; Example Multiplexer Output                    ;
+--------------------+-----------+---------------+----------------------+------------------------+------------+-----------------------------------------------+
; 33:1               ; 4 bits    ; 88 LEs        ; 84 LEs               ; 4 LEs                  ; No         ; |CircuitoFinal|circuitoRegsULA:inst1|disp2[3] ;
+--------------------+-----------+---------------+----------------------+------------------------+------------+-----------------------------------------------+


+-------------------------------+
; Elapsed Time Per Partition    ;
+----------------+--------------+
; Partition Name ; Elapsed Time ;
+----------------+--------------+
; Top            ; 00:00:00     ;
+----------------+--------------+


+-------------------------------+
; Analysis & Synthesis Messages ;
+-------------------------------+
Info: *******************************************************************
Info: Running Quartus II 32-bit Analysis & Synthesis
    Info: Version 13.0.1 Build 232 06/12/2013 Service Pack 1 SJ Web Edition
    Info: Processing started: Fri Jun 29 14:26:20 2018
Info: Command: quartus_map --read_settings_files=on --write_settings_files=off CircuitoFinal -c CircuitoFinal
Warning (20028): Parallel compilation is not licensed and has been disabled
Info (12021): Found 1 design units, including 1 entities, in source file CircuitoFinal.bdf
    Info (12023): Found entity 1: CircuitoFinal
Info (12127): Elaborating entity "CircuitoFinal" for the top level hierarchy
Warning (12125): Using design file Hex.bdf, which is not specified as a design file for the current project, but contains definitions for 1 design units and 1 entities in project
    Info (12023): Found entity 1: Hex
Info (12128): Elaborating entity "Hex" for hierarchy "Hex:inst5"
Warning (12125): Using design file circuitoRegsULA.bdf, which is not specified as a design file for the current project, but contains definitions for 1 design units and 1 entities in project
    Info (12023): Found entity 1: circuitoRegsULA
Info (12128): Elaborating entity "circuitoRegsULA" for hierarchy "circuitoRegsULA:inst1"
Warning (12125): Using design file reg4bitsNovo.bdf, which is not specified as a design file for the current project, but contains definitions for 1 design units and 1 entities in project
    Info (12023): Found entity 1: reg4bitsNovo
Info (12128): Elaborating entity "reg4bitsNovo" for hierarchy "circuitoRegsULA:inst1|reg4bitsNovo:inst91"
Warning (12125): Using design file enable-clear.bdf, which is not specified as a design file for the current project, but contains definitions for 1 design units and 1 entities in project
    Info (12023): Found entity 1: enable-clear
Info (12128): Elaborating entity "enable-clear" for hierarchy "circuitoRegsULA:inst1|reg4bitsNovo:inst91|enable-clear:inst6"
Warning (12125): Using design file ULA.bdf, which is not specified as a design file for the current project, but contains definitions for 1 design units and 1 entities in project
    Info (12023): Found entity 1: ULA
Info (12128): Elaborating entity "ULA" for hierarchy "circuitoRegsULA:inst1|ULA:inst2"
Warning (12125): Using design file Somador.bdf, which is not specified as a design file for the current project, but contains definitions for 1 design units and 1 entities in project
    Info (12023): Found entity 1: Somador
Info (12128): Elaborating entity "Somador" for hierarchy "circuitoRegsULA:inst1|ULA:inst2|Somador:inst2"
Warning (12125): Using design file full-adder.bdf, which is not specified as a design file for the current project, but contains definitions for 1 design units and 1 entities in project
    Info (12023): Found entity 1: full-adder
Info (12128): Elaborating entity "full-adder" for hierarchy "circuitoRegsULA:inst1|ULA:inst2|Somador:inst2|full-adder:inst3"
Warning (12125): Using design file decoderULA.bdf, which is not specified as a design file for the current project, but contains definitions for 1 design units and 1 entities in project
    Info (12023): Found entity 1: decoderULA
Info (12128): Elaborating entity "decoderULA" for hierarchy "circuitoRegsULA:inst1|ULA:inst2|decoderULA:inst1"
Warning (275008): Primitive "NOT" of instance "inst10" not used
Warning (275008): Primitive "NOT" of instance "inst8" not used
Warning (275008): Primitive "NOT" of instance "inst9" not used
Warning (12125): Using design file Zera.bdf, which is not specified as a design file for the current project, but contains definitions for 1 design units and 1 entities in project
    Info (12023): Found entity 1: Zera
Info (12128): Elaborating entity "Zera" for hierarchy "circuitoRegsULA:inst1|ULA:inst2|Zera:inst8"
Warning (12125): Using design file Complemento.bdf, which is not specified as a design file for the current project, but contains definitions for 1 design units and 1 entities in project
    Info (12023): Found entity 1: Complemento
Info (12128): Elaborating entity "Complemento" for hierarchy "circuitoRegsULA:inst1|ULA:inst2|Complemento:inst9"
Warning (12125): Using design file input_um.bdf, which is not specified as a design file for the current project, but contains definitions for 1 design units and 1 entities in project
    Info (12023): Found entity 1: input_um
Info (12128): Elaborating entity "input_um" for hierarchy "circuitoRegsULA:inst1|ULA:inst2|input_um:inst3"
Warning (275002): No superset bus at connection
Warning (12125): Using design file ADD.bdf, which is not specified as a design file for the current project, but contains definitions for 1 design units and 1 entities in project
    Info (12023): Found entity 1: ADD
Info (12128): Elaborating entity "ADD" for hierarchy "circuitoRegsULA:inst1|ADD:inst21"
Warning (275043): Pin "ADD[7..0]" is missing source
Warning (275008): Primitive "VCC" of instance "inst" not used
Warning (275008): Primitive "GND" of instance "inst3" not used
Warning (12125): Using design file decoderULARegs.bdf, which is not specified as a design file for the current project, but contains definitions for 1 design units and 1 entities in project
    Info (12023): Found entity 1: decoderULARegs
Info (12128): Elaborating entity "decoderULARegs" for hierarchy "circuitoRegsULA:inst1|decoderULARegs:inst8"
Warning (12125): Using design file memoriaRAM.bdf, which is not specified as a design file for the current project, but contains definitions for 1 design units and 1 entities in project
    Info (12023): Found entity 1: memoriaRAM
Info (12128): Elaborating entity "memoriaRAM" for hierarchy "circuitoRegsULA:inst1|memoriaRAM:inst"
Warning (275083): Bus "num31[4..0]" found using same base name as "num31", which might lead to a name conflict.
Warning (275083): Bus "num30[4..0]" found using same base name as "num30", which might lead to a name conflict.
Warning (275083): Bus "num24[4..0]" found using same base name as "num24", which might lead to a name conflict.
Warning (275083): Bus "num23[4..0]" found using same base name as "num23", which might lead to a name conflict.
Warning (275083): Bus "num22[4..0]" found using same base name as "num22", which might lead to a name conflict.
Warning (275083): Bus "num21[4..0]" found using same base name as "num21", which might lead to a name conflict.
Warning (275083): Bus "num20[4..0]" found using same base name as "num20", which might lead to a name conflict.
Warning (275083): Bus "num14[4..0]" found using same base name as "num14", which might lead to a name conflict.
Warning (275083): Bus "num13[4..0]" found using same base name as "num13", which might lead to a name conflict.
Warning (275083): Bus "num12[4..0]" found using same base name as "num12", which might lead to a name conflict.
Warning (275083): Bus "num11[4..0]" found using same base name as "num11", which might lead to a name conflict.
Warning (275083): Bus "num10[4..0]" found using same base name as "num10", which might lead to a name conflict.
Warning (275083): Bus "num31[4..0]" found using same base name as "num31", which might lead to a name conflict.
Warning (275080): Converted elements in bus name "num1" using legacy naming rules. Make any assignments on the new names, not on the original names.
    Warning (275081): Converted element name(s) from "num1[4..0]" to "num14..0"
    Warning (275081): Converted element name(s) from "num1[4..0]" to "num14..0"
    Warning (275081): Converted element name(s) from "num1[4..0]" to "num14..0"
    Warning (275081): Converted element name(s) from "num1[4..0]" to "num14..0"
Warning (275080): Converted elements in bus name "num10" using legacy naming rules. Make any assignments on the new names, not on the original names.
    Warning (275081): Converted element name(s) from "num10[4..0]" to "num104..0"
    Warning (275081): Converted element name(s) from "num10[4..0]" to "num104..0"
    Warning (275081): Converted element name(s) from "num10[4..0]" to "num104..0"
    Warning (275081): Converted element name(s) from "num10[4..0]" to "num104..0"
    Warning (275081): Converted element name(s) from "num10[4..0]" to "num104..0"
    Warning (275081): Converted element name(s) from "num10[4..0]" to "num104..0"
Warning (275080): Converted elements in bus name "num11" using legacy naming rules. Make any assignments on the new names, not on the original names.
    Warning (275081): Converted element name(s) from "num11[4..0]" to "num114..0"
    Warning (275081): Converted element name(s) from "num11[4..0]" to "num114..0"
    Warning (275081): Converted element name(s) from "num11[4..0]" to "num114..0"
    Warning (275081): Converted element name(s) from "num11[4..0]" to "num114..0"
    Warning (275081): Converted element name(s) from "num11[4..0]" to "num114..0"
Warning (275080): Converted elements in bus name "num12" using legacy naming rules. Make any assignments on the new names, not on the original names.
    Warning (275081): Converted element name(s) from "num12[4..0]" to "num124..0"
    Warning (275081): Converted element name(s) from "num12[4..0]" to "num124..0"
    Warning (275081): Converted element name(s) from "num12[4..0]" to "num124..0"
    Warning (275081): Converted element name(s) from "num12[4..0]" to "num124..0"
    Warning (275081): Converted element name(s) from "num12[4..0]" to "num124..0"
Warning (275080): Converted elements in bus name "num13" using legacy naming rules. Make any assignments on the new names, not on the original names.
    Warning (275081): Converted element name(s) from "num13[4..0]" to "num134..0"
    Warning (275081): Converted element name(s) from "num13[4..0]" to "num134..0"
    Warning (275081): Converted element name(s) from "num13[4..0]" to "num134..0"
    Warning (275081): Converted element name(s) from "num13[4..0]" to "num134..0"
    Warning (275081): Converted element name(s) from "num13[4..0]" to "num134..0"
Warning (275080): Converted elements in bus name "num14" using legacy naming rules. Make any assignments on the new names, not on the original names.
    Warning (275081): Converted element name(s) from "num14[4..0]" to "num144..0"
    Warning (275081): Converted element name(s) from "num14[4..0]" to "num144..0"
    Warning (275081): Converted element name(s) from "num14[4..0]" to "num144..0"
    Warning (275081): Converted element name(s) from "num14[4..0]" to "num144..0"
    Warning (275081): Converted element name(s) from "num14[4..0]" to "num144..0"
Warning (275080): Converted elements in bus name "num2" using legacy naming rules. Make any assignments on the new names, not on the original names.
    Warning (275081): Converted element name(s) from "num2[4..0]" to "num24..0"
    Warning (275081): Converted element name(s) from "num2[4..0]" to "num24..0"
    Warning (275081): Converted element name(s) from "num2[4..0]" to "num24..0"
    Warning (275081): Converted element name(s) from "num2[4..0]" to "num24..0"
Warning (275080): Converted elements in bus name "num20" using legacy naming rules. Make any assignments on the new names, not on the original names.
    Warning (275081): Converted element name(s) from "num20[4..0]" to "num204..0"
    Warning (275081): Converted element name(s) from "num20[4..0]" to "num204..0"
    Warning (275081): Converted element name(s) from "num20[4..0]" to "num204..0"
    Warning (275081): Converted element name(s) from "num20[4..0]" to "num204..0"
    Warning (275081): Converted element name(s) from "num20[4..0]" to "num204..0"
Warning (275080): Converted elements in bus name "num21" using legacy naming rules. Make any assignments on the new names, not on the original names.
    Warning (275081): Converted element name(s) from "num21[4..0]" to "num214..0"
    Warning (275081): Converted element name(s) from "num21[4..0]" to "num214..0"
    Warning (275081): Converted element name(s) from "num21[4..0]" to "num214..0"
    Warning (275081): Converted element name(s) from "num21[4..0]" to "num214..0"
    Warning (275081): Converted element name(s) from "num21[4..0]" to "num214..0"
Warning (275080): Converted elements in bus name "num22" using legacy naming rules. Make any assignments on the new names, not on the original names.
    Warning (275081): Converted element name(s) from "num22[4..0]" to "num224..0"
    Warning (275081): Converted element name(s) from "num22[4..0]" to "num224..0"
    Warning (275081): Converted element name(s) from "num22[4..0]" to "num224..0"
    Warning (275081): Converted element name(s) from "num22[4..0]" to "num224..0"
    Warning (275081): Converted element name(s) from "num22[4..0]" to "num224..0"
Warning (275080): Converted elements in bus name "num23" using legacy naming rules. Make any assignments on the new names, not on the original names.
    Warning (275081): Converted element name(s) from "num23[4..0]" to "num234..0"
    Warning (275081): Converted element name(s) from "num23[4..0]" to "num234..0"
    Warning (275081): Converted element name(s) from "num23[4..0]" to "num234..0"
    Warning (275081): Converted element name(s) from "num23[4..0]" to "num234..0"
    Warning (275081): Converted element name(s) from "num23[4..0]" to "num234..0"
Warning (275080): Converted elements in bus name "num24" using legacy naming rules. Make any assignments on the new names, not on the original names.
    Warning (275081): Converted element name(s) from "num24[4..0]" to "num244..0"
    Warning (275081): Converted element name(s) from "num24[4..0]" to "num244..0"
    Warning (275081): Converted element name(s) from "num24[4..0]" to "num244..0"
    Warning (275081): Converted element name(s) from "num24[4..0]" to "num244..0"
    Warning (275081): Converted element name(s) from "num24[4..0]" to "num244..0"
Warning (275080): Converted elements in bus name "num3" using legacy naming rules. Make any assignments on the new names, not on the original names.
    Warning (275081): Converted element name(s) from "num3[4..0]" to "num34..0"
    Warning (275081): Converted element name(s) from "num3[4..0]" to "num34..0"
    Warning (275081): Converted element name(s) from "num3[4..0]" to "num34..0"
    Warning (275081): Converted element name(s) from "num3[4..0]" to "num34..0"
    Warning (275081): Converted element name(s) from "num3[4..0]" to "num34..0"
Warning (275080): Converted elements in bus name "num30" using legacy naming rules. Make any assignments on the new names, not on the original names.
    Warning (275081): Converted element name(s) from "num30[4..0]" to "num304..0"
    Warning (275081): Converted element name(s) from "num30[4..0]" to "num304..0"
    Warning (275081): Converted element name(s) from "num30[4..0]" to "num304..0"
    Warning (275081): Converted element name(s) from "num30[4..0]" to "num304..0"
    Warning (275081): Converted element name(s) from "num30[4..0]" to "num304..0"
Warning (275080): Converted elements in bus name "num31" using legacy naming rules. Make any assignments on the new names, not on the original names.
    Warning (275081): Converted element name(s) from "num31[4..0]" to "num314..0"
    Warning (275081): Converted element name(s) from "num31[4..0]" to "num314..0"
    Warning (275081): Converted element name(s) from "num31[4..0]" to "num314..0"
    Warning (275081): Converted element name(s) from "num31[4..0]" to "num314..0"
    Warning (275081): Converted element name(s) from "num31[4..0]" to "num314..0"
Warning (12125): Using design file decoderRAM.bdf, which is not specified as a design file for the current project, but contains definitions for 1 design units and 1 entities in project
    Info (12023): Found entity 1: decoderRAM
Info (12128): Elaborating entity "decoderRAM" for hierarchy "circuitoRegsULA:inst1|memoriaRAM:inst|decoderRAM:inst99"
Warning (12125): Using design file acessoRAM.bdf, which is not specified as a design file for the current project, but contains definitions for 1 design units and 1 entities in project
    Info (12023): Found entity 1: acessoRAM
Info (12128): Elaborating entity "acessoRAM" for hierarchy "circuitoRegsULA:inst1|memoriaRAM:inst|acessoRAM:inst7"
Warning (12125): Using design file tri4RAMs.bdf, which is not specified as a design file for the current project, but contains definitions for 1 design units and 1 entities in project
    Info (12023): Found entity 1: tri4RAMs
Info (12128): Elaborating entity "tri4RAMs" for hierarchy "circuitoRegsULA:inst1|memoriaRAM:inst|tri4RAMs:inst116"
Warning (12125): Using design file decoderFinal.bdf, which is not specified as a design file for the current project, but contains definitions for 1 design units and 1 entities in project
    Info (12023): Found entity 1: decoderFinal
Info (12128): Elaborating entity "decoderFinal" for hierarchy "decoderFinal:inst6"
Warning (275011): Block or symbol "NOT" of instance "inst58" overlaps another block or symbol
Warning (275011): Block or symbol "NOT" of instance "inst60" overlaps another block or symbol
Warning (275011): Block or symbol "NOT" of instance "inst62" overlaps another block or symbol
Warning (275011): Block or symbol "NOT" of instance "inst64" overlaps another block or symbol
Warning (275009): Pin "end_ext" not connected
Warning (12125): Using design file ContadorCascata.bdf, which is not specified as a design file for the current project, but contains definitions for 1 design units and 1 entities in project
    Info (12023): Found entity 1: ContadorCascata
Info (12128): Elaborating entity "ContadorCascata" for hierarchy "ContadorCascata:inst"
Warning (275085): Found inconsistent dimensions for element "E"
Warning (275085): Found inconsistent dimensions for element "E"
Warning (275080): Converted elements in bus name "E" using legacy naming rules. Make any assignments on the new names, not on the original names.
    Warning (275081): Converted element name(s) from "E[4..0]" to "E4..0"
Warning (12125): Using design file Contador.bdf, which is not specified as a design file for the current project, but contains definitions for 1 design units and 1 entities in project
    Info (12023): Found entity 1: Contador
Info (12128): Elaborating entity "Contador" for hierarchy "ContadorCascata:inst|Contador:inst"
Warning (12125): Using design file moduloReset.bdf, which is not specified as a design file for the current project, but contains definitions for 1 design units and 1 entities in project
    Info (12023): Found entity 1: moduloReset
Info (12128): Elaborating entity "moduloReset" for hierarchy "ContadorCascata:inst|Contador:inst|moduloReset:inst17"
Warning (275011): Block or symbol "NOT" of instance "inst1" overlaps another block or symbol
Warning (12125): Using design file moduloCarregador.bdf, which is not specified as a design file for the current project, but contains definitions for 1 design units and 1 entities in project
    Info (12023): Found entity 1: moduloCarregador
Info (12128): Elaborating entity "moduloCarregador" for hierarchy "ContadorCascata:inst|Contador:inst|moduloCarregador:inst14"
Warning (12125): Using design file bancoROM.bdf, which is not specified as a design file for the current project, but contains definitions for 1 design units and 1 entities in project
    Info (12023): Found entity 1: bancoROM
Info (12128): Elaborating entity "bancoROM" for hierarchy "bancoROM:inst7"
Warning (12125): Using design file memoriaROM.bdf, which is not specified as a design file for the current project, but contains definitions for 1 design units and 1 entities in project
    Info (12023): Found entity 1: memoriaROM
Info (12128): Elaborating entity "memoriaROM" for hierarchy "bancoROM:inst7|memoriaROM:inst2"
Warning (275008): Primitive "VCC" of instance "inst259" not used
Warning (12125): Using design file decoderROM.bdf, which is not specified as a design file for the current project, but contains definitions for 1 design units and 1 entities in project
    Info (12023): Found entity 1: decoderROM
Info (12128): Elaborating entity "decoderROM" for hierarchy "bancoROM:inst7|memoriaROM:inst2|decoderROM:inst257"
Warning (12125): Using design file decodificador2.bdf, which is not specified as a design file for the current project, but contains definitions for 1 design units and 1 entities in project
    Info (12023): Found entity 1: decodificador2
Info (12128): Elaborating entity "decodificador2" for hierarchy "bancoROM:inst7|decodificador2:inst"
Warning (13046): Tri-state node(s) do not directly drive top-level pin(s)
    Warning (13048): Converted tri-state node "circuitoRegsULA:inst1|disp2[3]" into a selector
    Warning (13048): Converted tri-state node "circuitoRegsULA:inst1|disp2[2]" into a selector
    Warning (13048): Converted tri-state node "circuitoRegsULA:inst1|disp2[1]" into a selector
    Warning (13048): Converted tri-state node "circuitoRegsULA:inst1|disp2[0]" into a selector
Warning (13044): Always-enabled tri-state buffer(s) removed
    Warning (13045): Converted the fanout from the always-enabled tri-state buffer "circuitoRegsULA:inst1|ULA:inst2|Somador:inst2|inst17[3]" to the node "circuitoRegsULA:inst1|inst13[3]" into a wire
    Warning (13045): Converted the fanout from the always-enabled tri-state buffer "circuitoRegsULA:inst1|ULA:inst2|Somador:inst2|inst17[2]" to the node "circuitoRegsULA:inst1|inst13[2]" into a wire
    Warning (13045): Converted the fanout from the always-enabled tri-state buffer "circuitoRegsULA:inst1|ULA:inst2|Somador:inst2|inst17[1]" to the node "circuitoRegsULA:inst1|inst13[1]" into a wire
    Warning (13045): Converted the fanout from the always-enabled tri-state buffer "circuitoRegsULA:inst1|ULA:inst2|Somador:inst2|inst17[0]" to the node "circuitoRegsULA:inst1|inst13[0]" into a wire
    Warning (13045): Converted the fanout from the always-enabled tri-state buffer "circuitoRegsULA:inst1|inst18[7]" to the node "circuitoRegsULA:inst1|ULA:inst2|decoderULA:inst1|inst1" into a wire
    Warning (13045): Converted the fanout from the always-enabled tri-state buffer "circuitoRegsULA:inst1|inst18[6]" to the node "circuitoRegsULA:inst1|ULA:inst2|decoderULA:inst1|inst1" into a wire
    Warning (13045): Converted the fanout from the always-enabled tri-state buffer "circuitoRegsULA:inst1|inst18[5]" to the node "circuitoRegsULA:inst1|ULA:inst2|decoderULA:inst1|inst1" into a wire
    Warning (13045): Converted the fanout from the always-enabled tri-state buffer "circuitoRegsULA:inst1|ULA:inst2|Somador:inst2|inst17[4]" to the node "circuitoRegsULA:inst1|inst13[4]" into a wire
Warning (13050): Open-drain buffer(s) that do not directly drive top-level pin(s) are removed
    Warning (13051): Converted the fanout from the open-drain buffer "bancoROM:inst7|memoriaROM:inst2|inst" to the node "bancoROM:inst7|inst15[7]" into a wire
    Warning (13051): Converted the fanout from the open-drain buffer "bancoROM:inst7|memoriaROM:inst1|inst" to the node "bancoROM:inst7|inst8[7]" into a wire
    Warning (13051): Converted the fanout from the open-drain buffer "bancoROM:inst7|memoriaROM:inst3|inst" to the node "bancoROM:inst7|inst14[7]" into a wire
    Warning (13051): Converted the fanout from the open-drain buffer "bancoROM:inst7|memoriaROM:inst2|inst1" to the node "bancoROM:inst7|inst15[6]" into a wire
    Warning (13051): Converted the fanout from the open-drain buffer "bancoROM:inst7|memoriaROM:inst1|inst1" to the node "bancoROM:inst7|inst8[6]" into a wire
    Warning (13051): Converted the fanout from the open-drain buffer "bancoROM:inst7|memoriaROM:inst3|inst1" to the node "bancoROM:inst7|inst14[6]" into a wire
    Warning (13051): Converted the fanout from the open-drain buffer "bancoROM:inst7|memoriaROM:inst2|inst2" to the node "bancoROM:inst7|inst15[5]" into a wire
    Warning (13051): Converted the fanout from the open-drain buffer "bancoROM:inst7|memoriaROM:inst1|inst2" to the node "bancoROM:inst7|inst8[5]" into a wire
    Warning (13051): Converted the fanout from the open-drain buffer "bancoROM:inst7|memoriaROM:inst3|inst2" to the node "bancoROM:inst7|inst14[5]" into a wire
    Warning (13051): Converted the fanout from the open-drain buffer "bancoROM:inst7|memoriaROM:inst2|inst6" to the node "bancoROM:inst7|inst15[4]" into a wire
    Warning (13051): Converted the fanout from the open-drain buffer "bancoROM:inst7|memoriaROM:inst1|inst6" to the node "bancoROM:inst7|inst8[4]" into a wire
    Warning (13051): Converted the fanout from the open-drain buffer "bancoROM:inst7|memoriaROM:inst3|inst6" to the node "bancoROM:inst7|inst14[4]" into a wire
    Warning (13051): Converted the fanout from the open-drain buffer "bancoROM:inst7|memoriaROM:inst2|inst7" to the node "bancoROM:inst7|inst15[3]" into a wire
    Warning (13051): Converted the fanout from the open-drain buffer "bancoROM:inst7|memoriaROM:inst1|inst7" to the node "bancoROM:inst7|inst8[3]" into a wire
    Warning (13051): Converted the fanout from the open-drain buffer "bancoROM:inst7|memoriaROM:inst3|inst7" to the node "bancoROM:inst7|inst14[3]" into a wire
    Warning (13051): Converted the fanout from the open-drain buffer "bancoROM:inst7|memoriaROM:inst2|inst8" to the node "bancoROM:inst7|inst15[2]" into a wire
    Warning (13051): Converted the fanout from the open-drain buffer "bancoROM:inst7|memoriaROM:inst1|inst8" to the node "bancoROM:inst7|inst8[2]" into a wire
    Warning (13051): Converted the fanout from the open-drain buffer "bancoROM:inst7|memoriaROM:inst3|inst8" to the node "bancoROM:inst7|inst14[2]" into a wire
    Warning (13051): Converted the fanout from the open-drain buffer "bancoROM:inst7|memoriaROM:inst2|inst9" to the node "bancoROM:inst7|inst15[1]" into a wire
    Warning (13051): Converted the fanout from the open-drain buffer "bancoROM:inst7|memoriaROM:inst1|inst9" to the node "bancoROM:inst7|inst8[1]" into a wire
    Warning (13051): Converted the fanout from the open-drain buffer "bancoROM:inst7|memoriaROM:inst3|inst9" to the node "bancoROM:inst7|inst14[1]" into a wire
    Warning (13051): Converted the fanout from the open-drain buffer "bancoROM:inst7|memoriaROM:inst2|inst3" to the node "bancoROM:inst7|inst15[0]" into a wire
    Warning (13051): Converted the fanout from the open-drain buffer "bancoROM:inst7|memoriaROM:inst1|inst3" to the node "bancoROM:inst7|inst8[0]" into a wire
    Warning (13051): Converted the fanout from the open-drain buffer "bancoROM:inst7|memoriaROM:inst3|inst3" to the node "bancoROM:inst7|inst14[0]" into a wire
Warning (13046): Tri-state node(s) do not directly drive top-level pin(s)
    Warning (13047): Converted the fan-out from the tri-state buffer "circuitoRegsULA:inst1|tri4RAMs:inst32|inst4[3]" to the node "Hex:inst5|inst24" into an OR gate
    Warning (13047): Converted the fan-out from the tri-state buffer "circuitoRegsULA:inst1|tri4RAMs:inst32|inst4[2]" to the node "Hex:inst5|inst27" into an OR gate
    Warning (13047): Converted the fan-out from the tri-state buffer "circuitoRegsULA:inst1|tri4RAMs:inst32|inst4[1]" to the node "Hex:inst5|inst21" into an OR gate
    Warning (13047): Converted the fan-out from the tri-state buffer "circuitoRegsULA:inst1|tri4RAMs:inst32|inst4[0]" to the node "Hex:inst5|inst26" into an OR gate
    Warning (13047): Converted the fan-out from the tri-state buffer "circuitoRegsULA:inst1|tri4RAMs:inst32|inst2[3]" to the node "Hex:inst3|inst24" into an OR gate
    Warning (13047): Converted the fan-out from the tri-state buffer "circuitoRegsULA:inst1|tri4RAMs:inst32|inst2[2]" to the node "Hex:inst3|inst27" into an OR gate
    Warning (13047): Converted the fan-out from the tri-state buffer "circuitoRegsULA:inst1|tri4RAMs:inst32|inst2[1]" to the node "Hex:inst3|inst21" into an OR gate
    Warning (13047): Converted the fan-out from the tri-state buffer "circuitoRegsULA:inst1|tri4RAMs:inst32|inst2[0]" to the node "Hex:inst3|inst26" into an OR gate
    Warning (13047): Converted the fan-out from the tri-state buffer "circuitoRegsULA:inst1|tri4RAMs:inst32|inst[3]" to the node "Hex:inst2|inst33" into an OR gate
    Warning (13047): Converted the fan-out from the tri-state buffer "circuitoRegsULA:inst1|tri4RAMs:inst32|inst[2]" to the node "Hex:inst2|inst33" into an OR gate
    Warning (13047): Converted the fan-out from the tri-state buffer "circuitoRegsULA:inst1|tri4RAMs:inst32|inst[1]" to the node "Hex:inst2|inst21" into an OR gate
    Warning (13047): Converted the fan-out from the tri-state buffer "circuitoRegsULA:inst1|tri4RAMs:inst32|inst[0]" to the node "Hex:inst2|inst33" into an OR gate
    Warning (13047): Converted the fan-out from the tri-state buffer "circuitoRegsULA:inst1|inst4[3]" to the node "circuitoRegsULA:inst1|reg4bitsNovo:inst1|enable-clear:inst6|inst2[3]" into an OR gate
    Warning (13047): Converted the fan-out from the tri-state buffer "bancoROM:inst7|inst15[7]" to the node "decoderFinal:inst6|inst29" into an OR gate
    Warning (13047): Converted the fan-out from the tri-state buffer "bancoROM:inst7|inst15[6]" to the node "decoderFinal:inst6|inst28" into an OR gate
    Warning (13047): Converted the fan-out from the tri-state buffer "bancoROM:inst7|inst15[5]" to the node "decoderFinal:inst6|inst29" into an OR gate
    Warning (13047): Converted the fan-out from the tri-state buffer "bancoROM:inst7|inst15[4]" to the node "decoderFinal:inst6|inst73" into an OR gate
    Warning (13047): Converted the fan-out from the tri-state buffer "bancoROM:inst7|inst15[3]" to the node "decoderFinal:inst6|inst73" into an OR gate
    Warning (13047): Converted the fan-out from the tri-state buffer "bancoROM:inst7|inst15[2]" to the node "decoderFinal:inst6|inst73" into an OR gate
    Warning (13047): Converted the fan-out from the tri-state buffer "bancoROM:inst7|inst15[1]" to the node "decoderFinal:inst6|inst73" into an OR gate
    Warning (13047): Converted the fan-out from the tri-state buffer "bancoROM:inst7|inst15[0]" to the node "decoderFinal:inst6|inst38" into an OR gate
    Warning (13047): Converted the fan-out from the tri-state buffer "circuitoRegsULA:inst1|inst14[4]" to the node "circuitoRegsULA:inst1|memoriaRAM:inst|decoderRAM:inst6|inst3" into an OR gate
    Warning (13047): Converted the fan-out from the tri-state buffer "circuitoRegsULA:inst1|inst14[0]" to the node "circuitoRegsULA:inst1|memoriaRAM:inst|decoderRAM:inst6|inst3" into an OR gate
    Warning (13047): Converted the fan-out from the tri-state buffer "circuitoRegsULA:inst1|inst14[1]" to the node "circuitoRegsULA:inst1|memoriaRAM:inst|decoderRAM:inst6|inst3" into an OR gate
    Warning (13047): Converted the fan-out from the tri-state buffer "circuitoRegsULA:inst1|inst14[2]" to the node "circuitoRegsULA:inst1|memoriaRAM:inst|decoderRAM:inst6|inst3" into an OR gate
    Warning (13047): Converted the fan-out from the tri-state buffer "circuitoRegsULA:inst1|inst14[3]" to the node "circuitoRegsULA:inst1|memoriaRAM:inst|decoderRAM:inst6|inst3" into an OR gate
    Warning (13047): Converted the fan-out from the tri-state buffer "circuitoRegsULA:inst1|inst4[2]" to the node "circuitoRegsULA:inst1|reg4bitsNovo:inst1|enable-clear:inst6|inst2[2]" into an OR gate
    Warning (13047): Converted the fan-out from the tri-state buffer "circuitoRegsULA:inst1|inst4[1]" to the node "circuitoRegsULA:inst1|reg4bitsNovo:inst1|enable-clear:inst6|inst2[1]" into an OR gate
    Warning (13047): Converted the fan-out from the tri-state buffer "circuitoRegsULA:inst1|inst4[4]" to the node "circuitoRegsULA:inst1|reg4bitsNovo:inst1|enable-clear:inst6|inst2[4]" into an OR gate
    Warning (13047): Converted the fan-out from the tri-state buffer "circuitoRegsULA:inst1|inst13[3]" to the node "circuitoRegsULA:inst1|reg4bitsNovo:inst3|enable-clear:inst6|inst2[3]" into an OR gate
    Warning (13047): Converted the fan-out from the tri-state buffer "circuitoRegsULA:inst1|inst4[0]" to the node "circuitoRegsULA:inst1|reg4bitsNovo:inst1|enable-clear:inst6|inst2[0]" into an OR gate
    Warning (13047): Converted the fan-out from the tri-state buffer "circuitoRegsULA:inst1|inst13[2]" to the node "circuitoRegsULA:inst1|reg4bitsNovo:inst3|enable-clear:inst6|inst2[2]" into an OR gate
    Warning (13047): Converted the fan-out from the tri-state buffer "circuitoRegsULA:inst1|inst13[1]" to the node "circuitoRegsULA:inst1|reg4bitsNovo:inst3|enable-clear:inst6|inst2[1]" into an OR gate
    Warning (13047): Converted the fan-out from the tri-state buffer "circuitoRegsULA:inst1|inst13[0]" to the node "circuitoRegsULA:inst1|reg4bitsNovo:inst3|enable-clear:inst6|inst2[0]" into an OR gate
    Warning (13047): Converted the fan-out from the tri-state buffer "decoderFinal:inst6|inst5[4]" to the node "ContadorCascata:inst|inst1" into an OR gate
    Warning (13047): Converted the fan-out from the tri-state buffer "decoderFinal:inst6|inst5[3]" to the node "ContadorCascata:inst|Contador:inst|D3" into an OR gate
    Warning (13047): Converted the fan-out from the tri-state buffer "decoderFinal:inst6|inst5[2]" to the node "ContadorCascata:inst|Contador:inst|D2" into an OR gate
    Warning (13047): Converted the fan-out from the tri-state buffer "decoderFinal:inst6|inst5[1]" to the node "ContadorCascata:inst|Contador:inst|moduloCarregador:inst13|inst3" into an OR gate
    Warning (13047): Converted the fan-out from the tri-state buffer "decoderFinal:inst6|inst5[0]" to the node "ContadorCascata:inst|Contador:inst|moduloCarregador:inst14|inst3" into an OR gate
    Warning (13047): Converted the fan-out from the tri-state buffer "circuitoRegsULA:inst1|inst9[4]" to the node "circuitoRegsULA:inst1|ULA:inst2|Complemento:inst10|inst3[4]" into an OR gate
    Warning (13047): Converted the fan-out from the tri-state buffer "circuitoRegsULA:inst1|inst9[3]" to the node "circuitoRegsULA:inst1|ULA:inst2|Complemento:inst10|inst3[3]" into an OR gate
    Warning (13047): Converted the fan-out from the tri-state buffer "circuitoRegsULA:inst1|inst9[2]" to the node "circuitoRegsULA:inst1|ULA:inst2|Complemento:inst10|inst3[2]" into an OR gate
    Warning (13047): Converted the fan-out from the tri-state buffer "circuitoRegsULA:inst1|inst9[1]" to the node "circuitoRegsULA:inst1|ULA:inst2|Complemento:inst10|inst3[1]" into an OR gate
    Warning (13047): Converted the fan-out from the tri-state buffer "circuitoRegsULA:inst1|inst9[0]" to the node "circuitoRegsULA:inst1|ULA:inst2|Complemento:inst10|inst3[0]" into an OR gate
    Warning (13047): Converted the fan-out from the tri-state buffer "circuitoRegsULA:inst1|inst10[4]" to the node "circuitoRegsULA:inst1|ULA:inst2|input_um:inst3|inst11" into an OR gate
    Warning (13047): Converted the fan-out from the tri-state buffer "circuitoRegsULA:inst1|inst10[3]" to the node "circuitoRegsULA:inst1|ULA:inst2|input_um:inst3|inst9" into an OR gate
    Warning (13047): Converted the fan-out from the tri-state buffer "circuitoRegsULA:inst1|inst10[2]" to the node "circuitoRegsULA:inst1|ULA:inst2|input_um:inst3|inst7" into an OR gate
    Warning (13047): Converted the fan-out from the tri-state buffer "circuitoRegsULA:inst1|inst10[1]" to the node "circuitoRegsULA:inst1|ULA:inst2|input_um:inst3|inst" into an OR gate
    Warning (13047): Converted the fan-out from the tri-state buffer "circuitoRegsULA:inst1|inst10[0]" to the node "circuitoRegsULA:inst1|ULA:inst2|input_um:inst3|inst4" into an OR gate
    Warning (13047): Converted the fan-out from the tri-state buffer "circuitoRegsULA:inst1|inst13[4]" to the node "circuitoRegsULA:inst1|reg4bitsNovo:inst3|enable-clear:inst6|inst2[4]" into an OR gate
    Warning (13047): Converted the fan-out from the tri-state buffer "circuitoRegsULA:inst1|memoriaRAM:inst|acessoRAM:inst7|inst[3]" to the node "circuitoRegsULA:inst1|inst101[3]" into an OR gate
    Warning (13047): Converted the fan-out from the tri-state buffer "circuitoRegsULA:inst1|memoriaRAM:inst|acessoRAM:inst7|inst[2]" to the node "circuitoRegsULA:inst1|inst101[2]" into an OR gate
    Warning (13047): Converted the fan-out from the tri-state buffer "circuitoRegsULA:inst1|memoriaRAM:inst|acessoRAM:inst7|inst[1]" to the node "circuitoRegsULA:inst1|inst101[1]" into an OR gate
    Warning (13047): Converted the fan-out from the tri-state buffer "circuitoRegsULA:inst1|memoriaRAM:inst|acessoRAM:inst7|inst[4]" to the node "circuitoRegsULA:inst1|inst101[4]" into an OR gate
    Warning (13047): Converted the fan-out from the tri-state buffer "circuitoRegsULA:inst1|memoriaRAM:inst|acessoRAM:inst7|inst[0]" to the node "circuitoRegsULA:inst1|inst101[0]" into an OR gate
    Warning (13047): Converted the fan-out from the tri-state buffer "circuitoRegsULA:inst1|inst18[3]" to the node "circuitoRegsULA:inst1|ULA:inst2|decoderULA:inst1|inst2" into an OR gate
    Warning (13047): Converted the fan-out from the tri-state buffer "circuitoRegsULA:inst1|inst18[0]" to the node "circuitoRegsULA:inst1|ULA:inst2|decoderULA:inst1|inst2" into an OR gate
    Warning (13047): Converted the fan-out from the tri-state buffer "circuitoRegsULA:inst1|inst18[2]" to the node "circuitoRegsULA:inst1|ULA:inst2|decoderULA:inst1|inst3" into an OR gate
    Warning (13047): Converted the fan-out from the tri-state buffer "circuitoRegsULA:inst1|inst18[1]" to the node "circuitoRegsULA:inst1|ULA:inst2|decoderULA:inst1|inst3" into an OR gate
    Warning (13047): Converted the fan-out from the tri-state buffer "circuitoRegsULA:inst1|inst18[4]" to the node "circuitoRegsULA:inst1|ULA:inst2|decoderULA:inst1|inst18" into an OR gate
    Warning (13047): Converted the fan-out from the tri-state buffer "circuitoRegsULA:inst1|tri4RAMs:inst32|inst4[4]" to the node "Hex:inst5|inst41" into an OR gate
    Warning (13047): Converted the fan-out from the tri-state buffer "circuitoRegsULA:inst1|tri4RAMs:inst32|inst3[4]" to the node "Hex:inst4|inst41" into an OR gate
    Warning (13047): Converted the fan-out from the tri-state buffer "circuitoRegsULA:inst1|tri4RAMs:inst32|inst2[4]" to the node "Hex:inst3|inst41" into an OR gate
    Warning (13047): Converted the fan-out from the tri-state buffer "circuitoRegsULA:inst1|tri4RAMs:inst32|inst[4]" to the node "Hex:inst2|inst41" into an OR gate
Warning (13009): TRI or OPNDRN buffers permanently enabled
    Warning (13010): Node "circuitoRegsULA:inst1|tri4RAMs:inst32|inst[4]~synth"
    Warning (13010): Node "circuitoRegsULA:inst1|tri4RAMs:inst32|inst2[4]~synth"
    Warning (13010): Node "circuitoRegsULA:inst1|tri4RAMs:inst32|inst3[4]~synth"
    Warning (13010): Node "circuitoRegsULA:inst1|tri4RAMs:inst32|inst4[4]~synth"
Warning (13024): Output pins are stuck at VCC or GND
    Warning (13410): Pin "HEX0[0]" is stuck at GND
    Warning (13410): Pin "HEX0[1]" is stuck at VCC
    Warning (13410): Pin "HEX0[2]" is stuck at VCC
    Warning (13410): Pin "HEX0[3]" is stuck at VCC
    Warning (13410): Pin "HEX0[4]" is stuck at GND
    Warning (13410): Pin "HEX0[5]" is stuck at GND
    Warning (13410): Pin "HEX0[6]" is stuck at GND
    Warning (13410): Pin "HEX1[0]" is stuck at GND
    Warning (13410): Pin "HEX1[1]" is stuck at GND
    Warning (13410): Pin "HEX1[2]" is stuck at GND
    Warning (13410): Pin "HEX1[3]" is stuck at GND
    Warning (13410): Pin "HEX1[4]" is stuck at GND
    Warning (13410): Pin "HEX1[5]" is stuck at GND
    Warning (13410): Pin "HEX1[6]" is stuck at VCC
    Warning (13410): Pin "HEX2[0]" is stuck at GND
    Warning (13410): Pin "HEX2[1]" is stuck at GND
    Warning (13410): Pin "HEX2[2]" is stuck at GND
    Warning (13410): Pin "HEX2[3]" is stuck at GND
    Warning (13410): Pin "HEX2[4]" is stuck at GND
    Warning (13410): Pin "HEX2[5]" is stuck at GND
    Warning (13410): Pin "HEX2[6]" is stuck at VCC
    Warning (13410): Pin "HEX3[0]" is stuck at GND
    Warning (13410): Pin "HEX3[1]" is stuck at GND
    Warning (13410): Pin "HEX3[2]" is stuck at GND
    Warning (13410): Pin "HEX3[3]" is stuck at GND
    Warning (13410): Pin "HEX3[4]" is stuck at GND
    Warning (13410): Pin "HEX3[5]" is stuck at GND
    Warning (13410): Pin "HEX3[6]" is stuck at VCC
Info (17049): 5 registers lost all their fanouts during netlist optimizations.
Info (16010): Generating hard_block partition "hard_block:auto_generated_inst"
    Info (16011): Adding 0 node(s), including 0 DDIO, 0 PLL, 0 transceiver and 0 LCELL
Warning (21074): Design contains 15 input pin(s) that do not drive logic
    Warning (15610): No output dependent on input pin "end_ext[4]"
    Warning (15610): No output dependent on input pin "end_ext[3]"
    Warning (15610): No output dependent on input pin "end_ext[2]"
    Warning (15610): No output dependent on input pin "end_ext[1]"
    Warning (15610): No output dependent on input pin "end_ext[0]"
    Warning (15610): No output dependent on input pin "clk"
    Warning (15610): No output dependent on input pin "switches[3]"
    Warning (15610): No output dependent on input pin "seletor[2]"
    Warning (15610): No output dependent on input pin "seletor[1]"
    Warning (15610): No output dependent on input pin "seletor[0]"
    Warning (15610): No output dependent on input pin "switches[2]"
    Warning (15610): No output dependent on input pin "switches[1]"
    Warning (15610): No output dependent on input pin "switches[4]"
    Warning (15610): No output dependent on input pin "switches[0]"
    Warning (15610): No output dependent on input pin "RESET"
Info (21057): Implemented 47 device resources after synthesis - the final resource count might be different
    Info (21058): Implemented 15 input pins
    Info (21059): Implemented 32 output pins
Info: Quartus II 32-bit Analysis & Synthesis was successful. 0 errors, 301 warnings
    Info: Peak virtual memory: 341 megabytes
    Info: Processing ended: Fri Jun 29 14:26:24 2018
    Info: Elapsed time: 00:00:04
    Info: Total CPU time (on all processors): 00:00:03


